#
# A fatal error has been detected by the Java Runtime Environment:
#
#  EXCEPTION_ACCESS_VIOLATION (0xc0000005) at pc=0x00007fff49d98a89, pid=13924, tid=8852
#
# JRE version: OpenJDK Runtime Environment Microsoft-8035246 (17.0.8+7) (build 17.0.8+7-LTS)
# Java VM: OpenJDK 64-Bit Server VM Microsoft-8035246 (17.0.8+7-LTS, mixed mode, sharing, tiered, compressed oops, compressed class ptrs, g1 gc, windows-amd64)
# Problematic frame:
# V  [jvm.dll+0x548a89]
#
# No core dump will be written. Minidumps are not enabled by default on client versions of Windows
#
# If you would like to submit a bug report, please visit:
#   https://github.com/microsoft/openjdk/issues
#

---------------  S U M M A R Y ------------

Command Line: -XX:MaxMetaspaceSize=512m --add-opens=java.base/java.util=ALL-UNNAMED --add-opens=java.base/java.lang=ALL-UNNAMED --add-opens=java.base/java.lang.invoke=ALL-UNNAMED --add-opens=java.prefs/java.util.prefs=ALL-UNNAMED --add-opens=java.base/java.nio.charset=ALL-UNNAMED --add-opens=java.base/java.net=ALL-UNNAMED --add-opens=java.base/java.util.concurrent.atomic=ALL-UNNAMED -Xmx2048m -Dfile.encoding=windows-1252 -Duser.country=IN -Duser.language=en -Duser.variant -javaagent:C:\Users\Dell\.gradle\wrapper\dists\gradle-8.3-all\6en3ugtfdg5xnpx44z4qbwgas\gradle-8.3\lib\agents\gradle-instrumentation-agent-8.3.jar org.gradle.launcher.daemon.bootstrap.GradleDaemon 8.3

Host: Intel(R) Core(TM) i7-10510U CPU @ 1.80GHz, 8 cores, 7G,  Windows 11 , 64 bit Build 22621 (10.0.22621.2506)
Time: Wed Jan  3 20:33:00 2024 India Standard Time elapsed time: 222.742466 seconds (0d 0h 3m 42s)

---------------  T H R E A D  ---------------

Current thread (0x0000028c3764c280):  JavaThread "C2 CompilerThread1" daemon [_thread_in_native, id=8852, stack(0x000000f5c8500000,0x000000f5c8600000)]


Current CompileTask:
C2: 222742 9769       4       sun.instrument.InstrumentationImpl::transform (73 bytes)

Stack: [0x000000f5c8500000,0x000000f5c8600000],  sp=0x000000f5c85fbad0,  free space=1006k
Native frames: (J=compiled Java code, j=interpreted, Vv=VM code, C=native code)
V  [jvm.dll+0x548a89]
V  [jvm.dll+0x332550]
V  [jvm.dll+0x3318fa]
V  [jvm.dll+0x21a131]
V  [jvm.dll+0x219551]
V  [jvm.dll+0x1a56b6]
V  [jvm.dll+0x2291ea]
V  [jvm.dll+0x22724c]
V  [jvm.dll+0x7efd0c]
V  [jvm.dll+0x7ea13a]
V  [jvm.dll+0x67ad85]
C  [ucrtbase.dll+0x29363]
C  [KERNEL32.DLL+0x1257d]
C  [ntdll.dll+0x5aa58]


siginfo: EXCEPTION_ACCESS_VIOLATION (0xc0000005), reading address 0x0000028c34cc8360


Register to memory mapping:

RIP=0x00007fff49d98a89 jvm.dll
RAX=0x0000028c36cc8548 points into unknown readable memory: 0x00007fff4a16c850 | 50 c8 16 4a ff 7f 00 00
RBX=0x0000028c31711410 points into unknown readable memory: 0x00007fff4a171570 | 70 15 17 4a ff 7f 00 00
RCX=0x0000028c34cc8360 is an unknown value
RDX=0x0 is NULL
RSP=0x000000f5c85fbad0 is pointing into the stack for thread: 0x0000028c3764c280
RBP=0x000000f5c85fbbd0 is pointing into the stack for thread: 0x0000028c3764c280
RSI=0x0000000000000009 is an unknown value
RDI=0x0000028c36cc82b8 points into unknown readable memory: 0x00007fff4a106838 | 38 68 10 4a ff 7f 00 00
R8 =0x0000028c3770a7f8 points into unknown readable memory: 0x00007fff4a0f7160 | 60 71 0f 4a ff 7f 00 00
R9 =0x0000000000000002 is an unknown value
R10=0x0 is NULL
R11=0x0000028c37c0ba40 points into unknown readable memory: 0x0000000000000000 | 00 00 00 00 00 00 00 00
R12=0x0000000000000004 is an unknown value
R13=0x000000f5c85fc0e0 is pointing into the stack for thread: 0x0000028c3764c280
R14=0x0 is NULL
R15=0x0000000000000020 is an unknown value


Registers:
RAX=0x0000028c36cc8548, RBX=0x0000028c31711410, RCX=0x0000028c34cc8360, RDX=0x0000000000000000
RSP=0x000000f5c85fbad0, RBP=0x000000f5c85fbbd0, RSI=0x0000000000000009, RDI=0x0000028c36cc82b8
R8 =0x0000028c3770a7f8, R9 =0x0000000000000002, R10=0x0000000000000000, R11=0x0000028c37c0ba40
R12=0x0000000000000004, R13=0x000000f5c85fc0e0, R14=0x0000000000000000, R15=0x0000000000000020
RIP=0x00007fff49d98a89, EFLAGS=0x0000000000010202

Top of Stack: (sp=0x000000f5c85fbad0)
0x000000f5c85fbad0:   0000028c33383128 0000028c36340f08
0x000000f5c85fbae0:   0000028c3403bfc0 0000028c33383288
0x000000f5c85fbaf0:   000000f5c85fbc40 0000028c36cc8710
0x000000f5c85fbb00:   000000f5c85fbca8 0000000000000000
0x000000f5c85fbb10:   0000000400000013 0000000000000048
0x000000f5c85fbb20:   0000028c3403bfc0 00007fff00000004
0x000000f5c85fbb30:   0000028c37c0ba40 0000000000000000
0x000000f5c85fbb40:   0000028c3403bfc0 0000000000000004
0x000000f5c85fbb50:   0000028c37c0ba20 00007fff00000000
0x000000f5c85fbb60:   0000028c34644970 000000000000c3b0
0x000000f5c85fbb70:   000000000000c3a0 0000028c37782cb0
0x000000f5c85fbb80:   00000000002eef88 0000028c37782d00
0x000000f5c85fbb90:   0000000000000000 0000000000000000
0x000000f5c85fbba0:   0000000000000000 0000000000000000
0x000000f5c85fbbb0:   0000028c3403bfc0 0000000000000000
0x000000f5c85fbbc0:   0000000000219d70 0000028c36340b20 

Instructions: (pc=0x00007fff49d98a89)
0x00007fff49d98989:   48 89 78 d8 4c 89 60 d0 4c 89 70 c8 4d 85 c9 74
0x00007fff49d98999:   09 83 fa 0a 76 04 b1 01 eb 02 32 c9 45 33 f6 88
0x00007fff49d989a9:   4d 48 44 38 35 2d 40 5d 00 8b c2 74 4c 84 c9 74
0x00007fff49d989b9:   48 41 b8 01 00 00 00 41 3b d0 76 3d 44 3b 43 18
0x00007fff49d989c9:   73 0d 48 8b 43 20 41 8b c8 48 8b 14 c8 eb 03 49
0x00007fff49d989d9:   8b d6 8b 42 2c 81 62 30 ff ef ff ff 83 e0 0f 3c
0x00007fff49d989e9:   0c 74 0b 8b 42 28 49 c7 04 c1 ff 7f ff 7f 8b 43
0x00007fff49d989f9:   28 41 ff c0 44 3b c0 72 c3 8d 70 ff 89 74 24 40
0x00007fff49d98a09:   3b 73 18 73 0a 48 8b 43 20 48 8b 3c f0 eb 03 49
0x00007fff49d98a19:   8b fe 48 8b 07 48 8b cf ff 50 20 48 3b c7 74 07
0x00007fff49d98a29:   2b 73 48 89 74 24 40 41 bc 01 00 00 00 41 8b f4
0x00007fff49d98a39:   44 89 64 24 44 44 39 64 24 40 0f 86 cf 01 00 00
0x00007fff49d98a49:   b9 08 00 00 00 48 89 4c 24 48 44 8b 7b 18 41 3b
0x00007fff49d98a59:   f7 73 0a 48 8b 43 20 48 8b 3c 01 eb 03 49 8b fe
0x00007fff49d98a69:   8b 47 2c 83 e0 0f 83 f8 0c 0f 84 10 01 00 00 83
0x00007fff49d98a79:   f8 08 75 15 48 8b cb e8 bb 88 bd ff 48 8b 4f 08
0x00007fff49d98a89:   48 39 01 0f 84 f6 00 00 00 8b 47 1c 45 8b ce 85
0x00007fff49d98a99:   c0 74 30 4c 8b 47 08 44 8b d0 49 8b 10 48 85 d2
0x00007fff49d98aa9:   74 17 8b 4a 28 49 8b 45 78 48 39 1c c8 75 0a 48
0x00007fff49d98ab9:   83 7a 10 00 74 03 41 ff c1 49 83 c0 08 49 83 ea
0x00007fff49d98ac9:   01 75 d7 4c 8b 7d 50 48 63 4f 28 49 8b 47 08 44
0x00007fff49d98ad9:   89 0c 88 8b 47 2c 24 03 3c 02 0f 85 15 01 00 00
0x00007fff49d98ae9:   83 7f 18 05 0f 86 0b 01 00 00 48 8b 07 48 8b cf
0x00007fff49d98af9:   ff 90 48 01 00 00 3d ca 00 00 00 74 17 48 8b 07
0x00007fff49d98b09:   48 8b cf ff 90 48 01 00 00 3d d3 00 00 00 0f 85
0x00007fff49d98b19:   e1 00 00 00 4c 8b 4f 08 4d 8b 71 28 4d 85 f6 74
0x00007fff49d98b29:   44 41 8b 4e 28 49 8b 45 78 48 39 1c c8 75 36 8b
0x00007fff49d98b39:   4f 18 44 8b 47 1c 41 3b c8 73 2a 8b c1 49 8b 14
0x00007fff49d98b49:   c1 49 3b d6 74 0e 48 85 d2 74 1a ff c1 41 3b c8
0x00007fff49d98b59:   72 e9 eb 11 83 f9 ff 74 0c 4c 63 47 28 49 8b 47
0x00007fff49d98b69:   08 42 ff 0c 80 ba 05 00 00 00 48 8b cf e8 85 f9
0x00007fff49d98b79:   10 00 49 8b d6 48 8b cf e8 ea f0 10 00 eb 73 45 


Stack slot to memory mapping:
stack at sp + 0 slots: 0x0000028c33383128 points into unknown readable memory: 0x00007fff4a171570 | 70 15 17 4a ff 7f 00 00
stack at sp + 1 slots: 0x0000028c36340f08 points into unknown readable memory: 0x8800086405aa8e23 | 23 8e aa 05 64 08 00 88
stack at sp + 2 slots: 0x0000028c3403bfc0 points into unknown readable memory: 0x16d4e69e00000006 | 06 00 00 00 9e e6 d4 16
stack at sp + 3 slots: 0x0000028c33383288 points into unknown readable memory: 0x00007fff4a171570 | 70 15 17 4a ff 7f 00 00
stack at sp + 4 slots: 0x000000f5c85fbc40 is pointing into the stack for thread: 0x0000028c3764c280
stack at sp + 5 slots: 0x0000028c36cc8710 points into unknown readable memory: 0x00007fff4a13ae28 | 28 ae 13 4a ff 7f 00 00
stack at sp + 6 slots: 0x000000f5c85fbca8 is pointing into the stack for thread: 0x0000028c3764c280
stack at sp + 7 slots: 0x0 is NULL


---------------  P R O C E S S  ---------------

Threads class SMR info:
_java_thread_list=0x0000028c3177c040, length=89, elements={
0x0000028c73418310, 0x0000028c118fd030, 0x0000028c118fdeb0, 0x0000028c119156d0,
0x0000028c119161a0, 0x0000028c11918b70, 0x0000028c11919530, 0x0000028c1191a2d0,
0x0000028c1191cce0, 0x0000028c1191d5f0, 0x0000028c11b32e90, 0x0000028c11b35710,
0x0000028c11b35c20, 0x0000028c11b333a0, 0x0000028c11b338b0, 0x0000028c32ddac50,
0x0000028c32ddb160, 0x0000028c32dd9300, 0x0000028c32ddcab0, 0x0000028c32dd9810,
0x0000028c32dda230, 0x0000028c32ddc5a0, 0x0000028c32ddd9e0, 0x0000028c32dda740,
0x0000028c32dddef0, 0x0000028c32dd7ec0, 0x0000028c32dd9d20, 0x0000028c32dde400,
0x0000028c32ddb670, 0x0000028c32dd6f90, 0x0000028c32ddc090, 0x0000028c32ddbb80,
0x0000028c32dde910, 0x0000028c32dd74a0, 0x0000028c32dd88e0, 0x0000028c32dd8df0,
0x0000028c11b32470, 0x0000028c11b32980, 0x0000028c11b33dc0, 0x0000028c11b342d0,
0x0000028c11b347e0, 0x0000028c11b34cf0, 0x0000028c3341f2b0, 0x0000028c33422040,
0x0000028c3341d960, 0x0000028c3341abd0, 0x0000028c3341cf40, 0x0000028c33421110,
0x0000028c33421620, 0x0000028c3341f7c0, 0x0000028c3341e380, 0x0000028c3341ca30,
0x0000028c3341b0e0, 0x0000028c3341e890, 0x0000028c33422550, 0x0000028c3341fcd0,
0x0000028c3341eda0, 0x0000028c3341bb00, 0x0000028c3341c010, 0x0000028c3341de70,
0x0000028c334201e0, 0x0000028c3341c520, 0x0000028c334206f0, 0x0000028c33420c00,
0x0000028c34aa7520, 0x0000028c34aa7010, 0x0000028c34aad040, 0x0000028c34aa8450,
0x0000028c34aa5bd0, 0x0000028c34aaa7c0, 0x0000028c34aab1e0, 0x0000028c34aa60e0,
0x0000028c34aa6b00, 0x0000028c34aaa2b0, 0x0000028c34aaacd0, 0x0000028c34aab6f0,
0x0000028c34aac110, 0x0000028c34aac620, 0x0000028c34aabc00, 0x0000028c34aacb30,
0x0000028c34aa7a30, 0x0000028c34aa9380, 0x0000028c34aad550, 0x0000028c34aa65f0,
0x0000028c34aa7f40, 0x0000028c34aa8960, 0x0000028c34aa8e70, 0x0000028c3764c280,
0x0000028c3761fca0
}

Java Threads: ( => current thread )
  0x0000028c73418310 JavaThread "main" [_thread_blocked, id=10032, stack(0x000000f5c5600000,0x000000f5c5700000)]
  0x0000028c118fd030 JavaThread "Reference Handler" daemon [_thread_blocked, id=2260, stack(0x000000f5c5d00000,0x000000f5c5e00000)]
  0x0000028c118fdeb0 JavaThread "Finalizer" daemon [_thread_blocked, id=15396, stack(0x000000f5c5e00000,0x000000f5c5f00000)]
  0x0000028c119156d0 JavaThread "Signal Dispatcher" daemon [_thread_blocked, id=8768, stack(0x000000f5c5f00000,0x000000f5c6000000)]
  0x0000028c119161a0 JavaThread "Attach Listener" daemon [_thread_blocked, id=15668, stack(0x000000f5c6000000,0x000000f5c6100000)]
  0x0000028c11918b70 JavaThread "Service Thread" daemon [_thread_blocked, id=15624, stack(0x000000f5c6100000,0x000000f5c6200000)]
  0x0000028c11919530 JavaThread "Monitor Deflation Thread" daemon [_thread_blocked, id=15652, stack(0x000000f5c6200000,0x000000f5c6300000)]
  0x0000028c1191a2d0 JavaThread "C2 CompilerThread0" daemon [_thread_in_native, id=14272, stack(0x000000f5c6300000,0x000000f5c6400000)]
  0x0000028c1191cce0 JavaThread "C1 CompilerThread0" daemon [_thread_blocked, id=14452, stack(0x000000f5c6400000,0x000000f5c6500000)]
  0x0000028c1191d5f0 JavaThread "Sweeper thread" daemon [_thread_blocked, id=14428, stack(0x000000f5c6500000,0x000000f5c6600000)]
  0x0000028c11b32e90 JavaThread "Common-Cleaner" daemon [_thread_blocked, id=16148, stack(0x000000f5c6600000,0x000000f5c6700000)]
  0x0000028c11b35710 JavaThread "Notification Thread" daemon [_thread_blocked, id=15700, stack(0x000000f5c6700000,0x000000f5c6800000)]
  0x0000028c11b35c20 JavaThread "Daemon health stats" [_thread_blocked, id=12252, stack(0x000000f5c6f00000,0x000000f5c7000000)]
  0x0000028c11b333a0 JavaThread "Incoming local TCP Connector on port 50052" [_thread_in_native, id=12088, stack(0x000000f5c6a00000,0x000000f5c6b00000)]
  0x0000028c11b338b0 JavaThread "Daemon periodic checks" [_thread_blocked, id=12068, stack(0x000000f5c7000000,0x000000f5c7100000)]
  0x0000028c32ddac50 JavaThread "Cache worker for journal cache (C:\Users\Dell\.gradle\caches\journal-1)" [_thread_blocked, id=13900, stack(0x000000f5c7800000,0x000000f5c7900000)]
  0x0000028c32ddb160 JavaThread "File lock request listener" [_thread_in_native, id=15264, stack(0x000000f5c7900000,0x000000f5c7a00000)]
  0x0000028c32dd9300 JavaThread "Cache worker for file hash cache (C:\Users\Dell\.gradle\caches\8.3\fileHashes)" [_thread_blocked, id=15488, stack(0x000000f5c7a00000,0x000000f5c7b00000)]
  0x0000028c32ddcab0 JavaThread "File watcher server" daemon [_thread_in_native, id=7336, stack(0x000000f5c6900000,0x000000f5c6a00000)]
  0x0000028c32dd9810 JavaThread "File watcher consumer" daemon [_thread_blocked, id=5376, stack(0x000000f5c7e00000,0x000000f5c7f00000)]
  0x0000028c32dda230 JavaThread "Cache worker for file content cache (C:\Users\Dell\.gradle\caches\8.3\fileContent)" [_thread_blocked, id=13832, stack(0x000000f5c8300000,0x000000f5c8400000)]
  0x0000028c32ddc5a0 JavaThread "Cache worker for execution history cache (C:\Users\Dell\.gradle\caches\8.3\executionHistory)" [_thread_blocked, id=16200, stack(0x000000f5c8600000,0x000000f5c8700000)]
  0x0000028c32ddd9e0 JavaThread "Daemon Thread 2" [_thread_blocked, id=2700, stack(0x000000f5c5300000,0x000000f5c5400000)]
  0x0000028c32dda740 JavaThread "Handler for socket connection from /127.0.0.1:50052 to /127.0.0.1:50128" [_thread_in_native, id=1724, stack(0x000000f5c5400000,0x000000f5c5500000)]
  0x0000028c32dddef0 JavaThread "Cancel handler" [_thread_blocked, id=10844, stack(0x000000f5c5500000,0x000000f5c5600000)]
  0x0000028c32dd7ec0 JavaThread "Daemon worker Thread 2" [_thread_in_native, id=5392, stack(0x000000f5c7100000,0x000000f5c7200000)]
  0x0000028c32dd9d20 JavaThread "Asynchronous log dispatcher for DefaultDaemonConnection: socket connection from /127.0.0.1:50052 to /127.0.0.1:50128" [_thread_blocked, id=7996, stack(0x000000f5c7200000,0x000000f5c7300000)]
  0x0000028c32dde400 JavaThread "Stdin handler" [_thread_blocked, id=13676, stack(0x000000f5c7300000,0x000000f5c7400000)]
  0x0000028c32ddb670 JavaThread "Daemon client event forwarder" [_thread_blocked, id=12120, stack(0x000000f5c7400000,0x000000f5c7500000)]
  0x0000028c32dd6f90 JavaThread "Cache worker for checksums cache (D:\Nabil\project\React-Native\AllCountries\android\.gradle\8.3\checksums)" [_thread_blocked, id=10328, stack(0x000000f5c7500000,0x000000f5c7600000)]
  0x0000028c32ddc090 JavaThread "Cache worker for file hash cache (D:\Nabil\project\React-Native\AllCountries\android\.gradle\8.3\fileHashes)" [_thread_blocked, id=7196, stack(0x000000f5c7600000,0x000000f5c7700000)]
  0x0000028c32ddbb80 JavaThread "Cache worker for cache directory md-supplier (C:\Users\Dell\.gradle\caches\8.3\md-supplier)" [_thread_blocked, id=3836, stack(0x000000f5c7700000,0x000000f5c7800000)]
  0x0000028c32dde910 JavaThread "Cache worker for cache directory md-rule (C:\Users\Dell\.gradle\caches\8.3\md-rule)" [_thread_blocked, id=2644, stack(0x000000f5c7f00000,0x000000f5c8000000)]
  0x0000028c32dd74a0 JavaThread "jar transforms" [_thread_blocked, id=10368, stack(0x000000f5c8100000,0x000000f5c8200000)]
  0x0000028c32dd88e0 JavaThread "jar transforms Thread 2" [_thread_blocked, id=7132, stack(0x000000f5c8200000,0x000000f5c8300000)]
  0x0000028c32dd8df0 JavaThread "jar transforms Thread 3" [_thread_blocked, id=13420, stack(0x000000f5c8000000,0x000000f5c8100000)]
  0x0000028c11b32470 JavaThread "jar transforms Thread 4" [_thread_blocked, id=2752, stack(0x000000f5c8700000,0x000000f5c8800000)]
  0x0000028c11b32980 JavaThread "Cache worker for kotlin-dsl (C:\Users\Dell\.gradle\caches\8.3\kotlin-dsl)" [_thread_blocked, id=2760, stack(0x000000f5c8900000,0x000000f5c8a00000)]
  0x0000028c11b33dc0 JavaThread "jar transforms Thread 5" [_thread_blocked, id=14836, stack(0x000000f5c8a00000,0x000000f5c8b00000)]
  0x0000028c11b342d0 JavaThread "jar transforms Thread 6" [_thread_blocked, id=15252, stack(0x000000f5c8b00000,0x000000f5c8c00000)]
  0x0000028c11b347e0 JavaThread "Unconstrained build operations" [_thread_blocked, id=10536, stack(0x000000f5c8c00000,0x000000f5c8d00000)]
  0x0000028c11b34cf0 JavaThread "Unconstrained build operations Thread 2" [_thread_blocked, id=7360, stack(0x000000f5c8d00000,0x000000f5c8e00000)]
  0x0000028c3341f2b0 JavaThread "jar transforms Thread 7" [_thread_blocked, id=10020, stack(0x000000f5c8e00000,0x000000f5c8f00000)]
  0x0000028c33422040 JavaThread "jar transforms Thread 8" [_thread_blocked, id=992, stack(0x000000f5c8f00000,0x000000f5c9000000)]
  0x0000028c3341d960 JavaThread "Cache worker for dependencies-accessors (D:\Nabil\project\React-Native\AllCountries\android\.gradle\8.3\dependencies-accessors)" [_thread_blocked, id=11000, stack(0x000000f5c9000000,0x000000f5c9100000)]
  0x0000028c3341abd0 JavaThread "Cache worker for Build Output Cleanup Cache (D:\Nabil\project\React-Native\AllCountries\node_modules\@react-native\gradle-plugin\.gradle\buildOutputCleanup)" [_thread_blocked, id=6964, stack(0x000000f5c9100000,0x000000f5c9200000)]
  0x0000028c3341cf40 JavaThread "Unconstrained build operations Thread 3" [_thread_blocked, id=5852, stack(0x000000f5c9200000,0x000000f5c9300000)]
  0x0000028c33421110 JavaThread "Unconstrained build operations Thread 4" [_thread_blocked, id=12452, stack(0x000000f5c9300000,0x000000f5c9400000)]
  0x0000028c33421620 JavaThread "Unconstrained build operations Thread 5" [_thread_blocked, id=15864, stack(0x000000f5c9400000,0x000000f5c9500000)]
  0x0000028c3341f7c0 JavaThread "Unconstrained build operations Thread 6" [_thread_blocked, id=10648, stack(0x000000f5c9500000,0x000000f5c9600000)]
  0x0000028c3341e380 JavaThread "Unconstrained build operations Thread 7" [_thread_blocked, id=1764, stack(0x000000f5c9600000,0x000000f5c9700000)]
  0x0000028c3341ca30 JavaThread "Unconstrained build operations Thread 8" [_thread_blocked, id=2556, stack(0x000000f5c9700000,0x000000f5c9800000)]
  0x0000028c3341b0e0 JavaThread "Unconstrained build operations Thread 9" [_thread_blocked, id=15032, stack(0x000000f5c9800000,0x000000f5c9900000)]
  0x0000028c3341e890 JavaThread "Memory manager" [_thread_blocked, id=14580, stack(0x000000f5c9900000,0x000000f5c9a00000)]
  0x0000028c33422550 JavaThread "Cache worker for Build Output Cleanup Cache (D:\Nabil\project\React-Native\AllCountries\android\.gradle\buildOutputCleanup)" [_thread_blocked, id=9568, stack(0x000000f5c8800000,0x000000f5c8900000)]
  0x0000028c3341fcd0 JavaThread "ForkJoinPool.commonPool-worker-1" daemon [_thread_blocked, id=2116, stack(0x000000f5c9a00000,0x000000f5c9b00000)]
  0x0000028c3341eda0 JavaThread "ForkJoinPool.commonPool-worker-2" daemon [_thread_blocked, id=1048, stack(0x000000f5c9b00000,0x000000f5c9c00000)]
  0x0000028c3341bb00 JavaThread "ForkJoinPool.commonPool-worker-3" daemon [_thread_blocked, id=16272, stack(0x000000f5c9c00000,0x000000f5c9d00000)]
  0x0000028c3341c010 JavaThread "ForkJoinPool.commonPool-worker-4" daemon [_thread_blocked, id=2820, stack(0x000000f5c9d00000,0x000000f5c9e00000)]
  0x0000028c3341de70 JavaThread "ForkJoinPool.commonPool-worker-5" daemon [_thread_blocked, id=276, stack(0x000000f5c9e00000,0x000000f5c9f00000)]
  0x0000028c334201e0 JavaThread "ForkJoinPool.commonPool-worker-6" daemon [_thread_blocked, id=15284, stack(0x000000f5c9f00000,0x000000f5ca000000)]
  0x0000028c3341c520 JavaThread "ForkJoinPool.commonPool-worker-7" daemon [_thread_blocked, id=6288, stack(0x000000f5ca000000,0x000000f5ca100000)]
  0x0000028c334206f0 JavaThread "included builds" [_thread_blocked, id=2424, stack(0x000000f5ca200000,0x000000f5ca300000)]
  0x0000028c33420c00 JavaThread "Execution worker" [_thread_blocked, id=14988, stack(0x000000f5ca300000,0x000000f5ca400000)]
  0x0000028c34aa7520 JavaThread "Execution worker Thread 2" [_thread_blocked, id=6292, stack(0x000000f5ca400000,0x000000f5ca500000)]
  0x0000028c34aa7010 JavaThread "Execution worker Thread 3" [_thread_blocked, id=14612, stack(0x000000f5ca500000,0x000000f5ca600000)]
  0x0000028c34aad040 JavaThread "Execution worker Thread 4" [_thread_blocked, id=13816, stack(0x000000f5ca600000,0x000000f5ca700000)]
  0x0000028c34aa8450 JavaThread "Execution worker Thread 5" [_thread_blocked, id=5432, stack(0x000000f5ca700000,0x000000f5ca800000)]
  0x0000028c34aa5bd0 JavaThread "Execution worker Thread 6" [_thread_blocked, id=15500, stack(0x000000f5ca800000,0x000000f5ca900000)]
  0x0000028c34aaa7c0 JavaThread "Execution worker Thread 7" [_thread_blocked, id=15588, stack(0x000000f5ca900000,0x000000f5caa00000)]
  0x0000028c34aab1e0 JavaThread "Cache worker for execution history cache (D:\Nabil\project\React-Native\AllCountries\node_modules\@react-native\gradle-plugin\.gradle\8.3\executionHistory)" [_thread_blocked, id=10884, stack(0x000000f5caa00000,0x000000f5cab00000)]
  0x0000028c34aa60e0 JavaThread "Unconstrained build operations Thread 10" [_thread_blocked, id=13824, stack(0x000000f5cab00000,0x000000f5cac00000)]
  0x0000028c34aa6b00 JavaThread "Unconstrained build operations Thread 11" [_thread_blocked, id=2184, stack(0x000000f5cac00000,0x000000f5cad00000)]
  0x0000028c34aaa2b0 JavaThread "Unconstrained build operations Thread 12" [_thread_blocked, id=5696, stack(0x000000f5cad00000,0x000000f5cae00000)]
  0x0000028c34aaacd0 JavaThread "Unconstrained build operations Thread 13" [_thread_blocked, id=2080, stack(0x000000f5cae00000,0x000000f5caf00000)]
  0x0000028c34aab6f0 JavaThread "Unconstrained build operations Thread 14" [_thread_blocked, id=14560, stack(0x000000f5caf00000,0x000000f5cb000000)]
  0x0000028c34aac110 JavaThread "Unconstrained build operations Thread 15" [_thread_blocked, id=3684, stack(0x000000f5cb000000,0x000000f5cb100000)]
  0x0000028c34aac620 JavaThread "Unconstrained build operations Thread 16" [_thread_blocked, id=7928, stack(0x000000f5cb100000,0x000000f5cb200000)]
  0x0000028c34aabc00 JavaThread "Unconstrained build operations Thread 17" [_thread_blocked, id=1624, stack(0x000000f5cb200000,0x000000f5cb300000)]
  0x0000028c34aacb30 JavaThread "Unconstrained build operations Thread 18" [_thread_blocked, id=2148, stack(0x000000f5cb300000,0x000000f5cb400000)]
  0x0000028c34aa7a30 JavaThread "Unconstrained build operations Thread 19" [_thread_blocked, id=15088, stack(0x000000f5cb400000,0x000000f5cb500000)]
  0x0000028c34aa9380 JavaThread "Unconstrained build operations Thread 20" [_thread_blocked, id=9688, stack(0x000000f5cb500000,0x000000f5cb600000)]
  0x0000028c34aad550 JavaThread "Unconstrained build operations Thread 21" [_thread_blocked, id=6792, stack(0x000000f5cb600000,0x000000f5cb700000)]
  0x0000028c34aa65f0 JavaThread "Unconstrained build operations Thread 22" [_thread_blocked, id=13344, stack(0x000000f5cb700000,0x000000f5cb800000)]
  0x0000028c34aa7f40 JavaThread "Unconstrained build operations Thread 23" [_thread_blocked, id=16180, stack(0x000000f5cb800000,0x000000f5cb900000)]
  0x0000028c34aa8960 JavaThread "Unconstrained build operations Thread 24" [_thread_blocked, id=6620, stack(0x000000f5cb900000,0x000000f5cba00000)]
  0x0000028c34aa8e70 JavaThread "Unconstrained build operations Thread 25" [_thread_blocked, id=5672, stack(0x000000f5cba00000,0x000000f5cbb00000)]
=>0x0000028c3764c280 JavaThread "C2 CompilerThread1" daemon [_thread_in_native, id=8852, stack(0x000000f5c8500000,0x000000f5c8600000)]
  0x0000028c3761fca0 JavaThread "C2 CompilerThread2" daemon [_thread_blocked, id=5080, stack(0x000000f5ca100000,0x000000f5ca200000)]

Other Threads:
  0x0000028c118f6860 VMThread "VM Thread" [stack: 0x000000f5c5c00000,0x000000f5c5d00000] [id=3320]
  0x0000028c11c164c0 WatcherThread [stack: 0x000000f5c6800000,0x000000f5c6900000] [id=11520]
  0x0000028c73473380 GCTaskThread "GC Thread#0" [stack: 0x000000f5c5700000,0x000000f5c5800000] [id=13968]
  0x0000028c31e0d870 GCTaskThread "GC Thread#1" [stack: 0x000000f5c6b00000,0x000000f5c6c00000] [id=12268]
  0x0000028c31b9d570 GCTaskThread "GC Thread#2" [stack: 0x000000f5c6c00000,0x000000f5c6d00000] [id=3776]
  0x0000028c31ea3b70 GCTaskThread "GC Thread#3" [stack: 0x000000f5c6d00000,0x000000f5c6e00000] [id=12156]
  0x0000028c31551f30 GCTaskThread "GC Thread#4" [stack: 0x000000f5c6e00000,0x000000f5c6f00000] [id=3564]
  0x0000028c34792620 GCTaskThread "GC Thread#5" [stack: 0x000000f5c7b00000,0x000000f5c7c00000] [id=14548]
  0x0000028c347928e0 GCTaskThread "GC Thread#6" [stack: 0x000000f5c7c00000,0x000000f5c7d00000] [id=5168]
  0x0000028c34792ba0 GCTaskThread "GC Thread#7" [stack: 0x000000f5c7d00000,0x000000f5c7e00000] [id=9588]
  0x0000028c734842d0 ConcurrentGCThread "G1 Main Marker" [stack: 0x000000f5c5800000,0x000000f5c5900000] [id=11124]
  0x0000028c73484ce0 ConcurrentGCThread "G1 Conc#0" [stack: 0x000000f5c5900000,0x000000f5c5a00000] [id=4076]
  0x0000028c352f0da0 ConcurrentGCThread "G1 Conc#1" [stack: 0x000000f5c8400000,0x000000f5c8500000] [id=13800]
  0x0000028c734cde10 ConcurrentGCThread "G1 Refine#0" [stack: 0x000000f5c5a00000,0x000000f5c5b00000] [id=6912]
  0x0000028c734ce840 ConcurrentGCThread "G1 Service" [stack: 0x000000f5c5b00000,0x000000f5c5c00000] [id=10748]

Threads with active compile tasks:
C2 CompilerThread0   222870 9770   !   4       sun.instrument.TransformerManager::transform (100 bytes)
C2 CompilerThread1   222871 9769       4       sun.instrument.InstrumentationImpl::transform (73 bytes)

VM state: not at safepoint (normal execution)

VM Mutex/Monitor currently owned by a thread:  ([mutex/lock_event])
[0x0000028c73413ce0] SystemDictionary_lock - owner thread: 0x0000000000000000

Heap address: 0x0000000080000000, size: 2048 MB, Compressed Oops mode: 32-bit

CDS archive(s) mapped at: [0x0000028c12000000-0x0000028c12bd0000-0x0000028c12bd0000), size 12386304, SharedBaseAddress: 0x0000028c12000000, ArchiveRelocationMode: 1.
Compressed class space mapped at: 0x0000028c13000000-0x0000028c2d000000, reserved size: 436207616
Narrow klass base: 0x0000028c12000000, Narrow klass shift: 0, Narrow klass range: 0x100000000

GC Precious Log:
 CPUs: 8 total, 8 available
 Memory: 7952M
 Large Page Support: Disabled
 NUMA Support: Disabled
 Compressed Oops: Enabled (32-bit)
 Heap Region Size: 1M
 Heap Min Capacity: 8M
 Heap Initial Capacity: 126M
 Heap Max Capacity: 2G
 Pre-touch: Disabled
 Parallel Workers: 8
 Concurrent Workers: 2
 Concurrent Refinement Workers: 8
 Periodic GC: Disabled

Heap:
 garbage-first heap   total 165888K, used 88491K [0x0000000080000000, 0x0000000100000000)
  region size 1024K, 7 young (7168K), 6 survivors (6144K)
 Metaspace       used 80119K, committed 80896K, reserved 557056K
  class space    used 11239K, committed 11584K, reserved 425984K

Heap Regions: E=young(eden), S=young(survivor), O=old, HS=humongous(starts), HC=humongous(continues), CS=collection set, F=free, OA=open archive, CA=closed archive, TAMS=top-at-mark-start (previous, next)
|   0|0x0000000080000000, 0x0000000080100000, 0x0000000080100000|100%|HS|  |TAMS 0x0000000080100000, 0x0000000080100000| Complete 
|   1|0x0000000080100000, 0x0000000080200000, 0x0000000080200000|100%|HC|  |TAMS 0x0000000080200000, 0x0000000080200000| Complete 
|   2|0x0000000080200000, 0x0000000080300000, 0x0000000080300000|100%|HC|  |TAMS 0x0000000080300000, 0x0000000080300000| Complete 
|   3|0x0000000080300000, 0x0000000080400000, 0x0000000080400000|100%|HC|  |TAMS 0x0000000080400000, 0x0000000080400000| Complete 
|   4|0x0000000080400000, 0x0000000080500000, 0x0000000080500000|100%| O|  |TAMS 0x0000000080500000, 0x0000000080500000| Untracked 
|   5|0x0000000080500000, 0x0000000080600000, 0x0000000080600000|100%| O|  |TAMS 0x0000000080600000, 0x0000000080600000| Untracked 
|   6|0x0000000080600000, 0x0000000080700000, 0x0000000080700000|100%| O|  |TAMS 0x0000000080700000, 0x0000000080700000| Untracked 
|   7|0x0000000080700000, 0x0000000080800000, 0x0000000080800000|100%| O|  |TAMS 0x0000000080800000, 0x0000000080800000| Untracked 
|   8|0x0000000080800000, 0x0000000080900000, 0x0000000080900000|100%| O|  |TAMS 0x0000000080900000, 0x0000000080900000| Untracked 
|   9|0x0000000080900000, 0x0000000080a00000, 0x0000000080a00000|100%| O|  |TAMS 0x0000000080a00000, 0x0000000080a00000| Untracked 
|  10|0x0000000080a00000, 0x0000000080b00000, 0x0000000080b00000|100%| O|  |TAMS 0x0000000080b00000, 0x0000000080b00000| Untracked 
|  11|0x0000000080b00000, 0x0000000080c00000, 0x0000000080c00000|100%| O|  |TAMS 0x0000000080c00000, 0x0000000080c00000| Untracked 
|  12|0x0000000080c00000, 0x0000000080d00000, 0x0000000080d00000|100%| O|  |TAMS 0x0000000080d00000, 0x0000000080d00000| Untracked 
|  13|0x0000000080d00000, 0x0000000080e00000, 0x0000000080e00000|100%| O|  |TAMS 0x0000000080e00000, 0x0000000080e00000| Untracked 
|  14|0x0000000080e00000, 0x0000000080f00000, 0x0000000080f00000|100%| O|  |TAMS 0x0000000080f00000, 0x0000000080f00000| Untracked 
|  15|0x0000000080f00000, 0x0000000081000000, 0x0000000081000000|100%| O|  |TAMS 0x0000000081000000, 0x0000000081000000| Untracked 
|  16|0x0000000081000000, 0x0000000081100000, 0x0000000081100000|100%| O|  |TAMS 0x0000000081100000, 0x0000000081100000| Untracked 
|  17|0x0000000081100000, 0x0000000081200000, 0x0000000081200000|100%| O|  |TAMS 0x0000000081200000, 0x0000000081200000| Untracked 
|  18|0x0000000081200000, 0x0000000081300000, 0x0000000081300000|100%| O|  |TAMS 0x0000000081300000, 0x0000000081300000| Untracked 
|  19|0x0000000081300000, 0x00000000813df400, 0x0000000081400000| 87%| O|  |TAMS 0x00000000813df400, 0x00000000813df400| Untracked 
|  20|0x0000000081400000, 0x0000000081500000, 0x0000000081500000|100%| O|  |TAMS 0x0000000081500000, 0x0000000081500000| Untracked 
|  21|0x0000000081500000, 0x0000000081600000, 0x0000000081600000|100%| O|  |TAMS 0x0000000081600000, 0x0000000081600000| Untracked 
|  22|0x0000000081600000, 0x0000000081700000, 0x0000000081700000|100%| O|  |TAMS 0x0000000081700000, 0x0000000081700000| Untracked 
|  23|0x0000000081700000, 0x0000000081800000, 0x0000000081800000|100%| O|  |TAMS 0x0000000081800000, 0x0000000081800000| Untracked 
|  24|0x0000000081800000, 0x0000000081900000, 0x0000000081900000|100%| O|  |TAMS 0x0000000081900000, 0x0000000081900000| Untracked 
|  25|0x0000000081900000, 0x0000000081a00000, 0x0000000081a00000|100%| O|  |TAMS 0x0000000081a00000, 0x0000000081a00000| Untracked 
|  26|0x0000000081a00000, 0x0000000081b00000, 0x0000000081b00000|100%| O|  |TAMS 0x0000000081b00000, 0x0000000081b00000| Untracked 
|  27|0x0000000081b00000, 0x0000000081c00000, 0x0000000081c00000|100%| O|  |TAMS 0x0000000081c00000, 0x0000000081c00000| Untracked 
|  28|0x0000000081c00000, 0x0000000081d00000, 0x0000000081d00000|100%| O|  |TAMS 0x0000000081d00000, 0x0000000081d00000| Untracked 
|  29|0x0000000081d00000, 0x0000000081e00000, 0x0000000081e00000|100%| O|  |TAMS 0x0000000081e00000, 0x0000000081e00000| Untracked 
|  30|0x0000000081e00000, 0x0000000081f00000, 0x0000000081f00000|100%|HS|  |TAMS 0x0000000081f00000, 0x0000000081f00000| Complete 
|  31|0x0000000081f00000, 0x0000000082000000, 0x0000000082000000|100%|HC|  |TAMS 0x0000000082000000, 0x0000000082000000| Complete 
|  32|0x0000000082000000, 0x0000000082100000, 0x0000000082100000|100%| O|  |TAMS 0x0000000082100000, 0x0000000082100000| Untracked 
|  33|0x0000000082100000, 0x0000000082200000, 0x0000000082200000|100%| O|  |TAMS 0x0000000082200000, 0x0000000082200000| Untracked 
|  34|0x0000000082200000, 0x0000000082300000, 0x0000000082300000|100%| O|  |TAMS 0x0000000082300000, 0x0000000082300000| Untracked 
|  35|0x0000000082300000, 0x0000000082400000, 0x0000000082400000|100%| O|  |TAMS 0x0000000082400000, 0x0000000082400000| Untracked 
|  36|0x0000000082400000, 0x0000000082500000, 0x0000000082500000|100%| O|  |TAMS 0x0000000082500000, 0x0000000082500000| Untracked 
|  37|0x0000000082500000, 0x0000000082600000, 0x0000000082600000|100%|HS|  |TAMS 0x0000000082600000, 0x0000000082600000| Complete 
|  38|0x0000000082600000, 0x0000000082700000, 0x0000000082700000|100%|HC|  |TAMS 0x0000000082700000, 0x0000000082700000| Complete 
|  39|0x0000000082700000, 0x0000000082800000, 0x0000000082800000|100%|HS|  |TAMS 0x0000000082800000, 0x0000000082800000| Complete 
|  40|0x0000000082800000, 0x0000000082900000, 0x0000000082900000|100%|HC|  |TAMS 0x0000000082900000, 0x0000000082900000| Complete 
|  41|0x0000000082900000, 0x0000000082a00000, 0x0000000082a00000|100%|HC|  |TAMS 0x0000000082a00000, 0x0000000082a00000| Complete 
|  42|0x0000000082a00000, 0x0000000082b00000, 0x0000000082b00000|100%|HC|  |TAMS 0x0000000082b00000, 0x0000000082b00000| Complete 
|  43|0x0000000082b00000, 0x0000000082c00000, 0x0000000082c00000|100%|HS|  |TAMS 0x0000000082c00000, 0x0000000082c00000| Complete 
|  44|0x0000000082c00000, 0x0000000082d00000, 0x0000000082d00000|100%|HC|  |TAMS 0x0000000082d00000, 0x0000000082d00000| Complete 
|  45|0x0000000082d00000, 0x0000000082e00000, 0x0000000082e00000|100%|HC|  |TAMS 0x0000000082e00000, 0x0000000082e00000| Complete 
|  46|0x0000000082e00000, 0x0000000082f00000, 0x0000000082f00000|100%|HC|  |TAMS 0x0000000082f00000, 0x0000000082f00000| Complete 
|  47|0x0000000082f00000, 0x0000000083000000, 0x0000000083000000|100%| O|  |TAMS 0x0000000083000000, 0x0000000083000000| Untracked 
|  48|0x0000000083000000, 0x0000000083100000, 0x0000000083100000|100%| O|  |TAMS 0x0000000083100000, 0x0000000083100000| Untracked 
|  49|0x0000000083100000, 0x0000000083200000, 0x0000000083200000|100%| O|  |TAMS 0x0000000083200000, 0x0000000083200000| Untracked 
|  50|0x0000000083200000, 0x0000000083300000, 0x0000000083300000|100%| O|  |TAMS 0x0000000083300000, 0x0000000083300000| Untracked 
|  51|0x0000000083300000, 0x0000000083400000, 0x0000000083400000|100%| O|  |TAMS 0x0000000083400000, 0x0000000083400000| Untracked 
|  52|0x0000000083400000, 0x0000000083500000, 0x0000000083500000|100%| O|  |TAMS 0x0000000083500000, 0x0000000083500000| Untracked 
|  53|0x0000000083500000, 0x0000000083600000, 0x0000000083600000|100%| O|  |TAMS 0x0000000083600000, 0x0000000083600000| Untracked 
|  54|0x0000000083600000, 0x0000000083700000, 0x0000000083700000|100%| O|  |TAMS 0x0000000083700000, 0x0000000083700000| Untracked 
|  55|0x0000000083700000, 0x0000000083800000, 0x0000000083800000|100%| O|  |TAMS 0x0000000083800000, 0x0000000083800000| Untracked 
|  56|0x0000000083800000, 0x0000000083900000, 0x0000000083900000|100%| O|  |TAMS 0x0000000083900000, 0x0000000083900000| Untracked 
|  57|0x0000000083900000, 0x0000000083a00000, 0x0000000083a00000|100%|HS|  |TAMS 0x0000000083a00000, 0x0000000083a00000| Complete 
|  58|0x0000000083a00000, 0x0000000083b00000, 0x0000000083b00000|100%|HS|  |TAMS 0x0000000083b00000, 0x0000000083b00000| Complete 
|  59|0x0000000083b00000, 0x0000000083c00000, 0x0000000083c00000|100%|HS|  |TAMS 0x0000000083c00000, 0x0000000083c00000| Complete 
|  60|0x0000000083c00000, 0x0000000083d00000, 0x0000000083d00000|100%| O|  |TAMS 0x0000000083c00000, 0x0000000083c00000| Untracked 
|  61|0x0000000083d00000, 0x0000000083e00000, 0x0000000083e00000|100%|HS|  |TAMS 0x0000000083e00000, 0x0000000083e00000| Complete 
|  62|0x0000000083e00000, 0x0000000083f00000, 0x0000000083f00000|100%| O|  |TAMS 0x0000000083f00000, 0x0000000083f00000| Untracked 
|  63|0x0000000083f00000, 0x0000000084000000, 0x0000000084000000|100%| O|  |TAMS 0x0000000084000000, 0x0000000084000000| Untracked 
|  64|0x0000000084000000, 0x0000000084100000, 0x0000000084100000|100%| O|  |TAMS 0x0000000084100000, 0x0000000084100000| Untracked 
|  65|0x0000000084100000, 0x0000000084200000, 0x0000000084200000|100%| O|  |TAMS 0x0000000084200000, 0x0000000084200000| Untracked 
|  66|0x0000000084200000, 0x0000000084300000, 0x0000000084300000|100%| O|  |TAMS 0x0000000084300000, 0x0000000084300000| Untracked 
|  67|0x0000000084300000, 0x0000000084400000, 0x0000000084400000|100%| O|  |TAMS 0x0000000084400000, 0x0000000084400000| Untracked 
|  68|0x0000000084400000, 0x0000000084500000, 0x0000000084500000|100%| O|  |TAMS 0x0000000084500000, 0x0000000084500000| Untracked 
|  69|0x0000000084500000, 0x0000000084600000, 0x0000000084600000|100%| O|  |TAMS 0x0000000084600000, 0x0000000084600000| Untracked 
|  70|0x0000000084600000, 0x0000000084700000, 0x0000000084700000|100%| O|  |TAMS 0x000000008464da00, 0x0000000084700000| Untracked 
|  71|0x0000000084700000, 0x0000000084800000, 0x0000000084800000|100%| O|  |TAMS 0x0000000084700000, 0x0000000084700000| Untracked 
|  72|0x0000000084800000, 0x0000000084900000, 0x0000000084900000|100%| O|  |TAMS 0x0000000084800000, 0x0000000084900000| Untracked 
|  73|0x0000000084900000, 0x0000000084a00000, 0x0000000084a00000|100%| O|  |TAMS 0x0000000084900000, 0x0000000084a00000| Untracked 
|  74|0x0000000084a00000, 0x0000000084b00000, 0x0000000084b00000|100%| O|  |TAMS 0x0000000084a00000, 0x0000000084b00000| Untracked 
|  75|0x0000000084b00000, 0x0000000084c00000, 0x0000000084c00000|100%| O|  |TAMS 0x0000000084b00000, 0x0000000084c00000| Untracked 
|  76|0x0000000084c00000, 0x0000000084d00000, 0x0000000084d00000|100%| O|  |TAMS 0x0000000084c00000, 0x0000000084d00000| Untracked 
|  77|0x0000000084d00000, 0x0000000084e00000, 0x0000000084e00000|100%| O|  |TAMS 0x0000000084d00000, 0x0000000084e00000| Untracked 
|  78|0x0000000084e00000, 0x0000000084f00000, 0x0000000084f00000|100%| O|  |TAMS 0x0000000084e00000, 0x0000000084f00000| Untracked 
|  79|0x0000000084f00000, 0x0000000085000000, 0x0000000085000000|100%| O|  |TAMS 0x0000000084f00000, 0x0000000085000000| Untracked 
|  80|0x0000000085000000, 0x0000000085100000, 0x0000000085100000|100%| O|  |TAMS 0x0000000085000000, 0x0000000085077400| Untracked 
|  81|0x0000000085100000, 0x0000000085151600, 0x0000000085200000| 31%| O|  |TAMS 0x0000000085100000, 0x0000000085100000| Untracked 
|  82|0x0000000085200000, 0x0000000085200000, 0x0000000085300000|  0%| F|  |TAMS 0x0000000085200000, 0x0000000085200000| Untracked 
|  83|0x0000000085300000, 0x0000000085300000, 0x0000000085400000|  0%| F|  |TAMS 0x0000000085300000, 0x0000000085300000| Untracked 
|  84|0x0000000085400000, 0x0000000085400000, 0x0000000085500000|  0%| F|  |TAMS 0x0000000085400000, 0x0000000085400000| Untracked 
|  85|0x0000000085500000, 0x0000000085500000, 0x0000000085600000|  0%| F|  |TAMS 0x0000000085500000, 0x0000000085500000| Untracked 
|  86|0x0000000085600000, 0x0000000085600000, 0x0000000085700000|  0%| F|  |TAMS 0x0000000085600000, 0x0000000085600000| Untracked 
|  87|0x0000000085700000, 0x0000000085700000, 0x0000000085800000|  0%| F|  |TAMS 0x0000000085700000, 0x0000000085700000| Untracked 
|  88|0x0000000085800000, 0x0000000085800000, 0x0000000085900000|  0%| F|  |TAMS 0x0000000085800000, 0x0000000085800000| Untracked 
|  89|0x0000000085900000, 0x0000000085900000, 0x0000000085a00000|  0%| F|  |TAMS 0x0000000085900000, 0x0000000085900000| Untracked 
|  90|0x0000000085a00000, 0x0000000085a00000, 0x0000000085b00000|  0%| F|  |TAMS 0x0000000085a00000, 0x0000000085a00000| Untracked 
|  91|0x0000000085b00000, 0x0000000085b00000, 0x0000000085c00000|  0%| F|  |TAMS 0x0000000085b00000, 0x0000000085b00000| Untracked 
|  92|0x0000000085c00000, 0x0000000085c00000, 0x0000000085d00000|  0%| F|  |TAMS 0x0000000085c00000, 0x0000000085c00000| Untracked 
|  93|0x0000000085d00000, 0x0000000085d00000, 0x0000000085e00000|  0%| F|  |TAMS 0x0000000085d00000, 0x0000000085d00000| Untracked 
|  94|0x0000000085e00000, 0x0000000085e00000, 0x0000000085f00000|  0%| F|  |TAMS 0x0000000085e00000, 0x0000000085e00000| Untracked 
|  95|0x0000000085f00000, 0x0000000085f00000, 0x0000000086000000|  0%| F|  |TAMS 0x0000000085f00000, 0x0000000085f00000| Untracked 
|  96|0x0000000086000000, 0x0000000086000000, 0x0000000086100000|  0%| F|  |TAMS 0x0000000086000000, 0x0000000086000000| Untracked 
|  97|0x0000000086100000, 0x0000000086100000, 0x0000000086200000|  0%| F|  |TAMS 0x0000000086100000, 0x0000000086100000| Untracked 
|  98|0x0000000086200000, 0x0000000086200000, 0x0000000086300000|  0%| F|  |TAMS 0x0000000086200000, 0x0000000086200000| Untracked 
|  99|0x0000000086300000, 0x0000000086300000, 0x0000000086400000|  0%| F|  |TAMS 0x0000000086300000, 0x0000000086300000| Untracked 
| 100|0x0000000086400000, 0x0000000086400000, 0x0000000086500000|  0%| F|  |TAMS 0x0000000086400000, 0x0000000086400000| Untracked 
| 101|0x0000000086500000, 0x0000000086500000, 0x0000000086600000|  0%| F|  |TAMS 0x0000000086500000, 0x0000000086500000| Untracked 
| 102|0x0000000086600000, 0x0000000086600000, 0x0000000086700000|  0%| F|  |TAMS 0x0000000086600000, 0x0000000086600000| Untracked 
| 103|0x0000000086700000, 0x000000008673a360, 0x0000000086800000| 22%| S|CS|TAMS 0x0000000086700000, 0x0000000086700000| Complete 
| 104|0x0000000086800000, 0x0000000086900000, 0x0000000086900000|100%| S|CS|TAMS 0x0000000086800000, 0x0000000086800000| Complete 
| 105|0x0000000086900000, 0x0000000086a00000, 0x0000000086a00000|100%| S|CS|TAMS 0x0000000086900000, 0x0000000086900000| Complete 
| 106|0x0000000086a00000, 0x0000000086a00000, 0x0000000086b00000|  0%| F|  |TAMS 0x0000000086a00000, 0x0000000086a00000| Untracked 
| 107|0x0000000086b00000, 0x0000000086b00000, 0x0000000086c00000|  0%| F|  |TAMS 0x0000000086b00000, 0x0000000086b00000| Untracked 
| 108|0x0000000086c00000, 0x0000000086c00000, 0x0000000086d00000|  0%| F|  |TAMS 0x0000000086c00000, 0x0000000086c00000| Untracked 
| 109|0x0000000086d00000, 0x0000000086d00000, 0x0000000086e00000|  0%| F|  |TAMS 0x0000000086d00000, 0x0000000086d00000| Untracked 
| 110|0x0000000086e00000, 0x0000000086e00000, 0x0000000086f00000|  0%| F|  |TAMS 0x0000000086e00000, 0x0000000086e00000| Untracked 
| 111|0x0000000086f00000, 0x0000000086f00000, 0x0000000087000000|  0%| F|  |TAMS 0x0000000086f00000, 0x0000000086f00000| Untracked 
| 112|0x0000000087000000, 0x0000000087000000, 0x0000000087100000|  0%| F|  |TAMS 0x0000000087000000, 0x0000000087000000| Untracked 
| 113|0x0000000087100000, 0x0000000087200000, 0x0000000087200000|100%| S|CS|TAMS 0x0000000087100000, 0x0000000087100000| Complete 
| 114|0x0000000087200000, 0x0000000087300000, 0x0000000087300000|100%| S|CS|TAMS 0x0000000087200000, 0x0000000087200000| Complete 
| 115|0x0000000087300000, 0x0000000087400000, 0x0000000087400000|100%| S|CS|TAMS 0x0000000087300000, 0x0000000087300000| Complete 
| 116|0x0000000087400000, 0x0000000087400000, 0x0000000087500000|  0%| F|  |TAMS 0x0000000087400000, 0x0000000087400000| Untracked 
| 117|0x0000000087500000, 0x0000000087500000, 0x0000000087600000|  0%| F|  |TAMS 0x0000000087500000, 0x0000000087500000| Untracked 
| 118|0x0000000087600000, 0x0000000087600000, 0x0000000087700000|  0%| F|  |TAMS 0x0000000087600000, 0x0000000087600000| Untracked 
| 119|0x0000000087700000, 0x0000000087700000, 0x0000000087800000|  0%| F|  |TAMS 0x0000000087700000, 0x0000000087700000| Untracked 
| 120|0x0000000087800000, 0x0000000087800000, 0x0000000087900000|  0%| F|  |TAMS 0x0000000087800000, 0x0000000087800000| Untracked 
| 121|0x0000000087900000, 0x0000000087900000, 0x0000000087a00000|  0%| F|  |TAMS 0x0000000087900000, 0x0000000087900000| Untracked 
| 122|0x0000000087a00000, 0x0000000087a00000, 0x0000000087b00000|  0%| F|  |TAMS 0x0000000087a00000, 0x0000000087a00000| Untracked 
| 123|0x0000000087b00000, 0x0000000087b00000, 0x0000000087c00000|  0%| F|  |TAMS 0x0000000087b00000, 0x0000000087b00000| Untracked 
| 124|0x0000000087c00000, 0x0000000087c00000, 0x0000000087d00000|  0%| F|  |TAMS 0x0000000087c00000, 0x0000000087c00000| Untracked 
| 125|0x0000000087d00000, 0x0000000087d00000, 0x0000000087e00000|  0%| F|  |TAMS 0x0000000087d00000, 0x0000000087d00000| Untracked 
| 126|0x0000000087e00000, 0x0000000087e00000, 0x0000000087f00000|  0%| F|  |TAMS 0x0000000087e00000, 0x0000000087e00000| Untracked 
| 127|0x0000000087f00000, 0x0000000087f00000, 0x0000000088000000|  0%| F|  |TAMS 0x0000000087f00000, 0x0000000087f00000| Untracked 
| 128|0x0000000088000000, 0x0000000088000000, 0x0000000088100000|  0%| F|  |TAMS 0x0000000088000000, 0x0000000088000000| Untracked 
| 129|0x0000000088100000, 0x0000000088100000, 0x0000000088200000|  0%| F|  |TAMS 0x0000000088100000, 0x0000000088100000| Untracked 
| 130|0x0000000088200000, 0x0000000088200000, 0x0000000088300000|  0%| F|  |TAMS 0x0000000088200000, 0x0000000088200000| Untracked 
| 131|0x0000000088300000, 0x0000000088300000, 0x0000000088400000|  0%| F|  |TAMS 0x0000000088300000, 0x0000000088300000| Untracked 
| 132|0x0000000088400000, 0x0000000088400000, 0x0000000088500000|  0%| F|  |TAMS 0x0000000088400000, 0x0000000088400000| Untracked 
| 133|0x0000000088500000, 0x0000000088500000, 0x0000000088600000|  0%| F|  |TAMS 0x0000000088500000, 0x0000000088500000| Untracked 
| 134|0x0000000088600000, 0x0000000088600000, 0x0000000088700000|  0%| F|  |TAMS 0x0000000088600000, 0x0000000088600000| Untracked 
| 135|0x0000000088700000, 0x0000000088700000, 0x0000000088800000|  0%| F|  |TAMS 0x0000000088700000, 0x0000000088700000| Untracked 
| 136|0x0000000088800000, 0x0000000088800000, 0x0000000088900000|  0%| F|  |TAMS 0x0000000088800000, 0x0000000088800000| Untracked 
| 137|0x0000000088900000, 0x0000000088900000, 0x0000000088a00000|  0%| F|  |TAMS 0x0000000088900000, 0x0000000088900000| Untracked 
| 138|0x0000000088a00000, 0x0000000088a00000, 0x0000000088b00000|  0%| F|  |TAMS 0x0000000088a00000, 0x0000000088a00000| Untracked 
| 139|0x0000000088b00000, 0x0000000088b00000, 0x0000000088c00000|  0%| F|  |TAMS 0x0000000088b00000, 0x0000000088b00000| Untracked 
| 140|0x0000000088c00000, 0x0000000088c00000, 0x0000000088d00000|  0%| F|  |TAMS 0x0000000088c00000, 0x0000000088c00000| Untracked 
| 141|0x0000000088d00000, 0x0000000088d00000, 0x0000000088e00000|  0%| F|  |TAMS 0x0000000088d00000, 0x0000000088d00000| Untracked 
| 142|0x0000000088e00000, 0x0000000088e00000, 0x0000000088f00000|  0%| F|  |TAMS 0x0000000088e00000, 0x0000000088e00000| Untracked 
| 143|0x0000000088f00000, 0x0000000088f00000, 0x0000000089000000|  0%| F|  |TAMS 0x0000000088f00000, 0x0000000088f00000| Untracked 
| 144|0x0000000089000000, 0x0000000089000000, 0x0000000089100000|  0%| F|  |TAMS 0x0000000089000000, 0x0000000089000000| Untracked 
| 145|0x0000000089100000, 0x0000000089100000, 0x0000000089200000|  0%| F|  |TAMS 0x0000000089100000, 0x0000000089100000| Untracked 
| 146|0x0000000089200000, 0x0000000089200000, 0x0000000089300000|  0%| F|  |TAMS 0x0000000089200000, 0x0000000089200000| Untracked 
| 147|0x0000000089300000, 0x0000000089300000, 0x0000000089400000|  0%| F|  |TAMS 0x0000000089300000, 0x0000000089300000| Untracked 
| 148|0x0000000089400000, 0x0000000089400000, 0x0000000089500000|  0%| F|  |TAMS 0x0000000089400000, 0x0000000089400000| Untracked 
| 149|0x0000000089500000, 0x0000000089500000, 0x0000000089600000|  0%| F|  |TAMS 0x0000000089500000, 0x0000000089500000| Untracked 
| 150|0x0000000089600000, 0x0000000089600000, 0x0000000089700000|  0%| F|  |TAMS 0x0000000089600000, 0x0000000089600000| Untracked 
| 151|0x0000000089700000, 0x0000000089700000, 0x0000000089800000|  0%| F|  |TAMS 0x0000000089700000, 0x0000000089700000| Untracked 
| 152|0x0000000089800000, 0x0000000089800000, 0x0000000089900000|  0%| F|  |TAMS 0x0000000089800000, 0x0000000089800000| Untracked 
| 153|0x0000000089900000, 0x0000000089900000, 0x0000000089a00000|  0%| F|  |TAMS 0x0000000089900000, 0x0000000089900000| Untracked 
| 154|0x0000000089a00000, 0x0000000089a00000, 0x0000000089b00000|  0%| F|  |TAMS 0x0000000089a00000, 0x0000000089a00000| Untracked 
| 155|0x0000000089b00000, 0x0000000089b00000, 0x0000000089c00000|  0%| F|  |TAMS 0x0000000089b00000, 0x0000000089b00000| Untracked 
| 156|0x0000000089c00000, 0x0000000089c00000, 0x0000000089d00000|  0%| F|  |TAMS 0x0000000089c00000, 0x0000000089c00000| Untracked 
| 157|0x0000000089d00000, 0x0000000089d00000, 0x0000000089e00000|  0%| F|  |TAMS 0x0000000089d00000, 0x0000000089d00000| Untracked 
| 158|0x0000000089e00000, 0x0000000089e00000, 0x0000000089f00000|  0%| F|  |TAMS 0x0000000089e00000, 0x0000000089e00000| Untracked 
| 159|0x0000000089f00000, 0x0000000089f00000, 0x000000008a000000|  0%| F|  |TAMS 0x0000000089f00000, 0x0000000089f00000| Untracked 
| 160|0x000000008a000000, 0x000000008a000000, 0x000000008a100000|  0%| F|  |TAMS 0x000000008a000000, 0x000000008a000000| Untracked 
| 161|0x000000008a100000, 0x000000008a19e7d8, 0x000000008a200000| 61%| E|  |TAMS 0x000000008a100000, 0x000000008a100000| Complete 

Card table byte_map: [0x0000028c7b640000,0x0000028c7ba40000] _byte_map_base: 0x0000028c7b240000

Marking Bits (Prev, Next): (CMBitMap*) 0x0000028c734739e0, (CMBitMap*) 0x0000028c734739a0
 Prev Bits: [0x0000028c7de40000, 0x0000028c7fe40000)
 Next Bits: [0x0000028c7be40000, 0x0000028c7de40000)

Polling page: 0x0000028c713a0000

Metaspace:

Usage:
  Non-class:     67.27 MB used.
      Class:     10.98 MB used.
       Both:     78.24 MB used.

Virtual space:
  Non-class space:      128.00 MB reserved,      67.69 MB ( 53%) committed,  2 nodes.
      Class space:      416.00 MB reserved,      11.31 MB (  3%) committed,  1 nodes.
             Both:      544.00 MB reserved,      79.00 MB ( 15%) committed. 

Chunk freelists:
   Non-Class:  11.87 MB
       Class:  4.70 MB
        Both:  16.58 MB

MaxMetaspaceSize: 512.00 MB
CompressedClassSpaceSize: 416.00 MB
Initial GC threshold: 21.00 MB
Current GC threshold: 121.81 MB
CDS: on
MetaspaceReclaimPolicy: balanced
 - commit_granule_bytes: 65536.
 - commit_granule_words: 8192.
 - virtual_space_node_default_size: 8388608.
 - enlarge_chunks_in_place: 1.
 - new_chunks_are_fully_committed: 0.
 - uncommit_free_chunks: 1.
 - use_allocation_guard: 0.
 - handle_deallocations: 1.


Internal statistics:

num_allocs_failed_limit: 14.
num_arena_births: 1042.
num_arena_deaths: 0.
num_vsnodes_births: 3.
num_vsnodes_deaths: 0.
num_space_committed: 1264.
num_space_uncommitted: 0.
num_chunks_returned_to_freelist: 14.
num_chunks_taken_from_freelist: 4360.
num_chunk_merges: 14.
num_chunk_splits: 2887.
num_chunks_enlarged: 1890.
num_inconsistent_stats: 0.

CodeHeap 'non-profiled nmethods': size=120000Kb used=5250Kb max_used=5401Kb free=114749Kb
 bounds [0x0000028c07ad0000, 0x0000028c08020000, 0x0000028c0f000000]
CodeHeap 'profiled nmethods': size=120000Kb used=15791Kb max_used=16308Kb free=104208Kb
 bounds [0x0000028c00000000, 0x0000028c01010000, 0x0000028c07530000]
CodeHeap 'non-nmethods': size=5760Kb used=2377Kb max_used=2486Kb free=3382Kb
 bounds [0x0000028c07530000, 0x0000028c077b0000, 0x0000028c07ad0000]
 total_blobs=9359 nmethods=8456 adapters=815
 compilation: enabled
              stopped_count=0, restarted_count=0
 full_count=0

Compilation events (20 events):
Event: 222.685 Thread 0x0000028c1191cce0 9847       3       kotlin.collections.CollectionsKt___CollectionsKt::joinToString (72 bytes)
Event: 222.688 Thread 0x0000028c1191cce0 nmethod 9847 0x0000028c0013f110 code [0x0000028c0013f580, 0x0000028c00141288]
Event: 222.688 Thread 0x0000028c1191cce0 9845       3       org.gradle.api.internal.DefaultMutationGuard$1::<init> (20 bytes)
Event: 222.689 Thread 0x0000028c1191cce0 nmethod 9845 0x0000028c004bc090 code [0x0000028c004bc240, 0x0000028c004bc478]
Event: 222.689 Thread 0x0000028c1191cce0 9849       3       org.gradle.api.internal.DefaultMutationGuard::newActionWithMutation (11 bytes)
Event: 222.690 Thread 0x0000028c1191cce0 nmethod 9849 0x0000028c004bba90 code [0x0000028c004bbc40, 0x0000028c004bbf38]
Event: 222.690 Thread 0x0000028c1191cce0 9848       1       org.gradle.internal.extensibility.DefaultConvention::getExtensionsAsDynamicObject (5 bytes)
Event: 222.690 Thread 0x0000028c1191cce0 nmethod 9848 0x0000028c07e47990 code [0x0000028c07e47b20, 0x0000028c07e47bf8]
Event: 222.690 Thread 0x0000028c1191cce0 9834       1       org.gradle.api.internal.artifacts.configurations.DefaultConfiguration::getIncoming (5 bytes)
Event: 222.690 Thread 0x0000028c1191cce0 nmethod 9834 0x0000028c07e47690 code [0x0000028c07e47820, 0x0000028c07e478f8]
Event: 222.690 Thread 0x0000028c1191cce0 9844       1       org.gradle.api.internal.artifacts.configurations.DefaultConfiguration::access$2300 (5 bytes)
Event: 222.691 Thread 0x0000028c1191cce0 nmethod 9844 0x0000028c07e47310 code [0x0000028c07e474a0, 0x0000028c07e47558]
Event: 222.691 Thread 0x0000028c1191cce0 9851       1       org.gradle.api.attributes.Category$Impl::isImmutable (3 bytes)
Event: 222.691 Thread 0x0000028c1191cce0 nmethod 9851 0x0000028c07ea6a10 code [0x0000028c07ea6ba0, 0x0000028c07ea6c78]
Event: 222.718 Thread 0x0000028c1191cce0 9852       3       org.gradle.internal.instantiation.generator.AsmBackedClassGenerator$ClassInspectionVisitorImpl::markPropertyAsIneligibleForConventionMapping (12 bytes)
Event: 222.718 Thread 0x0000028c1191cce0 nmethod 9852 0x0000028c004bb610 code [0x0000028c004bb7c0, 0x0000028c004bb988]
Event: 222.720 Thread 0x0000028c1191cce0 9853       3       org.gradle.api.internal.provider.ValueSanitizers$2::sanitize (2 bytes)
Event: 222.720 Thread 0x0000028c1191cce0 nmethod 9853 0x0000028c0077f990 code [0x0000028c0077fb20, 0x0000028c0077fc38]
Event: 222.729 Thread 0x0000028c1191cce0 9854       3       org.gradle.api.internal.collections.DefaultCollectionEventRegister::registerLazyAddDecoratedAction (14 bytes)
Event: 222.729 Thread 0x0000028c1191cce0 nmethod 9854 0x0000028c004bb110 code [0x0000028c004bb2c0, 0x0000028c004bb4e8]

GC Heap History (20 events):
Event: 213.193 GC heap before
{Heap before GC invocations=11 (full 0):
 garbage-first heap   total 81920K, used 62888K [0x0000000080000000, 0x0000000100000000)
  region size 1024K, 31 young (31744K), 3 survivors (3072K)
 Metaspace       used 37605K, committed 38144K, reserved 491520K
  class space    used 5238K, committed 5504K, reserved 425984K
}
Event: 213.198 GC heap after
{Heap after GC invocations=12 (full 0):
 garbage-first heap   total 81920K, used 34798K [0x0000000080000000, 0x0000000100000000)
  region size 1024K, 4 young (4096K), 4 survivors (4096K)
 Metaspace       used 37605K, committed 38144K, reserved 491520K
  class space    used 5238K, committed 5504K, reserved 425984K
}
Event: 213.670 GC heap before
{Heap before GC invocations=13 (full 0):
 garbage-first heap   total 81920K, used 64494K [0x0000000080000000, 0x0000000100000000)
  region size 1024K, 32 young (32768K), 4 survivors (4096K)
 Metaspace       used 40214K, committed 40768K, reserved 491520K
  class space    used 5559K, committed 5824K, reserved 425984K
}
Event: 213.676 GC heap after
{Heap after GC invocations=14 (full 0):
 garbage-first heap   total 163840K, used 36112K [0x0000000080000000, 0x0000000100000000)
  region size 1024K, 2 young (2048K), 2 survivors (2048K)
 Metaspace       used 40214K, committed 40768K, reserved 491520K
  class space    used 5559K, committed 5824K, reserved 425984K
}
Event: 215.656 GC heap before
{Heap before GC invocations=14 (full 0):
 garbage-first heap   total 163840K, used 119056K [0x0000000080000000, 0x0000000100000000)
  region size 1024K, 83 young (84992K), 2 survivors (2048K)
 Metaspace       used 48990K, committed 49600K, reserved 491520K
  class space    used 6977K, committed 7232K, reserved 425984K
}
Event: 215.662 GC heap after
{Heap after GC invocations=15 (full 0):
 garbage-first heap   total 163840K, used 39874K [0x0000000080000000, 0x0000000100000000)
  region size 1024K, 6 young (6144K), 6 survivors (6144K)
 Metaspace       used 48990K, committed 49600K, reserved 491520K
  class space    used 6977K, committed 7232K, reserved 425984K
}
Event: 217.373 GC heap before
{Heap before GC invocations=15 (full 0):
 garbage-first heap   total 163840K, used 135106K [0x0000000080000000, 0x0000000100000000)
  region size 1024K, 88 young (90112K), 6 survivors (6144K)
 Metaspace       used 56419K, committed 57088K, reserved 491520K
  class space    used 8010K, committed 8320K, reserved 425984K
}
Event: 217.381 GC heap after
{Heap after GC invocations=16 (full 0):
 garbage-first heap   total 163840K, used 58452K [0x0000000080000000, 0x0000000100000000)
  region size 1024K, 11 young (11264K), 11 survivors (11264K)
 Metaspace       used 56419K, committed 57088K, reserved 491520K
  class space    used 8010K, committed 8320K, reserved 425984K
}
Event: 218.507 GC heap before
{Heap before GC invocations=16 (full 0):
 garbage-first heap   total 163840K, used 127060K [0x0000000080000000, 0x0000000100000000)
  region size 1024K, 79 young (80896K), 11 survivors (11264K)
 Metaspace       used 62514K, committed 63296K, reserved 491520K
  class space    used 8844K, committed 9216K, reserved 425984K
}
Event: 218.517 GC heap after
{Heap after GC invocations=17 (full 0):
 garbage-first heap   total 163840K, used 61860K [0x0000000080000000, 0x0000000100000000)
  region size 1024K, 4 young (4096K), 4 survivors (4096K)
 Metaspace       used 62514K, committed 63296K, reserved 491520K
  class space    used 8844K, committed 9216K, reserved 425984K
}
Event: 218.596 GC heap before
{Heap before GC invocations=17 (full 0):
 garbage-first heap   total 163840K, used 65956K [0x0000000080000000, 0x0000000100000000)
  region size 1024K, 9 young (9216K), 4 survivors (4096K)
 Metaspace       used 62979K, committed 63680K, reserved 491520K
  class space    used 8920K, committed 9280K, reserved 425984K
}
Event: 218.600 GC heap after
{Heap after GC invocations=18 (full 0):
 garbage-first heap   total 163840K, used 61462K [0x0000000080000000, 0x0000000100000000)
  region size 1024K, 4 young (4096K), 4 survivors (4096K)
 Metaspace       used 62979K, committed 63680K, reserved 491520K
  class space    used 8920K, committed 9280K, reserved 425984K
}
Event: 219.948 GC heap before
{Heap before GC invocations=19 (full 0):
 garbage-first heap   total 163840K, used 133142K [0x0000000080000000, 0x0000000100000000)
  region size 1024K, 74 young (75776K), 4 survivors (4096K)
 Metaspace       used 67438K, committed 68160K, reserved 491520K
  class space    used 9643K, committed 9984K, reserved 425984K
}
Event: 219.959 GC heap after
{Heap after GC invocations=20 (full 0):
 garbage-first heap   total 163840K, used 67222K [0x0000000080000000, 0x0000000100000000)
  region size 1024K, 9 young (9216K), 9 survivors (9216K)
 Metaspace       used 67438K, committed 68160K, reserved 491520K
  class space    used 9643K, committed 9984K, reserved 425984K
}
Event: 221.030 GC heap before
{Heap before GC invocations=20 (full 0):
 garbage-first heap   total 163840K, used 136854K [0x0000000080000000, 0x0000000100000000)
  region size 1024K, 73 young (74752K), 9 survivors (9216K)
 Metaspace       used 70836K, committed 71552K, reserved 491520K
  class space    used 10054K, committed 10368K, reserved 425984K
}
Event: 221.041 GC heap after
{Heap after GC invocations=21 (full 0):
 garbage-first heap   total 163840K, used 79758K [0x0000000080000000, 0x0000000100000000)
  region size 1024K, 9 young (9216K), 9 survivors (9216K)
 Metaspace       used 70836K, committed 71552K, reserved 491520K
  class space    used 10054K, committed 10368K, reserved 425984K
}
Event: 221.517 GC heap before
{Heap before GC invocations=21 (full 0):
 garbage-first heap   total 163840K, used 113550K [0x0000000080000000, 0x0000000100000000)
  region size 1024K, 41 young (41984K), 9 survivors (9216K)
 Metaspace       used 73995K, committed 74816K, reserved 491520K
  class space    used 10420K, committed 10816K, reserved 425984K
}
Event: 221.522 GC heap after
{Heap after GC invocations=22 (full 0):
 garbage-first heap   total 163840K, used 85603K [0x0000000080000000, 0x0000000100000000)
  region size 1024K, 4 young (4096K), 4 survivors (4096K)
 Metaspace       used 73995K, committed 74816K, reserved 491520K
  class space    used 10420K, committed 10816K, reserved 425984K
}
Event: 222.217 GC heap before
{Heap before GC invocations=23 (full 0):
 garbage-first heap   total 165888K, used 135779K [0x0000000080000000, 0x0000000100000000)
  region size 1024K, 49 young (50176K), 4 survivors (4096K)
 Metaspace       used 76572K, committed 77376K, reserved 557056K
  class space    used 10771K, committed 11136K, reserved 425984K
}
Event: 222.222 GC heap after
{Heap after GC invocations=24 (full 0):
 garbage-first heap   total 165888K, used 86532K [0x0000000080000000, 0x0000000100000000)
  region size 1024K, 7 young (7168K), 7 survivors (7168K)
 Metaspace       used 76572K, committed 77376K, reserved 557056K
  class space    used 10771K, committed 11136K, reserved 425984K
}

Dll operation events (14 events):
Event: 0.016 Loaded shared library C:\Program Files\Microsoft\jdk-17.0.8.7-hotspot\bin\java.dll
Event: 0.033 Loaded shared library C:\Program Files\Microsoft\jdk-17.0.8.7-hotspot\bin\jsvml.dll
Event: 0.081 Loaded shared library C:\Program Files\Microsoft\jdk-17.0.8.7-hotspot\bin\zip.dll
Event: 0.086 Loaded shared library C:\Program Files\Microsoft\jdk-17.0.8.7-hotspot\bin\instrument.dll
Event: 0.091 Loaded shared library C:\Program Files\Microsoft\jdk-17.0.8.7-hotspot\bin\net.dll
Event: 0.093 Loaded shared library C:\Program Files\Microsoft\jdk-17.0.8.7-hotspot\bin\nio.dll
Event: 0.096 Loaded shared library C:\Program Files\Microsoft\jdk-17.0.8.7-hotspot\bin\zip.dll
Event: 0.316 Loaded shared library C:\Program Files\Microsoft\jdk-17.0.8.7-hotspot\bin\jimage.dll
Event: 0.401 Loaded shared library C:\Program Files\Microsoft\jdk-17.0.8.7-hotspot\bin\verify.dll
Event: 0.649 Loaded shared library C:\Users\Dell\.gradle\native\68d5fa5c4cc2d200863cafc0d521ce42e7d3e7ee720ec0a83991735586a16f82\windows-amd64\native-platform.dll
Event: 0.673 Loaded shared library C:\Users\Dell\.gradle\native\e376f236ea51e6404a007f0833ffe2c6e607c4080706a723a18a27aeea778392\windows-amd64\native-platform-file-events.dll
Event: 1.895 Loaded shared library C:\Program Files\Microsoft\jdk-17.0.8.7-hotspot\bin\management.dll
Event: 1.899 Loaded shared library C:\Program Files\Microsoft\jdk-17.0.8.7-hotspot\bin\management_ext.dll
Event: 2.484 Loaded shared library C:\Program Files\Microsoft\jdk-17.0.8.7-hotspot\bin\sunmscapi.dll

Deoptimization events (20 events):
Event: 222.362 Thread 0x0000028c32dd7ec0 Uncommon trap: trap_request=0xffffff45 fr.pc=0x0000028c07d3b1e4 relative=0x0000000000000244
Event: 222.362 Thread 0x0000028c32dd7ec0 Uncommon trap: reason=unstable_if action=reinterpret pc=0x0000028c07d3b1e4 method=org.objectweb.asm.Label.resolve([BI)Z @ 80 c2
Event: 222.362 Thread 0x0000028c32dd7ec0 DEOPT PACKING pc=0x0000028c07d3b1e4 sp=0x000000f5c71f1d00
Event: 222.362 Thread 0x0000028c32dd7ec0 DEOPT UNPACKING pc=0x0000028c075869a3 sp=0x000000f5c71f1c80 mode 2
Event: 222.363 Thread 0x0000028c32dd7ec0 Uncommon trap: trap_request=0xffffff45 fr.pc=0x0000028c07bd9edc relative=0x00000000000012fc
Event: 222.363 Thread 0x0000028c32dd7ec0 Uncommon trap: reason=unstable_if action=reinterpret pc=0x0000028c07bd9edc method=org.objectweb.asm.MethodWriter.<init>(Lorg/objectweb/asm/SymbolTable;ILjava/lang/String;Ljava/lang/String;Ljava/lang/String;[Ljava/lang/String;I)V @ 94 c2
Event: 222.363 Thread 0x0000028c32dd7ec0 DEOPT PACKING pc=0x0000028c07bd9edc sp=0x000000f5c71f1e90
Event: 222.363 Thread 0x0000028c32dd7ec0 DEOPT UNPACKING pc=0x0000028c075869a3 sp=0x000000f5c71f1d68 mode 2
Event: 222.363 Thread 0x0000028c32dd7ec0 Uncommon trap: trap_request=0xffffff45 fr.pc=0x0000028c07ca5990 relative=0x0000000000000550
Event: 222.363 Thread 0x0000028c32dd7ec0 Uncommon trap: reason=unstable_if action=reinterpret pc=0x0000028c07ca5990 method=org.objectweb.asm.MethodWriter.computeMethodInfoSize()I @ 342 c2
Event: 222.363 Thread 0x0000028c32dd7ec0 DEOPT PACKING pc=0x0000028c07ca5990 sp=0x000000f5c71f20e0
Event: 222.363 Thread 0x0000028c32dd7ec0 DEOPT UNPACKING pc=0x0000028c075869a3 sp=0x000000f5c71f2078 mode 2
Event: 222.364 Thread 0x0000028c32dd7ec0 Uncommon trap: trap_request=0xffffff45 fr.pc=0x0000028c07deef38 relative=0x0000000000001d98
Event: 222.364 Thread 0x0000028c32dd7ec0 Uncommon trap: reason=unstable_if action=reinterpret pc=0x0000028c07deef38 method=org.objectweb.asm.MethodWriter.putMethodInfo(Lorg/objectweb/asm/ByteVector;)V @ 108 c2
Event: 222.364 Thread 0x0000028c32dd7ec0 DEOPT PACKING pc=0x0000028c07deef38 sp=0x000000f5c71f2090
Event: 222.364 Thread 0x0000028c32dd7ec0 DEOPT UNPACKING pc=0x0000028c075869a3 sp=0x000000f5c71f2048 mode 2
Event: 222.585 Thread 0x0000028c32dd7ec0 Uncommon trap: trap_request=0xffffff45 fr.pc=0x0000028c07c1a16c relative=0x0000000000001aec
Event: 222.585 Thread 0x0000028c32dd7ec0 Uncommon trap: reason=unstable_if action=reinterpret pc=0x0000028c07c1a16c method=sun.net.www.protocol.jar.Handler.parseURL(Ljava/net/URL;Ljava/lang/String;II)V @ 116 c2
Event: 222.585 Thread 0x0000028c32dd7ec0 DEOPT PACKING pc=0x0000028c07c1a16c sp=0x000000f5c71f3f80
Event: 222.585 Thread 0x0000028c32dd7ec0 DEOPT UNPACKING pc=0x0000028c075869a3 sp=0x000000f5c71f3f10 mode 2

Classes unloaded (0 events):
No events

Classes redefined (0 events):
No events

Internal exceptions (20 events):
Event: 218.748 Thread 0x0000028c32dd7ec0 Exception <a 'java/lang/ClassNotFoundException'{0x0000000089096430}: org/gradle/api/internal/artifacts/dsl/dependencies/DefaultDependencyHandler_DecoratedCustomizer> (0x0000000089096430) 
thrown [s\src\hotspot\share\classfile\systemDictionary.cpp, line 256]
Event: 219.601 Thread 0x0000028c32dd7ec0 Exception <a 'java/lang/NoSuchMethodError'{0x00000000864c2df8}: 'java.lang.Object java.lang.invoke.DirectMethodHandle$Holder.newInvokeSpecial(java.lang.Object, java.lang.Object, java.lang.Object, java.lang.Object, java.lang.Object, java.lang.Object, int)'> (0x00000000864c2df8) 
thrown [s\src\hotspot\share\interpreter\linkResolver.cpp, line 759]
Event: 219.602 Thread 0x0000028c32dd7ec0 Exception <a 'java/lang/NoSuchMethodError'{0x00000000864c8de0}: 'java.lang.Object java.lang.invoke.DirectMethodHandle$Holder.invokeSpecial(java.lang.Object, java.lang.Object, java.lang.Object, java.lang.Object, java.lang.Object, java.lang.Object, java.lang.Object, int)'> (0x00000000864c8de0) 
thrown [s\src\hotspot\share\interpreter\linkResolver.cpp, line 759]
Event: 219.602 Thread 0x0000028c32dd7ec0 Exception <a 'java/lang/NoSuchMethodError'{0x00000000864ce9b0}: 'java.lang.Object java.lang.invoke.Invokers$Holder.linkToTargetMethod(java.lang.Object, java.lang.Object, java.lang.Object, java.lang.Object, java.lang.Object, int, java.lang.Object)'> (0x00000000864ce9b0) 
thrown [s\src\hotspot\share\interpreter\linkResolver.cpp, line 759]
Event: 219.613 Thread 0x0000028c3341fcd0 Implicit null exception at 0x0000028c07bb6403 to 0x0000028c07bb65f0
Event: 219.624 Thread 0x0000028c3341bb00 Implicit null exception at 0x0000028c07c9ddcb to 0x0000028c07c9ddf0
Event: 219.869 Thread 0x0000028c34aa7010 Exception <a 'java/lang/NoSuchMethodError'{0x0000000085719030}: 'void java.lang.invoke.DirectMethodHandle$Holder.invokeInterface(java.lang.Object, java.lang.Object, java.lang.Object, java.lang.Object)'> (0x0000000085719030) 
thrown [s\src\hotspot\share\interpreter\linkResolver.cpp, line 759]
Event: 219.976 Thread 0x0000028c34aa7010 Exception <a 'java/lang/NoSuchMethodError'{0x0000000089fb57e8}: 'int java.lang.invoke.DirectMethodHandle$Holder.invokeSpecial(java.lang.Object, java.lang.Object, java.lang.Object, java.lang.Object, java.lang.Object)'> (0x0000000089fb57e8) 
thrown [s\src\hotspot\share\interpreter\linkResolver.cpp, line 759]
Event: 220.118 Thread 0x0000028c34aa7010 Exception <a 'sun/nio/fs/WindowsException'{0x0000000089852640}> (0x0000000089852640) 
thrown [s\src\hotspot\share\prims\jni.cpp, line 516]
Event: 220.119 Thread 0x0000028c34aa7010 Exception <a 'sun/nio/fs/WindowsException'{0x0000000089854e88}> (0x0000000089854e88) 
thrown [s\src\hotspot\share\prims\jni.cpp, line 516]
Event: 220.119 Thread 0x0000028c34aa7010 Exception <a 'sun/nio/fs/WindowsException'{0x00000000898572b0}> (0x00000000898572b0) 
thrown [s\src\hotspot\share\prims\jni.cpp, line 516]
Event: 220.120 Thread 0x0000028c34aa7010 Exception <a 'sun/nio/fs/WindowsException'{0x0000000089859360}> (0x0000000089859360) 
thrown [s\src\hotspot\share\prims\jni.cpp, line 516]
Event: 220.297 Thread 0x0000028c32dd7ec0 Exception <a 'java/lang/ClassNotFoundException'{0x0000000088c8ba30}: build_72rzu87909rp7ja0sqnrgwqc0BeanInfo> (0x0000000088c8ba30) 
thrown [s\src\hotspot\share\classfile\systemDictionary.cpp, line 256]
Event: 220.297 Thread 0x0000028c32dd7ec0 Exception <a 'java/lang/ClassNotFoundException'{0x0000000088c923c8}: build_72rzu87909rp7ja0sqnrgwqc0Customizer> (0x0000000088c923c8) 
thrown [s\src\hotspot\share\classfile\systemDictionary.cpp, line 256]
Event: 220.572 Thread 0x0000028c32dd7ec0 Exception <a 'java/lang/ClassNotFoundException'{0x00000000884ca8f0}: build_268mfdk8iy7p1ssxlh1lpbhmsBeanInfo> (0x00000000884ca8f0) 
thrown [s\src\hotspot\share\classfile\systemDictionary.cpp, line 256]
Event: 220.573 Thread 0x0000028c32dd7ec0 Exception <a 'java/lang/ClassNotFoundException'{0x00000000884d5c88}: build_268mfdk8iy7p1ssxlh1lpbhmsCustomizer> (0x00000000884d5c88) 
thrown [s\src\hotspot\share\classfile\systemDictionary.cpp, line 256]
Event: 221.041 Thread 0x0000028c32dd7ec0 Implicit null exception at 0x0000028c07ff8af1 to 0x0000028c07ff8f4e
Event: 221.411 Thread 0x0000028c32dd7ec0 Implicit null exception at 0x0000028c07c7e40c to 0x0000028c07c7e546
Event: 221.658 Thread 0x0000028c32dd7ec0 Exception <a 'sun/nio/fs/WindowsException'{0x000000008a0101d8}> (0x000000008a0101d8) 
thrown [s\src\hotspot\share\prims\jni.cpp, line 516]
Event: 222.362 Thread 0x0000028c32dd7ec0 Implicit null exception at 0x0000028c07e9a1c9 to 0x0000028c07e9a29c

VM Operations (20 events):
Event: 221.367 Executing VM operation: HandshakeAllThreads
Event: 221.367 Executing VM operation: HandshakeAllThreads done
Event: 221.367 Executing VM operation: HandshakeAllThreads
Event: 221.367 Executing VM operation: HandshakeAllThreads done
Event: 221.395 Executing VM operation: HandshakeAllThreads
Event: 221.396 Executing VM operation: HandshakeAllThreads done
Event: 221.422 Executing VM operation: HandshakeAllThreads
Event: 221.422 Executing VM operation: HandshakeAllThreads done
Event: 221.423 Executing VM operation: HandshakeAllThreads
Event: 221.423 Executing VM operation: HandshakeAllThreads done
Event: 221.442 Executing VM operation: HandshakeAllThreads
Event: 221.442 Executing VM operation: HandshakeAllThreads done
Event: 221.516 Executing VM operation: G1TryInitiateConcMark
Event: 221.522 Executing VM operation: G1TryInitiateConcMark done
Event: 221.601 Executing VM operation: G1PauseRemark
Event: 221.609 Executing VM operation: G1PauseRemark done
Event: 221.647 Executing VM operation: G1PauseCleanup
Event: 221.647 Executing VM operation: G1PauseCleanup done
Event: 222.217 Executing VM operation: G1CollectForAllocation
Event: 222.222 Executing VM operation: G1CollectForAllocation done

Events (20 events):
Event: 221.461 loading class sun/security/provider/DSA$SHA256withDSA
Event: 221.461 loading class sun/security/provider/DSA$SHA256withDSA done
Event: 221.496 loading class java/util/Base64
Event: 221.496 loading class java/util/Base64 done
Event: 221.496 loading class java/util/Base64$Decoder
Event: 221.497 loading class java/util/Base64$Decoder done
Event: 221.497 loading class java/util/Base64$Encoder
Event: 221.497 loading class java/util/Base64$Encoder done
Event: 221.498 loading class java/util/jar/JarVerifier$VerifierStream
Event: 221.498 loading class java/util/jar/JarVerifier$VerifierStream done
Event: 221.499 loading class sun/security/util/ManifestEntryVerifier$SunProviderHolder
Event: 221.499 loading class sun/security/util/ManifestEntryVerifier$SunProviderHolder done
Event: 222.122 loading class java/security/KeyStore
Event: 222.122 loading class java/security/KeyStore done
Event: 222.122 loading class java/security/KeyStore$1
Event: 222.123 loading class java/security/KeyStore$1 done
Event: 222.294 loading class javax/xml/stream/XMLStreamException
Event: 222.294 loading class javax/xml/stream/XMLStreamException done
Event: 222.321 loading class sun/reflect/annotation/AnnotationInvocationHandler$1
Event: 222.322 loading class sun/reflect/annotation/AnnotationInvocationHandler$1 done


Dynamic libraries:
0x00007ff751270000 - 0x00007ff75127e000 	C:\Program Files\Microsoft\jdk-17.0.8.7-hotspot\bin\java.exe
0x00007fffc9450000 - 0x00007fffc9667000 	C:\Windows\SYSTEM32\ntdll.dll
0x00007fffc7710000 - 0x00007fffc77d4000 	C:\Windows\System32\KERNEL32.DLL
0x00007fffc6aa0000 - 0x00007fffc6e46000 	C:\Windows\System32\KERNELBASE.dll
0x00007fffc68e0000 - 0x00007fffc69f1000 	C:\Windows\System32\ucrtbase.dll
0x00007fff963c0000 - 0x00007fff963db000 	C:\Program Files\Microsoft\jdk-17.0.8.7-hotspot\bin\VCRUNTIME140.dll
0x00007fff6d8e0000 - 0x00007fff6d8f7000 	C:\Program Files\Microsoft\jdk-17.0.8.7-hotspot\bin\jli.dll
0x00007fffc91b0000 - 0x00007fffc935e000 	C:\Windows\System32\USER32.dll
0x00007fffc5ae0000 - 0x00007fffc5d73000 	C:\Windows\WinSxS\amd64_microsoft.windows.common-controls_6595b64144ccf1df_6.0.22621.2506_none_270c5ae97388e100\COMCTL32.dll
0x00007fffc6a00000 - 0x00007fffc6a26000 	C:\Windows\System32\win32u.dll
0x00007fffc7ec0000 - 0x00007fffc7f67000 	C:\Windows\System32\msvcrt.dll
0x00007fffc76e0000 - 0x00007fffc7709000 	C:\Windows\System32\GDI32.dll
0x00007fffc67c0000 - 0x00007fffc68d8000 	C:\Windows\System32\gdi32full.dll
0x00007fffc7100000 - 0x00007fffc719a000 	C:\Windows\System32\msvcp_win.dll
0x00007fffc80f0000 - 0x00007fffc8121000 	C:\Windows\System32\IMM32.DLL
0x00007fffbe480000 - 0x00007fffbe48c000 	C:\Program Files\Microsoft\jdk-17.0.8.7-hotspot\bin\vcruntime140_1.dll
0x00007fff522b0000 - 0x00007fff5233d000 	C:\Program Files\Microsoft\jdk-17.0.8.7-hotspot\bin\msvcp140.dll
0x00007fff49850000 - 0x00007fff4a4b5000 	C:\Program Files\Microsoft\jdk-17.0.8.7-hotspot\bin\server\jvm.dll
0x00007fffc7c60000 - 0x00007fffc7d11000 	C:\Windows\System32\ADVAPI32.dll
0x00007fffc9360000 - 0x00007fffc9405000 	C:\Windows\System32\sechost.dll
0x00007fffc71a0000 - 0x00007fffc72b7000 	C:\Windows\System32\RPCRT4.dll
0x00007fffb6940000 - 0x00007fffb6949000 	C:\Windows\SYSTEM32\WSOCK32.dll
0x00007fffc64e0000 - 0x00007fffc652d000 	C:\Windows\SYSTEM32\POWRPROF.dll
0x00007fffc7f70000 - 0x00007fffc7fe1000 	C:\Windows\System32\WS2_32.dll
0x00007fffbd500000 - 0x00007fffbd534000 	C:\Windows\SYSTEM32\WINMM.dll
0x00007fffc5830000 - 0x00007fffc583a000 	C:\Windows\SYSTEM32\VERSION.dll
0x00007fffc6410000 - 0x00007fffc6423000 	C:\Windows\SYSTEM32\UMPDC.dll
0x00007fffc4810000 - 0x00007fffc4828000 	C:\Windows\SYSTEM32\kernel.appcore.dll
0x00007fffa92f0000 - 0x00007fffa92fa000 	C:\Program Files\Microsoft\jdk-17.0.8.7-hotspot\bin\jimage.dll
0x00007fffc60b0000 - 0x00007fffc62e3000 	C:\Windows\SYSTEM32\DBGHELP.DLL
0x00007fffc83e0000 - 0x00007fffc8769000 	C:\Windows\System32\combase.dll
0x00007fffc7410000 - 0x00007fffc74e7000 	C:\Windows\System32\OLEAUT32.dll
0x00007fffc5f60000 - 0x00007fffc5f92000 	C:\Windows\SYSTEM32\dbgcore.DLL
0x00007fffc6e50000 - 0x00007fffc6eca000 	C:\Windows\System32\bcryptPrimitives.dll
0x00007fffab3f0000 - 0x00007fffab3fe000 	C:\Program Files\Microsoft\jdk-17.0.8.7-hotspot\bin\instrument.dll
0x00007fff698a0000 - 0x00007fff698c5000 	C:\Program Files\Microsoft\jdk-17.0.8.7-hotspot\bin\java.dll
0x00007fff51140000 - 0x00007fff51217000 	C:\Program Files\Microsoft\jdk-17.0.8.7-hotspot\bin\jsvml.dll
0x00007fffc8790000 - 0x00007fffc8fea000 	C:\Windows\System32\SHELL32.dll
0x00007fffc3770000 - 0x00007fffc4066000 	C:\Windows\SYSTEM32\windows.storage.dll
0x00007fffc3630000 - 0x00007fffc376e000 	C:\Windows\SYSTEM32\wintypes.dll
0x00007fffc7560000 - 0x00007fffc7653000 	C:\Windows\System32\SHCORE.dll
0x00007fffc8270000 - 0x00007fffc82ce000 	C:\Windows\System32\shlwapi.dll
0x00007fffc66f0000 - 0x00007fffc6716000 	C:\Windows\SYSTEM32\profapi.dll
0x00007fff51120000 - 0x00007fff51138000 	C:\Program Files\Microsoft\jdk-17.0.8.7-hotspot\bin\zip.dll
0x00007fff69e80000 - 0x00007fff69e99000 	C:\Program Files\Microsoft\jdk-17.0.8.7-hotspot\bin\net.dll
0x00007fffbfd80000 - 0x00007fffbfeb7000 	C:\Windows\SYSTEM32\WINHTTP.dll
0x00007fffc4bf0000 - 0x00007fffc4c59000 	C:\Windows\system32\mswsock.dll
0x00007fff56410000 - 0x00007fff56426000 	C:\Program Files\Microsoft\jdk-17.0.8.7-hotspot\bin\nio.dll
0x00007fffa4fa0000 - 0x00007fffa4fb0000 	C:\Program Files\Microsoft\jdk-17.0.8.7-hotspot\bin\verify.dll
0x00007fffbe450000 - 0x00007fffbe477000 	C:\Users\Dell\.gradle\native\68d5fa5c4cc2d200863cafc0d521ce42e7d3e7ee720ec0a83991735586a16f82\windows-amd64\native-platform.dll
0x00007fffa6310000 - 0x00007fffa6454000 	C:\Users\Dell\.gradle\native\e376f236ea51e6404a007f0833ffe2c6e607c4080706a723a18a27aeea778392\windows-amd64\native-platform-file-events.dll
0x00007fffa25c0000 - 0x00007fffa25c9000 	C:\Program Files\Microsoft\jdk-17.0.8.7-hotspot\bin\management.dll
0x00007fff9fd50000 - 0x00007fff9fd5b000 	C:\Program Files\Microsoft\jdk-17.0.8.7-hotspot\bin\management_ext.dll
0x00007fffc83d0000 - 0x00007fffc83d8000 	C:\Windows\System32\PSAPI.DLL
0x00007fffc63e0000 - 0x00007fffc63fb000 	C:\Windows\SYSTEM32\CRYPTSP.dll
0x00007fffc4df0000 - 0x00007fffc4e25000 	C:\Windows\system32\rsaenh.dll
0x00007fffc4c90000 - 0x00007fffc4cbc000 	C:\Windows\SYSTEM32\USERENV.dll
0x00007fffc5fb0000 - 0x00007fffc5fd8000 	C:\Windows\SYSTEM32\bcrypt.dll
0x00007fffc4f60000 - 0x00007fffc4f6c000 	C:\Windows\SYSTEM32\CRYPTBASE.dll
0x00007fffc4310000 - 0x00007fffc433d000 	C:\Windows\SYSTEM32\IPHLPAPI.DLL
0x00007fffc8200000 - 0x00007fffc8209000 	C:\Windows\System32\NSI.dll
0x00007fffbd970000 - 0x00007fffbd989000 	C:\Windows\SYSTEM32\dhcpcsvc6.DLL
0x00007fffbd950000 - 0x00007fffbd96f000 	C:\Windows\SYSTEM32\dhcpcsvc.DLL
0x00007fffc4340000 - 0x00007fffc4439000 	C:\Windows\SYSTEM32\DNSAPI.dll
0x00007fffab3e0000 - 0x00007fffab3ee000 	C:\Program Files\Microsoft\jdk-17.0.8.7-hotspot\bin\sunmscapi.dll
0x00007fffc6ed0000 - 0x00007fffc7036000 	C:\Windows\System32\CRYPT32.dll
0x00007fffc59b0000 - 0x00007fffc59dd000 	C:\Windows\SYSTEM32\ncrypt.dll
0x00007fffc5970000 - 0x00007fffc59a7000 	C:\Windows\SYSTEM32\NTASN1.dll
0x00007fff911a0000 - 0x00007fff911a8000 	C:\Windows\system32\wshunix.dll
0x00007fff96f30000 - 0x00007fff96f47000 	C:\Windows\system32\napinsp.dll
0x00007fff96f10000 - 0x00007fff96f2b000 	C:\Windows\system32\pnrpnsp.dll
0x00007fff96ef0000 - 0x00007fff96f01000 	C:\Windows\System32\winrnr.dll
0x00007fffaad50000 - 0x00007fffaad65000 	C:\Windows\system32\wshbth.dll
0x00007fff96ec0000 - 0x00007fff96ee1000 	C:\Windows\system32\nlansp_c.dll
0x00007fffb7f90000 - 0x00007fffb7f9a000 	C:\Windows\System32\rasadhlp.dll
0x00007fffbb720000 - 0x00007fffbb7a3000 	C:\Windows\System32\fwpuclnt.dll

dbghelp: loaded successfully - version: 4.0.5 - missing functions: none
symbol engine: initialized successfully - sym options: 0x614 - pdb path: .;C:\Program Files\Microsoft\jdk-17.0.8.7-hotspot\bin;C:\Windows\SYSTEM32;C:\Windows\WinSxS\amd64_microsoft.windows.common-controls_6595b64144ccf1df_6.0.22621.2506_none_270c5ae97388e100;C:\Program Files\Microsoft\jdk-17.0.8.7-hotspot\bin\server;C:\Users\Dell\.gradle\native\68d5fa5c4cc2d200863cafc0d521ce42e7d3e7ee720ec0a83991735586a16f82\windows-amd64;C:\Users\Dell\.gradle\native\e376f236ea51e6404a007f0833ffe2c6e607c4080706a723a18a27aeea778392\windows-amd64

VM Arguments:
jvm_args: -XX:MaxMetaspaceSize=512m --add-opens=java.base/java.util=ALL-UNNAMED --add-opens=java.base/java.lang=ALL-UNNAMED --add-opens=java.base/java.lang.invoke=ALL-UNNAMED --add-opens=java.prefs/java.util.prefs=ALL-UNNAMED --add-opens=java.base/java.nio.charset=ALL-UNNAMED --add-opens=java.base/java.net=ALL-UNNAMED --add-opens=java.base/java.util.concurrent.atomic=ALL-UNNAMED -Xmx2048m -Dfile.encoding=windows-1252 -Duser.country=IN -Duser.language=en -Duser.variant -javaagent:C:\Users\Dell\.gradle\wrapper\dists\gradle-8.3-all\6en3ugtfdg5xnpx44z4qbwgas\gradle-8.3\lib\agents\gradle-instrumentation-agent-8.3.jar 
java_command: org.gradle.launcher.daemon.bootstrap.GradleDaemon 8.3
java_class_path (initial): C:\Users\Dell\.gradle\wrapper\dists\gradle-8.3-all\6en3ugtfdg5xnpx44z4qbwgas\gradle-8.3\lib\gradle-launcher-8.3.jar
Launcher Type: SUN_STANDARD

[Global flags]
     intx CICompilerCount                          = 4                                         {product} {ergonomic}
   size_t CompressedClassSpaceSize                 = 436207616                                 {product} {ergonomic}
     uint ConcGCThreads                            = 2                                         {product} {ergonomic}
     uint G1ConcRefinementThreads                  = 8                                         {product} {ergonomic}
   size_t G1HeapRegionSize                         = 1048576                                   {product} {ergonomic}
    uintx GCDrainStackTargetSize                   = 64                                        {product} {ergonomic}
   size_t InitialHeapSize                          = 132120576                                 {product} {ergonomic}
   size_t MarkStackSize                            = 4194304                                   {product} {ergonomic}
   size_t MaxHeapSize                              = 2147483648                                {product} {command line}
   size_t MaxMetaspaceSize                         = 536870912                                 {product} {command line}
   size_t MaxNewSize                               = 1287651328                                {product} {ergonomic}
   size_t MinHeapDeltaBytes                        = 1048576                                   {product} {ergonomic}
   size_t MinHeapSize                              = 8388608                                   {product} {ergonomic}
    uintx NonNMethodCodeHeapSize                   = 5839372                                {pd product} {ergonomic}
    uintx NonProfiledCodeHeapSize                  = 122909434                              {pd product} {ergonomic}
    uintx ProfiledCodeHeapSize                     = 122909434                              {pd product} {ergonomic}
    uintx ReservedCodeCacheSize                    = 251658240                              {pd product} {ergonomic}
     bool SegmentedCodeCache                       = true                                      {product} {ergonomic}
   size_t SoftMaxHeapSize                          = 2147483648                             {manageable} {ergonomic}
     bool UseCompressedClassPointers               = true                           {product lp64_product} {ergonomic}
     bool UseCompressedOops                        = true                           {product lp64_product} {ergonomic}
     bool UseG1GC                                  = true                                      {product} {ergonomic}
     bool UseLargePagesIndividualAllocation        = false                                  {pd product} {ergonomic}

Logging:
Log output configuration:
 #0: stdout all=warning uptime,level,tags
 #1: stderr all=off uptime,level,tags

Environment Variables:
JAVA_HOME=C:\Program Files\Microsoft\jdk-17.0.8.7-hotspot\
CLASSPATH=D:\Nabil\project\React-Native\AllCountries\android\\gradle\wrapper\gradle-wrapper.jar
PATH=C:\Program Files\Microsoft\jdk-17.0.8.7-hotspot\bin;C:\Python312\Scripts\;C:\Python312\;C:\Python311\Scripts\;C:\Python311\;C:\Windows\system32;C:\Windows;C:\Windows\System32\Wbem;C:\Windows\System32\WindowsPowerShell\v1.0\;C:\Windows\System32\OpenSSH\;C:\ProgramData\chocolatey\bin;C:\Program Files\dotnet\;C:\Program Files\Git\cmd;C:\Program Files\nodejs\;C:\Users\Dell\AppData\Local\Android\Sdk;C:\Users\Dell\AppData\Local\Android\Sdk\platform-tools;C:\Users\Dell\AppData\Local\Microsoft\WindowsApps;C:\Users\Dell\AppData\Local\Programs\Microsoft VS Code\bin;C:\Users\Dell\AppData\Roaming\npm;C:\Users\Dell\AppData\Local\Android\Sdk;C:\Users\Dell\AppData\Local\Android\Sdk\platform-tools;C:\Users\Dell\AppData\Local\Android\Sdk\emulator;C:\Users\Dell\AppData\Local\Android\Sdk\tools;C:\Users\Dell\AppData\Local\Android\Sdk\tools\bin;
USERNAME=Dell
LANG=en_US.UTF-8
OS=Windows_NT
PROCESSOR_IDENTIFIER=Intel64 Family 6 Model 142 Stepping 12, GenuineIntel
TMP=C:\Users\Dell\AppData\Local\Temp
TEMP=C:\Users\Dell\AppData\Local\Temp



---------------  S Y S T E M  ---------------

OS:
 Windows 11 , 64 bit Build 22621 (10.0.22621.2506)
OS uptime: 0 days 0:13 hours
Hyper-V role detected

CPU: total 8 (initial active 8) (4 cores per cpu, 2 threads per core) family 6 model 142 stepping 12 microcode 0xf8, cx8, cmov, fxsr, ht, mmx, 3dnowpref, sse, sse2, sse3, ssse3, sse4.1, sse4.2, popcnt, lzcnt, tsc, tscinvbit, avx, avx2, aes, erms, clmul, bmi1, bmi2, adx, fma, vzeroupper, clflush, clflushopt, hv
Processor Information for processor 0
  Max Mhz: 2304, Current Mhz: 1502, Mhz Limit: 1797
Processor Information for processor 1
  Max Mhz: 2304, Current Mhz: 1803, Mhz Limit: 1797
Processor Information for processor 2
  Max Mhz: 2304, Current Mhz: 1803, Mhz Limit: 1797
Processor Information for processor 3
  Max Mhz: 2304, Current Mhz: 1502, Mhz Limit: 1797
Processor Information for processor 4
  Max Mhz: 2304, Current Mhz: 1803, Mhz Limit: 1797
Processor Information for processor 5
  Max Mhz: 2304, Current Mhz: 1803, Mhz Limit: 1797
Processor Information for processor 6
  Max Mhz: 2304, Current Mhz: 1803, Mhz Limit: 1797
Processor Information for processor 7
  Max Mhz: 2304, Current Mhz: 1803, Mhz Limit: 1797

Memory: 4k page, system-wide physical 7952M (724M free)
TotalPageFile size 16144M (AvailPageFile size 7738M)
current process WorkingSet (physical memory assigned to process): 417M, peak: 417M
current process commit charge ("private bytes"): 458M, peak: 459M

vm_info: OpenJDK 64-Bit Server VM (17.0.8+7-LTS) for windows-amd64 JRE (17.0.8+7-LTS), built on Jul  7 2023 17:21:55 by "MicrosoftCorporation" with MS VC++ 16.10 / 16.11 (VS2019)

END.
