#
# A fatal error has been detected by the Java Runtime Environment:
#
#  EXCEPTION_ACCESS_VIOLATION (0xc0000005) at pc=0x00007fff739e961c, pid=6736, tid=15088
#
# JRE version: OpenJDK Runtime Environment Microsoft-8035246 (17.0.8+7) (build 17.0.8+7-LTS)
# Java VM: OpenJDK 64-Bit Server VM Microsoft-8035246 (17.0.8+7-LTS, mixed mode, sharing, tiered, compressed oops, compressed class ptrs, g1 gc, windows-amd64)
# Problematic frame:
# V  [jvm.dll+0x65961c]
#
# No core dump will be written. Minidumps are not enabled by default on client versions of Windows
#
# If you would like to submit a bug report, please visit:
#   https://github.com/microsoft/openjdk/issues
#

---------------  S U M M A R Y ------------

Command Line: -XX:MaxMetaspaceSize=512m --add-opens=java.base/java.util=ALL-UNNAMED --add-opens=java.base/java.lang=ALL-UNNAMED --add-opens=java.base/java.lang.invoke=ALL-UNNAMED --add-opens=java.prefs/java.util.prefs=ALL-UNNAMED --add-opens=java.base/java.nio.charset=ALL-UNNAMED --add-opens=java.base/java.net=ALL-UNNAMED --add-opens=java.base/java.util.concurrent.atomic=ALL-UNNAMED -Xmx2048m -Dfile.encoding=windows-1252 -Duser.country=IN -Duser.language=en -Duser.variant -javaagent:C:\Users\Dell\.gradle\wrapper\dists\gradle-8.3-all\6en3ugtfdg5xnpx44z4qbwgas\gradle-8.3\lib\agents\gradle-instrumentation-agent-8.3.jar org.gradle.launcher.daemon.bootstrap.GradleDaemon 8.3

Host: Intel(R) Core(TM) i7-10510U CPU @ 1.80GHz, 8 cores, 7G,  Windows 11 , 64 bit Build 22621 (10.0.22621.2506)
Time: Wed Jan  3 14:26:02 2024 India Standard Time elapsed time: 20.956660 seconds (0d 0h 0m 20s)

---------------  T H R E A D  ---------------

Current thread (0x000002485a65c5a0):  JavaThread "C2 CompilerThread1" daemon [_thread_in_native, id=15088, stack(0x000000bfb8b00000,0x000000bfb8c00000)]


Current CompileTask:
C2:  20956 12136       4       org.gradle.api.internal.project.taskfactory.DefaultTaskClassInfoStore::createTaskAction (187 bytes)

Stack: [0x000000bfb8b00000,0x000000bfb8c00000],  sp=0x000000bfb8bfda20,  free space=1014k
Native frames: (J=compiled Java code, j=interpreted, Vv=VM code, C=native code)
V  [jvm.dll+0x65961c]
V  [jvm.dll+0x21d7da]
V  [jvm.dll+0x69f5b6]
V  [jvm.dll+0x219289]
V  [jvm.dll+0x1a56b6]
V  [jvm.dll+0x2291ea]
V  [jvm.dll+0x22724c]
V  [jvm.dll+0x7efd0c]
V  [jvm.dll+0x7ea13a]
V  [jvm.dll+0x67ad85]
C  [ucrtbase.dll+0x29363]
C  [KERNEL32.DLL+0x1257d]
C  [ntdll.dll+0x5aa58]


siginfo: EXCEPTION_ACCESS_VIOLATION (0xc0000005), reading address 0x00007fff71cb0328


Register to memory mapping:

RIP=0x00007fff739e961c jvm.dll
RAX=0x00007fff71cb0328 is an unknown value
RBX=0x000002485cc86448 points into unknown readable memory: 0x00007fff73ca8780 | 80 87 ca 73 ff 7f 00 00
RCX=0x000002485cc863f8 points into unknown readable memory: 0x00007fff71cb0328 | 28 03 cb 71 ff 7f 00 00
RDX=0x000000000000000f is an unknown value
RSP=0x000000bfb8bfda20 is pointing into the stack for thread: 0x000002485a65c5a0
RBP=0x0 is NULL
RSI=0x000002485cc863f8 points into unknown readable memory: 0x00007fff71cb0328 | 28 03 cb 71 ff 7f 00 00
RDI=0x000002485cc863f8 points into unknown readable memory: 0x00007fff71cb0328 | 28 03 cb 71 ff 7f 00 00
R8 =0x0000000000000001 is an unknown value
R9 =0x0000000000000001 is an unknown value
R10=0x000002485cc86498 points into unknown readable memory: 0x000002485cc86448 | 48 64 c8 5c 48 02 00 00
R11=0x000002485cc86498 points into unknown readable memory: 0x000002485cc86448 | 48 64 c8 5c 48 02 00 00
R12=0x0000000000000243 is an unknown value
R13=0x000000bfb8bfdba0 is pointing into the stack for thread: 0x000002485a65c5a0
R14=0x000000bfb8bfdcd0 is pointing into the stack for thread: 0x000002485a65c5a0
R15=0x0000000000000003 is an unknown value


Registers:
RAX=0x00007fff71cb0328, RBX=0x000002485cc86448, RCX=0x000002485cc863f8, RDX=0x000000000000000f
RSP=0x000000bfb8bfda20, RBP=0x0000000000000000, RSI=0x000002485cc863f8, RDI=0x000002485cc863f8
R8 =0x0000000000000001, R9 =0x0000000000000001, R10=0x000002485cc86498, R11=0x000002485cc86498
R12=0x0000000000000243, R13=0x000000bfb8bfdba0, R14=0x000000bfb8bfdcd0, R15=0x0000000000000003
RIP=0x00007fff739e961c, EFLAGS=0x0000000000010202

Top of Stack: (sp=0x000000bfb8bfda20)
0x000000bfb8bfda20:   0000000000000020 000000bfb8bfdd00
0x000000bfb8bfda30:   0000024800000000 00007fff73bb39c8
0x000000bfb8bfda40:   000000bfb8bfdce0 00007fff735ad7da
0x000000bfb8bfda50:   000000bfb8bfeba0 000002485cc863f8
0x000000bfb8bfda60:   000000bfb8bfeba0 00000000000004df
0x000000bfb8bfda70:   0000000000000003 000000bfb8bfdcd0
0x000000bfb8bfda80:   0000024836dbc930 000000bfb8bfe130
0x000000bfb8bfda90:   0000000000000002 00007fff73a2f5b6
0x000000bfb8bfdaa0:   0000024856da0938 000002485649bc30
0x000000bfb8bfdab0:   000000bfb8bfdba0 0000000000000002
0x000000bfb8bfdac0:   000000bfb8bfeba0 00007fff735a9289
0x000000bfb8bfdad0:   000002485649bc30 000000bfb8bfdbd0
0x000000bfb8bfdae0:   0000000000000002 0000000000000001
0x000000bfb8bfdaf0:   0000000000000000 0000000000000000
0x000000bfb8bfdb00:   0000000000000000 0000000000000000
0x000000bfb8bfdb10:   0000000000000000 0000000000000000 

Instructions: (pc=0x00007fff739e961c)
0x00007fff739e951c:   74 24 18 57 48 83 ec 20 48 8b 59 10 8b ea 8b 41
0x00007fff739e952c:   20 48 8d 34 c3 48 3b de 73 22 66 66 0f 1f 84 00
0x00007fff739e953c:   00 00 00 00 48 8b 3b 48 8b cf 48 8b 07 ff 10 3b
0x00007fff739e954c:   c5 74 0b 48 83 c3 08 48 3b de 72 e8 33 ff 48 8b
0x00007fff739e955c:   5c 24 30 48 85 ff 48 8b 6c 24 38 48 8b 74 24 40
0x00007fff739e956c:   0f 95 c0 48 83 c4 20 5f c3 cc cc cc cc cc cc cc
0x00007fff739e957c:   cc cc cc cc 48 89 5c 24 08 48 89 6c 24 10 48 89
0x00007fff739e958c:   74 24 18 57 41 56 41 57 48 83 ec 20 48 8b 59 10
0x00007fff739e959c:   41 8b e9 8b 41 20 45 8b f0 44 8b fa 48 8d 3c c3
0x00007fff739e95ac:   48 3b df 73 27 8b 74 24 60 48 8b 0b 48 8b 01 ff
0x00007fff739e95bc:   10 41 3b c7 74 31 41 3b c6 74 2c 3b c5 74 28 3b
0x00007fff739e95cc:   c6 74 24 48 83 c3 08 48 3b df 72 dd 32 c0 48 8b
0x00007fff739e95dc:   5c 24 40 48 8b 6c 24 48 48 8b 74 24 50 48 83 c4
0x00007fff739e95ec:   20 41 5f 41 5e 5f c3 b0 01 eb e3 cc cc cc cc cc
0x00007fff739e95fc:   cc cc cc cc 48 89 5c 24 08 48 89 74 24 10 57 48
0x00007fff739e960c:   83 ec 20 48 8b 41 10 48 8b f9 48 8b 18 48 8b 01
0x00007fff739e961c:   ff 10 44 8b 47 2c 41 8b d0 83 e2 7f 8b f0 80 fa
0x00007fff739e962c:   50 75 3a 48 8b 13 48 8b cb ff 12 3b c6 75 1c 48
0x00007fff739e963c:   8b 43 08 48 39 78 08 75 12 b0 01 48 8b 5c 24 30
0x00007fff739e964c:   48 8b 74 24 38 48 83 c4 20 5f c3 32 c0 48 8b 5c
0x00007fff739e965c:   24 30 48 8b 74 24 38 48 83 c4 20 5f c3 41 8b c0
0x00007fff739e966c:   83 e0 3f 3c 30 0f 84 c6 00 00 00 41 8b c0 25 ff
0x00007fff739e967c:   03 00 00 3d 04 03 00 00 0f 84 b3 00 00 00 41 8b
0x00007fff739e968c:   c0 83 e0 0f 3c 0c 0f 84 a5 00 00 00 83 fe 18 75
0x00007fff739e969c:   2b 48 8b 03 48 8b cb ff 10 3d 86 00 00 00 75 ab
0x00007fff739e96ac:   48 8b 43 08 48 39 78 08 75 a1 b0 01 48 8b 5c 24
0x00007fff739e96bc:   30 48 8b 74 24 38 48 83 c4 20 5f c3 8d 86 c2 fe
0x00007fff739e96cc:   ff ff 83 f8 01 76 3a 41 83 e0 1f 41 80 f8 15 0f
0x00007fff739e96dc:   85 76 ff ff ff 8b 4b 2c 8b c1 25 ff 01 00 00 3d
0x00007fff739e96ec:   48 01 00 00 74 09 80 f9 c8 0f 85 5c ff ff ff b0
0x00007fff739e96fc:   01 48 8b 5c 24 30 48 8b 74 24 38 48 83 c4 20 5f
0x00007fff739e970c:   c3 48 8b 03 48 8b cb ff 10 3b c6 0f 85 3a ff ff 


Stack slot to memory mapping:
stack at sp + 0 slots: 0x0000000000000020 is an unknown value
stack at sp + 1 slots: 0x000000bfb8bfdd00 is pointing into the stack for thread: 0x000002485a65c5a0
stack at sp + 2 slots: 0x0000024800000000 is an unknown value
stack at sp + 3 slots: 0x00007fff73bb39c8 jvm.dll
stack at sp + 4 slots: 0x000000bfb8bfdce0 is pointing into the stack for thread: 0x000002485a65c5a0
stack at sp + 5 slots: 0x00007fff735ad7da jvm.dll
stack at sp + 6 slots: 0x000000bfb8bfeba0 is pointing into the stack for thread: 0x000002485a65c5a0
stack at sp + 7 slots: 0x000002485cc863f8 points into unknown readable memory: 0x00007fff71cb0328 | 28 03 cb 71 ff 7f 00 00


---------------  P R O C E S S  ---------------

Threads class SMR info:
_java_thread_list=0x00000248589feee0, length=110, elements={
0x000002481898b9c0, 0x0000024836dc4df0, 0x0000024836dc59b0, 0x0000024836dd9f40,
0x0000024836ddaa10, 0x0000024836ddb5d0, 0x0000024836ddffb0, 0x0000024836de4d70,
0x0000024836de7830, 0x0000024836de9150, 0x00000248560bc400, 0x0000024856177930,
0x0000024857ba8470, 0x0000024856e98690, 0x0000024858a0a6f0, 0x00000248581384a0,
0x0000024858428060, 0x000002485840dda0, 0x000002485840bf40, 0x000002485840e2b0,
0x000002485840ab00, 0x000002485840ba30, 0x000002485840c960, 0x000002485840ce70,
0x000002485840b010, 0x000002485840d380, 0x000002485840b520, 0x000002485840d890,
0x0000024859447910, 0x000002485944b0c0, 0x0000024859448d50, 0x0000024859448330,
0x000002485944c500, 0x00000248594455a0, 0x0000024859449260, 0x0000024859447e20,
0x0000024859446ef0, 0x000002485944ca10, 0x000002485944cf20, 0x0000024859447400,
0x0000024859449c80, 0x000002485944a190, 0x0000024859445ab0, 0x0000024859445fc0,
0x000002485944a6a0, 0x000002485944b5d0, 0x000002485944bae0, 0x000002485944bff0,
0x000002485c313cd0, 0x000002485c3146f0, 0x000002485c3137c0, 0x000002485c316550,
0x000002485c3141e0, 0x000002485c3188c0, 0x000002485c315b30, 0x000002485c317480,
0x000002485c314c00, 0x000002485c311e70, 0x000002485c317990, 0x000002485c312da0,
0x000002485c316a60, 0x000002485c312380, 0x000002485c315110, 0x000002485c316f70,
0x000002485c315620, 0x000002485c316040, 0x000002485c317ea0, 0x000002485c318dd0,
0x000002485c3183b0, 0x000002485c311960, 0x000002485c3132b0, 0x000002485a919c60,
0x000002485a91b5b0, 0x000002485a91e340, 0x000002485a91a170, 0x000002485a91a680,
0x000002485a91fc90, 0x000002485a91e850, 0x000002485a91de30, 0x000002485a91ed60,
0x000002485a91bac0, 0x000002485a91bfd0, 0x000002485a91c9f0, 0x000002485a91cf00,
0x000002485a91ab90, 0x000002485a9201a0, 0x000002485a91c4e0, 0x000002485a65c5a0,
0x000002485a9210d0, 0x000002485a91b0a0, 0x000002485a91d920, 0x000002485840c450,
0x00000248595ca610, 0x00000248595cba50, 0x00000248595c91d0, 0x000002485a65a5c0,
0x00000248595c5f30, 0x00000248595c6440, 0x00000248595c6950, 0x00000248595c9bf0,
0x00000248595c96e0, 0x00000248595cc470, 0x00000248595c82a0, 0x00000248595cc980,
0x00000248595c7d90, 0x00000248595c8cc0, 0x00000248595c5510, 0x00000248595cab20,
0x00000248595c6e60, 0x00000248595cb030
}

Java Threads: ( => current thread )
  0x000002481898b9c0 JavaThread "main" [_thread_blocked, id=1380, stack(0x000000bfb7800000,0x000000bfb7900000)]
  0x0000024836dc4df0 JavaThread "Reference Handler" daemon [_thread_blocked, id=14204, stack(0x000000bfb7f00000,0x000000bfb8000000)]
  0x0000024836dc59b0 JavaThread "Finalizer" daemon [_thread_blocked, id=12832, stack(0x000000bfb8000000,0x000000bfb8100000)]
  0x0000024836dd9f40 JavaThread "Signal Dispatcher" daemon [_thread_blocked, id=13056, stack(0x000000bfb8100000,0x000000bfb8200000)]
  0x0000024836ddaa10 JavaThread "Attach Listener" daemon [_thread_blocked, id=5152, stack(0x000000bfb8200000,0x000000bfb8300000)]
  0x0000024836ddb5d0 JavaThread "Service Thread" daemon [_thread_blocked, id=14340, stack(0x000000bfb8300000,0x000000bfb8400000)]
  0x0000024836ddffb0 JavaThread "Monitor Deflation Thread" daemon [_thread_blocked, id=14344, stack(0x000000bfb8400000,0x000000bfb8500000)]
  0x0000024836de4d70 JavaThread "C2 CompilerThread0" daemon [_thread_in_native, id=14348, stack(0x000000bfb8500000,0x000000bfb8600000)]
  0x0000024836de7830 JavaThread "C1 CompilerThread0" daemon [_thread_in_native, id=14352, stack(0x000000bfb8600000,0x000000bfb8700000)]
  0x0000024836de9150 JavaThread "Sweeper thread" daemon [_thread_blocked, id=14356, stack(0x000000bfb8700000,0x000000bfb8800000)]
  0x00000248560bc400 JavaThread "Common-Cleaner" daemon [_thread_blocked, id=14360, stack(0x000000bfb8800000,0x000000bfb8900000)]
  0x0000024856177930 JavaThread "Notification Thread" daemon [_thread_blocked, id=14364, stack(0x000000bfb8900000,0x000000bfb8a00000)]
  0x0000024857ba8470 JavaThread "Daemon health stats" [_thread_blocked, id=14396, stack(0x000000bfb9100000,0x000000bfb9200000)]
  0x0000024856e98690 JavaThread "Incoming local TCP Connector on port 49832" [_thread_in_native, id=14400, stack(0x000000bfb9200000,0x000000bfb9300000)]
  0x0000024858a0a6f0 JavaThread "Daemon periodic checks" [_thread_blocked, id=14404, stack(0x000000bfb9300000,0x000000bfb9400000)]
  0x00000248581384a0 JavaThread "Daemon" [_thread_blocked, id=14428, stack(0x000000bfb9400000,0x000000bfb9500000)]
  0x0000024858428060 JavaThread "Handler for socket connection from /127.0.0.1:49832 to /127.0.0.1:49833" [_thread_in_native, id=14432, stack(0x000000bfb9500000,0x000000bfb9600000)]
  0x000002485840dda0 JavaThread "Cancel handler" [_thread_blocked, id=14436, stack(0x000000bfb9600000,0x000000bfb9700000)]
  0x000002485840bf40 JavaThread "Daemon worker" [_thread_in_vm, id=14440, stack(0x000000bfb9700000,0x000000bfb9800000)]
  0x000002485840e2b0 JavaThread "Asynchronous log dispatcher for DefaultDaemonConnection: socket connection from /127.0.0.1:49832 to /127.0.0.1:49833" [_thread_blocked, id=14452, stack(0x000000bfb9800000,0x000000bfb9900000)]
  0x000002485840ab00 JavaThread "Stdin handler" [_thread_blocked, id=14456, stack(0x000000bfb9900000,0x000000bfb9a00000)]
  0x000002485840ba30 JavaThread "Daemon client event forwarder" [_thread_blocked, id=14460, stack(0x000000bfb9a00000,0x000000bfb9b00000)]
  0x000002485840c960 JavaThread "Cache worker for journal cache (C:\Users\Dell\.gradle\caches\journal-1)" [_thread_blocked, id=14464, stack(0x000000bfb9b00000,0x000000bfb9c00000)]
  0x000002485840ce70 JavaThread "File lock request listener" [_thread_in_native, id=14468, stack(0x000000bfb9c00000,0x000000bfb9d00000)]
  0x000002485840b010 JavaThread "Cache worker for file hash cache (C:\Users\Dell\.gradle\caches\8.3\fileHashes)" [_thread_blocked, id=14472, stack(0x000000bfb9d00000,0x000000bfb9e00000)]
  0x000002485840d380 JavaThread "File watcher server" daemon [_thread_in_native, id=14488, stack(0x000000bfba100000,0x000000bfba200000)]
  0x000002485840b520 JavaThread "File watcher consumer" daemon [_thread_blocked, id=14492, stack(0x000000bfba200000,0x000000bfba300000)]
  0x000002485840d890 JavaThread "Cache worker for checksums cache (D:\Nabil\project\React-Native\AllCountries\android\.gradle\8.3\checksums)" [_thread_blocked, id=14496, stack(0x000000bfba300000,0x000000bfba400000)]
  0x0000024859447910 JavaThread "Cache worker for file hash cache (D:\Nabil\project\React-Native\AllCountries\android\.gradle\8.3\fileHashes)" [_thread_blocked, id=14500, stack(0x000000bfb8c00000,0x000000bfb8d00000)]
  0x000002485944b0c0 JavaThread "Cache worker for cache directory md-supplier (C:\Users\Dell\.gradle\caches\8.3\md-supplier)" [_thread_blocked, id=14504, stack(0x000000bfba400000,0x000000bfba500000)]
  0x0000024859448d50 JavaThread "Cache worker for file content cache (C:\Users\Dell\.gradle\caches\8.3\fileContent)" [_thread_blocked, id=14508, stack(0x000000bfba500000,0x000000bfba600000)]
  0x0000024859448330 JavaThread "Cache worker for cache directory md-rule (C:\Users\Dell\.gradle\caches\8.3\md-rule)" [_thread_blocked, id=14516, stack(0x000000bfba700000,0x000000bfba800000)]
  0x000002485944c500 JavaThread "Cache worker for execution history cache (C:\Users\Dell\.gradle\caches\8.3\executionHistory)" [_thread_blocked, id=14520, stack(0x000000bfba800000,0x000000bfba900000)]
  0x00000248594455a0 JavaThread "jar transforms" [_thread_blocked, id=14532, stack(0x000000bfbaa00000,0x000000bfbab00000)]
  0x0000024859449260 JavaThread "jar transforms Thread 2" [_thread_blocked, id=14536, stack(0x000000bfbab00000,0x000000bfbac00000)]
  0x0000024859447e20 JavaThread "jar transforms Thread 3" [_thread_blocked, id=14688, stack(0x000000bfbac00000,0x000000bfbad00000)]
  0x0000024859446ef0 JavaThread "jar transforms Thread 4" [_thread_blocked, id=14740, stack(0x000000bfbad00000,0x000000bfbae00000)]
  0x000002485944ca10 JavaThread "Cache worker for kotlin-dsl (C:\Users\Dell\.gradle\caches\8.3\kotlin-dsl)" [_thread_blocked, id=14940, stack(0x000000bfbae00000,0x000000bfbaf00000)]
  0x000002485944cf20 JavaThread "jar transforms Thread 5" [_thread_blocked, id=14944, stack(0x000000bfbaf00000,0x000000bfbb000000)]
  0x0000024859447400 JavaThread "jar transforms Thread 6" [_thread_blocked, id=14948, stack(0x000000bfbb000000,0x000000bfbb100000)]
  0x0000024859449c80 JavaThread "Unconstrained build operations" [_thread_blocked, id=14972, stack(0x000000bfba900000,0x000000bfbaa00000)]
  0x000002485944a190 JavaThread "Unconstrained build operations Thread 2" [_thread_blocked, id=14976, stack(0x000000bfbb100000,0x000000bfbb200000)]
  0x0000024859445ab0 JavaThread "jar transforms Thread 7" [_thread_blocked, id=14980, stack(0x000000bfbb200000,0x000000bfbb300000)]
  0x0000024859445fc0 JavaThread "jar transforms Thread 8" [_thread_blocked, id=14984, stack(0x000000bfbb300000,0x000000bfbb400000)]
  0x000002485944a6a0 JavaThread "Cache worker for dependencies-accessors (D:\Nabil\project\React-Native\AllCountries\android\.gradle\8.3\dependencies-accessors)" [_thread_blocked, id=14992, stack(0x000000bfbb500000,0x000000bfbb600000)]
  0x000002485944b5d0 JavaThread "Cache worker for Build Output Cleanup Cache (D:\Nabil\project\React-Native\AllCountries\node_modules\@react-native\gradle-plugin\.gradle\buildOutputCleanup)" [_thread_blocked, id=15000, stack(0x000000bfbb600000,0x000000bfbb700000)]
  0x000002485944bae0 JavaThread "Unconstrained build operations Thread 3" [_thread_blocked, id=15060, stack(0x000000bfbb700000,0x000000bfbb800000)]
  0x000002485944bff0 JavaThread "Unconstrained build operations Thread 4" [_thread_blocked, id=15064, stack(0x000000bfbb800000,0x000000bfbb900000)]
  0x000002485c313cd0 JavaThread "Unconstrained build operations Thread 5" [_thread_blocked, id=15068, stack(0x000000bfbb900000,0x000000bfbba00000)]
  0x000002485c3146f0 JavaThread "Unconstrained build operations Thread 6" [_thread_blocked, id=15072, stack(0x000000bfbba00000,0x000000bfbbb00000)]
  0x000002485c3137c0 JavaThread "Unconstrained build operations Thread 7" [_thread_blocked, id=15076, stack(0x000000bfbbb00000,0x000000bfbbc00000)]
  0x000002485c316550 JavaThread "Unconstrained build operations Thread 8" [_thread_blocked, id=15080, stack(0x000000bfbbc00000,0x000000bfbbd00000)]
  0x000002485c3141e0 JavaThread "Unconstrained build operations Thread 9" [_thread_blocked, id=15084, stack(0x000000bfbbd00000,0x000000bfbbe00000)]
  0x000002485c3188c0 JavaThread "Memory manager" [_thread_blocked, id=15120, stack(0x000000bfbbe00000,0x000000bfbbf00000)]
  0x000002485c315b30 JavaThread "Cache worker for Build Output Cleanup Cache (D:\Nabil\project\React-Native\AllCountries\android\.gradle\buildOutputCleanup)" [_thread_blocked, id=15340, stack(0x000000bfbb400000,0x000000bfbb500000)]
  0x000002485c317480 JavaThread "ForkJoinPool.commonPool-worker-1" daemon [_thread_blocked, id=15348, stack(0x000000bfbc000000,0x000000bfbc100000)]
  0x000002485c314c00 JavaThread "ForkJoinPool.commonPool-worker-2" daemon [_thread_blocked, id=15352, stack(0x000000bfbc100000,0x000000bfbc200000)]
  0x000002485c311e70 JavaThread "ForkJoinPool.commonPool-worker-3" daemon [_thread_blocked, id=15356, stack(0x000000bfbc200000,0x000000bfbc300000)]
  0x000002485c317990 JavaThread "ForkJoinPool.commonPool-worker-4" daemon [_thread_blocked, id=12344, stack(0x000000bfbc300000,0x000000bfbc400000)]
  0x000002485c312da0 JavaThread "ForkJoinPool.commonPool-worker-5" daemon [_thread_blocked, id=6556, stack(0x000000bfbc400000,0x000000bfbc500000)]
  0x000002485c316a60 JavaThread "ForkJoinPool.commonPool-worker-6" daemon [_thread_blocked, id=2776, stack(0x000000bfbc500000,0x000000bfbc600000)]
  0x000002485c312380 JavaThread "ForkJoinPool.commonPool-worker-7" daemon [_thread_blocked, id=9388, stack(0x000000bfbc600000,0x000000bfbc700000)]
  0x000002485c315110 JavaThread "included builds" [_thread_blocked, id=12184, stack(0x000000bfbc700000,0x000000bfbc800000)]
  0x000002485c316f70 JavaThread "Execution worker" [_thread_blocked, id=10416, stack(0x000000bfbc800000,0x000000bfbc900000)]
  0x000002485c315620 JavaThread "Execution worker Thread 2" [_thread_blocked, id=13284, stack(0x000000bfbc900000,0x000000bfbca00000)]
  0x000002485c316040 JavaThread "Execution worker Thread 3" [_thread_blocked, id=9440, stack(0x000000bfbca00000,0x000000bfbcb00000)]
  0x000002485c317ea0 JavaThread "Execution worker Thread 4" [_thread_blocked, id=13780, stack(0x000000bfbcb00000,0x000000bfbcc00000)]
  0x000002485c318dd0 JavaThread "Execution worker Thread 5" [_thread_blocked, id=10104, stack(0x000000bfbcc00000,0x000000bfbcd00000)]
  0x000002485c3183b0 JavaThread "Execution worker Thread 6" [_thread_blocked, id=12828, stack(0x000000bfbcd00000,0x000000bfbce00000)]
  0x000002485c311960 JavaThread "Execution worker Thread 7" [_thread_blocked, id=12508, stack(0x000000bfbce00000,0x000000bfbcf00000)]
  0x000002485c3132b0 JavaThread "Cache worker for execution history cache (D:\Nabil\project\React-Native\AllCountries\node_modules\@react-native\gradle-plugin\.gradle\8.3\executionHistory)" [_thread_blocked, id=12788, stack(0x000000bfbcf00000,0x000000bfbd000000)]
  0x000002485a919c60 JavaThread "Unconstrained build operations Thread 10" [_thread_blocked, id=7676, stack(0x000000bfbd000000,0x000000bfbd100000)]
  0x000002485a91b5b0 JavaThread "Unconstrained build operations Thread 11" [_thread_blocked, id=14212, stack(0x000000bfbd100000,0x000000bfbd200000)]
  0x000002485a91e340 JavaThread "Unconstrained build operations Thread 12" [_thread_blocked, id=14144, stack(0x000000bfbd200000,0x000000bfbd300000)]
  0x000002485a91a170 JavaThread "Unconstrained build operations Thread 13" [_thread_blocked, id=9656, stack(0x000000bfbd300000,0x000000bfbd400000)]
  0x000002485a91a680 JavaThread "Unconstrained build operations Thread 14" [_thread_blocked, id=2860, stack(0x000000bfbd400000,0x000000bfbd500000)]
  0x000002485a91fc90 JavaThread "Unconstrained build operations Thread 15" [_thread_blocked, id=8408, stack(0x000000bfbd500000,0x000000bfbd600000)]
  0x000002485a91e850 JavaThread "Unconstrained build operations Thread 16" [_thread_blocked, id=14140, stack(0x000000bfbd600000,0x000000bfbd700000)]
  0x000002485a91de30 JavaThread "Unconstrained build operations Thread 17" [_thread_blocked, id=14580, stack(0x000000bfbd700000,0x000000bfbd800000)]
  0x000002485a91ed60 JavaThread "Unconstrained build operations Thread 18" [_thread_blocked, id=14576, stack(0x000000bfbd800000,0x000000bfbd900000)]
  0x000002485a91bac0 JavaThread "Unconstrained build operations Thread 19" [_thread_blocked, id=14572, stack(0x000000bfbd900000,0x000000bfbda00000)]
  0x000002485a91bfd0 JavaThread "Unconstrained build operations Thread 20" [_thread_blocked, id=14560, stack(0x000000bfbda00000,0x000000bfbdb00000)]
  0x000002485a91c9f0 JavaThread "Unconstrained build operations Thread 21" [_thread_blocked, id=14584, stack(0x000000bfbdb00000,0x000000bfbdc00000)]
  0x000002485a91cf00 JavaThread "Unconstrained build operations Thread 22" [_thread_blocked, id=14588, stack(0x000000bfbdc00000,0x000000bfbdd00000)]
  0x000002485a91ab90 JavaThread "Unconstrained build operations Thread 23" [_thread_blocked, id=14568, stack(0x000000bfbdd00000,0x000000bfbde00000)]
  0x000002485a9201a0 JavaThread "Unconstrained build operations Thread 24" [_thread_blocked, id=14676, stack(0x000000bfbde00000,0x000000bfbdf00000)]
  0x000002485a91c4e0 JavaThread "Unconstrained build operations Thread 25" [_thread_blocked, id=14668, stack(0x000000bfbdf00000,0x000000bfbe000000)]
=>0x000002485a65c5a0 JavaThread "C2 CompilerThread1" daemon [_thread_in_native, id=15088, stack(0x000000bfb8b00000,0x000000bfb8c00000)]
  0x000002485a9210d0 JavaThread "Unconstrained build operations Thread 26" [_thread_blocked, id=15092, stack(0x000000bfbbf00000,0x000000bfbc000000)]
  0x000002485a91b0a0 JavaThread "Unconstrained build operations Thread 27" [_thread_blocked, id=15096, stack(0x000000bfbe000000,0x000000bfbe100000)]
  0x000002485a91d920 JavaThread "Unconstrained build operations Thread 28" [_thread_blocked, id=15020, stack(0x000000bfbe100000,0x000000bfbe200000)]
  0x000002485840c450 JavaThread "Unconstrained build operations Thread 29" [_thread_blocked, id=15016, stack(0x000000bfbe200000,0x000000bfbe300000)]
  0x00000248595ca610 JavaThread "Unconstrained build operations Thread 30" [_thread_blocked, id=12032, stack(0x000000bfbe300000,0x000000bfbe400000)]
  0x00000248595cba50 JavaThread "Unconstrained build operations Thread 31" [_thread_blocked, id=15052, stack(0x000000bfbe400000,0x000000bfbe500000)]
  0x00000248595c91d0 JavaThread "Unconstrained build operations Thread 32" [_thread_blocked, id=15056, stack(0x000000bfbe500000,0x000000bfbe600000)]
  0x000002485a65a5c0 JavaThread "C2 CompilerThread2" daemon [_thread_in_native, id=15104, stack(0x000000bfbe600000,0x000000bfbe700000)]
  0x00000248595c5f30 JavaThread "Unconstrained build operations Thread 33" [_thread_blocked, id=3816, stack(0x000000bfbe700000,0x000000bfbe800000)]
  0x00000248595c6440 JavaThread "Unconstrained build operations Thread 34" [_thread_blocked, id=12752, stack(0x000000bfbe800000,0x000000bfbe900000)]
  0x00000248595c6950 JavaThread "Unconstrained build operations Thread 35" [_thread_blocked, id=15160, stack(0x000000bfbe900000,0x000000bfbea00000)]
  0x00000248595c9bf0 JavaThread "Unconstrained build operations Thread 36" [_thread_blocked, id=15156, stack(0x000000bfbea00000,0x000000bfbeb00000)]
  0x00000248595c96e0 JavaThread "Unconstrained build operations Thread 37" [_thread_blocked, id=15144, stack(0x000000bfbeb00000,0x000000bfbec00000)]
  0x00000248595cc470 JavaThread "Unconstrained build operations Thread 38" [_thread_blocked, id=15176, stack(0x000000bfbec00000,0x000000bfbed00000)]
  0x00000248595c82a0 JavaThread "Unconstrained build operations Thread 39" [_thread_blocked, id=15164, stack(0x000000bfbed00000,0x000000bfbee00000)]
  0x00000248595cc980 JavaThread "Unconstrained build operations Thread 40" [_thread_blocked, id=15168, stack(0x000000bfbee00000,0x000000bfbef00000)]
  0x00000248595c7d90 JavaThread "Unconstrained build operations Thread 41" [_thread_blocked, id=15152, stack(0x000000bfbef00000,0x000000bfbf000000)]
  0x00000248595c8cc0 JavaThread "Unconstrained build operations Thread 42" [_thread_blocked, id=15248, stack(0x000000bfbf000000,0x000000bfbf100000)]
  0x00000248595c5510 JavaThread "Unconstrained build operations Thread 43" [_thread_blocked, id=15244, stack(0x000000bfbf100000,0x000000bfbf200000)]
  0x00000248595cab20 JavaThread "Unconstrained build operations Thread 44" [_thread_blocked, id=15240, stack(0x000000bfbf200000,0x000000bfbf300000)]
  0x00000248595c6e60 JavaThread "Unconstrained build operations Thread 45" [_thread_blocked, id=15204, stack(0x000000bfbf300000,0x000000bfbf400000)]
  0x00000248595cb030 JavaThread "Unconstrained build operations Thread 46" [_thread_blocked, id=15200, stack(0x000000bfbf400000,0x000000bfbf500000)]

Other Threads:
  0x0000024836dc0790 VMThread "VM Thread" [stack: 0x000000bfb7e00000,0x000000bfb7f00000] [id=5992]
  0x0000024818a02a40 WatcherThread [stack: 0x000000bfb8a00000,0x000000bfb8b00000] [id=14368]
  0x00000248189e7960 GCTaskThread "GC Thread#0" [stack: 0x000000bfb7900000,0x000000bfb7a00000] [id=1344]
  0x000002485638dcf0 GCTaskThread "GC Thread#1" [stack: 0x000000bfb8d00000,0x000000bfb8e00000] [id=14380]
  0x0000024856c39990 GCTaskThread "GC Thread#2" [stack: 0x000000bfb8e00000,0x000000bfb8f00000] [id=14384]
  0x0000024856549af0 GCTaskThread "GC Thread#3" [stack: 0x000000bfb8f00000,0x000000bfb9000000] [id=14388]
  0x0000024857254bc0 GCTaskThread "GC Thread#4" [stack: 0x000000bfb9000000,0x000000bfb9100000] [id=14392]
  0x000002485a69aa50 GCTaskThread "GC Thread#5" [stack: 0x000000bfb9e00000,0x000000bfb9f00000] [id=14476]
  0x0000024858b71010 GCTaskThread "GC Thread#6" [stack: 0x000000bfb9f00000,0x000000bfba000000] [id=14480]
  0x0000024858b712d0 GCTaskThread "GC Thread#7" [stack: 0x000000bfba000000,0x000000bfba100000] [id=14484]
  0x00000248189f88b0 ConcurrentGCThread "G1 Main Marker" [stack: 0x000000bfb7a00000,0x000000bfb7b00000] [id=960]
  0x00000248189f92c0 ConcurrentGCThread "G1 Conc#0" [stack: 0x000000bfb7b00000,0x000000bfb7c00000] [id=12576]
  0x0000024858b71850 ConcurrentGCThread "G1 Conc#1" [stack: 0x000000bfba600000,0x000000bfba700000] [id=14512]
  0x0000024818a3d1e0 ConcurrentGCThread "G1 Refine#0" [stack: 0x000000bfb7c00000,0x000000bfb7d00000] [id=9756]
  0x0000024818a3eac0 ConcurrentGCThread "G1 Service" [stack: 0x000000bfb7d00000,0x000000bfb7e00000] [id=8588]

Threads with active compile tasks:
C2 CompilerThread0    21053 12161       4       org.objectweb.asm.Frame::setLocal (65 bytes)
C2 CompilerThread1    21053 12136       4       org.gradle.api.internal.project.taskfactory.DefaultTaskClassInfoStore::createTaskAction (187 bytes)
C2 CompilerThread2    21053 12135       4       org.gradle.internal.instantiation.generator.AbstractClassGenerator::inspectType (560 bytes)

VM state: not at safepoint (normal execution)

VM Mutex/Monitor currently owned by a thread: None

Heap address: 0x0000000080000000, size: 2048 MB, Compressed Oops mode: 32-bit

CDS archive(s) mapped at: [0x0000024837000000-0x0000024837bd0000-0x0000024837bd0000), size 12386304, SharedBaseAddress: 0x0000024837000000, ArchiveRelocationMode: 1.
Compressed class space mapped at: 0x0000024838000000-0x0000024852000000, reserved size: 436207616
Narrow klass base: 0x0000024837000000, Narrow klass shift: 0, Narrow klass range: 0x100000000

GC Precious Log:
 CPUs: 8 total, 8 available
 Memory: 7952M
 Large Page Support: Disabled
 NUMA Support: Disabled
 Compressed Oops: Enabled (32-bit)
 Heap Region Size: 1M
 Heap Min Capacity: 8M
 Heap Initial Capacity: 126M
 Heap Max Capacity: 2G
 Pre-touch: Disabled
 Parallel Workers: 8
 Concurrent Workers: 2
 Concurrent Refinement Workers: 8
 Periodic GC: Disabled

Heap:
 garbage-first heap   total 239616K, used 173164K [0x0000000080000000, 0x0000000100000000)
  region size 1024K, 41 young (41984K), 3 survivors (3072K)
 Metaspace       used 94553K, committed 95488K, reserved 557056K
  class space    used 13312K, committed 13760K, reserved 425984K

Heap Regions: E=young(eden), S=young(survivor), O=old, HS=humongous(starts), HC=humongous(continues), CS=collection set, F=free, OA=open archive, CA=closed archive, TAMS=top-at-mark-start (previous, next)
|   0|0x0000000080000000, 0x0000000080100000, 0x0000000080100000|100%|HS|  |TAMS 0x0000000080100000, 0x0000000080000000| Complete 
|   1|0x0000000080100000, 0x0000000080200000, 0x0000000080200000|100%|HC|  |TAMS 0x0000000080200000, 0x0000000080100000| Complete 
|   2|0x0000000080200000, 0x0000000080300000, 0x0000000080300000|100%|HC|  |TAMS 0x0000000080300000, 0x0000000080200000| Complete 
|   3|0x0000000080300000, 0x0000000080400000, 0x0000000080400000|100%|HC|  |TAMS 0x0000000080400000, 0x0000000080300000| Complete 
|   4|0x0000000080400000, 0x0000000080500000, 0x0000000080500000|100%| O|  |TAMS 0x0000000080500000, 0x0000000080400000| Untracked 
|   5|0x0000000080500000, 0x0000000080600000, 0x0000000080600000|100%| O|  |TAMS 0x0000000080600000, 0x0000000080500000| Untracked 
|   6|0x0000000080600000, 0x0000000080700000, 0x0000000080700000|100%| O|  |TAMS 0x0000000080700000, 0x0000000080600000| Untracked 
|   7|0x0000000080700000, 0x0000000080800000, 0x0000000080800000|100%| O|  |TAMS 0x0000000080800000, 0x0000000080700000| Untracked 
|   8|0x0000000080800000, 0x0000000080900000, 0x0000000080900000|100%| O|  |TAMS 0x0000000080900000, 0x0000000080800000| Untracked 
|   9|0x0000000080900000, 0x0000000080a00000, 0x0000000080a00000|100%| O|  |TAMS 0x0000000080a00000, 0x0000000080900000| Untracked 
|  10|0x0000000080a00000, 0x0000000080b00000, 0x0000000080b00000|100%| O|  |TAMS 0x0000000080b00000, 0x0000000080a00000| Untracked 
|  11|0x0000000080b00000, 0x0000000080c00000, 0x0000000080c00000|100%| O|  |TAMS 0x0000000080c00000, 0x0000000080b00000| Untracked 
|  12|0x0000000080c00000, 0x0000000080d00000, 0x0000000080d00000|100%| O|  |TAMS 0x0000000080d00000, 0x0000000080c00000| Untracked 
|  13|0x0000000080d00000, 0x0000000080e00000, 0x0000000080e00000|100%| O|  |TAMS 0x0000000080e00000, 0x0000000080d00000| Untracked 
|  14|0x0000000080e00000, 0x0000000080f00000, 0x0000000080f00000|100%| O|  |TAMS 0x0000000080f00000, 0x0000000080e00000| Untracked 
|  15|0x0000000080f00000, 0x0000000081000000, 0x0000000081000000|100%| O|  |TAMS 0x0000000081000000, 0x0000000080f00000| Untracked 
|  16|0x0000000081000000, 0x0000000081100000, 0x0000000081100000|100%| O|  |TAMS 0x0000000081100000, 0x0000000081000000| Untracked 
|  17|0x0000000081100000, 0x0000000081200000, 0x0000000081200000|100%| O|  |TAMS 0x0000000081200000, 0x0000000081100000| Untracked 
|  18|0x0000000081200000, 0x0000000081300000, 0x0000000081300000|100%| O|  |TAMS 0x0000000081300000, 0x0000000081200000| Untracked 
|  19|0x0000000081300000, 0x0000000081400000, 0x0000000081400000|100%| O|  |TAMS 0x0000000081400000, 0x0000000081300000| Untracked 
|  20|0x0000000081400000, 0x0000000081500000, 0x0000000081500000|100%| O|  |TAMS 0x0000000081500000, 0x0000000081400000| Untracked 
|  21|0x0000000081500000, 0x0000000081600000, 0x0000000081600000|100%| O|  |TAMS 0x0000000081600000, 0x0000000081500000| Untracked 
|  22|0x0000000081600000, 0x0000000081700000, 0x0000000081700000|100%| O|  |TAMS 0x0000000081700000, 0x0000000081600000| Untracked 
|  23|0x0000000081700000, 0x0000000081800000, 0x0000000081800000|100%| O|  |TAMS 0x0000000081800000, 0x0000000081700000| Untracked 
|  24|0x0000000081800000, 0x0000000081900000, 0x0000000081900000|100%| O|  |TAMS 0x0000000081900000, 0x0000000081800000| Untracked 
|  25|0x0000000081900000, 0x0000000081a00000, 0x0000000081a00000|100%| O|  |TAMS 0x0000000081a00000, 0x0000000081900000| Untracked 
|  26|0x0000000081a00000, 0x0000000081b00000, 0x0000000081b00000|100%| O|  |TAMS 0x0000000081b00000, 0x0000000081a00000| Untracked 
|  27|0x0000000081b00000, 0x0000000081c00000, 0x0000000081c00000|100%| O|  |TAMS 0x0000000081c00000, 0x0000000081b00000| Untracked 
|  28|0x0000000081c00000, 0x0000000081d00000, 0x0000000081d00000|100%|HS|  |TAMS 0x0000000081d00000, 0x0000000081c00000| Complete 
|  29|0x0000000081d00000, 0x0000000081e00000, 0x0000000081e00000|100%|HC|  |TAMS 0x0000000081e00000, 0x0000000081d00000| Complete 
|  30|0x0000000081e00000, 0x0000000081f00000, 0x0000000081f00000|100%|HS|  |TAMS 0x0000000081f00000, 0x0000000081e00000| Complete 
|  31|0x0000000081f00000, 0x0000000082000000, 0x0000000082000000|100%|HC|  |TAMS 0x0000000082000000, 0x0000000081f00000| Complete 
|  32|0x0000000082000000, 0x0000000082100000, 0x0000000082100000|100%| O|  |TAMS 0x0000000082100000, 0x0000000082000000| Untracked 
|  33|0x0000000082100000, 0x0000000082200000, 0x0000000082200000|100%|HS|  |TAMS 0x0000000082200000, 0x0000000082100000| Complete 
|  34|0x0000000082200000, 0x0000000082300000, 0x0000000082300000|100%|HC|  |TAMS 0x0000000082300000, 0x0000000082200000| Complete 
|  35|0x0000000082300000, 0x0000000082400000, 0x0000000082400000|100%|HC|  |TAMS 0x0000000082400000, 0x0000000082300000| Complete 
|  36|0x0000000082400000, 0x0000000082500000, 0x0000000082500000|100%|HC|  |TAMS 0x0000000082500000, 0x0000000082400000| Complete 
|  37|0x0000000082500000, 0x0000000082600000, 0x0000000082600000|100%| O|  |TAMS 0x0000000082600000, 0x0000000082500000| Untracked 
|  38|0x0000000082600000, 0x0000000082700000, 0x0000000082700000|100%| O|  |TAMS 0x0000000082700000, 0x0000000082600000| Untracked 
|  39|0x0000000082700000, 0x0000000082800000, 0x0000000082800000|100%| O|  |TAMS 0x0000000082800000, 0x0000000082700000| Untracked 
|  40|0x0000000082800000, 0x0000000082900000, 0x0000000082900000|100%|HS|  |TAMS 0x0000000082900000, 0x0000000082800000| Complete 
|  41|0x0000000082900000, 0x0000000082a00000, 0x0000000082a00000|100%|HC|  |TAMS 0x0000000082a00000, 0x0000000082900000| Complete 
|  42|0x0000000082a00000, 0x0000000082b00000, 0x0000000082b00000|100%|HC|  |TAMS 0x0000000082b00000, 0x0000000082a00000| Complete 
|  43|0x0000000082b00000, 0x0000000082c00000, 0x0000000082c00000|100%|HC|  |TAMS 0x0000000082c00000, 0x0000000082b00000| Complete 
|  44|0x0000000082c00000, 0x0000000082d00000, 0x0000000082d00000|100%| O|  |TAMS 0x0000000082d00000, 0x0000000082c00000| Untracked 
|  45|0x0000000082d00000, 0x0000000082e00000, 0x0000000082e00000|100%| O|  |TAMS 0x0000000082e00000, 0x0000000082d00000| Untracked 
|  46|0x0000000082e00000, 0x0000000082f00000, 0x0000000082f00000|100%| O|  |TAMS 0x0000000082f00000, 0x0000000082e00000| Untracked 
|  47|0x0000000082f00000, 0x0000000083000000, 0x0000000083000000|100%| O|  |TAMS 0x0000000083000000, 0x0000000082f00000| Untracked 
|  48|0x0000000083000000, 0x0000000083100000, 0x0000000083100000|100%| O|  |TAMS 0x0000000083100000, 0x0000000083000000| Untracked 
|  49|0x0000000083100000, 0x0000000083200000, 0x0000000083200000|100%| O|  |TAMS 0x0000000083200000, 0x0000000083100000| Untracked 
|  50|0x0000000083200000, 0x0000000083300000, 0x0000000083300000|100%| O|  |TAMS 0x0000000083300000, 0x0000000083200000| Untracked 
|  51|0x0000000083300000, 0x0000000083400000, 0x0000000083400000|100%| O|  |TAMS 0x0000000083400000, 0x0000000083300000| Untracked 
|  52|0x0000000083400000, 0x0000000083500000, 0x0000000083500000|100%| O|  |TAMS 0x0000000083500000, 0x0000000083400000| Untracked 
|  53|0x0000000083500000, 0x0000000083600000, 0x0000000083600000|100%| O|  |TAMS 0x0000000083600000, 0x0000000083500000| Untracked 
|  54|0x0000000083600000, 0x0000000083700000, 0x0000000083700000|100%| O|  |TAMS 0x0000000083700000, 0x0000000083600000| Untracked 
|  55|0x0000000083700000, 0x0000000083800000, 0x0000000083800000|100%| O|  |TAMS 0x0000000083800000, 0x0000000083700000| Untracked 
|  56|0x0000000083800000, 0x0000000083900000, 0x0000000083900000|100%| O|  |TAMS 0x0000000083900000, 0x0000000083800000| Untracked 
|  57|0x0000000083900000, 0x0000000083a00000, 0x0000000083a00000|100%| O|  |TAMS 0x0000000083a00000, 0x0000000083900000| Untracked 
|  58|0x0000000083a00000, 0x0000000083b00000, 0x0000000083b00000|100%| O|  |TAMS 0x0000000083b00000, 0x0000000083a00000| Untracked 
|  59|0x0000000083b00000, 0x0000000083c00000, 0x0000000083c00000|100%| O|  |TAMS 0x0000000083c00000, 0x0000000083b00000| Untracked 
|  60|0x0000000083c00000, 0x0000000083d00000, 0x0000000083d00000|100%| O|  |TAMS 0x0000000083d00000, 0x0000000083c00000| Untracked 
|  61|0x0000000083d00000, 0x0000000083e00000, 0x0000000083e00000|100%| O|  |TAMS 0x0000000083e00000, 0x0000000083d00000| Untracked 
|  62|0x0000000083e00000, 0x0000000083f00000, 0x0000000083f00000|100%| O|  |TAMS 0x0000000083f00000, 0x0000000083e00000| Untracked 
|  63|0x0000000083f00000, 0x0000000084000000, 0x0000000084000000|100%| O|  |TAMS 0x0000000084000000, 0x0000000083f00000| Untracked 
|  64|0x0000000084000000, 0x0000000084100000, 0x0000000084100000|100%|HS|  |TAMS 0x0000000084100000, 0x0000000084000000| Complete 
|  65|0x0000000084100000, 0x0000000084200000, 0x0000000084200000|100%|HS|  |TAMS 0x0000000084200000, 0x0000000084100000| Complete 
|  66|0x0000000084200000, 0x0000000084300000, 0x0000000084300000|100%|HS|  |TAMS 0x0000000084300000, 0x0000000084200000| Complete 
|  67|0x0000000084300000, 0x0000000084400000, 0x0000000084400000|100%| O|  |TAMS 0x0000000084400000, 0x0000000084300000| Untracked 
|  68|0x0000000084400000, 0x0000000084500000, 0x0000000084500000|100%| O|  |TAMS 0x0000000084500000, 0x0000000084400000| Untracked 
|  69|0x0000000084500000, 0x0000000084600000, 0x0000000084600000|100%|HS|  |TAMS 0x0000000084600000, 0x0000000084500000| Complete 
|  70|0x0000000084600000, 0x0000000084700000, 0x0000000084700000|100%| O|  |TAMS 0x0000000084700000, 0x0000000084600000| Untracked 
|  71|0x0000000084700000, 0x0000000084800000, 0x0000000084800000|100%| O|  |TAMS 0x0000000084800000, 0x0000000084700000| Untracked 
|  72|0x0000000084800000, 0x0000000084900000, 0x0000000084900000|100%| O|  |TAMS 0x0000000084900000, 0x0000000084800000| Untracked 
|  73|0x0000000084900000, 0x0000000084a00000, 0x0000000084a00000|100%| O|  |TAMS 0x0000000084a00000, 0x0000000084900000| Untracked 
|  74|0x0000000084a00000, 0x0000000084b00000, 0x0000000084b00000|100%| O|  |TAMS 0x0000000084b00000, 0x0000000084a00000| Untracked 
|  75|0x0000000084b00000, 0x0000000084c00000, 0x0000000084c00000|100%| O|  |TAMS 0x0000000084c00000, 0x0000000084b00000| Untracked 
|  76|0x0000000084c00000, 0x0000000084d00000, 0x0000000084d00000|100%| O|  |TAMS 0x0000000084d00000, 0x0000000084c00000| Untracked 
|  77|0x0000000084d00000, 0x0000000084e00000, 0x0000000084e00000|100%| O|  |TAMS 0x0000000084e00000, 0x0000000084d00000| Untracked 
|  78|0x0000000084e00000, 0x0000000084f00000, 0x0000000084f00000|100%| O|  |TAMS 0x0000000084f00000, 0x0000000084e00000| Untracked 
|  79|0x0000000084f00000, 0x0000000085000000, 0x0000000085000000|100%| O|  |TAMS 0x0000000085000000, 0x0000000084f00000| Untracked 
|  80|0x0000000085000000, 0x0000000085100000, 0x0000000085100000|100%| O|  |TAMS 0x0000000085100000, 0x0000000085000000| Untracked 
|  81|0x0000000085100000, 0x0000000085200000, 0x0000000085200000|100%| O|  |TAMS 0x0000000085200000, 0x0000000085100000| Untracked 
|  82|0x0000000085200000, 0x0000000085300000, 0x0000000085300000|100%| O|  |TAMS 0x0000000085300000, 0x0000000085200000| Untracked 
|  83|0x0000000085300000, 0x0000000085400000, 0x0000000085400000|100%| O|  |TAMS 0x0000000085400000, 0x0000000085300000| Untracked 
|  84|0x0000000085400000, 0x0000000085500000, 0x0000000085500000|100%| O|  |TAMS 0x0000000085500000, 0x0000000085400000| Untracked 
|  85|0x0000000085500000, 0x0000000085600000, 0x0000000085600000|100%| O|  |TAMS 0x0000000085600000, 0x0000000085500000| Untracked 
|  86|0x0000000085600000, 0x0000000085700000, 0x0000000085700000|100%| O|  |TAMS 0x0000000085700000, 0x0000000085600000| Untracked 
|  87|0x0000000085700000, 0x0000000085800000, 0x0000000085800000|100%|HS|  |TAMS 0x0000000085800000, 0x0000000085700000| Complete 
|  88|0x0000000085800000, 0x0000000085900000, 0x0000000085900000|100%|HS|  |TAMS 0x0000000085900000, 0x0000000085800000| Complete 
|  89|0x0000000085900000, 0x0000000085a00000, 0x0000000085a00000|100%|HS|  |TAMS 0x0000000085a00000, 0x0000000085900000| Complete 
|  90|0x0000000085a00000, 0x0000000085b00000, 0x0000000085b00000|100%|HC|  |TAMS 0x0000000085b00000, 0x0000000085a00000| Complete 
|  91|0x0000000085b00000, 0x0000000085c00000, 0x0000000085c00000|100%| O|  |TAMS 0x0000000085c00000, 0x0000000085b00000| Untracked 
|  92|0x0000000085c00000, 0x0000000085d00000, 0x0000000085d00000|100%| O|  |TAMS 0x0000000085d00000, 0x0000000085c00000| Untracked 
|  93|0x0000000085d00000, 0x0000000085e00000, 0x0000000085e00000|100%| O|  |TAMS 0x0000000085e00000, 0x0000000085d00000| Untracked 
|  94|0x0000000085e00000, 0x0000000085f00000, 0x0000000085f00000|100%| O|  |TAMS 0x0000000085f00000, 0x0000000085e00000| Untracked 
|  95|0x0000000085f00000, 0x0000000086000000, 0x0000000086000000|100%| O|  |TAMS 0x0000000086000000, 0x0000000085f00000| Untracked 
|  96|0x0000000086000000, 0x0000000086100000, 0x0000000086100000|100%| O|  |TAMS 0x0000000086100000, 0x0000000086000000| Untracked 
|  97|0x0000000086100000, 0x0000000086200000, 0x0000000086200000|100%| O|  |TAMS 0x0000000086200000, 0x0000000086100000| Untracked 
|  98|0x0000000086200000, 0x0000000086300000, 0x0000000086300000|100%| O|  |TAMS 0x0000000086245400, 0x0000000086200000| Untracked 
|  99|0x0000000086300000, 0x0000000086400000, 0x0000000086400000|100%| O|  |TAMS 0x0000000086300000, 0x0000000086300000| Untracked 
| 100|0x0000000086400000, 0x0000000086500000, 0x0000000086500000|100%| O|  |TAMS 0x0000000086400000, 0x0000000086400000| Untracked 
| 101|0x0000000086500000, 0x0000000086600000, 0x0000000086600000|100%| O|  |TAMS 0x0000000086500000, 0x0000000086500000| Untracked 
| 102|0x0000000086600000, 0x0000000086700000, 0x0000000086700000|100%| O|  |TAMS 0x0000000086600000, 0x0000000086600000| Untracked 
| 103|0x0000000086700000, 0x0000000086800000, 0x0000000086800000|100%| O|  |TAMS 0x0000000086700000, 0x0000000086700000| Untracked 
| 104|0x0000000086800000, 0x0000000086900000, 0x0000000086900000|100%| O|  |TAMS 0x0000000086800000, 0x0000000086800000| Untracked 
| 105|0x0000000086900000, 0x0000000086a00000, 0x0000000086a00000|100%| O|  |TAMS 0x0000000086900000, 0x0000000086900000| Untracked 
| 106|0x0000000086a00000, 0x0000000086b00000, 0x0000000086b00000|100%|HS|  |TAMS 0x0000000086a00000, 0x0000000086a00000| Complete 
| 107|0x0000000086b00000, 0x0000000086c00000, 0x0000000086c00000|100%|HS|  |TAMS 0x0000000086b00000, 0x0000000086b00000| Complete 
| 108|0x0000000086c00000, 0x0000000086d00000, 0x0000000086d00000|100%|HS|  |TAMS 0x0000000086c00000, 0x0000000086c00000| Complete 
| 109|0x0000000086d00000, 0x0000000086e00000, 0x0000000086e00000|100%| O|  |TAMS 0x0000000086d00000, 0x0000000086d00000| Untracked 
| 110|0x0000000086e00000, 0x0000000086f00000, 0x0000000086f00000|100%| O|  |TAMS 0x0000000086e00000, 0x0000000086e00000| Untracked 
| 111|0x0000000086f00000, 0x0000000087000000, 0x0000000087000000|100%| O|  |TAMS 0x0000000086f00000, 0x0000000086f00000| Untracked 
| 112|0x0000000087000000, 0x0000000087100000, 0x0000000087100000|100%| O|  |TAMS 0x0000000087000000, 0x0000000087000000| Untracked 
| 113|0x0000000087100000, 0x0000000087200000, 0x0000000087200000|100%| O|  |TAMS 0x0000000087100000, 0x0000000087100000| Untracked 
| 114|0x0000000087200000, 0x0000000087300000, 0x0000000087300000|100%| O|  |TAMS 0x0000000087200000, 0x0000000087200000| Untracked 
| 115|0x0000000087300000, 0x0000000087400000, 0x0000000087400000|100%| O|  |TAMS 0x0000000087300000, 0x0000000087300000| Untracked 
| 116|0x0000000087400000, 0x0000000087500000, 0x0000000087500000|100%| O|  |TAMS 0x0000000087400000, 0x0000000087400000| Untracked 
| 117|0x0000000087500000, 0x0000000087600000, 0x0000000087600000|100%| O|  |TAMS 0x0000000087500000, 0x0000000087500000| Untracked 
| 118|0x0000000087600000, 0x0000000087700000, 0x0000000087700000|100%| O|  |TAMS 0x0000000087600000, 0x0000000087600000| Untracked 
| 119|0x0000000087700000, 0x0000000087800000, 0x0000000087800000|100%| O|  |TAMS 0x0000000087700000, 0x0000000087700000| Untracked 
| 120|0x0000000087800000, 0x0000000087900000, 0x0000000087900000|100%| O|  |TAMS 0x0000000087800000, 0x0000000087800000| Untracked 
| 121|0x0000000087900000, 0x0000000087a00000, 0x0000000087a00000|100%| O|  |TAMS 0x0000000087900000, 0x0000000087900000| Untracked 
| 122|0x0000000087a00000, 0x0000000087b00000, 0x0000000087b00000|100%| O|  |TAMS 0x0000000087a00000, 0x0000000087a00000| Untracked 
| 123|0x0000000087b00000, 0x0000000087c00000, 0x0000000087c00000|100%| O|  |TAMS 0x0000000087b00000, 0x0000000087b00000| Untracked 
| 124|0x0000000087c00000, 0x0000000087d00000, 0x0000000087d00000|100%| O|  |TAMS 0x0000000087c00000, 0x0000000087c00000| Untracked 
| 125|0x0000000087d00000, 0x0000000087e00000, 0x0000000087e00000|100%| O|  |TAMS 0x0000000087d00000, 0x0000000087d00000| Untracked 
| 126|0x0000000087e00000, 0x0000000087f00000, 0x0000000087f00000|100%| O|  |TAMS 0x0000000087e00000, 0x0000000087e00000| Untracked 
| 127|0x0000000087f00000, 0x0000000088000000, 0x0000000088000000|100%| O|  |TAMS 0x0000000087f00000, 0x0000000087f00000| Untracked 
| 128|0x0000000088000000, 0x0000000088100000, 0x0000000088100000|100%| O|  |TAMS 0x0000000088000000, 0x0000000088000000| Untracked 
| 129|0x0000000088100000, 0x0000000088121800, 0x0000000088200000| 13%| O|  |TAMS 0x0000000088100000, 0x0000000088100000| Untracked 
| 130|0x0000000088200000, 0x0000000088200000, 0x0000000088300000|  0%| F|  |TAMS 0x0000000088200000, 0x0000000088200000| Untracked 
| 131|0x0000000088300000, 0x0000000088300000, 0x0000000088400000|  0%| F|  |TAMS 0x0000000088300000, 0x0000000088300000| Untracked 
| 132|0x0000000088400000, 0x0000000088400000, 0x0000000088500000|  0%| F|  |TAMS 0x0000000088400000, 0x0000000088400000| Untracked 
| 133|0x0000000088500000, 0x0000000088500000, 0x0000000088600000|  0%| F|  |TAMS 0x0000000088500000, 0x0000000088500000| Untracked 
| 134|0x0000000088600000, 0x0000000088600000, 0x0000000088700000|  0%| F|  |TAMS 0x0000000088600000, 0x0000000088600000| Untracked 
| 135|0x0000000088700000, 0x0000000088700000, 0x0000000088800000|  0%| F|  |TAMS 0x0000000088700000, 0x0000000088700000| Untracked 
| 136|0x0000000088800000, 0x0000000088800000, 0x0000000088900000|  0%| F|  |TAMS 0x0000000088800000, 0x0000000088800000| Untracked 
| 137|0x0000000088900000, 0x0000000088900000, 0x0000000088a00000|  0%| F|  |TAMS 0x0000000088900000, 0x0000000088900000| Untracked 
| 138|0x0000000088a00000, 0x0000000088a00000, 0x0000000088b00000|  0%| F|  |TAMS 0x0000000088a00000, 0x0000000088a00000| Untracked 
| 139|0x0000000088b00000, 0x0000000088b00000, 0x0000000088c00000|  0%| F|  |TAMS 0x0000000088b00000, 0x0000000088b00000| Untracked 
| 140|0x0000000088c00000, 0x0000000088c00000, 0x0000000088d00000|  0%| F|  |TAMS 0x0000000088c00000, 0x0000000088c00000| Untracked 
| 141|0x0000000088d00000, 0x0000000088d00000, 0x0000000088e00000|  0%| F|  |TAMS 0x0000000088d00000, 0x0000000088d00000| Untracked 
| 142|0x0000000088e00000, 0x0000000088e00000, 0x0000000088f00000|  0%| F|  |TAMS 0x0000000088e00000, 0x0000000088e00000| Untracked 
| 143|0x0000000088f00000, 0x0000000088f00000, 0x0000000089000000|  0%| F|  |TAMS 0x0000000088f00000, 0x0000000088f00000| Untracked 
| 144|0x0000000089000000, 0x0000000089000000, 0x0000000089100000|  0%| F|  |TAMS 0x0000000089000000, 0x0000000089000000| Untracked 
| 145|0x0000000089100000, 0x0000000089100000, 0x0000000089200000|  0%| F|  |TAMS 0x0000000089100000, 0x0000000089100000| Untracked 
| 146|0x0000000089200000, 0x0000000089200000, 0x0000000089300000|  0%| F|  |TAMS 0x0000000089200000, 0x0000000089200000| Untracked 
| 147|0x0000000089300000, 0x0000000089300000, 0x0000000089400000|  0%| F|  |TAMS 0x0000000089300000, 0x0000000089300000| Untracked 
| 148|0x0000000089400000, 0x0000000089400000, 0x0000000089500000|  0%| F|  |TAMS 0x0000000089400000, 0x0000000089400000| Untracked 
| 149|0x0000000089500000, 0x0000000089500000, 0x0000000089600000|  0%| F|  |TAMS 0x0000000089500000, 0x0000000089500000| Untracked 
| 150|0x0000000089600000, 0x0000000089600000, 0x0000000089700000|  0%| F|  |TAMS 0x0000000089600000, 0x0000000089600000| Untracked 
| 151|0x0000000089700000, 0x0000000089700000, 0x0000000089800000|  0%| F|  |TAMS 0x0000000089700000, 0x0000000089700000| Untracked 
| 152|0x0000000089800000, 0x0000000089800000, 0x0000000089900000|  0%| F|  |TAMS 0x0000000089800000, 0x0000000089800000| Untracked 
| 153|0x0000000089900000, 0x0000000089900000, 0x0000000089a00000|  0%| F|  |TAMS 0x0000000089900000, 0x0000000089900000| Untracked 
| 154|0x0000000089a00000, 0x0000000089a00000, 0x0000000089b00000|  0%| F|  |TAMS 0x0000000089a00000, 0x0000000089a00000| Untracked 
| 155|0x0000000089b00000, 0x0000000089b00000, 0x0000000089c00000|  0%| F|  |TAMS 0x0000000089b00000, 0x0000000089b00000| Untracked 
| 156|0x0000000089c00000, 0x0000000089c00000, 0x0000000089d00000|  0%| F|  |TAMS 0x0000000089c00000, 0x0000000089c00000| Untracked 
| 157|0x0000000089d00000, 0x0000000089d00000, 0x0000000089e00000|  0%| F|  |TAMS 0x0000000089d00000, 0x0000000089d00000| Untracked 
| 158|0x0000000089e00000, 0x0000000089e00000, 0x0000000089f00000|  0%| F|  |TAMS 0x0000000089e00000, 0x0000000089e00000| Untracked 
| 159|0x0000000089f00000, 0x0000000089f00000, 0x000000008a000000|  0%| F|  |TAMS 0x0000000089f00000, 0x0000000089f00000| Untracked 
| 160|0x000000008a000000, 0x000000008a000000, 0x000000008a100000|  0%| F|  |TAMS 0x000000008a000000, 0x000000008a000000| Untracked 
| 161|0x000000008a100000, 0x000000008a100000, 0x000000008a200000|  0%| F|  |TAMS 0x000000008a100000, 0x000000008a100000| Untracked 
| 162|0x000000008a200000, 0x000000008a200000, 0x000000008a300000|  0%| F|  |TAMS 0x000000008a200000, 0x000000008a200000| Untracked 
| 163|0x000000008a300000, 0x000000008a300000, 0x000000008a400000|  0%| F|  |TAMS 0x000000008a300000, 0x000000008a300000| Untracked 
| 164|0x000000008a400000, 0x000000008a400000, 0x000000008a500000|  0%| F|  |TAMS 0x000000008a400000, 0x000000008a400000| Untracked 
| 165|0x000000008a500000, 0x000000008a500000, 0x000000008a600000|  0%| F|  |TAMS 0x000000008a500000, 0x000000008a500000| Untracked 
| 166|0x000000008a600000, 0x000000008a600000, 0x000000008a700000|  0%| F|  |TAMS 0x000000008a600000, 0x000000008a600000| Untracked 
| 167|0x000000008a700000, 0x000000008a700000, 0x000000008a800000|  0%| F|  |TAMS 0x000000008a700000, 0x000000008a700000| Untracked 
| 168|0x000000008a800000, 0x000000008a800000, 0x000000008a900000|  0%| F|  |TAMS 0x000000008a800000, 0x000000008a800000| Untracked 
| 169|0x000000008a900000, 0x000000008a900000, 0x000000008aa00000|  0%| F|  |TAMS 0x000000008a900000, 0x000000008a900000| Untracked 
| 170|0x000000008aa00000, 0x000000008aa00000, 0x000000008ab00000|  0%| F|  |TAMS 0x000000008aa00000, 0x000000008aa00000| Untracked 
| 171|0x000000008ab00000, 0x000000008ab00000, 0x000000008ac00000|  0%| F|  |TAMS 0x000000008ab00000, 0x000000008ab00000| Untracked 
| 172|0x000000008ac00000, 0x000000008ac00000, 0x000000008ad00000|  0%| F|  |TAMS 0x000000008ac00000, 0x000000008ac00000| Untracked 
| 173|0x000000008ad00000, 0x000000008ad00000, 0x000000008ae00000|  0%| F|  |TAMS 0x000000008ad00000, 0x000000008ad00000| Untracked 
| 174|0x000000008ae00000, 0x000000008ae00000, 0x000000008af00000|  0%| F|  |TAMS 0x000000008ae00000, 0x000000008ae00000| Untracked 
| 175|0x000000008af00000, 0x000000008af00000, 0x000000008b000000|  0%| F|  |TAMS 0x000000008af00000, 0x000000008af00000| Untracked 
| 176|0x000000008b000000, 0x000000008b000000, 0x000000008b100000|  0%| F|  |TAMS 0x000000008b000000, 0x000000008b000000| Untracked 
| 177|0x000000008b100000, 0x000000008b1f9bd0, 0x000000008b200000| 97%| S|CS|TAMS 0x000000008b100000, 0x000000008b100000| Complete 
| 178|0x000000008b200000, 0x000000008b300000, 0x000000008b300000|100%| S|CS|TAMS 0x000000008b200000, 0x000000008b200000| Complete 
| 179|0x000000008b300000, 0x000000008b400000, 0x000000008b400000|100%| S|CS|TAMS 0x000000008b300000, 0x000000008b300000| Complete 
| 180|0x000000008b400000, 0x000000008b400000, 0x000000008b500000|  0%| F|  |TAMS 0x000000008b400000, 0x000000008b400000| Untracked 
| 181|0x000000008b500000, 0x000000008b500000, 0x000000008b600000|  0%| F|  |TAMS 0x000000008b500000, 0x000000008b500000| Untracked 
| 182|0x000000008b600000, 0x000000008b600000, 0x000000008b700000|  0%| F|  |TAMS 0x000000008b600000, 0x000000008b600000| Untracked 
| 183|0x000000008b700000, 0x000000008b700000, 0x000000008b800000|  0%| F|  |TAMS 0x000000008b700000, 0x000000008b700000| Untracked 
| 184|0x000000008b800000, 0x000000008b800000, 0x000000008b900000|  0%| F|  |TAMS 0x000000008b800000, 0x000000008b800000| Untracked 
| 185|0x000000008b900000, 0x000000008b900000, 0x000000008ba00000|  0%| F|  |TAMS 0x000000008b900000, 0x000000008b900000| Untracked 
| 186|0x000000008ba00000, 0x000000008ba00000, 0x000000008bb00000|  0%| F|  |TAMS 0x000000008ba00000, 0x000000008ba00000| Untracked 
| 187|0x000000008bb00000, 0x000000008bb00000, 0x000000008bc00000|  0%| F|  |TAMS 0x000000008bb00000, 0x000000008bb00000| Untracked 
| 188|0x000000008bc00000, 0x000000008bc00000, 0x000000008bd00000|  0%| F|  |TAMS 0x000000008bc00000, 0x000000008bc00000| Untracked 
| 189|0x000000008bd00000, 0x000000008bd00000, 0x000000008be00000|  0%| F|  |TAMS 0x000000008bd00000, 0x000000008bd00000| Untracked 
| 190|0x000000008be00000, 0x000000008be00000, 0x000000008bf00000|  0%| F|  |TAMS 0x000000008be00000, 0x000000008be00000| Untracked 
| 191|0x000000008bf00000, 0x000000008bf00000, 0x000000008c000000|  0%| F|  |TAMS 0x000000008bf00000, 0x000000008bf00000| Untracked 
| 192|0x000000008c000000, 0x000000008c000000, 0x000000008c100000|  0%| F|  |TAMS 0x000000008c000000, 0x000000008c000000| Untracked 
| 193|0x000000008c100000, 0x000000008c100000, 0x000000008c200000|  0%| F|  |TAMS 0x000000008c100000, 0x000000008c100000| Untracked 
| 194|0x000000008c200000, 0x000000008c200000, 0x000000008c300000|  0%| F|  |TAMS 0x000000008c200000, 0x000000008c200000| Untracked 
| 195|0x000000008c300000, 0x000000008c300000, 0x000000008c400000|  0%| F|  |TAMS 0x000000008c300000, 0x000000008c300000| Untracked 
| 196|0x000000008c400000, 0x000000008c480800, 0x000000008c500000| 50%| E|  |TAMS 0x000000008c400000, 0x000000008c400000| Complete 
| 197|0x000000008c500000, 0x000000008c600000, 0x000000008c600000|100%| E|CS|TAMS 0x000000008c500000, 0x000000008c500000| Complete 
| 198|0x000000008c600000, 0x000000008c700000, 0x000000008c700000|100%| E|CS|TAMS 0x000000008c600000, 0x000000008c600000| Complete 
| 199|0x000000008c700000, 0x000000008c800000, 0x000000008c800000|100%| E|CS|TAMS 0x000000008c700000, 0x000000008c700000| Complete 
| 200|0x000000008c800000, 0x000000008c900000, 0x000000008c900000|100%| E|CS|TAMS 0x000000008c800000, 0x000000008c800000| Complete 
| 201|0x000000008c900000, 0x000000008ca00000, 0x000000008ca00000|100%| E|CS|TAMS 0x000000008c900000, 0x000000008c900000| Complete 
| 202|0x000000008ca00000, 0x000000008cb00000, 0x000000008cb00000|100%| E|CS|TAMS 0x000000008ca00000, 0x000000008ca00000| Complete 
| 203|0x000000008cb00000, 0x000000008cc00000, 0x000000008cc00000|100%| E|CS|TAMS 0x000000008cb00000, 0x000000008cb00000| Complete 
| 204|0x000000008cc00000, 0x000000008cd00000, 0x000000008cd00000|100%| E|CS|TAMS 0x000000008cc00000, 0x000000008cc00000| Complete 
| 205|0x000000008cd00000, 0x000000008ce00000, 0x000000008ce00000|100%| E|CS|TAMS 0x000000008cd00000, 0x000000008cd00000| Complete 
| 206|0x000000008ce00000, 0x000000008cf00000, 0x000000008cf00000|100%| E|CS|TAMS 0x000000008ce00000, 0x000000008ce00000| Complete 
| 207|0x000000008cf00000, 0x000000008d000000, 0x000000008d000000|100%| E|CS|TAMS 0x000000008cf00000, 0x000000008cf00000| Complete 
| 208|0x000000008d000000, 0x000000008d100000, 0x000000008d100000|100%| E|CS|TAMS 0x000000008d000000, 0x000000008d000000| Complete 
| 209|0x000000008d100000, 0x000000008d200000, 0x000000008d200000|100%| E|CS|TAMS 0x000000008d100000, 0x000000008d100000| Complete 
| 210|0x000000008d200000, 0x000000008d300000, 0x000000008d300000|100%| E|CS|TAMS 0x000000008d200000, 0x000000008d200000| Complete 
| 211|0x000000008d300000, 0x000000008d400000, 0x000000008d400000|100%| E|CS|TAMS 0x000000008d300000, 0x000000008d300000| Complete 
| 212|0x000000008d400000, 0x000000008d500000, 0x000000008d500000|100%| E|CS|TAMS 0x000000008d400000, 0x000000008d400000| Complete 
| 213|0x000000008d500000, 0x000000008d600000, 0x000000008d600000|100%| E|CS|TAMS 0x000000008d500000, 0x000000008d500000| Complete 
| 214|0x000000008d600000, 0x000000008d700000, 0x000000008d700000|100%| E|CS|TAMS 0x000000008d600000, 0x000000008d600000| Complete 
| 215|0x000000008d700000, 0x000000008d800000, 0x000000008d800000|100%| E|CS|TAMS 0x000000008d700000, 0x000000008d700000| Complete 
| 216|0x000000008d800000, 0x000000008d900000, 0x000000008d900000|100%| E|CS|TAMS 0x000000008d800000, 0x000000008d800000| Complete 
| 217|0x000000008d900000, 0x000000008da00000, 0x000000008da00000|100%| E|CS|TAMS 0x000000008d900000, 0x000000008d900000| Complete 
| 218|0x000000008da00000, 0x000000008db00000, 0x000000008db00000|100%| E|CS|TAMS 0x000000008da00000, 0x000000008da00000| Complete 
| 219|0x000000008db00000, 0x000000008dc00000, 0x000000008dc00000|100%| E|CS|TAMS 0x000000008db00000, 0x000000008db00000| Complete 
| 220|0x000000008dc00000, 0x000000008dd00000, 0x000000008dd00000|100%| E|CS|TAMS 0x000000008dc00000, 0x000000008dc00000| Complete 
| 221|0x000000008dd00000, 0x000000008de00000, 0x000000008de00000|100%| E|CS|TAMS 0x000000008dd00000, 0x000000008dd00000| Complete 
| 222|0x000000008de00000, 0x000000008df00000, 0x000000008df00000|100%| E|CS|TAMS 0x000000008de00000, 0x000000008de00000| Complete 
| 223|0x000000008df00000, 0x000000008e000000, 0x000000008e000000|100%| E|CS|TAMS 0x000000008df00000, 0x000000008df00000| Complete 
| 224|0x000000008e000000, 0x000000008e100000, 0x000000008e100000|100%| E|CS|TAMS 0x000000008e000000, 0x000000008e000000| Complete 
| 225|0x000000008e100000, 0x000000008e200000, 0x000000008e200000|100%| E|CS|TAMS 0x000000008e100000, 0x000000008e100000| Complete 
| 226|0x000000008e200000, 0x000000008e300000, 0x000000008e300000|100%| E|CS|TAMS 0x000000008e200000, 0x000000008e200000| Complete 
| 227|0x000000008e300000, 0x000000008e400000, 0x000000008e400000|100%| E|CS|TAMS 0x000000008e300000, 0x000000008e300000| Complete 
| 228|0x000000008e400000, 0x000000008e500000, 0x000000008e500000|100%| E|CS|TAMS 0x000000008e400000, 0x000000008e400000| Complete 
| 229|0x000000008e500000, 0x000000008e600000, 0x000000008e600000|100%| E|CS|TAMS 0x000000008e500000, 0x000000008e500000| Complete 
| 230|0x000000008e600000, 0x000000008e700000, 0x000000008e700000|100%| E|CS|TAMS 0x000000008e600000, 0x000000008e600000| Complete 
| 231|0x000000008e700000, 0x000000008e800000, 0x000000008e800000|100%| E|CS|TAMS 0x000000008e700000, 0x000000008e700000| Complete 
| 232|0x000000008e800000, 0x000000008e900000, 0x000000008e900000|100%| E|CS|TAMS 0x000000008e800000, 0x000000008e800000| Complete 
| 233|0x000000008e900000, 0x000000008ea00000, 0x000000008ea00000|100%| E|CS|TAMS 0x000000008e900000, 0x000000008e900000| Complete 

Card table byte_map: [0x000002482fbb0000,0x000002482ffb0000] _byte_map_base: 0x000002482f7b0000

Marking Bits (Prev, Next): (CMBitMap*) 0x00000248189e7fc0, (CMBitMap*) 0x00000248189e7f80
 Prev Bits: [0x00000248323b0000, 0x00000248343b0000)
 Next Bits: [0x00000248303b0000, 0x00000248323b0000)

Polling page: 0x0000024818140000

Metaspace:

Usage:
  Non-class:     79.34 MB used.
      Class:     13.00 MB used.
       Both:     92.35 MB used.

Virtual space:
  Non-class space:      128.00 MB reserved,      79.81 MB ( 62%) committed,  2 nodes.
      Class space:      416.00 MB reserved,      13.44 MB (  3%) committed,  1 nodes.
             Both:      544.00 MB reserved,      93.25 MB ( 17%) committed. 

Chunk freelists:
   Non-Class:  15.28 MB
       Class:  2.47 MB
        Both:  17.75 MB

MaxMetaspaceSize: 512.00 MB
CompressedClassSpaceSize: 416.00 MB
Initial GC threshold: 21.00 MB
Current GC threshold: 143.06 MB
CDS: on
MetaspaceReclaimPolicy: balanced
 - commit_granule_bytes: 65536.
 - commit_granule_words: 8192.
 - virtual_space_node_default_size: 8388608.
 - enlarge_chunks_in_place: 1.
 - new_chunks_are_fully_committed: 0.
 - uncommit_free_chunks: 1.
 - use_allocation_guard: 0.
 - handle_deallocations: 1.


Internal statistics:

num_allocs_failed_limit: 6.
num_arena_births: 1134.
num_arena_deaths: 0.
num_vsnodes_births: 3.
num_vsnodes_deaths: 0.
num_space_committed: 1492.
num_space_uncommitted: 0.
num_chunks_returned_to_freelist: 6.
num_chunks_taken_from_freelist: 5162.
num_chunk_merges: 6.
num_chunk_splits: 3400.
num_chunks_enlarged: 2235.
num_inconsistent_stats: 0.

CodeHeap 'non-profiled nmethods': size=120000Kb used=7051Kb max_used=7051Kb free=112948Kb
 bounds [0x0000024827f50000, 0x0000024828640000, 0x000002482f480000]
CodeHeap 'profiled nmethods': size=120000Kb used=21665Kb max_used=21665Kb free=98334Kb
 bounds [0x0000024820480000, 0x00000248219b0000, 0x00000248279b0000]
CodeHeap 'non-nmethods': size=5760Kb used=2392Kb max_used=2487Kb free=3367Kb
 bounds [0x00000248279b0000, 0x0000024827c30000, 0x0000024827f50000]
 total_blobs=11662 nmethods=10739 adapters=835
 compilation: enabled
              stopped_count=0, restarted_count=0
 full_count=0

Compilation events (20 events):
Event: 20.918 Thread 0x0000024836de7830 12130   !   3       org.gradle.util.internal.GUtil::uncheckedCall (13 bytes)
Event: 20.918 Thread 0x0000024836de7830 nmethod 12130 0x000002482198d190 code [0x000002482198d340, 0x000002482198d5b8]
Event: 20.918 Thread 0x0000024836de7830 12131       3       java.util.LinkedHashMap::transferLinks (58 bytes)
Event: 20.918 Thread 0x0000024836de7830 nmethod 12131 0x000002482198d710 code [0x000002482198d8e0, 0x000002482198dcf8]
Event: 20.918 Thread 0x0000024836de7830 12132       3       java.util.LinkedHashMap::replacementTreeNode (37 bytes)
Event: 20.918 Thread 0x0000024836de7830 nmethod 12132 0x000002482198de90 code [0x000002482198e040, 0x000002482198e358]
Event: 20.925 Thread 0x0000024836de7830 12133       2       java.util.LinkedHashMap::linkNodeLast (33 bytes)
Event: 20.925 Thread 0x0000024836de7830 nmethod 12133 0x000002482198e490 code [0x000002482198e640, 0x000002482198e8f8]
Event: 20.927 Thread 0x000002485a65c5a0 nmethod 11942% 0x000002482860f990 code [0x000002482860fe40, 0x00000248286156b0]
Event: 20.927 Thread 0x000002485a65c5a0 12108       4       org.gradle.api.internal.artifacts.ivyservice.resolveengine.graph.builder.NodeState::isSelected (18 bytes)
Event: 20.928 Thread 0x000002485a65c5a0 nmethod 12108 0x000002482861a810 code [0x000002482861a980, 0x000002482861aa38]
Event: 20.928 Thread 0x000002485a65c5a0 12112       4       com.esotericsoftware.kryo.io.Output::writeVarInt (433 bytes)
Event: 20.931 Thread 0x0000024836de7830 12134       3       org.objectweb.asm.ClassWriter::visitAnnotation (40 bytes)
Event: 20.931 Thread 0x0000024836de7830 nmethod 12134 0x000002482198ea10 code [0x000002482198ebc0, 0x000002482198ee78]
Event: 20.941 Thread 0x000002485a65a5c0 nmethod 12103 0x000002482861ab10 code [0x000002482861adc0, 0x000002482861d568]
Event: 20.942 Thread 0x000002485a65a5c0 12135       4       org.gradle.internal.instantiation.generator.AbstractClassGenerator::inspectType (560 bytes)
Event: 20.942 Thread 0x000002485a65c5a0 nmethod 12112 0x000002482861ee10 code [0x000002482861f000, 0x000002482861fe80]
Event: 20.942 Thread 0x000002485a65c5a0 12136       4       org.gradle.api.internal.project.taskfactory.DefaultTaskClassInfoStore::createTaskAction (187 bytes)
Event: 20.945 Thread 0x0000024836de7830 12137       3       org.gradle.api.internal.provider.DefaultProperty::convention (41 bytes)
Event: 20.946 Thread 0x0000024836de7830 nmethod 12137 0x000002482198ef90 code [0x000002482198f1e0, 0x000002482198ff48]

GC Heap History (20 events):
Event: 13.894 GC heap before
{Heap before GC invocations=34 (full 0):
 garbage-first heap   total 168960K, used 130768K [0x0000000080000000, 0x0000000100000000)
  region size 1024K, 47 young (48128K), 3 survivors (3072K)
 Metaspace       used 76730K, committed 77440K, reserved 557056K
  class space    used 10710K, committed 11072K, reserved 425984K
}
Event: 13.900 GC heap after
{Heap after GC invocations=35 (full 0):
 garbage-first heap   total 168960K, used 88879K [0x0000000080000000, 0x0000000100000000)
  region size 1024K, 6 young (6144K), 6 survivors (6144K)
 Metaspace       used 76730K, committed 77440K, reserved 557056K
  class space    used 10710K, committed 11072K, reserved 425984K
}
Event: 16.320 GC heap before
{Heap before GC invocations=35 (full 0):
 garbage-first heap   total 168960K, used 90927K [0x0000000080000000, 0x0000000100000000)
  region size 1024K, 8 young (8192K), 6 survivors (6144K)
 Metaspace       used 76816K, committed 77632K, reserved 557056K
  class space    used 10723K, committed 11072K, reserved 425984K
}
Event: 16.325 GC heap after
{Heap after GC invocations=36 (full 0):
 garbage-first heap   total 168960K, used 88890K [0x0000000080000000, 0x0000000100000000)
  region size 1024K, 1 young (1024K), 1 survivors (1024K)
 Metaspace       used 76816K, committed 77632K, reserved 557056K
  class space    used 10723K, committed 11072K, reserved 425984K
}
Event: 16.707 GC heap before
{Heap before GC invocations=36 (full 0):
 garbage-first heap   total 168960K, used 133946K [0x0000000080000000, 0x0000000100000000)
  region size 1024K, 45 young (46080K), 1 survivors (1024K)
 Metaspace       used 79224K, committed 80000K, reserved 557056K
  class space    used 11079K, committed 11456K, reserved 425984K
}
Event: 16.710 GC heap after
{Heap after GC invocations=37 (full 0):
 garbage-first heap   total 168960K, used 90689K [0x0000000080000000, 0x0000000100000000)
  region size 1024K, 3 young (3072K), 3 survivors (3072K)
 Metaspace       used 79224K, committed 80000K, reserved 557056K
  class space    used 11079K, committed 11456K, reserved 425984K
}
Event: 17.144 GC heap before
{Heap before GC invocations=38 (full 0):
 garbage-first heap   total 168960K, used 136769K [0x0000000080000000, 0x0000000100000000)
  region size 1024K, 47 young (48128K), 3 survivors (3072K)
 Metaspace       used 82312K, committed 83072K, reserved 557056K
  class space    used 11656K, committed 12032K, reserved 425984K
}
Event: 17.147 GC heap after
{Heap after GC invocations=39 (full 0):
 garbage-first heap   total 168960K, used 91946K [0x0000000080000000, 0x0000000100000000)
  region size 1024K, 4 young (4096K), 4 survivors (4096K)
 Metaspace       used 82312K, committed 83072K, reserved 557056K
  class space    used 11656K, committed 12032K, reserved 425984K
}
Event: 17.637 GC heap before
{Heap before GC invocations=39 (full 0):
 garbage-first heap   total 168960K, used 138026K [0x0000000080000000, 0x0000000100000000)
  region size 1024K, 49 young (50176K), 4 survivors (4096K)
 Metaspace       used 85108K, committed 85888K, reserved 557056K
  class space    used 12046K, committed 12416K, reserved 425984K
}
Event: 17.642 GC heap after
{Heap after GC invocations=40 (full 0):
 garbage-first heap   total 168960K, used 95427K [0x0000000080000000, 0x0000000100000000)
  region size 1024K, 7 young (7168K), 7 survivors (7168K)
 Metaspace       used 85108K, committed 85888K, reserved 557056K
  class space    used 12046K, committed 12416K, reserved 425984K
}
Event: 18.342 GC heap before
{Heap before GC invocations=40 (full 0):
 garbage-first heap   total 168960K, used 141507K [0x0000000080000000, 0x0000000100000000)
  region size 1024K, 49 young (50176K), 7 survivors (7168K)
 Metaspace       used 85931K, committed 86784K, reserved 557056K
  class space    used 12123K, committed 12544K, reserved 425984K
}
Event: 18.350 GC heap after
{Heap after GC invocations=41 (full 0):
 garbage-first heap   total 168960K, used 107797K [0x0000000080000000, 0x0000000100000000)
  region size 1024K, 7 young (7168K), 7 survivors (7168K)
 Metaspace       used 85931K, committed 86784K, reserved 557056K
  class space    used 12123K, committed 12544K, reserved 425984K
}
Event: 18.878 GC heap before
{Heap before GC invocations=41 (full 0):
 garbage-first heap   total 168960K, used 136469K [0x0000000080000000, 0x0000000100000000)
  region size 1024K, 36 young (36864K), 7 survivors (7168K)
 Metaspace       used 86966K, committed 87808K, reserved 557056K
  class space    used 12292K, committed 12672K, reserved 425984K
}
Event: 18.886 GC heap after
{Heap after GC invocations=42 (full 0):
 garbage-first heap   total 168960K, used 112113K [0x0000000080000000, 0x0000000100000000)
  region size 1024K, 4 young (4096K), 4 survivors (4096K)
 Metaspace       used 86966K, committed 87808K, reserved 557056K
  class space    used 12292K, committed 12672K, reserved 425984K
}
Event: 19.303 GC heap before
{Heap before GC invocations=43 (full 0):
 garbage-first heap   total 199680K, used 139761K [0x0000000080000000, 0x0000000100000000)
  region size 1024K, 28 young (28672K), 4 survivors (4096K)
 Metaspace       used 87241K, committed 88128K, reserved 557056K
  class space    used 12326K, committed 12736K, reserved 425984K
}
Event: 19.311 GC heap after
{Heap after GC invocations=44 (full 0):
 garbage-first heap   total 199680K, used 121792K [0x0000000080000000, 0x0000000100000000)
  region size 1024K, 4 young (4096K), 4 survivors (4096K)
 Metaspace       used 87241K, committed 88128K, reserved 557056K
  class space    used 12326K, committed 12736K, reserved 425984K
}
Event: 19.843 GC heap before
{Heap before GC invocations=44 (full 0):
 garbage-first heap   total 199680K, used 160704K [0x0000000080000000, 0x0000000100000000)
  region size 1024K, 42 young (43008K), 4 survivors (4096K)
 Metaspace       used 87765K, committed 88640K, reserved 557056K
  class space    used 12386K, committed 12800K, reserved 425984K
}
Event: 19.852 GC heap after
{Heap after GC invocations=45 (full 0):
 garbage-first heap   total 239616K, used 131659K [0x0000000080000000, 0x0000000100000000)
  region size 1024K, 6 young (6144K), 6 survivors (6144K)
 Metaspace       used 87765K, committed 88640K, reserved 557056K
  class space    used 12386K, committed 12800K, reserved 425984K
}
Event: 20.557 GC heap before
{Heap before GC invocations=45 (full 0):
 garbage-first heap   total 239616K, used 186955K [0x0000000080000000, 0x0000000100000000)
  region size 1024K, 60 young (61440K), 6 survivors (6144K)
 Metaspace       used 92686K, committed 93568K, reserved 557056K
  class space    used 13072K, committed 13504K, reserved 425984K
}
Event: 20.564 GC heap after
{Heap after GC invocations=46 (full 0):
 garbage-first heap   total 239616K, used 135276K [0x0000000080000000, 0x0000000100000000)
  region size 1024K, 3 young (3072K), 3 survivors (3072K)
 Metaspace       used 92686K, committed 93568K, reserved 557056K
  class space    used 13072K, committed 13504K, reserved 425984K
}

Dll operation events (14 events):
Event: 0.010 Loaded shared library C:\Program Files\Microsoft\jdk-17.0.8.7-hotspot\bin\java.dll
Event: 0.027 Loaded shared library C:\Program Files\Microsoft\jdk-17.0.8.7-hotspot\bin\jsvml.dll
Event: 0.062 Loaded shared library C:\Program Files\Microsoft\jdk-17.0.8.7-hotspot\bin\zip.dll
Event: 0.065 Loaded shared library C:\Program Files\Microsoft\jdk-17.0.8.7-hotspot\bin\instrument.dll
Event: 0.069 Loaded shared library C:\Program Files\Microsoft\jdk-17.0.8.7-hotspot\bin\net.dll
Event: 0.071 Loaded shared library C:\Program Files\Microsoft\jdk-17.0.8.7-hotspot\bin\nio.dll
Event: 0.073 Loaded shared library C:\Program Files\Microsoft\jdk-17.0.8.7-hotspot\bin\zip.dll
Event: 0.237 Loaded shared library C:\Program Files\Microsoft\jdk-17.0.8.7-hotspot\bin\jimage.dll
Event: 0.297 Loaded shared library C:\Program Files\Microsoft\jdk-17.0.8.7-hotspot\bin\verify.dll
Event: 0.433 Loaded shared library C:\Users\Dell\.gradle\native\68d5fa5c4cc2d200863cafc0d521ce42e7d3e7ee720ec0a83991735586a16f82\windows-amd64\native-platform.dll
Event: 0.443 Loaded shared library C:\Users\Dell\.gradle\native\e376f236ea51e6404a007f0833ffe2c6e607c4080706a723a18a27aeea778392\windows-amd64\native-platform-file-events.dll
Event: 1.225 Loaded shared library C:\Program Files\Microsoft\jdk-17.0.8.7-hotspot\bin\management.dll
Event: 1.228 Loaded shared library C:\Program Files\Microsoft\jdk-17.0.8.7-hotspot\bin\management_ext.dll
Event: 1.570 Loaded shared library C:\Program Files\Microsoft\jdk-17.0.8.7-hotspot\bin\sunmscapi.dll

Deoptimization events (20 events):
Event: 20.632 Thread 0x000002485840bf40 DEOPT PACKING pc=0x00000248284f4318 sp=0x000000bfb97f8d50
Event: 20.632 Thread 0x000002485840bf40 DEOPT UNPACKING pc=0x0000024827a069a3 sp=0x000000bfb97f8d60 mode 2
Event: 20.697 Thread 0x000002485840bf40 Uncommon trap: trap_request=0xffffff45 fr.pc=0x00000248281e89e4 relative=0x00000000000009e4
Event: 20.697 Thread 0x000002485840bf40 Uncommon trap: reason=unstable_if action=reinterpret pc=0x00000248281e89e4 method=java.util.regex.Pattern.escape(ZZZ)I @ 8 c2
Event: 20.697 Thread 0x000002485840bf40 DEOPT PACKING pc=0x00000248281e89e4 sp=0x000000bfb97f6860
Event: 20.697 Thread 0x000002485840bf40 DEOPT UNPACKING pc=0x0000024827a069a3 sp=0x000000bfb97f6800 mode 2
Event: 20.845 Thread 0x000002485840bf40 Uncommon trap: trap_request=0xffffff45 fr.pc=0x00000248286034a0 relative=0x0000000000000080
Event: 20.845 Thread 0x000002485840bf40 Uncommon trap: reason=unstable_if action=reinterpret pc=0x00000248286034a0 method=org.gradle.api.internal.artifacts.ivyservice.resolveengine.graph.builder.DependencyGraphBuilder.lambda$static$1(Lorg/gradle/api/internal/artifacts/ivyservice/resolveengine/g
Event: 20.845 Thread 0x000002485840bf40 DEOPT PACKING pc=0x00000248286034a0 sp=0x000000bfb97f8d70
Event: 20.845 Thread 0x000002485840bf40 DEOPT UNPACKING pc=0x0000024827a069a3 sp=0x000000bfb97f8c90 mode 2
Event: 20.891 Thread 0x000002485840bf40 Uncommon trap: trap_request=0xfffffff4 fr.pc=0x00000248285f95d0 relative=0x0000000000001650
Event: 20.891 Thread 0x000002485840bf40 Uncommon trap: reason=null_check action=make_not_entrant pc=0x00000248285f95d0 method=org.gradle.internal.instantiation.generator.AbstractClassGenerator$PropertyMetadata.addGetter(Lorg/gradle/internal/instantiation/generator/AbstractClassGenerator$MethodM
Event: 20.891 Thread 0x000002485840bf40 DEOPT PACKING pc=0x00000248285f95d0 sp=0x000000bfb97f6870
Event: 20.891 Thread 0x000002485840bf40 DEOPT UNPACKING pc=0x0000024827a069a3 sp=0x000000bfb97f6858 mode 2
Event: 20.895 Thread 0x000002485840bf40 DEOPT PACKING pc=0x000002482140c915 sp=0x000000bfb97f6a10
Event: 20.895 Thread 0x000002485840bf40 DEOPT UNPACKING pc=0x0000024827a07143 sp=0x000000bfb97f5fb0 mode 0
Event: 20.914 Thread 0x000002485840bf40 DEOPT PACKING pc=0x000002482140c81e sp=0x000000bfb97f6a10
Event: 20.914 Thread 0x000002485840bf40 DEOPT UNPACKING pc=0x0000024827a07143 sp=0x000000bfb97f5fb0 mode 0
Event: 20.935 Thread 0x000002485840bf40 DEOPT PACKING pc=0x000002482140c844 sp=0x000000bfb97f6a20
Event: 20.935 Thread 0x000002485840bf40 DEOPT UNPACKING pc=0x0000024827a07143 sp=0x000000bfb97f5fc0 mode 0

Classes unloaded (0 events):
No events

Classes redefined (0 events):
No events

Internal exceptions (20 events):
Event: 19.576 Thread 0x000002485840bf40 Exception <a 'java/lang/ClassNotFoundException'{0x000000008ab832f0}: com/android/build/gradle/internal/CompileOptions$AgpDecoratedCustomizer> (0x000000008ab832f0) 
thrown [s\src\hotspot\share\classfile\systemDictionary.cpp, line 256]
Event: 19.577 Thread 0x000002485840bf40 Exception <a 'java/lang/ClassNotFoundException'{0x000000008ab94ea0}: com/android/build/gradle/internal/CompileOptions$AgpDecorated_DecoratedCustomizer> (0x000000008ab94ea0) 
thrown [s\src\hotspot\share\classfile\systemDictionary.cpp, line 256]
Event: 19.584 Thread 0x000002485840bf40 Exception <a 'java/lang/ClassNotFoundException'{0x000000008aa0a8e8}: build_6l58zpinuq89yxzjg92ido79l$_run_closure1$_closure9BeanInfo> (0x000000008aa0a8e8) 
thrown [s\src\hotspot\share\classfile\systemDictionary.cpp, line 256]
Event: 19.585 Thread 0x000002485840bf40 Exception <a 'java/lang/ClassNotFoundException'{0x000000008aa162c0}: build_6l58zpinuq89yxzjg92ido79l$_run_closure1$_closure9Customizer> (0x000000008aa162c0) 
thrown [s\src\hotspot\share\classfile\systemDictionary.cpp, line 256]
Event: 19.603 Thread 0x000002485840bf40 Exception <a 'java/lang/ClassNotFoundException'{0x000000008a92f2f8}: org/gradle/api/internal/artifacts/dsl/dependencies/DefaultDependencyConstraintHandler_DecoratedBeanInfo> (0x000000008a92f2f8) 
thrown [s\src\hotspot\share\classfile\systemDictionary.cpp, line 256]
Event: 19.604 Thread 0x000002485840bf40 Exception <a 'java/lang/ClassNotFoundException'{0x000000008a94b0e8}: org/gradle/api/internal/artifacts/dsl/dependencies/DefaultDependencyConstraintHandlerBeanInfo> (0x000000008a94b0e8) 
thrown [s\src\hotspot\share\classfile\systemDictionary.cpp, line 256]
Event: 19.606 Thread 0x000002485840bf40 Exception <a 'java/lang/ClassNotFoundException'{0x000000008a9670a0}: org/gradle/api/internal/artifacts/dsl/dependencies/DefaultDependencyConstraintHandlerCustomizer> (0x000000008a9670a0) 
thrown [s\src\hotspot\share\classfile\systemDictionary.cpp, line 256]
Event: 19.609 Thread 0x000002485840bf40 Exception <a 'java/lang/ClassNotFoundException'{0x000000008a98c5e0}: org/gradle/api/internal/artifacts/dsl/dependencies/DefaultDependencyConstraintHandler_DecoratedCustomizer> (0x000000008a98c5e0) 
thrown [s\src\hotspot\share\classfile\systemDictionary.cpp, line 256]
Event: 19.623 Thread 0x000002485840bf40 Exception <a 'java/lang/ClassNotFoundException'{0x000000008a9eead8}: org/gradle/api/internal/artifacts/dependencies/DefaultDependencyConstraint_DecoratedBeanInfo> (0x000000008a9eead8) 
thrown [s\src\hotspot\share\classfile\systemDictionary.cpp, line 256]
Event: 19.624 Thread 0x000002485840bf40 Exception <a 'java/lang/ClassNotFoundException'{0x000000008a80ccf0}: org/gradle/api/internal/artifacts/dependencies/DefaultDependencyConstraintBeanInfo> (0x000000008a80ccf0) 
thrown [s\src\hotspot\share\classfile\systemDictionary.cpp, line 256]
Event: 19.626 Thread 0x000002485840bf40 Exception <a 'java/lang/ClassNotFoundException'{0x000000008a82aa70}: org/gradle/api/internal/artifacts/dependencies/DefaultDependencyConstraintCustomizer> (0x000000008a82aa70) 
thrown [s\src\hotspot\share\classfile\systemDictionary.cpp, line 256]
Event: 19.628 Thread 0x000002485840bf40 Exception <a 'java/lang/ClassNotFoundException'{0x000000008a85a458}: org/gradle/api/internal/artifacts/dependencies/DefaultDependencyConstraint_DecoratedCustomizer> (0x000000008a85a458) 
thrown [s\src\hotspot\share\classfile\systemDictionary.cpp, line 256]
Event: 20.088 Thread 0x000002485840bf40 Exception <a 'sun/nio/fs/WindowsException'{0x000000008d619158}> (0x000000008d619158) 
thrown [s\src\hotspot\share\prims\jni.cpp, line 516]
Event: 20.248 Thread 0x000002485840bf40 Exception <a 'java/lang/NullPointerException'{0x000000008cabb458}> (0x000000008cabb458) 
thrown [s\src\hotspot\share\interpreter\linkResolver.cpp, line 1433]
Event: 20.340 Thread 0x000002485840bf40 Implicit null exception at 0x0000024828096dab to 0x000002482809d228
Event: 20.534 Thread 0x000002485840bf40 Exception <a 'sun/nio/fs/WindowsException'{0x000000008b5877b8}> (0x000000008b5877b8) 
thrown [s\src\hotspot\share\prims\jni.cpp, line 516]
Event: 20.534 Thread 0x000002485840bf40 Exception <a 'sun/nio/fs/WindowsException'{0x000000008b588df8}> (0x000000008b588df8) 
thrown [s\src\hotspot\share\prims\jni.cpp, line 516]
Event: 20.534 Thread 0x000002485840bf40 Exception <a 'sun/nio/fs/WindowsException'{0x000000008b58a488}> (0x000000008b58a488) 
thrown [s\src\hotspot\share\prims\jni.cpp, line 516]
Event: 20.535 Thread 0x000002485840bf40 Exception <a 'sun/nio/fs/WindowsException'{0x000000008b58bb18}> (0x000000008b58bb18) 
thrown [s\src\hotspot\share\prims\jni.cpp, line 516]
Event: 20.891 Thread 0x000002485840bf40 Implicit null exception at 0x00000248285f8668 to 0x00000248285f95c0

VM Operations (20 events):
Event: 19.039 Executing VM operation: G1PauseCleanup
Event: 19.039 Executing VM operation: G1PauseCleanup done
Event: 19.303 Executing VM operation: G1CollectForAllocation
Event: 19.311 Executing VM operation: G1CollectForAllocation done
Event: 19.720 Executing VM operation: ICBufferFull
Event: 19.721 Executing VM operation: ICBufferFull done
Event: 19.742 Executing VM operation: HandshakeAllThreads
Event: 19.742 Executing VM operation: HandshakeAllThreads done
Event: 19.842 Executing VM operation: G1CollectForAllocation
Event: 19.852 Executing VM operation: G1CollectForAllocation done
Event: 20.181 Executing VM operation: HandshakeAllThreads
Event: 20.181 Executing VM operation: HandshakeAllThreads done
Event: 20.492 Executing VM operation: HandshakeAllThreads
Event: 20.492 Executing VM operation: HandshakeAllThreads done
Event: 20.549 Executing VM operation: HandshakeAllThreads
Event: 20.550 Executing VM operation: HandshakeAllThreads done
Event: 20.557 Executing VM operation: G1CollectForAllocation
Event: 20.564 Executing VM operation: G1CollectForAllocation done
Event: 20.858 Executing VM operation: ICBufferFull
Event: 20.859 Executing VM operation: ICBufferFull done

Events (20 events):
Event: 20.515 loading class java/util/regex/Pattern$Neg
Event: 20.515 loading class java/util/regex/Pattern$Neg done
Event: 20.523 loading class javax/xml/datatype/DatatypeConfigurationException
Event: 20.523 loading class javax/xml/datatype/DatatypeConfigurationException done
Event: 20.524 loading class jdk/internal/reflect/UnsafeIntegerFieldAccessorImpl
Event: 20.525 loading class jdk/internal/reflect/UnsafeIntegerFieldAccessorImpl done
Event: 20.526 loading class com/sun/org/apache/xerces/internal/impl/io/MalformedByteSequenceException
Event: 20.526 loading class java/io/CharConversionException
Event: 20.527 loading class java/io/CharConversionException done
Event: 20.527 loading class com/sun/org/apache/xerces/internal/impl/io/MalformedByteSequenceException done
Event: 20.535 loading class java/util/EnumMap$EntrySet
Event: 20.535 loading class java/util/EnumMap$EntrySet done
Event: 20.535 loading class java/util/EnumMap$EntryIterator
Event: 20.535 loading class java/util/EnumMap$EnumMapIterator
Event: 20.535 loading class java/util/EnumMap$EnumMapIterator done
Event: 20.535 loading class java/util/EnumMap$EntryIterator done
Event: 20.536 loading class java/util/EnumMap$EntryIterator$Entry
Event: 20.536 loading class java/util/EnumMap$EntryIterator$Entry done
Event: 20.545 loading class jdk/internal/reflect/UnsafeBooleanFieldAccessorImpl
Event: 20.545 loading class jdk/internal/reflect/UnsafeBooleanFieldAccessorImpl done


Dynamic libraries:
0x00007ff77f790000 - 0x00007ff77f79e000 	C:\Program Files\Microsoft\jdk-17.0.8.7-hotspot\bin\java.exe
0x00007fffe5710000 - 0x00007fffe5927000 	C:\Windows\SYSTEM32\ntdll.dll
0x00007fffe4310000 - 0x00007fffe43d4000 	C:\Windows\System32\KERNEL32.DLL
0x00007fffe2ce0000 - 0x00007fffe3086000 	C:\Windows\System32\KERNELBASE.dll
0x00007fffe3090000 - 0x00007fffe31a1000 	C:\Windows\System32\ucrtbase.dll
0x00007fff740c0000 - 0x00007fff740db000 	C:\Program Files\Microsoft\jdk-17.0.8.7-hotspot\bin\VCRUNTIME140.dll
0x00007fff740a0000 - 0x00007fff740b7000 	C:\Program Files\Microsoft\jdk-17.0.8.7-hotspot\bin\jli.dll
0x00007fffe4790000 - 0x00007fffe493e000 	C:\Windows\System32\USER32.dll
0x00007fffe2cb0000 - 0x00007fffe2cd6000 	C:\Windows\System32\win32u.dll
0x00007fffe1db0000 - 0x00007fffe2043000 	C:\Windows\WinSxS\amd64_microsoft.windows.common-controls_6595b64144ccf1df_6.0.22621.2506_none_270c5ae97388e100\COMCTL32.dll
0x00007fffe56a0000 - 0x00007fffe56c9000 	C:\Windows\System32\GDI32.dll
0x00007fffe5490000 - 0x00007fffe5537000 	C:\Windows\System32\msvcrt.dll
0x00007fffe2a80000 - 0x00007fffe2b98000 	C:\Windows\System32\gdi32full.dll
0x00007fffe2ba0000 - 0x00007fffe2c3a000 	C:\Windows\System32\msvcp_win.dll
0x00007fffe4940000 - 0x00007fffe4971000 	C:\Windows\System32\IMM32.DLL
0x00007fff74090000 - 0x00007fff7409c000 	C:\Program Files\Microsoft\jdk-17.0.8.7-hotspot\bin\vcruntime140_1.dll
0x00007fff74000000 - 0x00007fff7408d000 	C:\Program Files\Microsoft\jdk-17.0.8.7-hotspot\bin\msvcp140.dll
0x00007fff73390000 - 0x00007fff73ff5000 	C:\Program Files\Microsoft\jdk-17.0.8.7-hotspot\bin\server\jvm.dll
0x00007fffe3830000 - 0x00007fffe38e1000 	C:\Windows\System32\ADVAPI32.dll
0x00007fffe38f0000 - 0x00007fffe3995000 	C:\Windows\System32\sechost.dll
0x00007fffe3b50000 - 0x00007fffe3c67000 	C:\Windows\System32\RPCRT4.dll
0x00007fffe26f0000 - 0x00007fffe273d000 	C:\Windows\SYSTEM32\POWRPROF.dll
0x00007fff73380000 - 0x00007fff73389000 	C:\Windows\SYSTEM32\WSOCK32.dll
0x00007fffd9310000 - 0x00007fffd9344000 	C:\Windows\SYSTEM32\WINMM.dll
0x00007fffe4a10000 - 0x00007fffe4a81000 	C:\Windows\System32\WS2_32.dll
0x00007fffe12f0000 - 0x00007fffe12fa000 	C:\Windows\SYSTEM32\VERSION.dll
0x00007fffe2340000 - 0x00007fffe2353000 	C:\Windows\SYSTEM32\UMPDC.dll
0x00007fffe0b10000 - 0x00007fffe0b28000 	C:\Windows\SYSTEM32\kernel.appcore.dll
0x00007fff73370000 - 0x00007fff7337a000 	C:\Program Files\Microsoft\jdk-17.0.8.7-hotspot\bin\jimage.dll
0x00007fffe23a0000 - 0x00007fffe25d3000 	C:\Windows\SYSTEM32\DBGHELP.DLL
0x00007fffe4400000 - 0x00007fffe4789000 	C:\Windows\System32\combase.dll
0x00007fffe3650000 - 0x00007fffe3727000 	C:\Windows\System32\OLEAUT32.dll
0x00007fffe2240000 - 0x00007fffe2272000 	C:\Windows\SYSTEM32\dbgcore.DLL
0x00007fffe3270000 - 0x00007fffe32ea000 	C:\Windows\System32\bcryptPrimitives.dll
0x00007fff7d8d0000 - 0x00007fff7d8de000 	C:\Program Files\Microsoft\jdk-17.0.8.7-hotspot\bin\instrument.dll
0x00007fff73340000 - 0x00007fff73365000 	C:\Program Files\Microsoft\jdk-17.0.8.7-hotspot\bin\java.dll
0x00007fff73260000 - 0x00007fff73337000 	C:\Program Files\Microsoft\jdk-17.0.8.7-hotspot\bin\jsvml.dll
0x00007fffe4c30000 - 0x00007fffe548a000 	C:\Windows\System32\SHELL32.dll
0x00007fffdfa30000 - 0x00007fffe0326000 	C:\Windows\SYSTEM32\windows.storage.dll
0x00007fffdf8f0000 - 0x00007fffdfa2e000 	C:\Windows\SYSTEM32\wintypes.dll
0x00007fffe4b30000 - 0x00007fffe4c23000 	C:\Windows\System32\SHCORE.dll
0x00007fffe3e30000 - 0x00007fffe3e8e000 	C:\Windows\System32\shlwapi.dll
0x00007fffe29b0000 - 0x00007fffe29d6000 	C:\Windows\SYSTEM32\profapi.dll
0x00007fff73200000 - 0x00007fff73218000 	C:\Program Files\Microsoft\jdk-17.0.8.7-hotspot\bin\zip.dll
0x00007fff73240000 - 0x00007fff73259000 	C:\Program Files\Microsoft\jdk-17.0.8.7-hotspot\bin\net.dll
0x00007fffdc0e0000 - 0x00007fffdc217000 	C:\Windows\SYSTEM32\WINHTTP.dll
0x00007fffe0ef0000 - 0x00007fffe0f59000 	C:\Windows\system32\mswsock.dll
0x00007fff73220000 - 0x00007fff73236000 	C:\Program Files\Microsoft\jdk-17.0.8.7-hotspot\bin\nio.dll
0x00007fff731f0000 - 0x00007fff73200000 	C:\Program Files\Microsoft\jdk-17.0.8.7-hotspot\bin\verify.dll
0x00007fff731c0000 - 0x00007fff731e7000 	C:\Users\Dell\.gradle\native\68d5fa5c4cc2d200863cafc0d521ce42e7d3e7ee720ec0a83991735586a16f82\windows-amd64\native-platform.dll
0x00007fff7d780000 - 0x00007fff7d8c4000 	C:\Users\Dell\.gradle\native\e376f236ea51e6404a007f0833ffe2c6e607c4080706a723a18a27aeea778392\windows-amd64\native-platform-file-events.dll
0x00007fff7d8f0000 - 0x00007fff7d8f9000 	C:\Program Files\Microsoft\jdk-17.0.8.7-hotspot\bin\management.dll
0x00007fff7d8e0000 - 0x00007fff7d8eb000 	C:\Program Files\Microsoft\jdk-17.0.8.7-hotspot\bin\management_ext.dll
0x00007fffe4a90000 - 0x00007fffe4a98000 	C:\Windows\System32\PSAPI.DLL
0x00007fffe26d0000 - 0x00007fffe26eb000 	C:\Windows\SYSTEM32\CRYPTSP.dll
0x00007fffe0a70000 - 0x00007fffe0aa5000 	C:\Windows\system32\rsaenh.dll
0x00007fffe0f90000 - 0x00007fffe0fbc000 	C:\Windows\SYSTEM32\USERENV.dll
0x00007fffe2280000 - 0x00007fffe22a8000 	C:\Windows\SYSTEM32\bcrypt.dll
0x00007fffe1220000 - 0x00007fffe122c000 	C:\Windows\SYSTEM32\CRYPTBASE.dll
0x00007fffe0620000 - 0x00007fffe064d000 	C:\Windows\SYSTEM32\IPHLPAPI.DLL
0x00007fffe3a90000 - 0x00007fffe3a99000 	C:\Windows\System32\NSI.dll
0x00007fffda4e0000 - 0x00007fffda4f9000 	C:\Windows\SYSTEM32\dhcpcsvc6.DLL
0x00007fffd8fb0000 - 0x00007fffd8fcf000 	C:\Windows\SYSTEM32\dhcpcsvc.DLL
0x00007fffe0650000 - 0x00007fffe0749000 	C:\Windows\SYSTEM32\DNSAPI.dll
0x00007fff7d770000 - 0x00007fff7d77e000 	C:\Program Files\Microsoft\jdk-17.0.8.7-hotspot\bin\sunmscapi.dll
0x00007fffe32f0000 - 0x00007fffe3456000 	C:\Windows\System32\CRYPT32.dll
0x00007fffe1c80000 - 0x00007fffe1cad000 	C:\Windows\SYSTEM32\ncrypt.dll
0x00007fffe1c40000 - 0x00007fffe1c77000 	C:\Windows\SYSTEM32\NTASN1.dll
0x00007fffcb3b0000 - 0x00007fffcb3b8000 	C:\Windows\system32\wshunix.dll
0x00007fffb32a0000 - 0x00007fffb32b7000 	C:\Windows\system32\napinsp.dll
0x00007fffb3280000 - 0x00007fffb329b000 	C:\Windows\system32\pnrpnsp.dll
0x00007fffb3260000 - 0x00007fffb3271000 	C:\Windows\System32\winrnr.dll
0x00007fffb8960000 - 0x00007fffb8975000 	C:\Windows\system32\wshbth.dll
0x00007fffb3230000 - 0x00007fffb3251000 	C:\Windows\system32\nlansp_c.dll
0x00007fffd86f0000 - 0x00007fffd86fa000 	C:\Windows\System32\rasadhlp.dll
0x00007fffd73f0000 - 0x00007fffd7473000 	C:\Windows\System32\fwpuclnt.dll

dbghelp: loaded successfully - version: 4.0.5 - missing functions: none
symbol engine: initialized successfully - sym options: 0x614 - pdb path: .;C:\Program Files\Microsoft\jdk-17.0.8.7-hotspot\bin;C:\Windows\SYSTEM32;C:\Windows\WinSxS\amd64_microsoft.windows.common-controls_6595b64144ccf1df_6.0.22621.2506_none_270c5ae97388e100;C:\Program Files\Microsoft\jdk-17.0.8.7-hotspot\bin\server;C:\Users\Dell\.gradle\native\68d5fa5c4cc2d200863cafc0d521ce42e7d3e7ee720ec0a83991735586a16f82\windows-amd64;C:\Users\Dell\.gradle\native\e376f236ea51e6404a007f0833ffe2c6e607c4080706a723a18a27aeea778392\windows-amd64

VM Arguments:
jvm_args: -XX:MaxMetaspaceSize=512m --add-opens=java.base/java.util=ALL-UNNAMED --add-opens=java.base/java.lang=ALL-UNNAMED --add-opens=java.base/java.lang.invoke=ALL-UNNAMED --add-opens=java.prefs/java.util.prefs=ALL-UNNAMED --add-opens=java.base/java.nio.charset=ALL-UNNAMED --add-opens=java.base/java.net=ALL-UNNAMED --add-opens=java.base/java.util.concurrent.atomic=ALL-UNNAMED -Xmx2048m -Dfile.encoding=windows-1252 -Duser.country=IN -Duser.language=en -Duser.variant -javaagent:C:\Users\Dell\.gradle\wrapper\dists\gradle-8.3-all\6en3ugtfdg5xnpx44z4qbwgas\gradle-8.3\lib\agents\gradle-instrumentation-agent-8.3.jar 
java_command: org.gradle.launcher.daemon.bootstrap.GradleDaemon 8.3
java_class_path (initial): C:\Users\Dell\.gradle\wrapper\dists\gradle-8.3-all\6en3ugtfdg5xnpx44z4qbwgas\gradle-8.3\lib\gradle-launcher-8.3.jar
Launcher Type: SUN_STANDARD

[Global flags]
     intx CICompilerCount                          = 4                                         {product} {ergonomic}
   size_t CompressedClassSpaceSize                 = 436207616                                 {product} {ergonomic}
     uint ConcGCThreads                            = 2                                         {product} {ergonomic}
     uint G1ConcRefinementThreads                  = 8                                         {product} {ergonomic}
   size_t G1HeapRegionSize                         = 1048576                                   {product} {ergonomic}
    uintx GCDrainStackTargetSize                   = 64                                        {product} {ergonomic}
   size_t InitialHeapSize                          = 132120576                                 {product} {ergonomic}
   size_t MarkStackSize                            = 4194304                                   {product} {ergonomic}
   size_t MaxHeapSize                              = 2147483648                                {product} {command line}
   size_t MaxMetaspaceSize                         = 536870912                                 {product} {command line}
   size_t MaxNewSize                               = 1287651328                                {product} {ergonomic}
   size_t MinHeapDeltaBytes                        = 1048576                                   {product} {ergonomic}
   size_t MinHeapSize                              = 8388608                                   {product} {ergonomic}
    uintx NonNMethodCodeHeapSize                   = 5839372                                {pd product} {ergonomic}
    uintx NonProfiledCodeHeapSize                  = 122909434                              {pd product} {ergonomic}
    uintx ProfiledCodeHeapSize                     = 122909434                              {pd product} {ergonomic}
    uintx ReservedCodeCacheSize                    = 251658240                              {pd product} {ergonomic}
     bool SegmentedCodeCache                       = true                                      {product} {ergonomic}
   size_t SoftMaxHeapSize                          = 2147483648                             {manageable} {ergonomic}
     bool UseCompressedClassPointers               = true                           {product lp64_product} {ergonomic}
     bool UseCompressedOops                        = true                           {product lp64_product} {ergonomic}
     bool UseG1GC                                  = true                                      {product} {ergonomic}
     bool UseLargePagesIndividualAllocation        = false                                  {pd product} {ergonomic}

Logging:
Log output configuration:
 #0: stdout all=warning uptime,level,tags
 #1: stderr all=off uptime,level,tags

Environment Variables:
JAVA_HOME=C:\Program Files\Microsoft\jdk-17.0.8.7-hotspot\
CLASSPATH=D:\Nabil\project\React-Native\AllCountries\android\\gradle\wrapper\gradle-wrapper.jar
PATH=D:\Nabil\project\React-Native\AllCountries\node_modules\.bin;D:\Nabil\project\React-Native\AllCountries\node_modules\.bin;D:\Nabil\project\React-Native\node_modules\.bin;D:\Nabil\project\node_modules\.bin;D:\Nabil\node_modules\.bin;D:\node_modules\.bin;C:\Program Files\nodejs\node_modules\npm\node_modules\@npmcli\run-script\lib\node-gyp-bin;C:\Program Files\Microsoft\jdk-17.0.8.7-hotspot\bin;C:\Python312\Scripts\;C:\Python312\;C:\Python311\Scripts\;C:\Python311\;C:\Windows\system32;C:\Windows;C:\Windows\System32\Wbem;C:\Windows\System32\WindowsPowerShell\v1.0\;C:\Windows\System32\OpenSSH\;C:\ProgramData\chocolatey\bin;C:\Program Files\dotnet\;C:\Program Files\Git\cmd;C:\Program Files\nodejs\;C:\Users\Dell\AppData\Local\Android\Sdk;C:\Users\Dell\AppData\Local\Android\Sdk\platform-tools;C:\Users\Dell\AppData\Local\Microsoft\WindowsApps;C:\Users\Dell\AppData\Local\Programs\Microsoft VS Code\bin;C:\Users\Dell\AppData\Roaming\npm;C:\Users\Dell\AppData\Local\Android\Sdk;C:\Users\Dell\AppData\Local\Android\Sdk\platform-tools;C:\Users\Dell\AppData\Local\Android\Sdk\emulator;C:\Users\Dell\AppData\Local\Android\Sdk\tools;C:\Users\Dell\AppData\Local\Android\Sdk\tools\bin;
USERNAME=Dell
LANG=en_US.UTF-8
OS=Windows_NT
PROCESSOR_IDENTIFIER=Intel64 Family 6 Model 142 Stepping 12, GenuineIntel
TMP=C:\Users\Dell\AppData\Local\Temp
TEMP=C:\Users\Dell\AppData\Local\Temp



---------------  S Y S T E M  ---------------

OS:
 Windows 11 , 64 bit Build 22621 (10.0.22621.2506)
OS uptime: 0 days 0:03 hours
Hyper-V role detected

CPU: total 8 (initial active 8) (4 cores per cpu, 2 threads per core) family 6 model 142 stepping 12 microcode 0xf8, cx8, cmov, fxsr, ht, mmx, 3dnowpref, sse, sse2, sse3, ssse3, sse4.1, sse4.2, popcnt, lzcnt, tsc, tscinvbit, avx, avx2, aes, erms, clmul, bmi1, bmi2, adx, fma, vzeroupper, clflush, clflushopt, hv
Processor Information for all 8 processors :
  Max Mhz: 2304, Current Mhz: 1803, Mhz Limit: 1797

Memory: 4k page, system-wide physical 7952M (973M free)
TotalPageFile size 16144M (AvailPageFile size 8698M)
current process WorkingSet (physical memory assigned to process): 517M, peak: 535M
current process commit charge ("private bytes"): 564M, peak: 583M

vm_info: OpenJDK 64-Bit Server VM (17.0.8+7-LTS) for windows-amd64 JRE (17.0.8+7-LTS), built on Jul  7 2023 17:21:55 by "MicrosoftCorporation" with MS VC++ 16.10 / 16.11 (VS2019)

END.
