#
# A fatal error has been detected by the Java Runtime Environment:
#
#  EXCEPTION_ACCESS_VIOLATION (0xc0000005) at pc=0x00007ff8c582b916, pid=18136, tid=17948
#
# JRE version: OpenJDK Runtime Environment Microsoft-8035246 (17.0.8+7) (build 17.0.8+7-LTS)
# Java VM: OpenJDK 64-Bit Server VM Microsoft-8035246 (17.0.8+7-LTS, mixed mode, sharing, tiered, compressed oops, compressed class ptrs, g1 gc, windows-amd64)
# Problematic frame:
# V  [jvm.dll+0x36b916]
#
# No core dump will be written. Minidumps are not enabled by default on client versions of Windows
#
# If you would like to submit a bug report, please visit:
#   https://github.com/microsoft/openjdk/issues
#

---------------  S U M M A R Y ------------

Command Line: -XX:MaxMetaspaceSize=512m --add-opens=java.base/java.util=ALL-UNNAMED --add-opens=java.base/java.lang=ALL-UNNAMED --add-opens=java.base/java.lang.invoke=ALL-UNNAMED --add-opens=java.prefs/java.util.prefs=ALL-UNNAMED --add-opens=java.base/java.nio.charset=ALL-UNNAMED --add-opens=java.base/java.net=ALL-UNNAMED --add-opens=java.base/java.util.concurrent.atomic=ALL-UNNAMED -Xmx2048m -Dfile.encoding=windows-1252 -Duser.country=IN -Duser.language=en -Duser.variant -javaagent:C:\Users\Dell\.gradle\wrapper\dists\gradle-8.3-all\6en3ugtfdg5xnpx44z4qbwgas\gradle-8.3\lib\agents\gradle-instrumentation-agent-8.3.jar org.gradle.launcher.daemon.bootstrap.GradleDaemon 8.3

Host: Intel(R) Core(TM) i7-10510U CPU @ 1.80GHz, 8 cores, 7G,  Windows 11 , 64 bit Build 22621 (10.0.22621.2506)
Time: Tue Jan  2 22:46:39 2024 India Standard Time elapsed time: 72.465596 seconds (0d 0h 1m 12s)

---------------  T H R E A D  ---------------

Current thread (0x00000274342fcc60):  JavaThread "C2 CompilerThread1" daemon [_thread_in_native, id=17948, stack(0x000000ed0da00000,0x000000ed0db00000)]


Current CompileTask:
C2:  72465 24257       4       org.objectweb.asm.ClassReader::readCode (5117 bytes)

Stack: [0x000000ed0da00000,0x000000ed0db00000],  sp=0x000000ed0dafb5b0,  free space=1005k
Native frames: (J=compiled Java code, j=interpreted, Vv=VM code, C=native code)
V  [jvm.dll+0x36b916]
V  [jvm.dll+0x368d3f]
V  [jvm.dll+0x6a34e7]
V  [jvm.dll+0x6a1f2a]
V  [jvm.dll+0x21b0f0]
V  [jvm.dll+0x21944b]
V  [jvm.dll+0x1a56b6]
V  [jvm.dll+0x2291ea]
V  [jvm.dll+0x22724c]
V  [jvm.dll+0x7efd0c]
V  [jvm.dll+0x7ea13a]
V  [jvm.dll+0x67ad85]
C  [ucrtbase.dll+0x29363]
C  [KERNEL32.DLL+0x1257d]
C  [ntdll.dll+0x5aa58]


siginfo: EXCEPTION_ACCESS_VIOLATION (0xc0000005), reading address 0xffffffffffffffff


Register to memory mapping:

RIP=0x00007ff8c582b916 jvm.dll
RAX=0x90007474ba1ef342 is an unknown value
RBX=0x00000274309f1318 points into unknown readable memory: 0x90007474ba1ef342 | 42 f3 1e ba 74 74 00 90
RCX=0x00000274309f1318 points into unknown readable memory: 0x90007474ba1ef342 | 42 f3 1e ba 74 74 00 90
RDX=0x0000000000000004 is an unknown value
RSP=0x000000ed0dafb5b0 is pointing into the stack for thread: 0x00000274342fcc60
RBP=0x00000000000000a5 is an unknown value
RSI=0x00000274329f13b8 points into unknown readable memory: 0x00007ff8c5d76770 | 70 67 d7 c5 f8 7f 00 00
RDI=0x0000000000000003 is an unknown value
R8 =0x0 is NULL
R9 =0x00000274329f1fb8 points into unknown readable memory: 0x00007ff8c5dd8780 | 80 87 dd c5 f8 7f 00 00
R10=0x0000000000007fff is an unknown value
R11=0x00000000000000af is an unknown value
R12=0x0 is NULL
R13=0x00000274725b57b0 points into unknown readable memory: 0x00007ff8c5e174b0 | b0 74 e1 c5 f8 7f 00 00
R14=0x00000274329f2028 points into unknown readable memory: 0x00007ff8c5ddcb80 | 80 cb dd c5 f8 7f 00 00
R15=0x00000274366102d0 points into unknown readable memory: 0x00007ff8c5e24018 | 18 40 e2 c5 f8 7f 00 00


Registers:
RAX=0x90007474ba1ef342, RBX=0x00000274309f1318, RCX=0x00000274309f1318, RDX=0x0000000000000004
RSP=0x000000ed0dafb5b0, RBP=0x00000000000000a5, RSI=0x00000274329f13b8, RDI=0x0000000000000003
R8 =0x0000000000000000, R9 =0x00000274329f1fb8, R10=0x0000000000007fff, R11=0x00000000000000af
R12=0x0000000000000000, R13=0x00000274725b57b0, R14=0x00000274329f2028, R15=0x00000274366102d0
RIP=0x00007ff8c582b916, EFLAGS=0x0000000000010206

Top of Stack: (sp=0x000000ed0dafb5b0)
0x000000ed0dafb5b0:   00000274725b57b0 0000000000000000
0x000000ed0dafb5c0:   000000ed0dafb830 000000ed0dafb830
0x000000ed0dafb5d0:   0000000000007930 00007ff8c5828d3f
0x000000ed0dafb5e0:   00000274329f2028 0000000000000f26
0x000000ed0dafb5f0:   000000ed0dafb830 0000000000000004
0x000000ed0dafb600:   0000000000000000 00007ff8c5b634e7
0x000000ed0dafb610:   000000ed0dafb830 0000000000007930
0x000000ed0dafb620:   00000274329f2028 000000ed0dafb830
0x000000ed0dafb630:   000000ed0dafb830 00007ff8c5b61f2a
0x000000ed0dafb640:   000000ed0dafe800 0000000000000f26
0x000000ed0dafb650:   00000274329f2028 00000274329eba18
0x000000ed0dafb660:   0000000000000050 00007ff8c5e04c28
0x000000ed0dafb670:   0000000000000020 00007ff8c56db0f0
0x000000ed0dafb680:   0000000000000000 00000274331d56e0
0x000000ed0dafb690:   000000ed0dafe800 000000ed0dafb780
0x000000ed0dafb6a0:   0000027407e34700 0000000000000000 

Instructions: (pc=0x00007ff8c582b916)
0x00007ff8c582b816:   f8 04 41 0f 94 c0 49 3b e9 75 0b b8 01 00 00 00
0x00007ff8c582b826:   41 2b c0 44 8b c0 48 8b 43 08 48 8b 57 50 8b 48
0x00007ff8c582b836:   28 48 8b 43 10 4c 8b 1c ca 8b 48 28 48 8b 04 ca
0x00007ff8c582b846:   4d 3b d9 75 16 48 3b 05 56 25 85 00 75 6a b8 01
0x00007ff8c582b856:   00 00 00 41 2b c0 44 8b c0 eb 0e 4c 3b 1d 40 25
0x00007ff8c582b866:   85 00 75 54 49 3b c1 75 4f 41 83 fa 02 75 0b b8
0x00007ff8c582b876:   01 00 00 00 41 2b c0 44 8b c0 45 85 c0 74 1a 48
0x00007ff8c582b886:   8b 1f 48 8b d7 49 8b cf e8 2d dc 42 00 48 8b d0
0x00007ff8c582b896:   48 8b cf ff 53 08 4c 8b f8 4c 8b cf 4d 8b c7 ba
0x00007ff8c582b8a6:   01 00 00 00 49 8b ce e8 ce 6e 33 00 48 8b 47 10
0x00007ff8c582b8b6:   ff 40 74 49 8b c6 eb 02 33 c0 48 8b 5c 24 40 48
0x00007ff8c582b8c6:   8b 6c 24 48 48 8b 74 24 50 48 83 c4 20 41 5f 41
0x00007ff8c582b8d6:   5e 5f c3 cc cc cc cc cc cc cc 48 89 5c 24 08 48
0x00007ff8c582b8e6:   89 6c 24 10 48 89 74 24 18 48 89 7c 24 20 41 56
0x00007ff8c582b8f6:   48 83 ec 20 48 8b 59 08 8b fa 48 8b 01 4c 8b f1
0x00007ff8c582b906:   48 8b f1 48 8b 1b ff 10 8b e8 48 8b 03 48 8b cb
0x00007ff8c582b916:   ff 10 3b c5 75 1f 49 8b 46 08 48 8b 53 08 48 8b
0x00007ff8c582b926:   48 08 48 39 4a 08 75 0d 48 8b 46 08 48 39 18 0f
0x00007ff8c582b936:   84 f7 00 00 00 85 ff 78 43 48 8b 43 08 ff cf 48
0x00007ff8c582b946:   8b f3 48 8b 08 48 85 c9 75 0d 48 8b cb e8 08 fb
0x00007ff8c582b956:   e4 ff 48 8b d8 eb 20 48 3b d9 74 05 48 8b d9 eb
0x00007ff8c582b966:   a9 8b 41 2c 3c e0 74 14 83 e0 7f 3c 60 75 2a 48
0x00007ff8c582b976:   8b 59 08 48 8b 5b 08 48 85 db 75 8e 33 c0 48 8b
0x00007ff8c582b986:   5c 24 30 48 8b 6c 24 38 48 8b 74 24 40 48 8b 7c
0x00007ff8c582b996:   24 48 48 83 c4 20 41 5e c3 83 79 18 03 75 dd 48
0x00007ff8c582b9a6:   8b 41 08 48 8b 58 08 48 85 db 74 d0 48 8b 40 10
0x00007ff8c582b9b6:   48 85 c0 74 c7 48 8b 5b 08 48 8b 1b 48 85 db 74
0x00007ff8c582b9c6:   bb 48 8b 40 08 48 8b 08 48 85 c9 74 af 8b 43 2c
0x00007ff8c582b9d6:   83 e0 07 3c 07 75 13 48 8b 5b 08 48 8b 1b 48 85
0x00007ff8c582b9e6:   db 74 07 48 8b 5b 08 48 8b 1b 8b 41 2c 83 e0 07
0x00007ff8c582b9f6:   3c 07 75 13 48 8b 41 08 48 8b 08 48 85 c9 74 07
0x00007ff8c582ba06:   48 8b 41 08 48 8b 08 48 85 db 0f 84 6c ff ff ff 


Stack slot to memory mapping:
stack at sp + 0 slots: 0x00000274725b57b0 points into unknown readable memory: 0x00007ff8c5e174b0 | b0 74 e1 c5 f8 7f 00 00
stack at sp + 1 slots: 0x0 is NULL
stack at sp + 2 slots: 0x000000ed0dafb830 is pointing into the stack for thread: 0x00000274342fcc60
stack at sp + 3 slots: 0x000000ed0dafb830 is pointing into the stack for thread: 0x00000274342fcc60
stack at sp + 4 slots: 0x0000000000007930 is an unknown value
stack at sp + 5 slots: 0x00007ff8c5828d3f jvm.dll
stack at sp + 6 slots: 0x00000274329f2028 points into unknown readable memory: 0x00007ff8c5ddcb80 | 80 cb dd c5 f8 7f 00 00
stack at sp + 7 slots: 0x0000000000000f26 is an unknown value


---------------  P R O C E S S  ---------------

Threads class SMR info:
_java_thread_list=0x000002744695e210, length=70, elements={
0x000002747259d0a0, 0x000002747f9e1630, 0x000002747f9e24b0, 0x000002747f9f5150,
0x000002747f9f6e80, 0x000002747f9f9950, 0x000002747f9fa310, 0x000002747f9fd0c0,
0x000002747f9fead0, 0x000002747fa014e0, 0x000002747fc066f0, 0x000002747fcacab0,
0x0000027431387d20, 0x0000027431cfca40, 0x0000027431178420, 0x000002743137b440,
0x0000027430e6a030, 0x0000027430d53e40, 0x0000027430d570e0, 0x0000027430d566c0,
0x0000027430d55280, 0x0000027430d54860, 0x0000027430d54d70, 0x0000027430d54350,
0x0000027430d55ca0, 0x0000027430d561b0, 0x0000027430d56bd0, 0x0000027430d575f0,
0x0000027431f22600, 0x0000027431f1df20, 0x0000027431f23f50, 0x0000027431f1ee50,
0x0000027431f1cff0, 0x0000027431f24460, 0x0000027431f21be0, 0x0000027431f1f360,
0x0000027431f220f0, 0x0000027431f1da10, 0x0000027440a5b500, 0x0000027440a5ba10,
0x00000274375f4050, 0x00000274375f5490, 0x00000274327c3bd0, 0x0000027440a5ce50,
0x0000027431e8b070, 0x0000027440a5c430, 0x0000027438b323c0, 0x00000274327c5010,
0x00000274327c40e0, 0x00000274327c4b00, 0x0000027435c61aa0, 0x0000027435c61590,
0x0000027435c62ee0, 0x00000274370b7390, 0x0000027432722950, 0x0000027432722e60,
0x00000274370b78a0, 0x0000027446943250, 0x0000027431e8b580, 0x0000027431e8ba90,
0x0000027431e8bfa0, 0x00000274381d7790, 0x00000274381d7ca0, 0x00000274381d81b0,
0x00000274381d8bd0, 0x00000274381d7280, 0x0000027436e7e060, 0x0000027436e7ef90,
0x0000027436e7f4a0, 0x00000274342fcc60
}

Java Threads: ( => current thread )
  0x000002747259d0a0 JavaThread "main" [_thread_blocked, id=18352, stack(0x000000ed0dc00000,0x000000ed0dd00000)]
  0x000002747f9e1630 JavaThread "Reference Handler" daemon [_thread_blocked, id=18964, stack(0x000000ed0e300000,0x000000ed0e400000)]
  0x000002747f9e24b0 JavaThread "Finalizer" daemon [_thread_blocked, id=19132, stack(0x000000ed0e400000,0x000000ed0e500000)]
  0x000002747f9f5150 JavaThread "Signal Dispatcher" daemon [_thread_blocked, id=19416, stack(0x000000ed0e500000,0x000000ed0e600000)]
  0x000002747f9f6e80 JavaThread "Attach Listener" daemon [_thread_blocked, id=12640, stack(0x000000ed0e600000,0x000000ed0e700000)]
  0x000002747f9f9950 JavaThread "Service Thread" daemon [_thread_blocked, id=9564, stack(0x000000ed0e700000,0x000000ed0e800000)]
  0x000002747f9fa310 JavaThread "Monitor Deflation Thread" daemon [_thread_blocked, id=18376, stack(0x000000ed0e800000,0x000000ed0e900000)]
  0x000002747f9fd0c0 JavaThread "C2 CompilerThread0" daemon [_thread_in_native, id=1704, stack(0x000000ed0e900000,0x000000ed0ea00000)]
  0x000002747f9fead0 JavaThread "C1 CompilerThread0" daemon [_thread_blocked, id=15524, stack(0x000000ed0ea00000,0x000000ed0eb00000)]
  0x000002747fa014e0 JavaThread "Sweeper thread" daemon [_thread_blocked, id=17176, stack(0x000000ed0eb00000,0x000000ed0ec00000)]
  0x000002747fc066f0 JavaThread "Common-Cleaner" daemon [_thread_blocked, id=11080, stack(0x000000ed0ec00000,0x000000ed0ed00000)]
  0x000002747fcacab0 JavaThread "Notification Thread" daemon [_thread_blocked, id=18876, stack(0x000000ed0ed00000,0x000000ed0ee00000)]
  0x0000027431387d20 JavaThread "Daemon health stats" [_thread_blocked, id=14248, stack(0x000000ed0f400000,0x000000ed0f500000)]
  0x0000027431cfca40 JavaThread "Incoming local TCP Connector on port 57529" [_thread_in_native, id=17124, stack(0x000000ed0f500000,0x000000ed0f600000)]
  0x0000027431178420 JavaThread "Daemon periodic checks" [_thread_blocked, id=16924, stack(0x000000ed0f600000,0x000000ed0f700000)]
  0x000002743137b440 JavaThread "Daemon" [_thread_blocked, id=1192, stack(0x000000ed0f700000,0x000000ed0f800000)]
  0x0000027430e6a030 JavaThread "Handler for socket connection from /127.0.0.1:57529 to /127.0.0.1:57530" [_thread_in_native, id=15712, stack(0x000000ed0f800000,0x000000ed0f900000)]
  0x0000027430d53e40 JavaThread "Cancel handler" [_thread_blocked, id=18240, stack(0x000000ed0f900000,0x000000ed0fa00000)]
  0x0000027430d570e0 JavaThread "Daemon worker" [_thread_blocked, id=1996, stack(0x000000ed0fa00000,0x000000ed0fb00000)]
  0x0000027430d566c0 JavaThread "Asynchronous log dispatcher for DefaultDaemonConnection: socket connection from /127.0.0.1:57529 to /127.0.0.1:57530" [_thread_blocked, id=13376, stack(0x000000ed0fb00000,0x000000ed0fc00000)]
  0x0000027430d55280 JavaThread "Stdin handler" [_thread_blocked, id=12372, stack(0x000000ed0fc00000,0x000000ed0fd00000)]
  0x0000027430d54860 JavaThread "Daemon client event forwarder" [_thread_blocked, id=8728, stack(0x000000ed0fd00000,0x000000ed0fe00000)]
  0x0000027430d54d70 JavaThread "Cache worker for journal cache (C:\Users\Dell\.gradle\caches\journal-1)" [_thread_blocked, id=16476, stack(0x000000ed0fe00000,0x000000ed0ff00000)]
  0x0000027430d54350 JavaThread "File lock request listener" [_thread_in_native, id=8864, stack(0x000000ed0ff00000,0x000000ed10000000)]
  0x0000027430d55ca0 JavaThread "Cache worker for file hash cache (C:\Users\Dell\.gradle\caches\8.3\fileHashes)" [_thread_blocked, id=9484, stack(0x000000ed10000000,0x000000ed10100000)]
  0x0000027430d561b0 JavaThread "File watcher server" daemon [_thread_in_native, id=17936, stack(0x000000ed10400000,0x000000ed10500000)]
  0x0000027430d56bd0 JavaThread "File watcher consumer" daemon [_thread_blocked, id=7952, stack(0x000000ed10500000,0x000000ed10600000)]
  0x0000027430d575f0 JavaThread "Cache worker for checksums cache (D:\Nabil\project\React-Native\AllCountries\android\.gradle\8.3\checksums)" [_thread_blocked, id=2784, stack(0x000000ed10600000,0x000000ed10700000)]
  0x0000027431f22600 JavaThread "Cache worker for file hash cache (D:\Nabil\project\React-Native\AllCountries\android\.gradle\8.3\fileHashes)" [_thread_blocked, id=19072, stack(0x000000ed10700000,0x000000ed10800000)]
  0x0000027431f1df20 JavaThread "Cache worker for cache directory md-supplier (C:\Users\Dell\.gradle\caches\8.3\md-supplier)" [_thread_blocked, id=15692, stack(0x000000ed10800000,0x000000ed10900000)]
  0x0000027431f23f50 JavaThread "Cache worker for file content cache (C:\Users\Dell\.gradle\caches\8.3\fileContent)" [_thread_blocked, id=880, stack(0x000000ed10900000,0x000000ed10a00000)]
  0x0000027431f1ee50 JavaThread "Cache worker for cache directory md-rule (C:\Users\Dell\.gradle\caches\8.3\md-rule)" [_thread_blocked, id=8140, stack(0x000000ed10b00000,0x000000ed10c00000)]
  0x0000027431f1cff0 JavaThread "Cache worker for execution history cache (C:\Users\Dell\.gradle\caches\8.3\executionHistory)" [_thread_blocked, id=13576, stack(0x000000ed10c00000,0x000000ed10d00000)]
  0x0000027431f24460 JavaThread "jar transforms" [_thread_blocked, id=1816, stack(0x000000ed10d00000,0x000000ed10e00000)]
  0x0000027431f21be0 JavaThread "jar transforms Thread 2" [_thread_in_Java, id=11748, stack(0x000000ed10e00000,0x000000ed10f00000)]
  0x0000027431f1f360 JavaThread "jar transforms Thread 3" [_thread_in_Java, id=6376, stack(0x000000ed10f00000,0x000000ed11000000)]
  0x0000027431f220f0 JavaThread "jar transforms Thread 4" [_thread_blocked, id=14392, stack(0x000000ed11000000,0x000000ed11100000)]
  0x0000027431f1da10 JavaThread "Cache worker for kotlin-dsl (C:\Users\Dell\.gradle\caches\8.3\kotlin-dsl)" [_thread_blocked, id=11804, stack(0x000000ed11100000,0x000000ed11200000)]
  0x0000027440a5b500 JavaThread "jar transforms Thread 5" [_thread_blocked, id=10340, stack(0x000000ed11400000,0x000000ed11500000)]
  0x0000027440a5ba10 JavaThread "jar transforms Thread 6" [_thread_blocked, id=12100, stack(0x000000ed11500000,0x000000ed11600000)]
  0x00000274375f4050 JavaThread "Unconstrained build operations" [_thread_blocked, id=3988, stack(0x000000ed11200000,0x000000ed11300000)]
  0x00000274375f5490 JavaThread "Unconstrained build operations Thread 2" [_thread_blocked, id=4852, stack(0x000000ed11700000,0x000000ed11800000)]
  0x00000274327c3bd0 JavaThread "jar transforms Thread 7" [_thread_blocked, id=6696, stack(0x000000ed0ef00000,0x000000ed0f000000)]
  0x0000027440a5ce50 JavaThread "jar transforms Thread 8" [_thread_blocked, id=18256, stack(0x000000ed11800000,0x000000ed11900000)]
  0x0000027431e8b070 JavaThread "Cache worker for dependencies-accessors (D:\Nabil\project\React-Native\AllCountries\android\.gradle\8.3\dependencies-accessors)" [_thread_blocked, id=19184, stack(0x000000ed11b00000,0x000000ed11c00000)]
  0x0000027440a5c430 JavaThread "Cache worker for Build Output Cleanup Cache (D:\Nabil\project\React-Native\AllCountries\node_modules\@react-native\gradle-plugin\.gradle\buildOutputCleanup)" [_thread_blocked, id=14548, stack(0x000000ed11c00000,0x000000ed11d00000)]
  0x0000027438b323c0 JavaThread "Kotlin DSL Writer" [_thread_blocked, id=11108, stack(0x000000ed11d00000,0x000000ed11e00000)]
  0x00000274327c5010 JavaThread "Unconstrained build operations Thread 3" [_thread_blocked, id=18228, stack(0x000000ed11e00000,0x000000ed11f00000)]
  0x00000274327c40e0 JavaThread "Unconstrained build operations Thread 4" [_thread_blocked, id=4304, stack(0x000000ed11f00000,0x000000ed12000000)]
  0x00000274327c4b00 JavaThread "Unconstrained build operations Thread 5" [_thread_blocked, id=16296, stack(0x000000ed12000000,0x000000ed12100000)]
  0x0000027435c61aa0 JavaThread "Unconstrained build operations Thread 6" [_thread_blocked, id=15636, stack(0x000000ed12100000,0x000000ed12200000)]
  0x0000027435c61590 JavaThread "Unconstrained build operations Thread 7" [_thread_blocked, id=14804, stack(0x000000ed12200000,0x000000ed12300000)]
  0x0000027435c62ee0 JavaThread "Unconstrained build operations Thread 8" [_thread_blocked, id=9916, stack(0x000000ed12300000,0x000000ed12400000)]
  0x00000274370b7390 JavaThread "Unconstrained build operations Thread 9" [_thread_blocked, id=17484, stack(0x000000ed12400000,0x000000ed12500000)]
  0x0000027432722950 JavaThread "Unconstrained build operations Thread 10" [_thread_blocked, id=18348, stack(0x000000ed12500000,0x000000ed12600000)]
  0x0000027432722e60 JavaThread "Unconstrained build operations Thread 11" [_thread_blocked, id=13436, stack(0x000000ed12600000,0x000000ed12700000)]
  0x00000274370b78a0 JavaThread "Unconstrained build operations Thread 12" [_thread_blocked, id=15812, stack(0x000000ed12700000,0x000000ed12800000)]
  0x0000027446943250 JavaThread "Unconstrained build operations Thread 13" [_thread_blocked, id=13184, stack(0x000000ed12800000,0x000000ed12900000)]
  0x0000027431e8b580 JavaThread "Unconstrained build operations Thread 14" [_thread_blocked, id=15364, stack(0x000000ed12900000,0x000000ed12a00000)]
  0x0000027431e8ba90 JavaThread "Unconstrained build operations Thread 15" [_thread_blocked, id=16928, stack(0x000000ed12a00000,0x000000ed12b00000)]
  0x0000027431e8bfa0 JavaThread "Unconstrained build operations Thread 16" [_thread_blocked, id=12196, stack(0x000000ed12b00000,0x000000ed12c00000)]
  0x00000274381d7790 JavaThread "Unconstrained build operations Thread 17" [_thread_blocked, id=2564, stack(0x000000ed12c00000,0x000000ed12d00000)]
  0x00000274381d7ca0 JavaThread "Unconstrained build operations Thread 18" [_thread_blocked, id=11144, stack(0x000000ed12d00000,0x000000ed12e00000)]
  0x00000274381d81b0 JavaThread "Unconstrained build operations Thread 19" [_thread_blocked, id=16524, stack(0x000000ed12e00000,0x000000ed12f00000)]
  0x00000274381d8bd0 JavaThread "Unconstrained build operations Thread 20" [_thread_blocked, id=2168, stack(0x000000ed12f00000,0x000000ed13000000)]
  0x00000274381d7280 JavaThread "Unconstrained build operations Thread 21" [_thread_blocked, id=18892, stack(0x000000ed13000000,0x000000ed13100000)]
  0x0000027436e7e060 JavaThread "Unconstrained build operations Thread 22" [_thread_blocked, id=14576, stack(0x000000ed13100000,0x000000ed13200000)]
  0x0000027436e7ef90 JavaThread "Unconstrained build operations Thread 23" [_thread_blocked, id=19136, stack(0x000000ed13200000,0x000000ed13300000)]
  0x0000027436e7f4a0 JavaThread "Unconstrained build operations Thread 24" [_thread_blocked, id=16364, stack(0x000000ed13300000,0x000000ed13400000)]
=>0x00000274342fcc60 JavaThread "C2 CompilerThread1" daemon [_thread_in_native, id=17948, stack(0x000000ed0da00000,0x000000ed0db00000)]

Other Threads:
  0x000002747f9dca10 VMThread "VM Thread" [stack: 0x000000ed0e200000,0x000000ed0e300000] [id=18956]
  0x0000027472623800 WatcherThread [stack: 0x000000ed0ee00000,0x000000ed0ef00000] [id=16244]
  0x00000274725f8850 GCTaskThread "GC Thread#0" [stack: 0x000000ed0dd00000,0x000000ed0de00000] [id=15908]
  0x0000027430846790 GCTaskThread "GC Thread#1" [stack: 0x000000ed0f000000,0x000000ed0f100000] [id=15860]
  0x00000274307990c0 GCTaskThread "GC Thread#2" [stack: 0x000000ed0f100000,0x000000ed0f200000] [id=7848]
  0x000002743086fa80 GCTaskThread "GC Thread#3" [stack: 0x000000ed0f200000,0x000000ed0f300000] [id=6568]
  0x00000274306f1490 GCTaskThread "GC Thread#4" [stack: 0x000000ed0f300000,0x000000ed0f400000] [id=17400]
  0x00000274312d95d0 GCTaskThread "GC Thread#5" [stack: 0x000000ed10100000,0x000000ed10200000] [id=11028]
  0x00000274312d9050 GCTaskThread "GC Thread#6" [stack: 0x000000ed10200000,0x000000ed10300000] [id=14172]
  0x00000274312da390 GCTaskThread "GC Thread#7" [stack: 0x000000ed10300000,0x000000ed10400000] [id=13396]
  0x00000274726097a0 ConcurrentGCThread "G1 Main Marker" [stack: 0x000000ed0de00000,0x000000ed0df00000] [id=12164]
  0x000002747260a1b0 ConcurrentGCThread "G1 Conc#0" [stack: 0x000000ed0df00000,0x000000ed0e000000] [id=15948]
  0x00000274312da910 ConcurrentGCThread "G1 Conc#1" [stack: 0x000000ed10a00000,0x000000ed10b00000] [id=14492]
  0x000002747f89b520 ConcurrentGCThread "G1 Refine#0" [stack: 0x000000ed0e000000,0x000000ed0e100000] [id=15756]
  0x000002747f89de70 ConcurrentGCThread "G1 Service" [stack: 0x000000ed0e100000,0x000000ed0e200000] [id=19156]

Threads with active compile tasks:
C2 CompilerThread0    72572 24219       4       org.gradle.internal.classpath.ClasspathWalker$ZipClasspathEntry::getPath (9 bytes)
C2 CompilerThread1    72572 24257       4       org.objectweb.asm.ClassReader::readCode (5117 bytes)

VM state: not at safepoint (normal execution)

VM Mutex/Monitor currently owned by a thread: None

Heap address: 0x0000000080000000, size: 2048 MB, Compressed Oops mode: 32-bit

CDS archive(s) mapped at: [0x0000027411000000-0x0000027411bd0000-0x0000027411bd0000), size 12386304, SharedBaseAddress: 0x0000027411000000, ArchiveRelocationMode: 1.
Compressed class space mapped at: 0x0000027412000000-0x000002742c000000, reserved size: 436207616
Narrow klass base: 0x0000027411000000, Narrow klass shift: 0, Narrow klass range: 0x100000000

GC Precious Log:
 CPUs: 8 total, 8 available
 Memory: 7952M
 Large Page Support: Disabled
 NUMA Support: Disabled
 Compressed Oops: Enabled (32-bit)
 Heap Region Size: 1M
 Heap Min Capacity: 8M
 Heap Initial Capacity: 126M
 Heap Max Capacity: 2G
 Pre-touch: Disabled
 Parallel Workers: 8
 Concurrent Workers: 2
 Concurrent Refinement Workers: 8
 Periodic GC: Disabled

Heap:
 garbage-first heap   total 295936K, used 219193K [0x0000000080000000, 0x0000000100000000)
  region size 1024K, 109 young (111616K), 5 survivors (5120K)
 Metaspace       used 137026K, committed 137792K, reserved 557056K
  class space    used 16443K, committed 16768K, reserved 425984K

Heap Regions: E=young(eden), S=young(survivor), O=old, HS=humongous(starts), HC=humongous(continues), CS=collection set, F=free, OA=open archive, CA=closed archive, TAMS=top-at-mark-start (previous, next)
|   0|0x0000000080000000, 0x0000000080100000, 0x0000000080100000|100%|HS|  |TAMS 0x0000000080100000, 0x0000000080000000| Complete 
|   1|0x0000000080100000, 0x0000000080200000, 0x0000000080200000|100%|HC|  |TAMS 0x0000000080200000, 0x0000000080100000| Complete 
|   2|0x0000000080200000, 0x0000000080300000, 0x0000000080300000|100%|HC|  |TAMS 0x0000000080300000, 0x0000000080200000| Complete 
|   3|0x0000000080300000, 0x0000000080400000, 0x0000000080400000|100%|HC|  |TAMS 0x0000000080400000, 0x0000000080300000| Complete 
|   4|0x0000000080400000, 0x0000000080500000, 0x0000000080500000|100%| O|  |TAMS 0x0000000080500000, 0x0000000080400000| Untracked 
|   5|0x0000000080500000, 0x0000000080600000, 0x0000000080600000|100%| O|  |TAMS 0x0000000080600000, 0x0000000080500000| Untracked 
|   6|0x0000000080600000, 0x0000000080700000, 0x0000000080700000|100%| O|  |TAMS 0x0000000080700000, 0x0000000080600000| Untracked 
|   7|0x0000000080700000, 0x0000000080800000, 0x0000000080800000|100%| O|  |TAMS 0x0000000080800000, 0x0000000080700000| Untracked 
|   8|0x0000000080800000, 0x0000000080900000, 0x0000000080900000|100%| O|  |TAMS 0x0000000080900000, 0x0000000080800000| Untracked 
|   9|0x0000000080900000, 0x0000000080a00000, 0x0000000080a00000|100%| O|  |TAMS 0x0000000080a00000, 0x0000000080900000| Untracked 
|  10|0x0000000080a00000, 0x0000000080b00000, 0x0000000080b00000|100%| O|  |TAMS 0x0000000080b00000, 0x0000000080a00000| Untracked 
|  11|0x0000000080b00000, 0x0000000080c00000, 0x0000000080c00000|100%| O|  |TAMS 0x0000000080c00000, 0x0000000080b00000| Untracked 
|  12|0x0000000080c00000, 0x0000000080d00000, 0x0000000080d00000|100%| O|  |TAMS 0x0000000080d00000, 0x0000000080c00000| Untracked 
|  13|0x0000000080d00000, 0x0000000080e00000, 0x0000000080e00000|100%| O|  |TAMS 0x0000000080e00000, 0x0000000080d00000| Untracked 
|  14|0x0000000080e00000, 0x0000000080f00000, 0x0000000080f00000|100%| O|  |TAMS 0x0000000080f00000, 0x0000000080e00000| Untracked 
|  15|0x0000000080f00000, 0x0000000081000000, 0x0000000081000000|100%| O|  |TAMS 0x0000000081000000, 0x0000000080f00000| Untracked 
|  16|0x0000000081000000, 0x0000000081100000, 0x0000000081100000|100%| O|  |TAMS 0x0000000081100000, 0x0000000081000000| Untracked 
|  17|0x0000000081100000, 0x0000000081200000, 0x0000000081200000|100%| O|  |TAMS 0x0000000081200000, 0x0000000081100000| Untracked 
|  18|0x0000000081200000, 0x0000000081300000, 0x0000000081300000|100%| O|  |TAMS 0x0000000081300000, 0x0000000081200000| Untracked 
|  19|0x0000000081300000, 0x00000000813d0000, 0x0000000081400000| 81%| O|  |TAMS 0x00000000813d0000, 0x0000000081300000| Untracked 
|  20|0x0000000081400000, 0x0000000081500000, 0x0000000081500000|100%| O|  |TAMS 0x0000000081500000, 0x0000000081400000| Untracked 
|  21|0x0000000081500000, 0x0000000081600000, 0x0000000081600000|100%| O|  |TAMS 0x0000000081600000, 0x0000000081500000| Untracked 
|  22|0x0000000081600000, 0x0000000081700000, 0x0000000081700000|100%| O|  |TAMS 0x0000000081700000, 0x0000000081600000| Untracked 
|  23|0x0000000081700000, 0x0000000081800000, 0x0000000081800000|100%| O|  |TAMS 0x0000000081800000, 0x0000000081700000| Untracked 
|  24|0x0000000081800000, 0x0000000081900000, 0x0000000081900000|100%| O|  |TAMS 0x0000000081900000, 0x0000000081800000| Untracked 
|  25|0x0000000081900000, 0x0000000081a00000, 0x0000000081a00000|100%| O|  |TAMS 0x0000000081a00000, 0x0000000081900000| Untracked 
|  26|0x0000000081a00000, 0x0000000081b00000, 0x0000000081b00000|100%| O|  |TAMS 0x0000000081b00000, 0x0000000081a00000| Untracked 
|  27|0x0000000081b00000, 0x0000000081b00000, 0x0000000081c00000|  0%| F|  |TAMS 0x0000000081b00000, 0x0000000081b00000| Untracked 
|  28|0x0000000081c00000, 0x0000000081d00000, 0x0000000081d00000|100%|HS|  |TAMS 0x0000000081d00000, 0x0000000081c00000| Complete 
|  29|0x0000000081d00000, 0x0000000081e00000, 0x0000000081e00000|100%| O|  |TAMS 0x0000000081e00000, 0x0000000081d00000| Untracked 
|  30|0x0000000081e00000, 0x0000000081e00000, 0x0000000081f00000|  0%| F|  |TAMS 0x0000000081e00000, 0x0000000081e00000| Untracked 
|  31|0x0000000081f00000, 0x0000000081f00000, 0x0000000082000000|  0%| F|  |TAMS 0x0000000081f00000, 0x0000000081f00000| Untracked 
|  32|0x0000000082000000, 0x0000000082100000, 0x0000000082100000|100%| O|  |TAMS 0x0000000082100000, 0x0000000082000000| Untracked 
|  33|0x0000000082100000, 0x0000000082200000, 0x0000000082200000|100%| O|  |TAMS 0x0000000082200000, 0x0000000082100000| Untracked 
|  34|0x0000000082200000, 0x0000000082300000, 0x0000000082300000|100%| O|  |TAMS 0x0000000082300000, 0x0000000082200000| Untracked 
|  35|0x0000000082300000, 0x0000000082400000, 0x0000000082400000|100%| O|  |TAMS 0x0000000082400000, 0x0000000082300000| Untracked 
|  36|0x0000000082400000, 0x0000000082500000, 0x0000000082500000|100%| O|  |TAMS 0x0000000082500000, 0x0000000082400000| Untracked 
|  37|0x0000000082500000, 0x0000000082500000, 0x0000000082600000|  0%| F|  |TAMS 0x0000000082500000, 0x0000000082500000| Untracked 
|  38|0x0000000082600000, 0x0000000082700000, 0x0000000082700000|100%| O|  |TAMS 0x0000000082700000, 0x0000000082600000| Untracked 
|  39|0x0000000082700000, 0x0000000082700000, 0x0000000082800000|  0%| F|  |TAMS 0x0000000082700000, 0x0000000082700000| Untracked 
|  40|0x0000000082800000, 0x0000000082800000, 0x0000000082900000|  0%| F|  |TAMS 0x0000000082800000, 0x0000000082800000| Untracked 
|  41|0x0000000082900000, 0x0000000082900000, 0x0000000082a00000|  0%| F|  |TAMS 0x0000000082900000, 0x0000000082900000| Untracked 
|  42|0x0000000082a00000, 0x0000000082a00000, 0x0000000082b00000|  0%| F|  |TAMS 0x0000000082a00000, 0x0000000082a00000| Untracked 
|  43|0x0000000082b00000, 0x0000000082b00000, 0x0000000082c00000|  0%| F|  |TAMS 0x0000000082b00000, 0x0000000082b00000| Untracked 
|  44|0x0000000082c00000, 0x0000000082d00000, 0x0000000082d00000|100%| O|  |TAMS 0x0000000082d00000, 0x0000000082c00000| Untracked 
|  45|0x0000000082d00000, 0x0000000082e00000, 0x0000000082e00000|100%| O|  |TAMS 0x0000000082e00000, 0x0000000082d00000| Untracked 
|  46|0x0000000082e00000, 0x0000000082f00000, 0x0000000082f00000|100%| O|  |TAMS 0x0000000082f00000, 0x0000000082e00000| Untracked 
|  47|0x0000000082f00000, 0x0000000083000000, 0x0000000083000000|100%| O|  |TAMS 0x0000000083000000, 0x0000000082f00000| Untracked 
|  48|0x0000000083000000, 0x0000000083100000, 0x0000000083100000|100%| O|  |TAMS 0x0000000083100000, 0x0000000083000000| Untracked 
|  49|0x0000000083100000, 0x0000000083200000, 0x0000000083200000|100%| O|  |TAMS 0x0000000083200000, 0x0000000083100000| Untracked 
|  50|0x0000000083200000, 0x0000000083300000, 0x0000000083300000|100%| O|  |TAMS 0x0000000083300000, 0x0000000083200000| Untracked 
|  51|0x0000000083300000, 0x0000000083400000, 0x0000000083400000|100%| O|  |TAMS 0x0000000083400000, 0x0000000083300000| Untracked 
|  52|0x0000000083400000, 0x0000000083500000, 0x0000000083500000|100%| O|  |TAMS 0x0000000083500000, 0x0000000083400000| Untracked 
|  53|0x0000000083500000, 0x0000000083600000, 0x0000000083600000|100%| O|  |TAMS 0x0000000083600000, 0x0000000083500000| Untracked 
|  54|0x0000000083600000, 0x0000000083700000, 0x0000000083700000|100%| O|  |TAMS 0x0000000083700000, 0x0000000083600000| Untracked 
|  55|0x0000000083700000, 0x0000000083800000, 0x0000000083800000|100%| O|  |TAMS 0x0000000083800000, 0x0000000083700000| Untracked 
|  56|0x0000000083800000, 0x0000000083900000, 0x0000000083900000|100%| O|  |TAMS 0x0000000083900000, 0x0000000083800000| Untracked 
|  57|0x0000000083900000, 0x0000000083a00000, 0x0000000083a00000|100%| O|  |TAMS 0x0000000083a00000, 0x0000000083900000| Untracked 
|  58|0x0000000083a00000, 0x0000000083b00000, 0x0000000083b00000|100%| O|  |TAMS 0x0000000083b00000, 0x0000000083a00000| Untracked 
|  59|0x0000000083b00000, 0x0000000083c00000, 0x0000000083c00000|100%| O|  |TAMS 0x0000000083c00000, 0x0000000083b00000| Untracked 
|  60|0x0000000083c00000, 0x0000000083d00000, 0x0000000083d00000|100%| O|  |TAMS 0x0000000083d00000, 0x0000000083c00000| Untracked 
|  61|0x0000000083d00000, 0x0000000083e00000, 0x0000000083e00000|100%| O|  |TAMS 0x0000000083e00000, 0x0000000083d00000| Untracked 
|  62|0x0000000083e00000, 0x0000000083f00000, 0x0000000083f00000|100%| O|  |TAMS 0x0000000083f00000, 0x0000000083e00000| Untracked 
|  63|0x0000000083f00000, 0x0000000084000000, 0x0000000084000000|100%| O|  |TAMS 0x0000000084000000, 0x0000000083f00000| Untracked 
|  64|0x0000000084000000, 0x0000000084100000, 0x0000000084100000|100%| O|  |TAMS 0x0000000084100000, 0x0000000084000000| Untracked 
|  65|0x0000000084100000, 0x0000000084200000, 0x0000000084200000|100%| O|  |TAMS 0x0000000084200000, 0x0000000084100000| Untracked 
|  66|0x0000000084200000, 0x0000000084300000, 0x0000000084300000|100%| O|  |TAMS 0x0000000084300000, 0x0000000084200000| Untracked 
|  67|0x0000000084300000, 0x0000000084400000, 0x0000000084400000|100%| O|  |TAMS 0x0000000084400000, 0x0000000084300000| Untracked 
|  68|0x0000000084400000, 0x0000000084400000, 0x0000000084500000|  0%| F|  |TAMS 0x0000000084400000, 0x0000000084400000| Untracked 
|  69|0x0000000084500000, 0x0000000084600000, 0x0000000084600000|100%| O|  |TAMS 0x0000000084600000, 0x0000000084500000| Untracked 
|  70|0x0000000084600000, 0x0000000084700000, 0x0000000084700000|100%| O|  |TAMS 0x0000000084700000, 0x0000000084600000| Untracked 
|  71|0x0000000084700000, 0x0000000084800000, 0x0000000084800000|100%| O|  |TAMS 0x0000000084800000, 0x0000000084700000| Untracked 
|  72|0x0000000084800000, 0x0000000084900000, 0x0000000084900000|100%| O|  |TAMS 0x0000000084900000, 0x0000000084800000| Untracked 
|  73|0x0000000084900000, 0x0000000084a00000, 0x0000000084a00000|100%| O|  |TAMS 0x0000000084a00000, 0x0000000084900000| Untracked 
|  74|0x0000000084a00000, 0x0000000084b00000, 0x0000000084b00000|100%| O|  |TAMS 0x0000000084b00000, 0x0000000084a00000| Untracked 
|  75|0x0000000084b00000, 0x0000000084c00000, 0x0000000084c00000|100%| O|  |TAMS 0x0000000084c00000, 0x0000000084b00000| Untracked 
|  76|0x0000000084c00000, 0x0000000084d00000, 0x0000000084d00000|100%| O|  |TAMS 0x0000000084d00000, 0x0000000084c00000| Untracked 
|  77|0x0000000084d00000, 0x0000000084e00000, 0x0000000084e00000|100%| O|  |TAMS 0x0000000084e00000, 0x0000000084d00000| Untracked 
|  78|0x0000000084e00000, 0x0000000084f00000, 0x0000000084f00000|100%| O|  |TAMS 0x0000000084f00000, 0x0000000084e00000| Untracked 
|  79|0x0000000084f00000, 0x0000000084f00000, 0x0000000085000000|  0%| F|  |TAMS 0x0000000084f00000, 0x0000000084f00000| Untracked 
|  80|0x0000000085000000, 0x0000000085000000, 0x0000000085100000|  0%| F|  |TAMS 0x0000000085000000, 0x0000000085000000| Untracked 
|  81|0x0000000085100000, 0x0000000085100000, 0x0000000085200000|  0%| F|  |TAMS 0x0000000085100000, 0x0000000085100000| Untracked 
|  82|0x0000000085200000, 0x0000000085300000, 0x0000000085300000|100%| O|  |TAMS 0x0000000085200000, 0x0000000085200000| Untracked 
|  83|0x0000000085300000, 0x0000000085400000, 0x0000000085400000|100%| O|  |TAMS 0x0000000085400000, 0x0000000085300000| Untracked 
|  84|0x0000000085400000, 0x0000000085400000, 0x0000000085500000|  0%| F|  |TAMS 0x0000000085400000, 0x0000000085400000| Untracked 
|  85|0x0000000085500000, 0x0000000085500000, 0x0000000085600000|  0%| F|  |TAMS 0x0000000085500000, 0x0000000085500000| Untracked 
|  86|0x0000000085600000, 0x0000000085600000, 0x0000000085700000|  0%| F|  |TAMS 0x0000000085600000, 0x0000000085600000| Untracked 
|  87|0x0000000085700000, 0x0000000085700000, 0x0000000085800000|  0%| F|  |TAMS 0x0000000085700000, 0x0000000085700000| Untracked 
|  88|0x0000000085800000, 0x0000000085800000, 0x0000000085900000|  0%| F|  |TAMS 0x0000000085800000, 0x0000000085800000| Untracked 
|  89|0x0000000085900000, 0x0000000085a00000, 0x0000000085a00000|100%| O|  |TAMS 0x0000000085a00000, 0x0000000085900000| Untracked 
|  90|0x0000000085a00000, 0x0000000085b00000, 0x0000000085b00000|100%|HS|  |TAMS 0x0000000085b00000, 0x0000000085a00000| Complete 
|  91|0x0000000085b00000, 0x0000000085c00000, 0x0000000085c00000|100%|HC|  |TAMS 0x0000000085c00000, 0x0000000085b00000| Complete 
|  92|0x0000000085c00000, 0x0000000085d00000, 0x0000000085d00000|100%|HC|  |TAMS 0x0000000085d00000, 0x0000000085c00000| Complete 
|  93|0x0000000085d00000, 0x0000000085e00000, 0x0000000085e00000|100%|HC|  |TAMS 0x0000000085e00000, 0x0000000085d00000| Complete 
|  94|0x0000000085e00000, 0x0000000085f00000, 0x0000000085f00000|100%|HC|  |TAMS 0x0000000085f00000, 0x0000000085e00000| Complete 
|  95|0x0000000085f00000, 0x0000000086000000, 0x0000000086000000|100%|HC|  |TAMS 0x0000000086000000, 0x0000000085f00000| Complete 
|  96|0x0000000086000000, 0x0000000086100000, 0x0000000086100000|100%| O|  |TAMS 0x0000000086100000, 0x0000000086000000| Untracked 
|  97|0x0000000086100000, 0x0000000086200000, 0x0000000086200000|100%| O|  |TAMS 0x0000000086200000, 0x0000000086100000| Untracked 
|  98|0x0000000086200000, 0x0000000086300000, 0x0000000086300000|100%| O|  |TAMS 0x0000000086300000, 0x0000000086200000| Untracked 
|  99|0x0000000086300000, 0x0000000086400000, 0x0000000086400000|100%| O|  |TAMS 0x0000000086400000, 0x0000000086300000| Untracked 
| 100|0x0000000086400000, 0x0000000086500000, 0x0000000086500000|100%| O|  |TAMS 0x0000000086500000, 0x0000000086400000| Untracked 
| 101|0x0000000086500000, 0x0000000086600000, 0x0000000086600000|100%| O|  |TAMS 0x0000000086600000, 0x0000000086500000| Untracked 
| 102|0x0000000086600000, 0x0000000086700000, 0x0000000086700000|100%| O|  |TAMS 0x0000000086700000, 0x0000000086600000| Untracked 
| 103|0x0000000086700000, 0x0000000086800000, 0x0000000086800000|100%| O|  |TAMS 0x0000000086800000, 0x0000000086700000| Untracked 
| 104|0x0000000086800000, 0x0000000086900000, 0x0000000086900000|100%| O|  |TAMS 0x0000000086900000, 0x0000000086800000| Untracked 
| 105|0x0000000086900000, 0x0000000086a00000, 0x0000000086a00000|100%| O|  |TAMS 0x0000000086a00000, 0x0000000086900000| Untracked 
| 106|0x0000000086a00000, 0x0000000086b00000, 0x0000000086b00000|100%|HS|  |TAMS 0x0000000086b00000, 0x0000000086a00000| Complete 
| 107|0x0000000086b00000, 0x0000000086c00000, 0x0000000086c00000|100%|HC|  |TAMS 0x0000000086c00000, 0x0000000086b00000| Complete 
| 108|0x0000000086c00000, 0x0000000086d00000, 0x0000000086d00000|100%| O|  |TAMS 0x0000000086d00000, 0x0000000086c00000| Untracked 
| 109|0x0000000086d00000, 0x0000000086e00000, 0x0000000086e00000|100%| O|  |TAMS 0x0000000086e00000, 0x0000000086d00000| Untracked 
| 110|0x0000000086e00000, 0x0000000086f00000, 0x0000000086f00000|100%| O|  |TAMS 0x0000000086f00000, 0x0000000086e00000| Untracked 
| 111|0x0000000086f00000, 0x0000000087000000, 0x0000000087000000|100%| O|  |TAMS 0x0000000087000000, 0x0000000086f00000| Untracked 
| 112|0x0000000087000000, 0x0000000087100000, 0x0000000087100000|100%| O|  |TAMS 0x0000000087055000, 0x0000000087000000| Untracked 
| 113|0x0000000087100000, 0x0000000087200000, 0x0000000087200000|100%|HS|  |TAMS 0x0000000087100000, 0x0000000087100000| Complete 
| 114|0x0000000087200000, 0x0000000087300000, 0x0000000087300000|100%|HC|  |TAMS 0x0000000087200000, 0x0000000087200000| Complete 
| 115|0x0000000087300000, 0x0000000087400000, 0x0000000087400000|100%|HC|  |TAMS 0x0000000087300000, 0x0000000087300000| Complete 
| 116|0x0000000087400000, 0x0000000087500000, 0x0000000087500000|100%|HC|  |TAMS 0x0000000087400000, 0x0000000087400000| Complete 
| 117|0x0000000087500000, 0x0000000087600000, 0x0000000087600000|100%| O|  |TAMS 0x0000000087500000, 0x0000000087500000| Untracked 
| 118|0x0000000087600000, 0x0000000087700000, 0x0000000087700000|100%| O|  |TAMS 0x0000000087700000, 0x0000000087600000| Untracked 
| 119|0x0000000087700000, 0x0000000087800000, 0x0000000087800000|100%| O|  |TAMS 0x0000000087700000, 0x0000000087700000| Untracked 
| 120|0x0000000087800000, 0x0000000087900000, 0x0000000087900000|100%| O|  |TAMS 0x0000000087900000, 0x0000000087800000| Untracked 
| 121|0x0000000087900000, 0x0000000087a00000, 0x0000000087a00000|100%| O|  |TAMS 0x0000000087a00000, 0x0000000087900000| Untracked 
| 122|0x0000000087a00000, 0x0000000087b00000, 0x0000000087b00000|100%| O|  |TAMS 0x0000000087b00000, 0x0000000087a00000| Untracked 
| 123|0x0000000087b00000, 0x0000000087c00000, 0x0000000087c00000|100%| O|  |TAMS 0x0000000087c00000, 0x0000000087b00000| Untracked 
| 124|0x0000000087c00000, 0x0000000087c7c000, 0x0000000087d00000| 48%| O|  |TAMS 0x0000000087c00000, 0x0000000087c00000| Untracked 
| 125|0x0000000087d00000, 0x0000000087d00000, 0x0000000087e00000|  0%| F|  |TAMS 0x0000000087d00000, 0x0000000087d00000| Untracked 
| 126|0x0000000087e00000, 0x0000000087e00000, 0x0000000087f00000|  0%| F|  |TAMS 0x0000000087e00000, 0x0000000087e00000| Untracked 
| 127|0x0000000087f00000, 0x0000000087f00000, 0x0000000088000000|  0%| F|  |TAMS 0x0000000087f00000, 0x0000000087f00000| Untracked 
| 128|0x0000000088000000, 0x0000000088000000, 0x0000000088100000|  0%| F|  |TAMS 0x0000000088000000, 0x0000000088000000| Untracked 
| 129|0x0000000088100000, 0x0000000088100000, 0x0000000088200000|  0%| F|  |TAMS 0x0000000088100000, 0x0000000088100000| Untracked 
| 130|0x0000000088200000, 0x0000000088200000, 0x0000000088300000|  0%| F|  |TAMS 0x0000000088200000, 0x0000000088200000| Untracked 
| 131|0x0000000088300000, 0x0000000088300000, 0x0000000088400000|  0%| F|  |TAMS 0x0000000088300000, 0x0000000088300000| Untracked 
| 132|0x0000000088400000, 0x0000000088400000, 0x0000000088500000|  0%| F|  |TAMS 0x0000000088400000, 0x0000000088400000| Untracked 
| 133|0x0000000088500000, 0x0000000088500000, 0x0000000088600000|  0%| F|  |TAMS 0x0000000088500000, 0x0000000088500000| Untracked 
| 134|0x0000000088600000, 0x0000000088600000, 0x0000000088700000|  0%| F|  |TAMS 0x0000000088600000, 0x0000000088600000| Untracked 
| 135|0x0000000088700000, 0x0000000088700000, 0x0000000088800000|  0%| F|  |TAMS 0x0000000088700000, 0x0000000088700000| Untracked 
| 136|0x0000000088800000, 0x0000000088800000, 0x0000000088900000|  0%| F|  |TAMS 0x0000000088800000, 0x0000000088800000| Untracked 
| 137|0x0000000088900000, 0x0000000088900000, 0x0000000088a00000|  0%| F|  |TAMS 0x0000000088900000, 0x0000000088900000| Untracked 
| 138|0x0000000088a00000, 0x0000000088a00000, 0x0000000088b00000|  0%| F|  |TAMS 0x0000000088a00000, 0x0000000088a00000| Untracked 
| 139|0x0000000088b00000, 0x0000000088bc2740, 0x0000000088c00000| 75%| S|CS|TAMS 0x0000000088b00000, 0x0000000088b00000| Complete 
| 140|0x0000000088c00000, 0x0000000088d00000, 0x0000000088d00000|100%| S|CS|TAMS 0x0000000088c00000, 0x0000000088c00000| Complete 
| 141|0x0000000088d00000, 0x0000000088d00000, 0x0000000088e00000|  0%| F|  |TAMS 0x0000000088d00000, 0x0000000088d00000| Untracked 
| 142|0x0000000088e00000, 0x0000000088e00000, 0x0000000088f00000|  0%| F|  |TAMS 0x0000000088e00000, 0x0000000088e00000| Untracked 
| 143|0x0000000088f00000, 0x0000000089000000, 0x0000000089000000|100%| S|CS|TAMS 0x0000000088f00000, 0x0000000088f00000| Complete 
| 144|0x0000000089000000, 0x0000000089100000, 0x0000000089100000|100%| S|CS|TAMS 0x0000000089000000, 0x0000000089000000| Complete 
| 145|0x0000000089100000, 0x0000000089200000, 0x0000000089200000|100%| S|CS|TAMS 0x0000000089100000, 0x0000000089100000| Complete 
| 146|0x0000000089200000, 0x0000000089200000, 0x0000000089300000|  0%| F|  |TAMS 0x0000000089200000, 0x0000000089200000| Untracked 
| 147|0x0000000089300000, 0x0000000089300000, 0x0000000089400000|  0%| F|  |TAMS 0x0000000089300000, 0x0000000089300000| Untracked 
| 148|0x0000000089400000, 0x0000000089400000, 0x0000000089500000|  0%| F|  |TAMS 0x0000000089400000, 0x0000000089400000| Untracked 
| 149|0x0000000089500000, 0x0000000089500000, 0x0000000089600000|  0%| F|  |TAMS 0x0000000089500000, 0x0000000089500000| Untracked 
| 150|0x0000000089600000, 0x0000000089600000, 0x0000000089700000|  0%| F|  |TAMS 0x0000000089600000, 0x0000000089600000| Untracked 
| 151|0x0000000089700000, 0x0000000089700000, 0x0000000089800000|  0%| F|  |TAMS 0x0000000089700000, 0x0000000089700000| Untracked 
| 152|0x0000000089800000, 0x0000000089800000, 0x0000000089900000|  0%| F|  |TAMS 0x0000000089800000, 0x0000000089800000| Untracked 
| 153|0x0000000089900000, 0x0000000089900000, 0x0000000089a00000|  0%| F|  |TAMS 0x0000000089900000, 0x0000000089900000| Untracked 
| 154|0x0000000089a00000, 0x0000000089a00000, 0x0000000089b00000|  0%| F|  |TAMS 0x0000000089a00000, 0x0000000089a00000| Untracked 
| 155|0x0000000089b00000, 0x0000000089b00000, 0x0000000089c00000|  0%| F|  |TAMS 0x0000000089b00000, 0x0000000089b00000| Untracked 
| 156|0x0000000089c00000, 0x0000000089c00000, 0x0000000089d00000|  0%| F|  |TAMS 0x0000000089c00000, 0x0000000089c00000| Untracked 
| 157|0x0000000089d00000, 0x0000000089d00000, 0x0000000089e00000|  0%| F|  |TAMS 0x0000000089d00000, 0x0000000089d00000| Untracked 
| 158|0x0000000089e00000, 0x0000000089e00000, 0x0000000089f00000|  0%| F|  |TAMS 0x0000000089e00000, 0x0000000089e00000| Untracked 
| 159|0x0000000089f00000, 0x0000000089f00000, 0x000000008a000000|  0%| F|  |TAMS 0x0000000089f00000, 0x0000000089f00000| Untracked 
| 160|0x000000008a000000, 0x000000008a000000, 0x000000008a100000|  0%| F|  |TAMS 0x000000008a000000, 0x000000008a000000| Untracked 
| 161|0x000000008a100000, 0x000000008a100000, 0x000000008a200000|  0%| F|  |TAMS 0x000000008a100000, 0x000000008a100000| Untracked 
| 162|0x000000008a200000, 0x000000008a200000, 0x000000008a300000|  0%| F|  |TAMS 0x000000008a200000, 0x000000008a200000| Untracked 
| 163|0x000000008a300000, 0x000000008a300000, 0x000000008a400000|  0%| F|  |TAMS 0x000000008a300000, 0x000000008a300000| Untracked 
| 164|0x000000008a400000, 0x000000008a400000, 0x000000008a500000|  0%| F|  |TAMS 0x000000008a400000, 0x000000008a400000| Untracked 
| 165|0x000000008a500000, 0x000000008a500000, 0x000000008a600000|  0%| F|  |TAMS 0x000000008a500000, 0x000000008a500000| Untracked 
| 166|0x000000008a600000, 0x000000008a600000, 0x000000008a700000|  0%| F|  |TAMS 0x000000008a600000, 0x000000008a600000| Untracked 
| 167|0x000000008a700000, 0x000000008a700000, 0x000000008a800000|  0%| F|  |TAMS 0x000000008a700000, 0x000000008a700000| Untracked 
| 168|0x000000008a800000, 0x000000008a800000, 0x000000008a900000|  0%| F|  |TAMS 0x000000008a800000, 0x000000008a800000| Untracked 
| 169|0x000000008a900000, 0x000000008a900000, 0x000000008aa00000|  0%| F|  |TAMS 0x000000008a900000, 0x000000008a900000| Untracked 
| 170|0x000000008aa00000, 0x000000008aa00000, 0x000000008ab00000|  0%| F|  |TAMS 0x000000008aa00000, 0x000000008aa00000| Untracked 
| 171|0x000000008ab00000, 0x000000008ab00000, 0x000000008ac00000|  0%| F|  |TAMS 0x000000008ab00000, 0x000000008ab00000| Untracked 
| 172|0x000000008ac00000, 0x000000008ac00000, 0x000000008ad00000|  0%| F|  |TAMS 0x000000008ac00000, 0x000000008ac00000| Untracked 
| 173|0x000000008ad00000, 0x000000008ad00000, 0x000000008ae00000|  0%| F|  |TAMS 0x000000008ad00000, 0x000000008ad00000| Untracked 
| 174|0x000000008ae00000, 0x000000008ae00000, 0x000000008af00000|  0%| F|  |TAMS 0x000000008ae00000, 0x000000008ae00000| Untracked 
| 175|0x000000008af00000, 0x000000008af00000, 0x000000008b000000|  0%| F|  |TAMS 0x000000008af00000, 0x000000008af00000| Untracked 
| 176|0x000000008b000000, 0x000000008b000000, 0x000000008b100000|  0%| F|  |TAMS 0x000000008b000000, 0x000000008b000000| Untracked 
| 177|0x000000008b100000, 0x000000008b100000, 0x000000008b200000|  0%| F|  |TAMS 0x000000008b100000, 0x000000008b100000| Untracked 
| 178|0x000000008b200000, 0x000000008b200000, 0x000000008b300000|  0%| F|  |TAMS 0x000000008b200000, 0x000000008b200000| Untracked 
| 179|0x000000008b300000, 0x000000008b300000, 0x000000008b400000|  0%| F|  |TAMS 0x000000008b300000, 0x000000008b300000| Untracked 
| 180|0x000000008b400000, 0x000000008b400000, 0x000000008b500000|  0%| F|  |TAMS 0x000000008b400000, 0x000000008b400000| Untracked 
| 181|0x000000008b500000, 0x000000008b500000, 0x000000008b600000|  0%| F|  |TAMS 0x000000008b500000, 0x000000008b500000| Untracked 
| 182|0x000000008b600000, 0x000000008b600000, 0x000000008b700000|  0%| F|  |TAMS 0x000000008b600000, 0x000000008b600000| Untracked 
| 183|0x000000008b700000, 0x000000008b780800, 0x000000008b800000| 50%| E|  |TAMS 0x000000008b700000, 0x000000008b700000| Complete 
| 184|0x000000008b800000, 0x000000008b900000, 0x000000008b900000|100%| E|CS|TAMS 0x000000008b800000, 0x000000008b800000| Complete 
| 185|0x000000008b900000, 0x000000008ba00000, 0x000000008ba00000|100%| E|CS|TAMS 0x000000008b900000, 0x000000008b900000| Complete 
| 186|0x000000008ba00000, 0x000000008bb00000, 0x000000008bb00000|100%| E|CS|TAMS 0x000000008ba00000, 0x000000008ba00000| Complete 
| 187|0x000000008bb00000, 0x000000008bc00000, 0x000000008bc00000|100%| E|CS|TAMS 0x000000008bb00000, 0x000000008bb00000| Complete 
| 188|0x000000008bc00000, 0x000000008bd00000, 0x000000008bd00000|100%| E|CS|TAMS 0x000000008bc00000, 0x000000008bc00000| Complete 
| 189|0x000000008bd00000, 0x000000008be00000, 0x000000008be00000|100%| E|CS|TAMS 0x000000008bd00000, 0x000000008bd00000| Complete 
| 190|0x000000008be00000, 0x000000008bf00000, 0x000000008bf00000|100%| E|CS|TAMS 0x000000008be00000, 0x000000008be00000| Complete 
| 191|0x000000008bf00000, 0x000000008c000000, 0x000000008c000000|100%| E|CS|TAMS 0x000000008bf00000, 0x000000008bf00000| Complete 
| 192|0x000000008c000000, 0x000000008c100000, 0x000000008c100000|100%| E|CS|TAMS 0x000000008c000000, 0x000000008c000000| Complete 
| 193|0x000000008c100000, 0x000000008c200000, 0x000000008c200000|100%| E|CS|TAMS 0x000000008c100000, 0x000000008c100000| Complete 
| 194|0x000000008c200000, 0x000000008c300000, 0x000000008c300000|100%| E|CS|TAMS 0x000000008c200000, 0x000000008c200000| Complete 
| 195|0x000000008c300000, 0x000000008c400000, 0x000000008c400000|100%| E|CS|TAMS 0x000000008c300000, 0x000000008c300000| Complete 
| 196|0x000000008c400000, 0x000000008c500000, 0x000000008c500000|100%| E|CS|TAMS 0x000000008c400000, 0x000000008c400000| Complete 
| 197|0x000000008c500000, 0x000000008c600000, 0x000000008c600000|100%| E|CS|TAMS 0x000000008c500000, 0x000000008c500000| Complete 
| 198|0x000000008c600000, 0x000000008c700000, 0x000000008c700000|100%| E|CS|TAMS 0x000000008c600000, 0x000000008c600000| Complete 
| 199|0x000000008c700000, 0x000000008c800000, 0x000000008c800000|100%| E|CS|TAMS 0x000000008c700000, 0x000000008c700000| Complete 
| 200|0x000000008c800000, 0x000000008c900000, 0x000000008c900000|100%| E|CS|TAMS 0x000000008c800000, 0x000000008c800000| Complete 
| 201|0x000000008c900000, 0x000000008ca00000, 0x000000008ca00000|100%| E|CS|TAMS 0x000000008c900000, 0x000000008c900000| Complete 
| 202|0x000000008ca00000, 0x000000008cb00000, 0x000000008cb00000|100%| E|CS|TAMS 0x000000008ca00000, 0x000000008ca00000| Complete 
| 203|0x000000008cb00000, 0x000000008cc00000, 0x000000008cc00000|100%| E|CS|TAMS 0x000000008cb00000, 0x000000008cb00000| Complete 
| 204|0x000000008cc00000, 0x000000008cd00000, 0x000000008cd00000|100%| E|CS|TAMS 0x000000008cc00000, 0x000000008cc00000| Complete 
| 205|0x000000008cd00000, 0x000000008ce00000, 0x000000008ce00000|100%| E|CS|TAMS 0x000000008cd00000, 0x000000008cd00000| Complete 
| 206|0x000000008ce00000, 0x000000008cf00000, 0x000000008cf00000|100%| E|CS|TAMS 0x000000008ce00000, 0x000000008ce00000| Complete 
| 207|0x000000008cf00000, 0x000000008d000000, 0x000000008d000000|100%| E|CS|TAMS 0x000000008cf00000, 0x000000008cf00000| Complete 
| 208|0x000000008d000000, 0x000000008d100000, 0x000000008d100000|100%| E|CS|TAMS 0x000000008d000000, 0x000000008d000000| Complete 
| 209|0x000000008d100000, 0x000000008d200000, 0x000000008d200000|100%| E|CS|TAMS 0x000000008d100000, 0x000000008d100000| Complete 
| 210|0x000000008d200000, 0x000000008d300000, 0x000000008d300000|100%| E|CS|TAMS 0x000000008d200000, 0x000000008d200000| Complete 
| 211|0x000000008d300000, 0x000000008d400000, 0x000000008d400000|100%| E|CS|TAMS 0x000000008d300000, 0x000000008d300000| Complete 
| 212|0x000000008d400000, 0x000000008d500000, 0x000000008d500000|100%| E|CS|TAMS 0x000000008d400000, 0x000000008d400000| Complete 
| 213|0x000000008d500000, 0x000000008d600000, 0x000000008d600000|100%| E|CS|TAMS 0x000000008d500000, 0x000000008d500000| Complete 
| 214|0x000000008d600000, 0x000000008d700000, 0x000000008d700000|100%| E|CS|TAMS 0x000000008d600000, 0x000000008d600000| Complete 
| 215|0x000000008d700000, 0x000000008d800000, 0x000000008d800000|100%| E|CS|TAMS 0x000000008d700000, 0x000000008d700000| Complete 
| 216|0x000000008d800000, 0x000000008d900000, 0x000000008d900000|100%| E|CS|TAMS 0x000000008d800000, 0x000000008d800000| Complete 
| 217|0x000000008d900000, 0x000000008da00000, 0x000000008da00000|100%| E|CS|TAMS 0x000000008d900000, 0x000000008d900000| Complete 
| 218|0x000000008da00000, 0x000000008db00000, 0x000000008db00000|100%| E|CS|TAMS 0x000000008da00000, 0x000000008da00000| Complete 
| 219|0x000000008db00000, 0x000000008dc00000, 0x000000008dc00000|100%| E|CS|TAMS 0x000000008db00000, 0x000000008db00000| Complete 
| 220|0x000000008dc00000, 0x000000008dd00000, 0x000000008dd00000|100%| E|CS|TAMS 0x000000008dc00000, 0x000000008dc00000| Complete 
| 221|0x000000008dd00000, 0x000000008de00000, 0x000000008de00000|100%| E|CS|TAMS 0x000000008dd00000, 0x000000008dd00000| Complete 
| 222|0x000000008de00000, 0x000000008df00000, 0x000000008df00000|100%| E|CS|TAMS 0x000000008de00000, 0x000000008de00000| Complete 
| 223|0x000000008df00000, 0x000000008e000000, 0x000000008e000000|100%| E|CS|TAMS 0x000000008df00000, 0x000000008df00000| Complete 
| 224|0x000000008e000000, 0x000000008e100000, 0x000000008e100000|100%| E|CS|TAMS 0x000000008e000000, 0x000000008e000000| Complete 
| 225|0x000000008e100000, 0x000000008e200000, 0x000000008e200000|100%| E|CS|TAMS 0x000000008e100000, 0x000000008e100000| Complete 
| 226|0x000000008e200000, 0x000000008e300000, 0x000000008e300000|100%| E|CS|TAMS 0x000000008e200000, 0x000000008e200000| Complete 
| 227|0x000000008e300000, 0x000000008e400000, 0x000000008e400000|100%| E|CS|TAMS 0x000000008e300000, 0x000000008e300000| Complete 
| 228|0x000000008e400000, 0x000000008e500000, 0x000000008e500000|100%| E|CS|TAMS 0x000000008e400000, 0x000000008e400000| Complete 
| 229|0x000000008e500000, 0x000000008e600000, 0x000000008e600000|100%| E|CS|TAMS 0x000000008e500000, 0x000000008e500000| Complete 
| 230|0x000000008e600000, 0x000000008e700000, 0x000000008e700000|100%| E|CS|TAMS 0x000000008e600000, 0x000000008e600000| Complete 
| 231|0x000000008e700000, 0x000000008e800000, 0x000000008e800000|100%| E|CS|TAMS 0x000000008e700000, 0x000000008e700000| Complete 
| 232|0x000000008e800000, 0x000000008e900000, 0x000000008e900000|100%| E|CS|TAMS 0x000000008e800000, 0x000000008e800000| Complete 
| 233|0x000000008e900000, 0x000000008ea00000, 0x000000008ea00000|100%| E|CS|TAMS 0x000000008e900000, 0x000000008e900000| Complete 
| 234|0x000000008ea00000, 0x000000008eb00000, 0x000000008eb00000|100%| E|CS|TAMS 0x000000008ea00000, 0x000000008ea00000| Complete 
| 235|0x000000008eb00000, 0x000000008ec00000, 0x000000008ec00000|100%| E|CS|TAMS 0x000000008eb00000, 0x000000008eb00000| Complete 
| 236|0x000000008ec00000, 0x000000008ed00000, 0x000000008ed00000|100%| E|CS|TAMS 0x000000008ec00000, 0x000000008ec00000| Complete 
| 237|0x000000008ed00000, 0x000000008ee00000, 0x000000008ee00000|100%| E|CS|TAMS 0x000000008ed00000, 0x000000008ed00000| Complete 
| 238|0x000000008ee00000, 0x000000008ef00000, 0x000000008ef00000|100%| E|CS|TAMS 0x000000008ee00000, 0x000000008ee00000| Complete 
| 239|0x000000008ef00000, 0x000000008f000000, 0x000000008f000000|100%| E|CS|TAMS 0x000000008ef00000, 0x000000008ef00000| Complete 
| 240|0x000000008f000000, 0x000000008f100000, 0x000000008f100000|100%| E|CS|TAMS 0x000000008f000000, 0x000000008f000000| Complete 
| 241|0x000000008f100000, 0x000000008f200000, 0x000000008f200000|100%| E|CS|TAMS 0x000000008f100000, 0x000000008f100000| Complete 
| 242|0x000000008f200000, 0x000000008f300000, 0x000000008f300000|100%| E|CS|TAMS 0x000000008f200000, 0x000000008f200000| Complete 
| 243|0x000000008f300000, 0x000000008f400000, 0x000000008f400000|100%| E|CS|TAMS 0x000000008f300000, 0x000000008f300000| Complete 
| 244|0x000000008f400000, 0x000000008f500000, 0x000000008f500000|100%| E|CS|TAMS 0x000000008f400000, 0x000000008f400000| Complete 
| 245|0x000000008f500000, 0x000000008f600000, 0x000000008f600000|100%| E|CS|TAMS 0x000000008f500000, 0x000000008f500000| Complete 
| 246|0x000000008f600000, 0x000000008f700000, 0x000000008f700000|100%| E|CS|TAMS 0x000000008f600000, 0x000000008f600000| Complete 
| 247|0x000000008f700000, 0x000000008f800000, 0x000000008f800000|100%| E|CS|TAMS 0x000000008f700000, 0x000000008f700000| Complete 
| 248|0x000000008f800000, 0x000000008f900000, 0x000000008f900000|100%| E|CS|TAMS 0x000000008f800000, 0x000000008f800000| Complete 
| 249|0x000000008f900000, 0x000000008fa00000, 0x000000008fa00000|100%| E|CS|TAMS 0x000000008f900000, 0x000000008f900000| Complete 
| 250|0x000000008fa00000, 0x000000008fb00000, 0x000000008fb00000|100%| E|CS|TAMS 0x000000008fa00000, 0x000000008fa00000| Complete 
| 251|0x000000008fb00000, 0x000000008fc00000, 0x000000008fc00000|100%| E|CS|TAMS 0x000000008fb00000, 0x000000008fb00000| Complete 
| 252|0x000000008fc00000, 0x000000008fd00000, 0x000000008fd00000|100%| E|CS|TAMS 0x000000008fc00000, 0x000000008fc00000| Complete 
| 253|0x000000008fd00000, 0x000000008fe00000, 0x000000008fe00000|100%| E|CS|TAMS 0x000000008fd00000, 0x000000008fd00000| Complete 
| 254|0x000000008fe00000, 0x000000008ff00000, 0x000000008ff00000|100%| E|CS|TAMS 0x000000008fe00000, 0x000000008fe00000| Complete 
| 255|0x000000008ff00000, 0x0000000090000000, 0x0000000090000000|100%| E|CS|TAMS 0x000000008ff00000, 0x000000008ff00000| Complete 
| 256|0x0000000090000000, 0x0000000090100000, 0x0000000090100000|100%| E|CS|TAMS 0x0000000090000000, 0x0000000090000000| Complete 
| 257|0x0000000090100000, 0x0000000090200000, 0x0000000090200000|100%| E|CS|TAMS 0x0000000090100000, 0x0000000090100000| Complete 
| 258|0x0000000090200000, 0x0000000090300000, 0x0000000090300000|100%| E|CS|TAMS 0x0000000090200000, 0x0000000090200000| Complete 
| 259|0x0000000090300000, 0x0000000090400000, 0x0000000090400000|100%| E|CS|TAMS 0x0000000090300000, 0x0000000090300000| Complete 
| 260|0x0000000090400000, 0x0000000090500000, 0x0000000090500000|100%| E|CS|TAMS 0x0000000090400000, 0x0000000090400000| Complete 
| 261|0x0000000090500000, 0x0000000090600000, 0x0000000090600000|100%| E|CS|TAMS 0x0000000090500000, 0x0000000090500000| Complete 
| 262|0x0000000090600000, 0x0000000090700000, 0x0000000090700000|100%| E|CS|TAMS 0x0000000090600000, 0x0000000090600000| Complete 
| 263|0x0000000090700000, 0x0000000090800000, 0x0000000090800000|100%| E|CS|TAMS 0x0000000090700000, 0x0000000090700000| Complete 
| 264|0x0000000090800000, 0x0000000090900000, 0x0000000090900000|100%| E|CS|TAMS 0x0000000090800000, 0x0000000090800000| Complete 
| 265|0x0000000090900000, 0x0000000090a00000, 0x0000000090a00000|100%| E|CS|TAMS 0x0000000090900000, 0x0000000090900000| Complete 
| 266|0x0000000090a00000, 0x0000000090b00000, 0x0000000090b00000|100%| E|CS|TAMS 0x0000000090a00000, 0x0000000090a00000| Complete 
| 267|0x0000000090b00000, 0x0000000090c00000, 0x0000000090c00000|100%| E|CS|TAMS 0x0000000090b00000, 0x0000000090b00000| Complete 
| 268|0x0000000090c00000, 0x0000000090d00000, 0x0000000090d00000|100%| E|CS|TAMS 0x0000000090c00000, 0x0000000090c00000| Complete 
| 269|0x0000000090d00000, 0x0000000090e00000, 0x0000000090e00000|100%| E|CS|TAMS 0x0000000090d00000, 0x0000000090d00000| Complete 
| 270|0x0000000090e00000, 0x0000000090f00000, 0x0000000090f00000|100%| E|CS|TAMS 0x0000000090e00000, 0x0000000090e00000| Complete 
| 271|0x0000000090f00000, 0x0000000091000000, 0x0000000091000000|100%| E|CS|TAMS 0x0000000090f00000, 0x0000000090f00000| Complete 
| 272|0x0000000091000000, 0x0000000091100000, 0x0000000091100000|100%| E|CS|TAMS 0x0000000091000000, 0x0000000091000000| Complete 
| 273|0x0000000091100000, 0x0000000091200000, 0x0000000091200000|100%| E|CS|TAMS 0x0000000091100000, 0x0000000091100000| Complete 
| 274|0x0000000091200000, 0x0000000091300000, 0x0000000091300000|100%| E|CS|TAMS 0x0000000091200000, 0x0000000091200000| Complete 
| 275|0x0000000091300000, 0x0000000091400000, 0x0000000091400000|100%| E|CS|TAMS 0x0000000091300000, 0x0000000091300000| Complete 
| 276|0x0000000091400000, 0x0000000091500000, 0x0000000091500000|100%| E|CS|TAMS 0x0000000091400000, 0x0000000091400000| Complete 
| 277|0x0000000091500000, 0x0000000091600000, 0x0000000091600000|100%| E|CS|TAMS 0x0000000091500000, 0x0000000091500000| Complete 
| 278|0x0000000091600000, 0x0000000091700000, 0x0000000091700000|100%| E|CS|TAMS 0x0000000091600000, 0x0000000091600000| Complete 
| 279|0x0000000091700000, 0x0000000091800000, 0x0000000091800000|100%| E|CS|TAMS 0x0000000091700000, 0x0000000091700000| Complete 
| 280|0x0000000091800000, 0x0000000091900000, 0x0000000091900000|100%| E|CS|TAMS 0x0000000091800000, 0x0000000091800000| Complete 
| 281|0x0000000091900000, 0x0000000091a00000, 0x0000000091a00000|100%| E|CS|TAMS 0x0000000091900000, 0x0000000091900000| Complete 
| 282|0x0000000091a00000, 0x0000000091b00000, 0x0000000091b00000|100%| E|CS|TAMS 0x0000000091a00000, 0x0000000091a00000| Complete 
| 283|0x0000000091b00000, 0x0000000091c00000, 0x0000000091c00000|100%| E|CS|TAMS 0x0000000091b00000, 0x0000000091b00000| Complete 
| 284|0x0000000091c00000, 0x0000000091d00000, 0x0000000091d00000|100%| E|CS|TAMS 0x0000000091c00000, 0x0000000091c00000| Complete 
| 285|0x0000000091d00000, 0x0000000091e00000, 0x0000000091e00000|100%| E|CS|TAMS 0x0000000091d00000, 0x0000000091d00000| Complete 
| 286|0x0000000091e00000, 0x0000000091f00000, 0x0000000091f00000|100%| E|CS|TAMS 0x0000000091e00000, 0x0000000091e00000| Complete 
| 349|0x0000000095d00000, 0x0000000095e00000, 0x0000000095e00000|100%| E|CS|TAMS 0x0000000095d00000, 0x0000000095d00000| Complete 
| 350|0x0000000095e00000, 0x0000000095f00000, 0x0000000095f00000|100%| E|CS|TAMS 0x0000000095e00000, 0x0000000095e00000| Complete 

Card table byte_map: [0x000002747a7c0000,0x000002747abc0000] _byte_map_base: 0x000002747a3c0000

Marking Bits (Prev, Next): (CMBitMap*) 0x00000274725f8eb0, (CMBitMap*) 0x00000274725f8e70
 Prev Bits: [0x000002747cfc0000, 0x000002747efc0000)
 Next Bits: [0x000002747afc0000, 0x000002747cfc0000)

Polling page: 0x0000027470520000

Metaspace:

Usage:
  Non-class:    117.76 MB used.
      Class:     16.06 MB used.
       Both:    133.82 MB used.

Virtual space:
  Non-class space:      128.00 MB reserved,     118.19 MB ( 92%) committed,  2 nodes.
      Class space:      416.00 MB reserved,      16.38 MB (  4%) committed,  1 nodes.
             Both:      544.00 MB reserved,     134.56 MB ( 25%) committed. 

Chunk freelists:
   Non-Class:  9.66 MB
       Class:  15.59 MB
        Both:  25.25 MB

MaxMetaspaceSize: 512.00 MB
CompressedClassSpaceSize: 416.00 MB
Initial GC threshold: 21.00 MB
Current GC threshold: 224.00 MB
CDS: on
MetaspaceReclaimPolicy: balanced
 - commit_granule_bytes: 65536.
 - commit_granule_words: 8192.
 - virtual_space_node_default_size: 8388608.
 - enlarge_chunks_in_place: 1.
 - new_chunks_are_fully_committed: 0.
 - uncommit_free_chunks: 1.
 - use_allocation_guard: 0.
 - handle_deallocations: 1.


Internal statistics:

num_allocs_failed_limit: 12.
num_arena_births: 930.
num_arena_deaths: 0.
num_vsnodes_births: 3.
num_vsnodes_deaths: 0.
num_space_committed: 2151.
num_space_uncommitted: 0.
num_chunks_returned_to_freelist: 12.
num_chunks_taken_from_freelist: 5716.
num_chunk_merges: 12.
num_chunk_splits: 4418.
num_chunks_enlarged: 3603.
num_inconsistent_stats: 0.

CodeHeap 'non-profiled nmethods': size=120000Kb used=13016Kb max_used=13506Kb free=106983Kb
 bounds [0x0000027407ad0000, 0x0000027408810000, 0x000002740f000000]
CodeHeap 'profiled nmethods': size=120000Kb used=45568Kb max_used=47115Kb free=74431Kb
 bounds [0x0000027400000000, 0x0000027402e40000, 0x0000027407530000]
CodeHeap 'non-nmethods': size=5760Kb used=2587Kb max_used=2701Kb free=3172Kb
 bounds [0x0000027407530000, 0x00000274077f0000, 0x0000027407ad0000]
 total_blobs=19789 nmethods=18643 adapters=1053
 compilation: enabled
              stopped_count=0, restarted_count=0
 full_count=0

Compilation events (20 events):
Event: 72.373 Thread 0x000002747f9fead0 24250 %     2       org.objectweb.asm.ClassReader::readCode @ 2036 (5117 bytes)
Event: 72.380 Thread 0x00000274342fcc60 nmethod 24248 0x0000027408347710 code [0x00000274083479c0, 0x0000027408349088]
Event: 72.380 Thread 0x00000274342fcc60 24251 %     4       sun.nio.cs.UTF_8$Encoder::encodeBufferLoop @ 5 (326 bytes)
Event: 72.396 Thread 0x000002747f9fead0 nmethod 24250% 0x000002740272e690 code [0x000002740272f3a0, 0x0000027402737b48]
Event: 72.397 Thread 0x000002747f9fead0 24253       3       java.util.stream.FindOps$FindOp::evaluateSequential (39 bytes)
Event: 72.397 Thread 0x000002747f9fead0 nmethod 24253 0x0000027400396310 code [0x0000027400396500, 0x0000027400396b28]
Event: 72.397 Thread 0x000002747f9fead0 24254 %     2       org.objectweb.asm.ClassReader::readCode @ 4683 (5117 bytes)
Event: 72.399 Thread 0x00000274342fcc60 nmethod 24251% 0x0000027407f54b90 code [0x0000027407f54de0, 0x0000027407f55840]
Event: 72.399 Thread 0x00000274342fcc60 24204       4       org.gradle.internal.classpath.InstrumentingTransformer$InstrumentingVisitor::visit (19 bytes)
Event: 72.413 Thread 0x00000274342fcc60 nmethod 24204 0x0000027407fcd490 code [0x0000027407fcd660, 0x0000027407fcdef0]
Event: 72.413 Thread 0x00000274342fcc60 24255       4       sun.nio.cs.UTF_8$Encoder::encodeBufferLoop (326 bytes)
Event: 72.415 Thread 0x000002747f9fead0 nmethod 24254% 0x0000027402d2fd10 code [0x0000027402d30a20, 0x0000027402d38b28]
Event: 72.426 Thread 0x00000274342fcc60 nmethod 24255 0x0000027407e34510 code [0x0000027407e34760, 0x0000027407e350e0]
Event: 72.426 Thread 0x00000274342fcc60 24257       4       org.objectweb.asm.ClassReader::readCode (5117 bytes)
Event: 72.443 Thread 0x000002747f9fd0c0 nmethod 24213 0x0000027408752310 code [0x00000274087526a0, 0x0000027408754d68]
Event: 72.443 Thread 0x000002747f9fd0c0 24226       4       org.gradle.internal.classpath.LambdaSerializationTransformer::visit (36 bytes)
Event: 72.453 Thread 0x000002747f9fd0c0 nmethod 24226 0x0000027407c18a90 code [0x0000027407c18c60, 0x0000027407c19530]
Event: 72.453 Thread 0x000002747f9fd0c0 24228       4       org.gradle.internal.classpath.InstrumentingTransformer$InstrumentingVisitor::visitEnd (16 bytes)
Event: 72.454 Thread 0x000002747f9fd0c0 nmethod 24228 0x0000027407da9610 code [0x0000027407da9780, 0x0000027407da9838]
Event: 72.454 Thread 0x000002747f9fd0c0 24229       4       org.gradle.internal.classpath.LambdaSerializationTransformer::visitEnd (28 bytes)

GC Heap History (20 events):
Event: 69.934 GC heap before
{Heap before GC invocations=98 (full 0):
 garbage-first heap   total 263168K, used 217342K [0x0000000080000000, 0x0000000100000000)
  region size 1024K, 103 young (105472K), 13 survivors (13312K)
 Metaspace       used 136781K, committed 137536K, reserved 557056K
  class space    used 16422K, committed 16768K, reserved 425984K
}
Event: 69.941 GC heap after
{Heap after GC invocations=99 (full 0):
 garbage-first heap   total 263168K, used 123741K [0x0000000080000000, 0x0000000100000000)
  region size 1024K, 5 young (5120K), 5 survivors (5120K)
 Metaspace       used 136781K, committed 137536K, reserved 557056K
  class space    used 16422K, committed 16768K, reserved 425984K
}
Event: 69.976 GC heap before
{Heap before GC invocations=99 (full 0):
 garbage-first heap   total 263168K, used 142173K [0x0000000080000000, 0x0000000100000000)
  region size 1024K, 24 young (24576K), 5 survivors (5120K)
 Metaspace       used 136799K, committed 137536K, reserved 557056K
  class space    used 16424K, committed 16768K, reserved 425984K
}
Event: 69.981 GC heap after
{Heap after GC invocations=100 (full 0):
 garbage-first heap   total 263168K, used 122935K [0x0000000080000000, 0x0000000100000000)
  region size 1024K, 4 young (4096K), 4 survivors (4096K)
 Metaspace       used 136799K, committed 137536K, reserved 557056K
  class space    used 16424K, committed 16768K, reserved 425984K
}
Event: 70.237 GC heap before
{Heap before GC invocations=101 (full 0):
 garbage-first heap   total 295936K, used 222263K [0x0000000080000000, 0x0000000100000000)
  region size 1024K, 99 young (101376K), 4 survivors (4096K)
 Metaspace       used 136916K, committed 137664K, reserved 557056K
  class space    used 16443K, committed 16768K, reserved 425984K
}
Event: 70.241 GC heap after
{Heap after GC invocations=102 (full 0):
 garbage-first heap   total 295936K, used 127012K [0x0000000080000000, 0x0000000100000000)
  region size 1024K, 5 young (5120K), 5 survivors (5120K)
 Metaspace       used 136916K, committed 137664K, reserved 557056K
  class space    used 16443K, committed 16768K, reserved 425984K
}
Event: 70.263 GC heap before
{Heap before GC invocations=102 (full 0):
 garbage-first heap   total 295936K, used 136228K [0x0000000080000000, 0x0000000100000000)
  region size 1024K, 14 young (14336K), 5 survivors (5120K)
 Metaspace       used 136919K, committed 137664K, reserved 557056K
  class space    used 16443K, committed 16768K, reserved 425984K
}
Event: 70.268 GC heap after
{Heap after GC invocations=103 (full 0):
 garbage-first heap   total 295936K, used 109714K [0x0000000080000000, 0x0000000100000000)
  region size 1024K, 1 young (1024K), 1 survivors (1024K)
 Metaspace       used 136919K, committed 137664K, reserved 557056K
  class space    used 16443K, committed 16768K, reserved 425984K
}
Event: 70.525 GC heap before
{Heap before GC invocations=103 (full 0):
 garbage-first heap   total 295936K, used 246930K [0x0000000080000000, 0x0000000100000000)
  region size 1024K, 136 young (139264K), 1 survivors (1024K)
 Metaspace       used 136933K, committed 137664K, reserved 557056K
  class space    used 16443K, committed 16768K, reserved 425984K
}
Event: 70.527 GC heap after
{Heap after GC invocations=104 (full 0):
 garbage-first heap   total 295936K, used 110414K [0x0000000080000000, 0x0000000100000000)
  region size 1024K, 2 young (2048K), 2 survivors (2048K)
 Metaspace       used 136933K, committed 137664K, reserved 557056K
  class space    used 16443K, committed 16768K, reserved 425984K
}
Event: 70.850 GC heap before
{Heap before GC invocations=104 (full 0):
 garbage-first heap   total 295936K, used 250702K [0x0000000080000000, 0x0000000100000000)
  region size 1024K, 139 young (142336K), 2 survivors (2048K)
 Metaspace       used 136959K, committed 137728K, reserved 557056K
  class space    used 16443K, committed 16768K, reserved 425984K
}
Event: 70.852 GC heap after
{Heap after GC invocations=105 (full 0):
 garbage-first heap   total 295936K, used 110310K [0x0000000080000000, 0x0000000100000000)
  region size 1024K, 2 young (2048K), 2 survivors (2048K)
 Metaspace       used 136959K, committed 137728K, reserved 557056K
  class space    used 16443K, committed 16768K, reserved 425984K
}
Event: 71.314 GC heap before
{Heap before GC invocations=105 (full 0):
 garbage-first heap   total 295936K, used 252646K [0x0000000080000000, 0x0000000100000000)
  region size 1024K, 141 young (144384K), 2 survivors (2048K)
 Metaspace       used 136990K, committed 137728K, reserved 557056K
  class space    used 16443K, committed 16768K, reserved 425984K
}
Event: 71.316 GC heap after
{Heap after GC invocations=106 (full 0):
 garbage-first heap   total 295936K, used 110667K [0x0000000080000000, 0x0000000100000000)
  region size 1024K, 2 young (2048K), 2 survivors (2048K)
 Metaspace       used 136990K, committed 137728K, reserved 557056K
  class space    used 16443K, committed 16768K, reserved 425984K
}
Event: 71.759 GC heap before
{Heap before GC invocations=106 (full 0):
 garbage-first heap   total 295936K, used 255051K [0x0000000080000000, 0x0000000100000000)
  region size 1024K, 143 young (146432K), 2 survivors (2048K)
 Metaspace       used 137007K, committed 137728K, reserved 557056K
  class space    used 16443K, committed 16768K, reserved 425984K
}
Event: 71.762 GC heap after
{Heap after GC invocations=107 (full 0):
 garbage-first heap   total 295936K, used 111411K [0x0000000080000000, 0x0000000100000000)
  region size 1024K, 3 young (3072K), 3 survivors (3072K)
 Metaspace       used 137007K, committed 137728K, reserved 557056K
  class space    used 16443K, committed 16768K, reserved 425984K
}
Event: 72.050 GC heap before
{Heap before GC invocations=107 (full 0):
 garbage-first heap   total 295936K, used 255795K [0x0000000080000000, 0x0000000100000000)
  region size 1024K, 144 young (147456K), 3 survivors (3072K)
 Metaspace       used 137023K, committed 137792K, reserved 557056K
  class space    used 16443K, committed 16768K, reserved 425984K
}
Event: 72.053 GC heap after
{Heap after GC invocations=108 (full 0):
 garbage-first heap   total 295936K, used 112463K [0x0000000080000000, 0x0000000100000000)
  region size 1024K, 4 young (4096K), 4 survivors (4096K)
 Metaspace       used 137023K, committed 137792K, reserved 557056K
  class space    used 16443K, committed 16768K, reserved 425984K
}
Event: 72.315 GC heap before
{Heap before GC invocations=108 (full 0):
 garbage-first heap   total 295936K, used 256847K [0x0000000080000000, 0x0000000100000000)
  region size 1024K, 145 young (148480K), 4 survivors (4096K)
 Metaspace       used 137025K, committed 137792K, reserved 557056K
  class space    used 16443K, committed 16768K, reserved 425984K
}
Event: 72.318 GC heap after
{Heap after GC invocations=109 (full 0):
 garbage-first heap   total 295936K, used 113721K [0x0000000080000000, 0x0000000100000000)
  region size 1024K, 5 young (5120K), 5 survivors (5120K)
 Metaspace       used 137025K, committed 137792K, reserved 557056K
  class space    used 16443K, committed 16768K, reserved 425984K
}

Dll operation events (14 events):
Event: 0.016 Loaded shared library C:\Program Files\Microsoft\jdk-17.0.8.7-hotspot\bin\java.dll
Event: 0.035 Loaded shared library C:\Program Files\Microsoft\jdk-17.0.8.7-hotspot\bin\jsvml.dll
Event: 0.085 Loaded shared library C:\Program Files\Microsoft\jdk-17.0.8.7-hotspot\bin\zip.dll
Event: 0.101 Loaded shared library C:\Program Files\Microsoft\jdk-17.0.8.7-hotspot\bin\instrument.dll
Event: 0.108 Loaded shared library C:\Program Files\Microsoft\jdk-17.0.8.7-hotspot\bin\net.dll
Event: 0.111 Loaded shared library C:\Program Files\Microsoft\jdk-17.0.8.7-hotspot\bin\nio.dll
Event: 0.117 Loaded shared library C:\Program Files\Microsoft\jdk-17.0.8.7-hotspot\bin\zip.dll
Event: 0.316 Loaded shared library C:\Program Files\Microsoft\jdk-17.0.8.7-hotspot\bin\jimage.dll
Event: 0.390 Loaded shared library C:\Program Files\Microsoft\jdk-17.0.8.7-hotspot\bin\verify.dll
Event: 0.578 Loaded shared library C:\Users\Dell\.gradle\native\68d5fa5c4cc2d200863cafc0d521ce42e7d3e7ee720ec0a83991735586a16f82\windows-amd64\native-platform.dll
Event: 0.602 Loaded shared library C:\Users\Dell\.gradle\native\e376f236ea51e6404a007f0833ffe2c6e607c4080706a723a18a27aeea778392\windows-amd64\native-platform-file-events.dll
Event: 1.611 Loaded shared library C:\Program Files\Microsoft\jdk-17.0.8.7-hotspot\bin\management.dll
Event: 1.614 Loaded shared library C:\Program Files\Microsoft\jdk-17.0.8.7-hotspot\bin\management_ext.dll
Event: 2.086 Loaded shared library C:\Program Files\Microsoft\jdk-17.0.8.7-hotspot\bin\sunmscapi.dll

Deoptimization events (20 events):
Event: 72.373 Thread 0x0000027431f1f360 Uncommon trap: trap_request=0xffffffc6 fr.pc=0x00000274087b4518 relative=0x0000000000008df8
Event: 72.373 Thread 0x0000027431f1f360 Uncommon trap: reason=bimorphic_or_optimized_type_check action=maybe_recompile pc=0x00000274087b4518 method=org.objectweb.asm.ClassReader.readCode(Lorg/objectweb/asm/MethodVisitor;Lorg/objectweb/asm/Context;I)V @ 3615 c2
Event: 72.373 Thread 0x0000027431f1f360 DEOPT PACKING pc=0x00000274087b4518 sp=0x000000ed10ffe470
Event: 72.373 Thread 0x0000027431f1f360 DEOPT UNPACKING pc=0x00000274075869a3 sp=0x000000ed10ffe3f8 mode 2
Event: 72.399 Thread 0x0000027431f1f360 DEOPT PACKING pc=0x00000274001d346d sp=0x000000ed10ffe570
Event: 72.399 Thread 0x0000027431f1f360 DEOPT UNPACKING pc=0x0000027407587143 sp=0x000000ed10ffda48 mode 0
Event: 72.402 Thread 0x0000027431f1f360 DEOPT PACKING pc=0x00000274001d346d sp=0x000000ed10ffe570
Event: 72.402 Thread 0x0000027431f1f360 DEOPT UNPACKING pc=0x0000027407587143 sp=0x000000ed10ffda48 mode 0
Event: 72.406 Thread 0x0000027431f21be0 DEOPT PACKING pc=0x00000274001d346d sp=0x000000ed10efe940
Event: 72.406 Thread 0x0000027431f21be0 DEOPT UNPACKING pc=0x0000027407587143 sp=0x000000ed10efde18 mode 0
Event: 72.410 Thread 0x0000027431f1f360 DEOPT PACKING pc=0x00000274001d346d sp=0x000000ed10ffe570
Event: 72.410 Thread 0x0000027431f1f360 DEOPT UNPACKING pc=0x0000027407587143 sp=0x000000ed10ffda48 mode 0
Event: 72.414 Thread 0x0000027431f1f360 DEOPT PACKING pc=0x00000274001d346d sp=0x000000ed10ffe620
Event: 72.414 Thread 0x0000027431f1f360 DEOPT UNPACKING pc=0x0000027407587143 sp=0x000000ed10ffdaf8 mode 0
Event: 72.418 Thread 0x0000027431f21be0 DEOPT PACKING pc=0x00000274001d346d sp=0x000000ed10efe890
Event: 72.418 Thread 0x0000027431f21be0 DEOPT UNPACKING pc=0x0000027407587143 sp=0x000000ed10efdd68 mode 0
Event: 72.421 Thread 0x0000027431f21be0 DEOPT PACKING pc=0x00000274001d346d sp=0x000000ed10efe940
Event: 72.421 Thread 0x0000027431f21be0 DEOPT UNPACKING pc=0x0000027407587143 sp=0x000000ed10efde18 mode 0
Event: 72.425 Thread 0x0000027431f21be0 DEOPT PACKING pc=0x00000274001d346d sp=0x000000ed10efe940
Event: 72.425 Thread 0x0000027431f21be0 DEOPT UNPACKING pc=0x0000027407587143 sp=0x000000ed10efde18 mode 0

Classes unloaded (0 events):
No events

Classes redefined (0 events):
No events

Internal exceptions (20 events):
Event: 70.368 Thread 0x0000027431f24460 Exception <a 'sun/nio/fs/WindowsException'{0x000000008ec36ce0}> (0x000000008ec36ce0) 
thrown [s\src\hotspot\share\prims\jni.cpp, line 516]
Event: 70.375 Thread 0x0000027431f24460 Exception <a 'sun/nio/fs/WindowsException'{0x000000008e9d7638}> (0x000000008e9d7638) 
thrown [s\src\hotspot\share\prims\jni.cpp, line 516]
Event: 70.506 Thread 0x00000274327c3bd0 Exception <a 'sun/nio/fs/WindowsException'{0x000000008a215768}> (0x000000008a215768) 
thrown [s\src\hotspot\share\prims\jni.cpp, line 516]
Event: 70.507 Thread 0x00000274327c3bd0 Exception <a 'sun/nio/fs/WindowsException'{0x000000008a215920}> (0x000000008a215920) 
thrown [s\src\hotspot\share\prims\jni.cpp, line 516]
Event: 70.511 Thread 0x00000274327c3bd0 Exception <a 'sun/nio/fs/WindowsException'{0x000000008a21a9c0}> (0x000000008a21a9c0) 
thrown [s\src\hotspot\share\prims\jni.cpp, line 516]
Event: 70.580 Thread 0x00000274327c3bd0 Exception <a 'sun/nio/fs/WindowsException'{0x0000000090205b40}> (0x0000000090205b40) 
thrown [s\src\hotspot\share\prims\jni.cpp, line 516]
Event: 70.581 Thread 0x00000274327c3bd0 Exception <a 'sun/nio/fs/WindowsException'{0x0000000090205d00}> (0x0000000090205d00) 
thrown [s\src\hotspot\share\prims\jni.cpp, line 516]
Event: 70.581 Thread 0x0000027440a5ce50 Exception <a 'sun/nio/fs/WindowsException'{0x00000000902fccf8}> (0x00000000902fccf8) 
thrown [s\src\hotspot\share\prims\jni.cpp, line 516]
Event: 70.583 Thread 0x0000027440a5ce50 Exception <a 'sun/nio/fs/WindowsException'{0x00000000902fcec0}> (0x00000000902fcec0) 
thrown [s\src\hotspot\share\prims\jni.cpp, line 516]
Event: 70.583 Thread 0x0000027440a5ba10 Exception <a 'sun/nio/fs/WindowsException'{0x00000000902765d0}> (0x00000000902765d0) 
thrown [s\src\hotspot\share\prims\jni.cpp, line 516]
Event: 70.586 Thread 0x0000027440a5ba10 Exception <a 'sun/nio/fs/WindowsException'{0x0000000090276788}> (0x0000000090276788) 
thrown [s\src\hotspot\share\prims\jni.cpp, line 516]
Event: 70.587 Thread 0x00000274327c3bd0 Exception <a 'sun/nio/fs/WindowsException'{0x000000009020ae00}> (0x000000009020ae00) 
thrown [s\src\hotspot\share\prims\jni.cpp, line 516]
Event: 70.632 Thread 0x0000027440a5b500 Exception <a 'sun/nio/fs/WindowsException'{0x000000008e733880}> (0x000000008e733880) 
thrown [s\src\hotspot\share\prims\jni.cpp, line 516]
Event: 70.633 Thread 0x0000027440a5b500 Exception <a 'sun/nio/fs/WindowsException'{0x000000008e733a28}> (0x000000008e733a28) 
thrown [s\src\hotspot\share\prims\jni.cpp, line 516]
Event: 70.654 Thread 0x00000274327c3bd0 Exception <a 'sun/nio/fs/WindowsException'{0x000000008ddeb6c8}> (0x000000008ddeb6c8) 
thrown [s\src\hotspot\share\prims\jni.cpp, line 516]
Event: 70.655 Thread 0x00000274327c3bd0 Exception <a 'sun/nio/fs/WindowsException'{0x000000008ddeb890}> (0x000000008ddeb890) 
thrown [s\src\hotspot\share\prims\jni.cpp, line 516]
Event: 70.955 Thread 0x0000027431f24460 Exception <a 'sun/nio/fs/WindowsException'{0x000000008fc9e6a0}> (0x000000008fc9e6a0) 
thrown [s\src\hotspot\share\prims\jni.cpp, line 516]
Event: 70.956 Thread 0x0000027431f24460 Exception <a 'sun/nio/fs/WindowsException'{0x000000008fc9e878}> (0x000000008fc9e878) 
thrown [s\src\hotspot\share\prims\jni.cpp, line 516]
Event: 71.327 Thread 0x0000027431f220f0 Exception <a 'sun/nio/fs/WindowsException'{0x0000000091a54618}> (0x0000000091a54618) 
thrown [s\src\hotspot\share\prims\jni.cpp, line 516]
Event: 71.328 Thread 0x0000027431f220f0 Exception <a 'sun/nio/fs/WindowsException'{0x0000000091a54800}> (0x0000000091a54800) 
thrown [s\src\hotspot\share\prims\jni.cpp, line 516]

VM Operations (20 events):
Event: 70.262 Executing VM operation: G1CollectForAllocation
Event: 70.270 Executing VM operation: G1CollectForAllocation done
Event: 70.525 Executing VM operation: G1CollectForAllocation
Event: 70.528 Executing VM operation: G1CollectForAllocation done
Event: 70.850 Executing VM operation: G1CollectForAllocation
Event: 70.852 Executing VM operation: G1CollectForAllocation done
Event: 71.314 Executing VM operation: G1CollectForAllocation
Event: 71.316 Executing VM operation: G1CollectForAllocation done
Event: 71.759 Executing VM operation: G1CollectForAllocation
Event: 71.762 Executing VM operation: G1CollectForAllocation done
Event: 71.871 Executing VM operation: HandshakeAllThreads
Event: 71.871 Executing VM operation: HandshakeAllThreads done
Event: 72.050 Executing VM operation: G1CollectForAllocation
Event: 72.053 Executing VM operation: G1CollectForAllocation done
Event: 72.139 Executing VM operation: HandshakeAllThreads
Event: 72.139 Executing VM operation: HandshakeAllThreads done
Event: 72.315 Executing VM operation: G1CollectForAllocation
Event: 72.318 Executing VM operation: G1CollectForAllocation done
Event: 72.355 Executing VM operation: HandshakeAllThreads
Event: 72.355 Executing VM operation: HandshakeAllThreads done

Events (20 events):
Event: 72.398 Thread 0x000002747fa014e0 flushing nmethod 0x0000027402d5ac10
Event: 72.398 Thread 0x000002747fa014e0 flushing nmethod 0x0000027402d5af90
Event: 72.398 Thread 0x000002747fa014e0 flushing nmethod 0x0000027402d5b590
Event: 72.398 Thread 0x000002747fa014e0 flushing nmethod 0x0000027402d5ba90
Event: 72.398 Thread 0x000002747fa014e0 flushing nmethod 0x0000027402d5c290
Event: 72.398 Thread 0x000002747fa014e0 flushing nmethod 0x0000027402d5cb90
Event: 72.398 Thread 0x000002747fa014e0 flushing nmethod 0x0000027402d5d610
Event: 72.398 Thread 0x000002747fa014e0 flushing nmethod 0x0000027402d5e590
Event: 72.398 Thread 0x000002747fa014e0 flushing nmethod 0x0000027402d5fa90
Event: 72.398 Thread 0x000002747fa014e0 flushing nmethod 0x0000027402d60390
Event: 72.398 Thread 0x000002747fa014e0 flushing nmethod 0x0000027402d61210
Event: 72.398 Thread 0x000002747fa014e0 flushing nmethod 0x0000027402d62710
Event: 72.398 Thread 0x000002747fa014e0 flushing nmethod 0x0000027402d68910
Event: 72.398 Thread 0x000002747fa014e0 flushing nmethod 0x0000027402d6a910
Event: 72.398 Thread 0x000002747fa014e0 flushing nmethod 0x0000027402d6eb90
Event: 72.398 Thread 0x000002747fa014e0 flushing nmethod 0x0000027402d73490
Event: 72.398 Thread 0x000002747fa014e0 flushing nmethod 0x0000027402d77410
Event: 72.398 Thread 0x000002747fa014e0 flushing nmethod 0x0000027402d77a90
Event: 72.398 Thread 0x000002747fa014e0 flushing nmethod 0x0000027402d78690
Event: 72.398 Thread 0x000002747fa014e0 flushing nmethod 0x0000027402d7a010


Dynamic libraries:
0x00007ff7e0320000 - 0x00007ff7e032e000 	C:\Program Files\Microsoft\jdk-17.0.8.7-hotspot\bin\java.exe
0x00007ff950010000 - 0x00007ff950227000 	C:\Windows\SYSTEM32\ntdll.dll
0x00007ff94f150000 - 0x00007ff94f214000 	C:\Windows\System32\KERNEL32.DLL
0x00007ff94d940000 - 0x00007ff94dce6000 	C:\Windows\System32\KERNELBASE.dll
0x00007ff94d380000 - 0x00007ff94d491000 	C:\Windows\System32\ucrtbase.dll
0x00007ff9266f0000 - 0x00007ff926707000 	C:\Program Files\Microsoft\jdk-17.0.8.7-hotspot\bin\jli.dll
0x00007ff934bc0000 - 0x00007ff934bdb000 	C:\Program Files\Microsoft\jdk-17.0.8.7-hotspot\bin\VCRUNTIME140.dll
0x00007ff94fe20000 - 0x00007ff94ffce000 	C:\Windows\System32\USER32.dll
0x00007ff94d540000 - 0x00007ff94d566000 	C:\Windows\System32\win32u.dll
0x00007ff93b660000 - 0x00007ff93b8f3000 	C:\Windows\WinSxS\amd64_microsoft.windows.common-controls_6595b64144ccf1df_6.0.22621.2506_none_270c5ae97388e100\COMCTL32.dll
0x00007ff94dd80000 - 0x00007ff94dda9000 	C:\Windows\System32\GDI32.dll
0x00007ff94fa00000 - 0x00007ff94faa7000 	C:\Windows\System32\msvcrt.dll
0x00007ff94d570000 - 0x00007ff94d688000 	C:\Windows\System32\gdi32full.dll
0x00007ff94d4a0000 - 0x00007ff94d53a000 	C:\Windows\System32\msvcp_win.dll
0x00007ff94f220000 - 0x00007ff94f251000 	C:\Windows\System32\IMM32.DLL
0x00007ff9485d0000 - 0x00007ff9485dc000 	C:\Program Files\Microsoft\jdk-17.0.8.7-hotspot\bin\vcruntime140_1.dll
0x00007ff912d20000 - 0x00007ff912dad000 	C:\Program Files\Microsoft\jdk-17.0.8.7-hotspot\bin\msvcp140.dll
0x00007ff8c54c0000 - 0x00007ff8c6125000 	C:\Program Files\Microsoft\jdk-17.0.8.7-hotspot\bin\server\jvm.dll
0x00007ff94e100000 - 0x00007ff94e1b1000 	C:\Windows\System32\ADVAPI32.dll
0x00007ff94df40000 - 0x00007ff94dfe5000 	C:\Windows\System32\sechost.dll
0x00007ff94fc10000 - 0x00007ff94fd27000 	C:\Windows\System32\RPCRT4.dll
0x00007ff92e730000 - 0x00007ff92e739000 	C:\Windows\SYSTEM32\WSOCK32.dll
0x00007ff94cff0000 - 0x00007ff94d03d000 	C:\Windows\SYSTEM32\POWRPROF.dll
0x00007ff946170000 - 0x00007ff9461a4000 	C:\Windows\SYSTEM32\WINMM.dll
0x00007ff94e320000 - 0x00007ff94e391000 	C:\Windows\System32\WS2_32.dll
0x00007ff945820000 - 0x00007ff94582a000 	C:\Windows\SYSTEM32\VERSION.dll
0x00007ff94cfd0000 - 0x00007ff94cfe3000 	C:\Windows\SYSTEM32\UMPDC.dll
0x00007ff94c340000 - 0x00007ff94c358000 	C:\Windows\SYSTEM32\kernel.appcore.dll
0x00007ff926fb0000 - 0x00007ff926fba000 	C:\Program Files\Microsoft\jdk-17.0.8.7-hotspot\bin\jimage.dll
0x00007ff94a6d0000 - 0x00007ff94a903000 	C:\Windows\SYSTEM32\DBGHELP.DLL
0x00007ff94edc0000 - 0x00007ff94f149000 	C:\Windows\System32\combase.dll
0x00007ff94de40000 - 0x00007ff94df17000 	C:\Windows\System32\OLEAUT32.dll
0x00007ff946120000 - 0x00007ff946152000 	C:\Windows\SYSTEM32\dbgcore.DLL
0x00007ff94d8c0000 - 0x00007ff94d93a000 	C:\Windows\System32\bcryptPrimitives.dll
0x00007ff934c10000 - 0x00007ff934c1e000 	C:\Program Files\Microsoft\jdk-17.0.8.7-hotspot\bin\instrument.dll
0x00007ff912cf0000 - 0x00007ff912d15000 	C:\Program Files\Microsoft\jdk-17.0.8.7-hotspot\bin\java.dll
0x00007ff911420000 - 0x00007ff9114f7000 	C:\Program Files\Microsoft\jdk-17.0.8.7-hotspot\bin\jsvml.dll
0x00007ff94e3a0000 - 0x00007ff94ebfa000 	C:\Windows\System32\SHELL32.dll
0x00007ff94b250000 - 0x00007ff94bb46000 	C:\Windows\SYSTEM32\windows.storage.dll
0x00007ff94afb0000 - 0x00007ff94b0ee000 	C:\Windows\SYSTEM32\wintypes.dll
0x00007ff94dff0000 - 0x00007ff94e0e3000 	C:\Windows\System32\SHCORE.dll
0x00007ff94f950000 - 0x00007ff94f9ae000 	C:\Windows\System32\shlwapi.dll
0x00007ff94d2b0000 - 0x00007ff94d2d6000 	C:\Windows\SYSTEM32\profapi.dll
0x00007ff9195b0000 - 0x00007ff9195c8000 	C:\Program Files\Microsoft\jdk-17.0.8.7-hotspot\bin\zip.dll
0x00007ff925580000 - 0x00007ff925599000 	C:\Program Files\Microsoft\jdk-17.0.8.7-hotspot\bin\net.dll
0x00007ff947890000 - 0x00007ff9479c7000 	C:\Windows\SYSTEM32\WINHTTP.dll
0x00007ff94c7b0000 - 0x00007ff94c819000 	C:\Windows\system32\mswsock.dll
0x00007ff923420000 - 0x00007ff923436000 	C:\Program Files\Microsoft\jdk-17.0.8.7-hotspot\bin\nio.dll
0x00007ff928a80000 - 0x00007ff928a90000 	C:\Program Files\Microsoft\jdk-17.0.8.7-hotspot\bin\verify.dll
0x00007ff929500000 - 0x00007ff929527000 	C:\Users\Dell\.gradle\native\68d5fa5c4cc2d200863cafc0d521ce42e7d3e7ee720ec0a83991735586a16f82\windows-amd64\native-platform.dll
0x00007ff9112d0000 - 0x00007ff911414000 	C:\Users\Dell\.gradle\native\e376f236ea51e6404a007f0833ffe2c6e607c4080706a723a18a27aeea778392\windows-amd64\native-platform-file-events.dll
0x00007ff928190000 - 0x00007ff928199000 	C:\Program Files\Microsoft\jdk-17.0.8.7-hotspot\bin\management.dll
0x00007ff928180000 - 0x00007ff92818b000 	C:\Program Files\Microsoft\jdk-17.0.8.7-hotspot\bin\management_ext.dll
0x00007ff94dd60000 - 0x00007ff94dd68000 	C:\Windows\System32\PSAPI.DLL
0x00007ff94cb00000 - 0x00007ff94cb1b000 	C:\Windows\SYSTEM32\CRYPTSP.dll
0x00007ff94c2a0000 - 0x00007ff94c2d5000 	C:\Windows\system32\rsaenh.dll
0x00007ff94c850000 - 0x00007ff94c87c000 	C:\Windows\SYSTEM32\USERENV.dll
0x00007ff94ccb0000 - 0x00007ff94ccd8000 	C:\Windows\SYSTEM32\bcrypt.dll
0x00007ff94cae0000 - 0x00007ff94caec000 	C:\Windows\SYSTEM32\CRYPTBASE.dll
0x00007ff94bda0000 - 0x00007ff94bdcd000 	C:\Windows\SYSTEM32\IPHLPAPI.DLL
0x00007ff94e0f0000 - 0x00007ff94e0f9000 	C:\Windows\System32\NSI.dll
0x00007ff944e40000 - 0x00007ff944e59000 	C:\Windows\SYSTEM32\dhcpcsvc6.DLL
0x00007ff944e20000 - 0x00007ff944e3f000 	C:\Windows\SYSTEM32\dhcpcsvc.DLL
0x00007ff94bdd0000 - 0x00007ff94bec9000 	C:\Windows\SYSTEM32\DNSAPI.dll
0x00007ff9266e0000 - 0x00007ff9266ee000 	C:\Program Files\Microsoft\jdk-17.0.8.7-hotspot\bin\sunmscapi.dll
0x00007ff94d750000 - 0x00007ff94d8b6000 	C:\Windows\System32\CRYPT32.dll
0x00007ff94cc70000 - 0x00007ff94cc9d000 	C:\Windows\SYSTEM32\ncrypt.dll
0x00007ff94cc30000 - 0x00007ff94cc67000 	C:\Windows\SYSTEM32\NTASN1.dll
0x00007ff927660000 - 0x00007ff927668000 	C:\Windows\system32\wshunix.dll
0x00007ff942da0000 - 0x00007ff942daa000 	C:\Windows\System32\rasadhlp.dll
0x00007ff942db0000 - 0x00007ff942e33000 	C:\Windows\System32\fwpuclnt.dll

dbghelp: loaded successfully - version: 4.0.5 - missing functions: none
symbol engine: initialized successfully - sym options: 0x614 - pdb path: .;C:\Program Files\Microsoft\jdk-17.0.8.7-hotspot\bin;C:\Windows\SYSTEM32;C:\Windows\WinSxS\amd64_microsoft.windows.common-controls_6595b64144ccf1df_6.0.22621.2506_none_270c5ae97388e100;C:\Program Files\Microsoft\jdk-17.0.8.7-hotspot\bin\server;C:\Users\Dell\.gradle\native\68d5fa5c4cc2d200863cafc0d521ce42e7d3e7ee720ec0a83991735586a16f82\windows-amd64;C:\Users\Dell\.gradle\native\e376f236ea51e6404a007f0833ffe2c6e607c4080706a723a18a27aeea778392\windows-amd64

VM Arguments:
jvm_args: -XX:MaxMetaspaceSize=512m --add-opens=java.base/java.util=ALL-UNNAMED --add-opens=java.base/java.lang=ALL-UNNAMED --add-opens=java.base/java.lang.invoke=ALL-UNNAMED --add-opens=java.prefs/java.util.prefs=ALL-UNNAMED --add-opens=java.base/java.nio.charset=ALL-UNNAMED --add-opens=java.base/java.net=ALL-UNNAMED --add-opens=java.base/java.util.concurrent.atomic=ALL-UNNAMED -Xmx2048m -Dfile.encoding=windows-1252 -Duser.country=IN -Duser.language=en -Duser.variant -javaagent:C:\Users\Dell\.gradle\wrapper\dists\gradle-8.3-all\6en3ugtfdg5xnpx44z4qbwgas\gradle-8.3\lib\agents\gradle-instrumentation-agent-8.3.jar 
java_command: org.gradle.launcher.daemon.bootstrap.GradleDaemon 8.3
java_class_path (initial): C:\Users\Dell\.gradle\wrapper\dists\gradle-8.3-all\6en3ugtfdg5xnpx44z4qbwgas\gradle-8.3\lib\gradle-launcher-8.3.jar
Launcher Type: SUN_STANDARD

[Global flags]
     intx CICompilerCount                          = 4                                         {product} {ergonomic}
   size_t CompressedClassSpaceSize                 = 436207616                                 {product} {ergonomic}
     uint ConcGCThreads                            = 2                                         {product} {ergonomic}
     uint G1ConcRefinementThreads                  = 8                                         {product} {ergonomic}
   size_t G1HeapRegionSize                         = 1048576                                   {product} {ergonomic}
    uintx GCDrainStackTargetSize                   = 64                                        {product} {ergonomic}
   size_t InitialHeapSize                          = 132120576                                 {product} {ergonomic}
   size_t MarkStackSize                            = 4194304                                   {product} {ergonomic}
   size_t MaxHeapSize                              = 2147483648                                {product} {command line}
   size_t MaxMetaspaceSize                         = 536870912                                 {product} {command line}
   size_t MaxNewSize                               = 1287651328                                {product} {ergonomic}
   size_t MinHeapDeltaBytes                        = 1048576                                   {product} {ergonomic}
   size_t MinHeapSize                              = 8388608                                   {product} {ergonomic}
    uintx NonNMethodCodeHeapSize                   = 5839372                                {pd product} {ergonomic}
    uintx NonProfiledCodeHeapSize                  = 122909434                              {pd product} {ergonomic}
    uintx ProfiledCodeHeapSize                     = 122909434                              {pd product} {ergonomic}
    uintx ReservedCodeCacheSize                    = 251658240                              {pd product} {ergonomic}
     bool SegmentedCodeCache                       = true                                      {product} {ergonomic}
   size_t SoftMaxHeapSize                          = 2147483648                             {manageable} {ergonomic}
     bool UseCompressedClassPointers               = true                           {product lp64_product} {ergonomic}
     bool UseCompressedOops                        = true                           {product lp64_product} {ergonomic}
     bool UseG1GC                                  = true                                      {product} {ergonomic}
     bool UseLargePagesIndividualAllocation        = false                                  {pd product} {ergonomic}

Logging:
Log output configuration:
 #0: stdout all=warning uptime,level,tags
 #1: stderr all=off uptime,level,tags

Environment Variables:
JAVA_HOME=C:\Program Files\Microsoft\jdk-17.0.8.7-hotspot\
CLASSPATH=D:\Nabil\project\React-Native\AllCountries\android\\gradle\wrapper\gradle-wrapper.jar
PATH=D:\Nabil\project\React-Native\AllCountries\node_modules\.bin;D:\Nabil\project\React-Native\AllCountries\node_modules\.bin;D:\Nabil\project\React-Native\node_modules\.bin;D:\Nabil\project\node_modules\.bin;D:\Nabil\node_modules\.bin;D:\node_modules\.bin;C:\Program Files\nodejs\node_modules\npm\node_modules\@npmcli\run-script\lib\node-gyp-bin;C:\Program Files\Microsoft\jdk-17.0.8.7-hotspot\bin;C:\Python312\Scripts\;C:\Python312\;C:\Python311\Scripts\;C:\Python311\;C:\Windows\system32;C:\Windows;C:\Windows\System32\Wbem;C:\Windows\System32\WindowsPowerShell\v1.0\;C:\Windows\System32\OpenSSH\;C:\ProgramData\chocolatey\bin;C:\Program Files\dotnet\;C:\Program Files\Git\cmd;C:\Program Files\nodejs\;C:\Users\Dell\AppData\Local\Android\Sdk;C:\Users\Dell\AppData\Local\Android\Sdk\platform-tools;C:\Users\Dell\AppData\Local\Microsoft\WindowsApps;C:\Users\Dell\AppData\Local\Programs\Microsoft VS Code\bin;C:\Users\Dell\AppData\Roaming\npm;C:\Users\Dell\AppData\Local\Android\Sdk;C:\Users\Dell\AppData\Local\Android\Sdk\platform-tools;C:\Users\Dell\AppData\Local\Android\Sdk\emulator;C:\Users\Dell\AppData\Local\Android\Sdk\tools;C:\Users\Dell\AppData\Local\Android\Sdk\tools\bin;
USERNAME=Dell
LANG=en_US.UTF-8
OS=Windows_NT
PROCESSOR_IDENTIFIER=Intel64 Family 6 Model 142 Stepping 12, GenuineIntel
TMP=C:\Users\Dell\AppData\Local\Temp
TEMP=C:\Users\Dell\AppData\Local\Temp



---------------  S Y S T E M  ---------------

OS:
 Windows 11 , 64 bit Build 22621 (10.0.22621.2506)
OS uptime: 5 days 6:59 hours
Hyper-V role detected

CPU: total 8 (initial active 8) (4 cores per cpu, 2 threads per core) family 6 model 142 stepping 12 microcode 0xf8, cx8, cmov, fxsr, ht, mmx, 3dnowpref, sse, sse2, sse3, ssse3, sse4.1, sse4.2, popcnt, lzcnt, tsc, tscinvbit, avx, avx2, aes, erms, clmul, bmi1, bmi2, adx, fma, vzeroupper, clflush, clflushopt, hv
Processor Information for processor 0
  Max Mhz: 2304, Current Mhz: 1502, Mhz Limit: 1797
Processor Information for processor 1
  Max Mhz: 2304, Current Mhz: 1803, Mhz Limit: 1797
Processor Information for processor 2
  Max Mhz: 2304, Current Mhz: 1502, Mhz Limit: 1797
Processor Information for processor 3
  Max Mhz: 2304, Current Mhz: 1502, Mhz Limit: 1797
Processor Information for processor 4
  Max Mhz: 2304, Current Mhz: 1803, Mhz Limit: 1797
Processor Information for processor 5
  Max Mhz: 2304, Current Mhz: 1502, Mhz Limit: 1797
Processor Information for processor 6
  Max Mhz: 2304, Current Mhz: 1803, Mhz Limit: 1797
Processor Information for processor 7
  Max Mhz: 2304, Current Mhz: 1502, Mhz Limit: 1797

Memory: 4k page, system-wide physical 7952M (518M free)
TotalPageFile size 16144M (AvailPageFile size 2883M)
current process WorkingSet (physical memory assigned to process): 658M, peak: 683M
current process commit charge ("private bytes"): 715M, peak: 722M

vm_info: OpenJDK 64-Bit Server VM (17.0.8+7-LTS) for windows-amd64 JRE (17.0.8+7-LTS), built on Jul  7 2023 17:21:55 by "MicrosoftCorporation" with MS VC++ 16.10 / 16.11 (VS2019)

END.
