#
# A fatal error has been detected by the Java Runtime Environment:
#
#  Internal Error (chaitin.cpp:975), pid=11592, tid=5736
#  Error: ShouldNotReachHere()
#
# JRE version: OpenJDK Runtime Environment Microsoft-8035246 (17.0.8+7) (build 17.0.8+7-LTS)
# Java VM: OpenJDK 64-Bit Server VM Microsoft-8035246 (17.0.8+7-LTS, mixed mode, sharing, tiered, compressed oops, compressed class ptrs, g1 gc, windows-amd64)
# No core dump will be written. Minidumps are not enabled by default on client versions of Windows
#
# If you would like to submit a bug report, please visit:
#   https://github.com/microsoft/openjdk/issues
#

---------------  S U M M A R Y ------------

Command Line: -XX:MaxMetaspaceSize=512m --add-opens=java.base/java.util=ALL-UNNAMED --add-opens=java.base/java.lang=ALL-UNNAMED --add-opens=java.base/java.lang.invoke=ALL-UNNAMED --add-opens=java.prefs/java.util.prefs=ALL-UNNAMED --add-opens=java.base/java.nio.charset=ALL-UNNAMED --add-opens=java.base/java.net=ALL-UNNAMED --add-opens=java.base/java.util.concurrent.atomic=ALL-UNNAMED -Xmx2048m -Dfile.encoding=windows-1252 -Duser.country=IN -Duser.language=en -Duser.variant -javaagent:C:\Users\Dell\.gradle\wrapper\dists\gradle-8.3-all\6en3ugtfdg5xnpx44z4qbwgas\gradle-8.3\lib\agents\gradle-instrumentation-agent-8.3.jar org.gradle.launcher.daemon.bootstrap.GradleDaemon 8.3

Host: Intel(R) Core(TM) i7-10510U CPU @ 1.80GHz, 8 cores, 7G,  Windows 11 , 64 bit Build 22621 (10.0.22621.2506)
Time: Tue Jan  2 22:41:16 2024 India Standard Time elapsed time: 16.454699 seconds (0d 0h 0m 16s)

---------------  T H R E A D  ---------------

Current thread (0x0000022c7600a120):  JavaThread "C2 CompilerThread2" daemon [_thread_in_native, id=5736, stack(0x000000ccc7500000,0x000000ccc7600000)]


Current CompileTask:
C2:  16454 7088       4       org.objectweb.asm.ClassReader::readCode (5117 bytes)

Stack: [0x000000ccc7500000,0x000000ccc7600000]
Native frames: (J=compiled Java code, j=interpreted, Vv=VM code, C=native code)
V  [jvm.dll+0x67bf3a]
V  [jvm.dll+0x83a024]
V  [jvm.dll+0x83b7ce]
V  [jvm.dll+0x83bde7]
V  [jvm.dll+0x24778a]
V  [jvm.dll+0x2476c3]
V  [jvm.dll+0x1bfe8c]
V  [jvm.dll+0x1bd4fc]
V  [jvm.dll+0x21a289]
V  [jvm.dll+0x219551]
V  [jvm.dll+0x1a56b6]
V  [jvm.dll+0x2291ea]
V  [jvm.dll+0x22724c]
V  [jvm.dll+0x7efd0c]
V  [jvm.dll+0x7ea13a]
V  [jvm.dll+0x67ad85]
C  [ucrtbase.dll+0x29363]
C  [KERNEL32.DLL+0x1257d]
C  [ntdll.dll+0x5aa58]


---------------  P R O C E S S  ---------------

Threads class SMR info:
_java_thread_list=0x0000022c7550a470, length=40, elements={
0x0000022c356bcee0, 0x0000022c53b00010, 0x0000022c53b00aa0, 0x0000022c53b15f20,
0x0000022c53b17610, 0x0000022c53b19cf0, 0x0000022c53b1b2d0, 0x0000022c53b20bb0,
0x0000022c53b2f6b0, 0x0000022c53b31be0, 0x0000022c53aeb930, 0x0000022c731d3970,
0x0000022c74ea5ca0, 0x0000022c7423be00, 0x0000022c74bdd5e0, 0x0000022c743bde00,
0x0000022c75227c20, 0x0000022c74f8f680, 0x0000022c74b497f0, 0x0000022c74f52590,
0x0000022c74f539d0, 0x0000022c74f534c0, 0x0000022c74f543f0, 0x0000022c74f54900,
0x0000022c74f54e10, 0x0000022c74f55830, 0x0000022c74f52aa0, 0x0000022c74f53ee0,
0x0000022c74f52080, 0x0000022c74f52fb0, 0x0000022c764fd620, 0x0000022c76501d00,
0x0000022c764fea60, 0x0000022c76502210, 0x0000022c764fc6f0, 0x0000022c76502720,
0x0000022c765003b0, 0x0000022c74dc3bb0, 0x0000022c7600a120, 0x0000022c76503140
}

Java Threads: ( => current thread )
  0x0000022c356bcee0 JavaThread "main" [_thread_blocked, id=18104, stack(0x000000ccc4400000,0x000000ccc4500000)]
  0x0000022c53b00010 JavaThread "Reference Handler" daemon [_thread_blocked, id=14372, stack(0x000000ccc4b00000,0x000000ccc4c00000)]
  0x0000022c53b00aa0 JavaThread "Finalizer" daemon [_thread_blocked, id=6600, stack(0x000000ccc4c00000,0x000000ccc4d00000)]
  0x0000022c53b15f20 JavaThread "Signal Dispatcher" daemon [_thread_blocked, id=13964, stack(0x000000ccc4d00000,0x000000ccc4e00000)]
  0x0000022c53b17610 JavaThread "Attach Listener" daemon [_thread_blocked, id=4276, stack(0x000000ccc4e00000,0x000000ccc4f00000)]
  0x0000022c53b19cf0 JavaThread "Service Thread" daemon [_thread_blocked, id=18708, stack(0x000000ccc4f00000,0x000000ccc5000000)]
  0x0000022c53b1b2d0 JavaThread "Monitor Deflation Thread" daemon [_thread_blocked, id=10788, stack(0x000000ccc5000000,0x000000ccc5100000)]
  0x0000022c53b20bb0 JavaThread "C2 CompilerThread0" daemon [_thread_in_native, id=13112, stack(0x000000ccc5100000,0x000000ccc5200000)]
  0x0000022c53b2f6b0 JavaThread "C1 CompilerThread0" daemon [_thread_blocked, id=15968, stack(0x000000ccc5200000,0x000000ccc5300000)]
  0x0000022c53b31be0 JavaThread "Sweeper thread" daemon [_thread_blocked, id=15956, stack(0x000000ccc5300000,0x000000ccc5400000)]
  0x0000022c53aeb930 JavaThread "Common-Cleaner" daemon [_thread_blocked, id=1984, stack(0x000000ccc5400000,0x000000ccc5500000)]
  0x0000022c731d3970 JavaThread "Notification Thread" daemon [_thread_blocked, id=16648, stack(0x000000ccc5500000,0x000000ccc5600000)]
  0x0000022c74ea5ca0 JavaThread "Daemon health stats" [_thread_blocked, id=15708, stack(0x000000ccc5d00000,0x000000ccc5e00000)]
  0x0000022c7423be00 JavaThread "Incoming local TCP Connector on port 57486" [_thread_in_native, id=13548, stack(0x000000ccc5e00000,0x000000ccc5f00000)]
  0x0000022c74bdd5e0 JavaThread "Daemon periodic checks" [_thread_blocked, id=10164, stack(0x000000ccc5f00000,0x000000ccc6000000)]
  0x0000022c743bde00 JavaThread "Daemon" [_thread_blocked, id=3516, stack(0x000000ccc6000000,0x000000ccc6100000)]
  0x0000022c75227c20 JavaThread "Handler for socket connection from /127.0.0.1:57486 to /127.0.0.1:57487" [_thread_in_native, id=12980, stack(0x000000ccc6100000,0x000000ccc6200000)]
  0x0000022c74f8f680 JavaThread "Cancel handler" [_thread_blocked, id=17092, stack(0x000000ccc6200000,0x000000ccc6300000)]
  0x0000022c74b497f0 JavaThread "Daemon worker" [_thread_in_Java, id=13580, stack(0x000000ccc6300000,0x000000ccc6400000)]
  0x0000022c74f52590 JavaThread "Asynchronous log dispatcher for DefaultDaemonConnection: socket connection from /127.0.0.1:57486 to /127.0.0.1:57487" [_thread_blocked, id=9308, stack(0x000000ccc6400000,0x000000ccc6500000)]
  0x0000022c74f539d0 JavaThread "Stdin handler" [_thread_blocked, id=5028, stack(0x000000ccc6500000,0x000000ccc6600000)]
  0x0000022c74f534c0 JavaThread "Daemon client event forwarder" [_thread_blocked, id=4852, stack(0x000000ccc6600000,0x000000ccc6700000)]
  0x0000022c74f543f0 JavaThread "Cache worker for journal cache (C:\Users\Dell\.gradle\caches\journal-1)" [_thread_blocked, id=6328, stack(0x000000ccc6700000,0x000000ccc6800000)]
  0x0000022c74f54900 JavaThread "File lock request listener" [_thread_in_native, id=2056, stack(0x000000ccc6800000,0x000000ccc6900000)]
  0x0000022c74f54e10 JavaThread "Cache worker for file hash cache (C:\Users\Dell\.gradle\caches\8.3\fileHashes)" [_thread_blocked, id=12508, stack(0x000000ccc5c00000,0x000000ccc5d00000)]
  0x0000022c74f55830 JavaThread "File watcher server" daemon [_thread_in_native, id=14560, stack(0x000000ccc6d00000,0x000000ccc6e00000)]
  0x0000022c74f52aa0 JavaThread "File watcher consumer" daemon [_thread_blocked, id=5132, stack(0x000000ccc6e00000,0x000000ccc6f00000)]
  0x0000022c74f53ee0 JavaThread "Cache worker for checksums cache (D:\Nabil\project\React-Native\AllCountries\android\.gradle\8.3\checksums)" [_thread_blocked, id=8344, stack(0x000000ccc6c00000,0x000000ccc6d00000)]
  0x0000022c74f52080 JavaThread "Cache worker for file hash cache (D:\Nabil\project\React-Native\AllCountries\android\.gradle\8.3\fileHashes)" [_thread_blocked, id=13216, stack(0x000000ccc6f00000,0x000000ccc7000000)]
  0x0000022c74f52fb0 JavaThread "Cache worker for cache directory md-supplier (C:\Users\Dell\.gradle\caches\8.3\md-supplier)" [_thread_blocked, id=18696, stack(0x000000ccc7000000,0x000000ccc7100000)]
  0x0000022c764fd620 JavaThread "Cache worker for file content cache (C:\Users\Dell\.gradle\caches\8.3\fileContent)" [_thread_blocked, id=1384, stack(0x000000ccc7100000,0x000000ccc7200000)]
  0x0000022c76501d00 JavaThread "Cache worker for cache directory md-rule (C:\Users\Dell\.gradle\caches\8.3\md-rule)" [_thread_blocked, id=15248, stack(0x000000ccc7300000,0x000000ccc7400000)]
  0x0000022c764fea60 JavaThread "Cache worker for execution history cache (C:\Users\Dell\.gradle\caches\8.3\executionHistory)" [_thread_blocked, id=12292, stack(0x000000ccc7400000,0x000000ccc7500000)]
  0x0000022c76502210 JavaThread "jar transforms" [_thread_blocked, id=16732, stack(0x000000ccc7600000,0x000000ccc7700000)]
  0x0000022c764fc6f0 JavaThread "jar transforms Thread 2" [_thread_blocked, id=3988, stack(0x000000ccc7700000,0x000000ccc7800000)]
  0x0000022c76502720 JavaThread "jar transforms Thread 3" [_thread_blocked, id=18564, stack(0x000000ccc7800000,0x000000ccc7900000)]
  0x0000022c765003b0 JavaThread "jar transforms Thread 4" [_thread_blocked, id=16060, stack(0x000000ccc7900000,0x000000ccc7a00000)]
  0x0000022c74dc3bb0 JavaThread "C2 CompilerThread1" daemon [_thread_blocked, id=12804, stack(0x000000ccc5700000,0x000000ccc5800000)]
=>0x0000022c7600a120 JavaThread "C2 CompilerThread2" daemon [_thread_in_native, id=5736, stack(0x000000ccc7500000,0x000000ccc7600000)]
  0x0000022c76503140 JavaThread "Cache worker for kotlin-dsl (C:\Users\Dell\.gradle\caches\8.3\kotlin-dsl)" [_thread_blocked, id=4944, stack(0x000000ccc7a00000,0x000000ccc7b00000)]

Other Threads:
  0x0000022c53af9840 VMThread "VM Thread" [stack: 0x000000ccc4a00000,0x000000ccc4b00000] [id=18520]
  0x0000022c3573df50 WatcherThread [stack: 0x000000ccc5600000,0x000000ccc5700000] [id=17676]
  0x0000022c3351e830 GCTaskThread "GC Thread#0" [stack: 0x000000ccc4500000,0x000000ccc4600000] [id=17620]
  0x0000022c74668540 GCTaskThread "GC Thread#1" [stack: 0x000000ccc5900000,0x000000ccc5a00000] [id=17580]
  0x0000022c73430b90 GCTaskThread "GC Thread#2" [stack: 0x000000ccc5a00000,0x000000ccc5b00000] [id=17632]
  0x0000022c748979f0 GCTaskThread "GC Thread#3" [stack: 0x000000ccc5b00000,0x000000ccc5c00000] [id=17856]
  0x0000022c74254610 GCTaskThread "GC Thread#4" [stack: 0x000000ccc5800000,0x000000ccc5900000] [id=5212]
  0x0000022c74404d60 GCTaskThread "GC Thread#5" [stack: 0x000000ccc6900000,0x000000ccc6a00000] [id=4668]
  0x0000022c743bfe30 GCTaskThread "GC Thread#6" [stack: 0x000000ccc6a00000,0x000000ccc6b00000] [id=17280]
  0x0000022c75dd94a0 GCTaskThread "GC Thread#7" [stack: 0x000000ccc6b00000,0x000000ccc6c00000] [id=17164]
  0x0000022c35723ff0 ConcurrentGCThread "G1 Main Marker" [stack: 0x000000ccc4600000,0x000000ccc4700000] [id=11240]
  0x0000022c35724910 ConcurrentGCThread "G1 Conc#0" [stack: 0x000000ccc4700000,0x000000ccc4800000] [id=15656]
  0x0000022c760b2690 ConcurrentGCThread "G1 Conc#1" [stack: 0x000000ccc7200000,0x000000ccc7300000] [id=10600]
  0x0000022c3576da40 ConcurrentGCThread "G1 Refine#0" [stack: 0x000000ccc4800000,0x000000ccc4900000] [id=2464]
  0x0000022c3576e080 ConcurrentGCThread "G1 Service" [stack: 0x000000ccc4900000,0x000000ccc4a00000] [id=1796]

Threads with active compile tasks:
C2 CompilerThread0    16487 7117       4       org.objectweb.asm.MethodVisitor::visitInvokeDynamicInsn (39 bytes)
C2 CompilerThread2    16487 7088       4       org.objectweb.asm.ClassReader::readCode (5117 bytes)

VM state: not at safepoint (normal execution)

VM Mutex/Monitor currently owned by a thread: None

Heap address: 0x0000000080000000, size: 2048 MB, Compressed Oops mode: 32-bit

CDS archive(s) mapped at: [0x0000022c54000000-0x0000022c54bd0000-0x0000022c54bd0000), size 12386304, SharedBaseAddress: 0x0000022c54000000, ArchiveRelocationMode: 1.
Compressed class space mapped at: 0x0000022c55000000-0x0000022c6f000000, reserved size: 436207616
Narrow klass base: 0x0000022c54000000, Narrow klass shift: 0, Narrow klass range: 0x100000000

GC Precious Log:
 CPUs: 8 total, 8 available
 Memory: 7952M
 Large Page Support: Disabled
 NUMA Support: Disabled
 Compressed Oops: Enabled (32-bit)
 Heap Region Size: 1M
 Heap Min Capacity: 8M
 Heap Initial Capacity: 126M
 Heap Max Capacity: 2G
 Pre-touch: Disabled
 Parallel Workers: 8
 Concurrent Workers: 2
 Concurrent Refinement Workers: 8
 Periodic GC: Disabled

Heap:
 garbage-first heap   total 239616K, used 171429K [0x0000000080000000, 0x0000000100000000)
  region size 1024K, 124 young (126976K), 8 survivors (8192K)
 Metaspace       used 42254K, committed 42752K, reserved 491520K
  class space    used 5721K, committed 5952K, reserved 425984K

Heap Regions: E=young(eden), S=young(survivor), O=old, HS=humongous(starts), HC=humongous(continues), CS=collection set, F=free, OA=open archive, CA=closed archive, TAMS=top-at-mark-start (previous, next)
|   0|0x0000000080000000, 0x0000000080100000, 0x0000000080100000|100%|HS|  |TAMS 0x0000000080100000, 0x0000000080000000| Complete 
|   1|0x0000000080100000, 0x0000000080200000, 0x0000000080200000|100%|HC|  |TAMS 0x0000000080200000, 0x0000000080100000| Complete 
|   2|0x0000000080200000, 0x0000000080300000, 0x0000000080300000|100%|HC|  |TAMS 0x0000000080300000, 0x0000000080200000| Complete 
|   3|0x0000000080300000, 0x0000000080400000, 0x0000000080400000|100%|HC|  |TAMS 0x0000000080400000, 0x0000000080300000| Complete 
|   4|0x0000000080400000, 0x0000000080500000, 0x0000000080500000|100%| O|  |TAMS 0x0000000080500000, 0x0000000080400000| Untracked 
|   5|0x0000000080500000, 0x0000000080600000, 0x0000000080600000|100%| O|  |TAMS 0x0000000080600000, 0x0000000080500000| Untracked 
|   6|0x0000000080600000, 0x0000000080700000, 0x0000000080700000|100%| O|  |TAMS 0x0000000080700000, 0x0000000080600000| Untracked 
|   7|0x0000000080700000, 0x0000000080800000, 0x0000000080800000|100%| O|  |TAMS 0x0000000080800000, 0x0000000080700000| Untracked 
|   8|0x0000000080800000, 0x0000000080900000, 0x0000000080900000|100%| O|  |TAMS 0x0000000080900000, 0x0000000080800000| Untracked 
|   9|0x0000000080900000, 0x0000000080a00000, 0x0000000080a00000|100%| O|  |TAMS 0x0000000080a00000, 0x0000000080900000| Untracked 
|  10|0x0000000080a00000, 0x0000000080b00000, 0x0000000080b00000|100%| O|  |TAMS 0x0000000080b00000, 0x0000000080a00000| Untracked 
|  11|0x0000000080b00000, 0x0000000080c00000, 0x0000000080c00000|100%| O|  |TAMS 0x0000000080c00000, 0x0000000080b00000| Untracked 
|  12|0x0000000080c00000, 0x0000000080d00000, 0x0000000080d00000|100%| O|  |TAMS 0x0000000080d00000, 0x0000000080c00000| Untracked 
|  13|0x0000000080d00000, 0x0000000080e00000, 0x0000000080e00000|100%| O|  |TAMS 0x0000000080e00000, 0x0000000080d00000| Untracked 
|  14|0x0000000080e00000, 0x0000000080f00000, 0x0000000080f00000|100%| O|  |TAMS 0x0000000080f00000, 0x0000000080e00000| Untracked 
|  15|0x0000000080f00000, 0x0000000081000000, 0x0000000081000000|100%| O|  |TAMS 0x0000000081000000, 0x0000000080f00000| Untracked 
|  16|0x0000000081000000, 0x0000000081100000, 0x0000000081100000|100%| O|  |TAMS 0x0000000081100000, 0x0000000081000000| Untracked 
|  17|0x0000000081100000, 0x0000000081200000, 0x0000000081200000|100%| O|  |TAMS 0x0000000081200000, 0x0000000081100000| Untracked 
|  18|0x0000000081200000, 0x0000000081300000, 0x0000000081300000|100%| O|  |TAMS 0x0000000081300000, 0x0000000081200000| Untracked 
|  19|0x0000000081300000, 0x0000000081400000, 0x0000000081400000|100%| O|  |TAMS 0x0000000081400000, 0x0000000081300000| Untracked 
|  20|0x0000000081400000, 0x0000000081429808, 0x0000000081500000| 16%| O|  |TAMS 0x0000000081429808, 0x0000000081400000| Untracked 
|  21|0x0000000081500000, 0x0000000081600000, 0x0000000081600000|100%| O|  |TAMS 0x0000000081600000, 0x0000000081500000| Untracked 
|  22|0x0000000081600000, 0x0000000081700000, 0x0000000081700000|100%| O|  |TAMS 0x0000000081700000, 0x0000000081600000| Untracked 
|  23|0x0000000081700000, 0x0000000081800000, 0x0000000081800000|100%| O|  |TAMS 0x0000000081800000, 0x0000000081700000| Untracked 
|  24|0x0000000081800000, 0x0000000081900000, 0x0000000081900000|100%| O|  |TAMS 0x0000000081900000, 0x0000000081800000| Untracked 
|  25|0x0000000081900000, 0x0000000081a00000, 0x0000000081a00000|100%| O|  |TAMS 0x0000000081a00000, 0x0000000081900000| Untracked 
|  26|0x0000000081a00000, 0x0000000081b00000, 0x0000000081b00000|100%| O|  |TAMS 0x0000000081aae000, 0x0000000081a00000| Untracked 
|  27|0x0000000081b00000, 0x0000000081c00000, 0x0000000081c00000|100%| O|  |TAMS 0x0000000081b00000, 0x0000000081b00000| Untracked 
|  28|0x0000000081c00000, 0x0000000081d00000, 0x0000000081d00000|100%| O|  |TAMS 0x0000000081c00000, 0x0000000081c00000| Untracked 
|  29|0x0000000081d00000, 0x0000000081e00000, 0x0000000081e00000|100%| O|  |TAMS 0x0000000081d00000, 0x0000000081d00000| Untracked 
|  30|0x0000000081e00000, 0x0000000081f00000, 0x0000000081f00000|100%| O|  |TAMS 0x0000000081e00000, 0x0000000081e00000| Untracked 
|  31|0x0000000081f00000, 0x0000000082000000, 0x0000000082000000|100%| O|  |TAMS 0x0000000081f00000, 0x0000000081f00000| Untracked 
|  32|0x0000000082000000, 0x0000000082100000, 0x0000000082100000|100%| O|  |TAMS 0x0000000082000000, 0x0000000082000000| Untracked 
|  33|0x0000000082100000, 0x0000000082200000, 0x0000000082200000|100%| O|  |TAMS 0x0000000082100000, 0x0000000082100000| Untracked 
|  34|0x0000000082200000, 0x0000000082300000, 0x0000000082300000|100%| O|  |TAMS 0x0000000082200000, 0x0000000082200000| Untracked 
|  35|0x0000000082300000, 0x0000000082400000, 0x0000000082400000|100%| O|  |TAMS 0x0000000082300000, 0x0000000082300000| Untracked 
|  36|0x0000000082400000, 0x0000000082500000, 0x0000000082500000|100%| O|  |TAMS 0x0000000082400000, 0x0000000082400000| Untracked 
|  37|0x0000000082500000, 0x0000000082600000, 0x0000000082600000|100%| O|  |TAMS 0x0000000082500000, 0x0000000082500000| Untracked 
|  38|0x0000000082600000, 0x0000000082700000, 0x0000000082700000|100%| O|  |TAMS 0x0000000082600000, 0x0000000082600000| Untracked 
|  39|0x0000000082700000, 0x0000000082800000, 0x0000000082800000|100%| O|  |TAMS 0x0000000082700000, 0x0000000082700000| Untracked 
|  40|0x0000000082800000, 0x0000000082900000, 0x0000000082900000|100%| O|  |TAMS 0x0000000082800000, 0x0000000082800000| Untracked 
|  41|0x0000000082900000, 0x0000000082a00000, 0x0000000082a00000|100%| O|  |TAMS 0x0000000082900000, 0x0000000082900000| Untracked 
|  42|0x0000000082a00000, 0x0000000082b00000, 0x0000000082b00000|100%| O|  |TAMS 0x0000000082a00000, 0x0000000082a00000| Untracked 
|  43|0x0000000082b00000, 0x0000000082c00000, 0x0000000082c00000|100%| O|  |TAMS 0x0000000082b00000, 0x0000000082b00000| Untracked 
|  44|0x0000000082c00000, 0x0000000082d00000, 0x0000000082d00000|100%| O|  |TAMS 0x0000000082c00000, 0x0000000082c00000| Untracked 
|  45|0x0000000082d00000, 0x0000000082da4a00, 0x0000000082e00000| 64%| O|  |TAMS 0x0000000082d00000, 0x0000000082d00000| Untracked 
|  46|0x0000000082e00000, 0x0000000082e00000, 0x0000000082f00000|  0%| F|  |TAMS 0x0000000082e00000, 0x0000000082e00000| Untracked 
|  47|0x0000000082f00000, 0x0000000082f00000, 0x0000000083000000|  0%| F|  |TAMS 0x0000000082f00000, 0x0000000082f00000| Untracked 
|  48|0x0000000083000000, 0x0000000083000000, 0x0000000083100000|  0%| F|  |TAMS 0x0000000083000000, 0x0000000083000000| Untracked 
|  49|0x0000000083100000, 0x0000000083100000, 0x0000000083200000|  0%| F|  |TAMS 0x0000000083100000, 0x0000000083100000| Untracked 
|  50|0x0000000083200000, 0x0000000083200000, 0x0000000083300000|  0%| F|  |TAMS 0x0000000083200000, 0x0000000083200000| Untracked 
|  51|0x0000000083300000, 0x0000000083300000, 0x0000000083400000|  0%| F|  |TAMS 0x0000000083300000, 0x0000000083300000| Untracked 
|  52|0x0000000083400000, 0x0000000083400000, 0x0000000083500000|  0%| F|  |TAMS 0x0000000083400000, 0x0000000083400000| Untracked 
|  53|0x0000000083500000, 0x0000000083500000, 0x0000000083600000|  0%| F|  |TAMS 0x0000000083500000, 0x0000000083500000| Untracked 
|  54|0x0000000083600000, 0x0000000083600000, 0x0000000083700000|  0%| F|  |TAMS 0x0000000083600000, 0x0000000083600000| Untracked 
|  55|0x0000000083700000, 0x0000000083700000, 0x0000000083800000|  0%| F|  |TAMS 0x0000000083700000, 0x0000000083700000| Untracked 
|  56|0x0000000083800000, 0x0000000083800000, 0x0000000083900000|  0%| F|  |TAMS 0x0000000083800000, 0x0000000083800000| Untracked 
|  57|0x0000000083900000, 0x0000000083900000, 0x0000000083a00000|  0%| F|  |TAMS 0x0000000083900000, 0x0000000083900000| Untracked 
|  58|0x0000000083a00000, 0x0000000083a00000, 0x0000000083b00000|  0%| F|  |TAMS 0x0000000083a00000, 0x0000000083a00000| Untracked 
|  59|0x0000000083b00000, 0x0000000083b00000, 0x0000000083c00000|  0%| F|  |TAMS 0x0000000083b00000, 0x0000000083b00000| Untracked 
|  60|0x0000000083c00000, 0x0000000083c00000, 0x0000000083d00000|  0%| F|  |TAMS 0x0000000083c00000, 0x0000000083c00000| Untracked 
|  61|0x0000000083d00000, 0x0000000083d00000, 0x0000000083e00000|  0%| F|  |TAMS 0x0000000083d00000, 0x0000000083d00000| Untracked 
|  62|0x0000000083e00000, 0x0000000083e00000, 0x0000000083f00000|  0%| F|  |TAMS 0x0000000083e00000, 0x0000000083e00000| Untracked 
|  63|0x0000000083f00000, 0x0000000083f00000, 0x0000000084000000|  0%| F|  |TAMS 0x0000000083f00000, 0x0000000083f00000| Untracked 
|  64|0x0000000084000000, 0x0000000084000000, 0x0000000084100000|  0%| F|  |TAMS 0x0000000084000000, 0x0000000084000000| Untracked 
|  65|0x0000000084100000, 0x0000000084100000, 0x0000000084200000|  0%| F|  |TAMS 0x0000000084100000, 0x0000000084100000| Untracked 
|  66|0x0000000084200000, 0x0000000084200000, 0x0000000084300000|  0%| F|  |TAMS 0x0000000084200000, 0x0000000084200000| Untracked 
|  67|0x0000000084300000, 0x0000000084300000, 0x0000000084400000|  0%| F|  |TAMS 0x0000000084300000, 0x0000000084300000| Untracked 
|  68|0x0000000084400000, 0x0000000084400000, 0x0000000084500000|  0%| F|  |TAMS 0x0000000084400000, 0x0000000084400000| Untracked 
|  69|0x0000000084500000, 0x0000000084500000, 0x0000000084600000|  0%| F|  |TAMS 0x0000000084500000, 0x0000000084500000| Untracked 
|  70|0x0000000084600000, 0x0000000084600000, 0x0000000084700000|  0%| F|  |TAMS 0x0000000084600000, 0x0000000084600000| Untracked 
|  71|0x0000000084700000, 0x0000000084700000, 0x0000000084800000|  0%| F|  |TAMS 0x0000000084700000, 0x0000000084700000| Untracked 
|  72|0x0000000084800000, 0x0000000084800000, 0x0000000084900000|  0%| F|  |TAMS 0x0000000084800000, 0x0000000084800000| Untracked 
|  73|0x0000000084900000, 0x0000000084900000, 0x0000000084a00000|  0%| F|  |TAMS 0x0000000084900000, 0x0000000084900000| Untracked 
|  74|0x0000000084a00000, 0x0000000084a00000, 0x0000000084b00000|  0%| F|  |TAMS 0x0000000084a00000, 0x0000000084a00000| Untracked 
|  75|0x0000000084b00000, 0x0000000084b00000, 0x0000000084c00000|  0%| F|  |TAMS 0x0000000084b00000, 0x0000000084b00000| Untracked 
|  76|0x0000000084c00000, 0x0000000084c00000, 0x0000000084d00000|  0%| F|  |TAMS 0x0000000084c00000, 0x0000000084c00000| Untracked 
|  77|0x0000000084d00000, 0x0000000084d00000, 0x0000000084e00000|  0%| F|  |TAMS 0x0000000084d00000, 0x0000000084d00000| Untracked 
|  78|0x0000000084e00000, 0x0000000084e00000, 0x0000000084f00000|  0%| F|  |TAMS 0x0000000084e00000, 0x0000000084e00000| Untracked 
|  79|0x0000000084f00000, 0x0000000084f00000, 0x0000000085000000|  0%| F|  |TAMS 0x0000000084f00000, 0x0000000084f00000| Untracked 
|  80|0x0000000085000000, 0x0000000085000000, 0x0000000085100000|  0%| F|  |TAMS 0x0000000085000000, 0x0000000085000000| Untracked 
|  81|0x0000000085100000, 0x0000000085100000, 0x0000000085200000|  0%| F|  |TAMS 0x0000000085100000, 0x0000000085100000| Untracked 
|  82|0x0000000085200000, 0x0000000085200000, 0x0000000085300000|  0%| F|  |TAMS 0x0000000085200000, 0x0000000085200000| Untracked 
|  83|0x0000000085300000, 0x0000000085300000, 0x0000000085400000|  0%| F|  |TAMS 0x0000000085300000, 0x0000000085300000| Untracked 
|  84|0x0000000085400000, 0x0000000085400000, 0x0000000085500000|  0%| F|  |TAMS 0x0000000085400000, 0x0000000085400000| Untracked 
|  85|0x0000000085500000, 0x0000000085500000, 0x0000000085600000|  0%| F|  |TAMS 0x0000000085500000, 0x0000000085500000| Untracked 
|  86|0x0000000085600000, 0x000000008569b460, 0x0000000085700000| 60%| S|CS|TAMS 0x0000000085600000, 0x0000000085600000| Complete 
|  87|0x0000000085700000, 0x0000000085800000, 0x0000000085800000|100%| S|CS|TAMS 0x0000000085700000, 0x0000000085700000| Complete 
|  88|0x0000000085800000, 0x0000000085800000, 0x0000000085900000|  0%| F|  |TAMS 0x0000000085800000, 0x0000000085800000| Untracked 
|  89|0x0000000085900000, 0x0000000085900000, 0x0000000085a00000|  0%| F|  |TAMS 0x0000000085900000, 0x0000000085900000| Untracked 
|  90|0x0000000085a00000, 0x0000000085a00000, 0x0000000085b00000|  0%| F|  |TAMS 0x0000000085a00000, 0x0000000085a00000| Untracked 
|  91|0x0000000085b00000, 0x0000000085b00000, 0x0000000085c00000|  0%| F|  |TAMS 0x0000000085b00000, 0x0000000085b00000| Untracked 
|  92|0x0000000085c00000, 0x0000000085c00000, 0x0000000085d00000|  0%| F|  |TAMS 0x0000000085c00000, 0x0000000085c00000| Untracked 
|  93|0x0000000085d00000, 0x0000000085d00000, 0x0000000085e00000|  0%| F|  |TAMS 0x0000000085d00000, 0x0000000085d00000| Untracked 
|  94|0x0000000085e00000, 0x0000000085f00000, 0x0000000085f00000|100%| S|CS|TAMS 0x0000000085e00000, 0x0000000085e00000| Complete 
|  95|0x0000000085f00000, 0x0000000086000000, 0x0000000086000000|100%| S|CS|TAMS 0x0000000085f00000, 0x0000000085f00000| Complete 
|  96|0x0000000086000000, 0x0000000086100000, 0x0000000086100000|100%| S|CS|TAMS 0x0000000086000000, 0x0000000086000000| Complete 
|  97|0x0000000086100000, 0x0000000086200000, 0x0000000086200000|100%| S|CS|TAMS 0x0000000086100000, 0x0000000086100000| Complete 
|  98|0x0000000086200000, 0x0000000086300000, 0x0000000086300000|100%| S|CS|TAMS 0x0000000086200000, 0x0000000086200000| Complete 
|  99|0x0000000086300000, 0x0000000086400000, 0x0000000086400000|100%| S|CS|TAMS 0x0000000086300000, 0x0000000086300000| Complete 
| 100|0x0000000086400000, 0x0000000086400000, 0x0000000086500000|  0%| F|  |TAMS 0x0000000086400000, 0x0000000086400000| Untracked 
| 101|0x0000000086500000, 0x0000000086500000, 0x0000000086600000|  0%| F|  |TAMS 0x0000000086500000, 0x0000000086500000| Untracked 
| 102|0x0000000086600000, 0x0000000086600000, 0x0000000086700000|  0%| F|  |TAMS 0x0000000086600000, 0x0000000086600000| Untracked 
| 103|0x0000000086700000, 0x0000000086700000, 0x0000000086800000|  0%| F|  |TAMS 0x0000000086700000, 0x0000000086700000| Untracked 
| 104|0x0000000086800000, 0x0000000086800000, 0x0000000086900000|  0%| F|  |TAMS 0x0000000086800000, 0x0000000086800000| Untracked 
| 105|0x0000000086900000, 0x0000000086900000, 0x0000000086a00000|  0%| F|  |TAMS 0x0000000086900000, 0x0000000086900000| Untracked 
| 106|0x0000000086a00000, 0x0000000086a00000, 0x0000000086b00000|  0%| F|  |TAMS 0x0000000086a00000, 0x0000000086a00000| Untracked 
| 107|0x0000000086b00000, 0x0000000086b00000, 0x0000000086c00000|  0%| F|  |TAMS 0x0000000086b00000, 0x0000000086b00000| Untracked 
| 108|0x0000000086c00000, 0x0000000086c00000, 0x0000000086d00000|  0%| F|  |TAMS 0x0000000086c00000, 0x0000000086c00000| Untracked 
| 109|0x0000000086d00000, 0x0000000086d00000, 0x0000000086e00000|  0%| F|  |TAMS 0x0000000086d00000, 0x0000000086d00000| Untracked 
| 110|0x0000000086e00000, 0x0000000086e00000, 0x0000000086f00000|  0%| F|  |TAMS 0x0000000086e00000, 0x0000000086e00000| Untracked 
| 111|0x0000000086f00000, 0x0000000086f00000, 0x0000000087000000|  0%| F|  |TAMS 0x0000000086f00000, 0x0000000086f00000| Untracked 
| 112|0x0000000087000000, 0x0000000087000000, 0x0000000087100000|  0%| F|  |TAMS 0x0000000087000000, 0x0000000087000000| Untracked 
| 113|0x0000000087100000, 0x0000000087100000, 0x0000000087200000|  0%| F|  |TAMS 0x0000000087100000, 0x0000000087100000| Untracked 
| 114|0x0000000087200000, 0x0000000087200000, 0x0000000087300000|  0%| F|  |TAMS 0x0000000087200000, 0x0000000087200000| Untracked 
| 115|0x0000000087300000, 0x0000000087300000, 0x0000000087400000|  0%| F|  |TAMS 0x0000000087300000, 0x0000000087300000| Untracked 
| 116|0x0000000087400000, 0x0000000087400000, 0x0000000087500000|  0%| F|  |TAMS 0x0000000087400000, 0x0000000087400000| Untracked 
| 117|0x0000000087500000, 0x0000000087600000, 0x0000000087600000|100%| E|  |TAMS 0x0000000087500000, 0x0000000087500000| Complete 
| 118|0x0000000087600000, 0x0000000087700000, 0x0000000087700000|100%| E|CS|TAMS 0x0000000087600000, 0x0000000087600000| Complete 
| 119|0x0000000087700000, 0x0000000087800000, 0x0000000087800000|100%| E|CS|TAMS 0x0000000087700000, 0x0000000087700000| Complete 
| 120|0x0000000087800000, 0x0000000087900000, 0x0000000087900000|100%| E|CS|TAMS 0x0000000087800000, 0x0000000087800000| Complete 
| 121|0x0000000087900000, 0x0000000087a00000, 0x0000000087a00000|100%| E|CS|TAMS 0x0000000087900000, 0x0000000087900000| Complete 
| 122|0x0000000087a00000, 0x0000000087b00000, 0x0000000087b00000|100%| E|CS|TAMS 0x0000000087a00000, 0x0000000087a00000| Complete 
| 123|0x0000000087b00000, 0x0000000087c00000, 0x0000000087c00000|100%| E|CS|TAMS 0x0000000087b00000, 0x0000000087b00000| Complete 
| 124|0x0000000087c00000, 0x0000000087d00000, 0x0000000087d00000|100%| E|CS|TAMS 0x0000000087c00000, 0x0000000087c00000| Complete 
| 125|0x0000000087d00000, 0x0000000087e00000, 0x0000000087e00000|100%| E|CS|TAMS 0x0000000087d00000, 0x0000000087d00000| Complete 
| 126|0x0000000087e00000, 0x0000000087f00000, 0x0000000087f00000|100%| E|CS|TAMS 0x0000000087e00000, 0x0000000087e00000| Complete 
| 127|0x0000000087f00000, 0x0000000088000000, 0x0000000088000000|100%| E|CS|TAMS 0x0000000087f00000, 0x0000000087f00000| Complete 
| 128|0x0000000088000000, 0x0000000088100000, 0x0000000088100000|100%| E|CS|TAMS 0x0000000088000000, 0x0000000088000000| Complete 
| 129|0x0000000088100000, 0x0000000088200000, 0x0000000088200000|100%| E|CS|TAMS 0x0000000088100000, 0x0000000088100000| Complete 
| 130|0x0000000088200000, 0x0000000088300000, 0x0000000088300000|100%| E|CS|TAMS 0x0000000088200000, 0x0000000088200000| Complete 
| 131|0x0000000088300000, 0x0000000088400000, 0x0000000088400000|100%| E|CS|TAMS 0x0000000088300000, 0x0000000088300000| Complete 
| 132|0x0000000088400000, 0x0000000088500000, 0x0000000088500000|100%| E|CS|TAMS 0x0000000088400000, 0x0000000088400000| Complete 
| 133|0x0000000088500000, 0x0000000088600000, 0x0000000088600000|100%| E|CS|TAMS 0x0000000088500000, 0x0000000088500000| Complete 
| 134|0x0000000088600000, 0x0000000088700000, 0x0000000088700000|100%| E|CS|TAMS 0x0000000088600000, 0x0000000088600000| Complete 
| 135|0x0000000088700000, 0x0000000088800000, 0x0000000088800000|100%| E|CS|TAMS 0x0000000088700000, 0x0000000088700000| Complete 
| 136|0x0000000088800000, 0x0000000088900000, 0x0000000088900000|100%| E|CS|TAMS 0x0000000088800000, 0x0000000088800000| Complete 
| 137|0x0000000088900000, 0x0000000088a00000, 0x0000000088a00000|100%| E|CS|TAMS 0x0000000088900000, 0x0000000088900000| Complete 
| 138|0x0000000088a00000, 0x0000000088b00000, 0x0000000088b00000|100%| E|CS|TAMS 0x0000000088a00000, 0x0000000088a00000| Complete 
| 139|0x0000000088b00000, 0x0000000088c00000, 0x0000000088c00000|100%| E|CS|TAMS 0x0000000088b00000, 0x0000000088b00000| Complete 
| 140|0x0000000088c00000, 0x0000000088d00000, 0x0000000088d00000|100%| E|CS|TAMS 0x0000000088c00000, 0x0000000088c00000| Complete 
| 141|0x0000000088d00000, 0x0000000088e00000, 0x0000000088e00000|100%| E|CS|TAMS 0x0000000088d00000, 0x0000000088d00000| Complete 
| 142|0x0000000088e00000, 0x0000000088f00000, 0x0000000088f00000|100%| E|CS|TAMS 0x0000000088e00000, 0x0000000088e00000| Complete 
| 143|0x0000000088f00000, 0x0000000089000000, 0x0000000089000000|100%| E|CS|TAMS 0x0000000088f00000, 0x0000000088f00000| Complete 
| 144|0x0000000089000000, 0x0000000089100000, 0x0000000089100000|100%| E|CS|TAMS 0x0000000089000000, 0x0000000089000000| Complete 
| 145|0x0000000089100000, 0x0000000089200000, 0x0000000089200000|100%| E|CS|TAMS 0x0000000089100000, 0x0000000089100000| Complete 
| 146|0x0000000089200000, 0x0000000089300000, 0x0000000089300000|100%| E|CS|TAMS 0x0000000089200000, 0x0000000089200000| Complete 
| 147|0x0000000089300000, 0x0000000089400000, 0x0000000089400000|100%| E|CS|TAMS 0x0000000089300000, 0x0000000089300000| Complete 
| 148|0x0000000089400000, 0x0000000089500000, 0x0000000089500000|100%| E|CS|TAMS 0x0000000089400000, 0x0000000089400000| Complete 
| 149|0x0000000089500000, 0x0000000089600000, 0x0000000089600000|100%| E|CS|TAMS 0x0000000089500000, 0x0000000089500000| Complete 
| 150|0x0000000089600000, 0x0000000089700000, 0x0000000089700000|100%| E|CS|TAMS 0x0000000089600000, 0x0000000089600000| Complete 
| 151|0x0000000089700000, 0x0000000089800000, 0x0000000089800000|100%| E|CS|TAMS 0x0000000089700000, 0x0000000089700000| Complete 
| 152|0x0000000089800000, 0x0000000089900000, 0x0000000089900000|100%| E|CS|TAMS 0x0000000089800000, 0x0000000089800000| Complete 
| 153|0x0000000089900000, 0x0000000089a00000, 0x0000000089a00000|100%| E|CS|TAMS 0x0000000089900000, 0x0000000089900000| Complete 
| 154|0x0000000089a00000, 0x0000000089b00000, 0x0000000089b00000|100%| E|CS|TAMS 0x0000000089a00000, 0x0000000089a00000| Complete 
| 155|0x0000000089b00000, 0x0000000089c00000, 0x0000000089c00000|100%| E|CS|TAMS 0x0000000089b00000, 0x0000000089b00000| Complete 
| 156|0x0000000089c00000, 0x0000000089d00000, 0x0000000089d00000|100%| E|CS|TAMS 0x0000000089c00000, 0x0000000089c00000| Complete 
| 157|0x0000000089d00000, 0x0000000089e00000, 0x0000000089e00000|100%| E|CS|TAMS 0x0000000089d00000, 0x0000000089d00000| Complete 
| 158|0x0000000089e00000, 0x0000000089f00000, 0x0000000089f00000|100%| E|CS|TAMS 0x0000000089e00000, 0x0000000089e00000| Complete 
| 159|0x0000000089f00000, 0x000000008a000000, 0x000000008a000000|100%| E|CS|TAMS 0x0000000089f00000, 0x0000000089f00000| Complete 
| 160|0x000000008a000000, 0x000000008a100000, 0x000000008a100000|100%| E|CS|TAMS 0x000000008a000000, 0x000000008a000000| Complete 
| 161|0x000000008a100000, 0x000000008a200000, 0x000000008a200000|100%| E|CS|TAMS 0x000000008a100000, 0x000000008a100000| Complete 
| 162|0x000000008a200000, 0x000000008a300000, 0x000000008a300000|100%| E|CS|TAMS 0x000000008a200000, 0x000000008a200000| Complete 
| 163|0x000000008a300000, 0x000000008a400000, 0x000000008a400000|100%| E|CS|TAMS 0x000000008a300000, 0x000000008a300000| Complete 
| 164|0x000000008a400000, 0x000000008a500000, 0x000000008a500000|100%| E|CS|TAMS 0x000000008a400000, 0x000000008a400000| Complete 
| 165|0x000000008a500000, 0x000000008a600000, 0x000000008a600000|100%| E|CS|TAMS 0x000000008a500000, 0x000000008a500000| Complete 
| 166|0x000000008a600000, 0x000000008a700000, 0x000000008a700000|100%| E|CS|TAMS 0x000000008a600000, 0x000000008a600000| Complete 
| 167|0x000000008a700000, 0x000000008a800000, 0x000000008a800000|100%| E|CS|TAMS 0x000000008a700000, 0x000000008a700000| Complete 
| 168|0x000000008a800000, 0x000000008a900000, 0x000000008a900000|100%| E|CS|TAMS 0x000000008a800000, 0x000000008a800000| Complete 
| 169|0x000000008a900000, 0x000000008aa00000, 0x000000008aa00000|100%| E|CS|TAMS 0x000000008a900000, 0x000000008a900000| Complete 
| 170|0x000000008aa00000, 0x000000008ab00000, 0x000000008ab00000|100%| E|CS|TAMS 0x000000008aa00000, 0x000000008aa00000| Complete 
| 171|0x000000008ab00000, 0x000000008ac00000, 0x000000008ac00000|100%| E|CS|TAMS 0x000000008ab00000, 0x000000008ab00000| Complete 
| 172|0x000000008ac00000, 0x000000008ad00000, 0x000000008ad00000|100%| E|CS|TAMS 0x000000008ac00000, 0x000000008ac00000| Complete 
| 173|0x000000008ad00000, 0x000000008ae00000, 0x000000008ae00000|100%| E|CS|TAMS 0x000000008ad00000, 0x000000008ad00000| Complete 
| 174|0x000000008ae00000, 0x000000008af00000, 0x000000008af00000|100%| E|CS|TAMS 0x000000008ae00000, 0x000000008ae00000| Complete 
| 175|0x000000008af00000, 0x000000008b000000, 0x000000008b000000|100%| E|CS|TAMS 0x000000008af00000, 0x000000008af00000| Complete 
| 176|0x000000008b000000, 0x000000008b100000, 0x000000008b100000|100%| E|CS|TAMS 0x000000008b000000, 0x000000008b000000| Complete 
| 177|0x000000008b100000, 0x000000008b200000, 0x000000008b200000|100%| E|CS|TAMS 0x000000008b100000, 0x000000008b100000| Complete 
| 178|0x000000008b200000, 0x000000008b300000, 0x000000008b300000|100%| E|CS|TAMS 0x000000008b200000, 0x000000008b200000| Complete 
| 179|0x000000008b300000, 0x000000008b400000, 0x000000008b400000|100%| E|CS|TAMS 0x000000008b300000, 0x000000008b300000| Complete 
| 180|0x000000008b400000, 0x000000008b500000, 0x000000008b500000|100%| E|CS|TAMS 0x000000008b400000, 0x000000008b400000| Complete 
| 181|0x000000008b500000, 0x000000008b600000, 0x000000008b600000|100%| E|CS|TAMS 0x000000008b500000, 0x000000008b500000| Complete 
| 182|0x000000008b600000, 0x000000008b700000, 0x000000008b700000|100%| E|CS|TAMS 0x000000008b600000, 0x000000008b600000| Complete 
| 183|0x000000008b700000, 0x000000008b800000, 0x000000008b800000|100%| E|CS|TAMS 0x000000008b700000, 0x000000008b700000| Complete 
| 184|0x000000008b800000, 0x000000008b900000, 0x000000008b900000|100%| E|CS|TAMS 0x000000008b800000, 0x000000008b800000| Complete 
| 185|0x000000008b900000, 0x000000008ba00000, 0x000000008ba00000|100%| E|CS|TAMS 0x000000008b900000, 0x000000008b900000| Complete 
| 186|0x000000008ba00000, 0x000000008bb00000, 0x000000008bb00000|100%| E|CS|TAMS 0x000000008ba00000, 0x000000008ba00000| Complete 
| 187|0x000000008bb00000, 0x000000008bc00000, 0x000000008bc00000|100%| E|CS|TAMS 0x000000008bb00000, 0x000000008bb00000| Complete 
| 188|0x000000008bc00000, 0x000000008bd00000, 0x000000008bd00000|100%| E|CS|TAMS 0x000000008bc00000, 0x000000008bc00000| Complete 
| 189|0x000000008bd00000, 0x000000008be00000, 0x000000008be00000|100%| E|CS|TAMS 0x000000008bd00000, 0x000000008bd00000| Complete 
| 190|0x000000008be00000, 0x000000008bf00000, 0x000000008bf00000|100%| E|CS|TAMS 0x000000008be00000, 0x000000008be00000| Complete 
| 191|0x000000008bf00000, 0x000000008c000000, 0x000000008c000000|100%| E|CS|TAMS 0x000000008bf00000, 0x000000008bf00000| Complete 
| 192|0x000000008c000000, 0x000000008c100000, 0x000000008c100000|100%| E|CS|TAMS 0x000000008c000000, 0x000000008c000000| Complete 
| 193|0x000000008c100000, 0x000000008c200000, 0x000000008c200000|100%| E|CS|TAMS 0x000000008c100000, 0x000000008c100000| Complete 
| 194|0x000000008c200000, 0x000000008c300000, 0x000000008c300000|100%| E|CS|TAMS 0x000000008c200000, 0x000000008c200000| Complete 
| 195|0x000000008c300000, 0x000000008c400000, 0x000000008c400000|100%| E|CS|TAMS 0x000000008c300000, 0x000000008c300000| Complete 
| 196|0x000000008c400000, 0x000000008c500000, 0x000000008c500000|100%| E|CS|TAMS 0x000000008c400000, 0x000000008c400000| Complete 
| 197|0x000000008c500000, 0x000000008c600000, 0x000000008c600000|100%| E|CS|TAMS 0x000000008c500000, 0x000000008c500000| Complete 
| 198|0x000000008c600000, 0x000000008c700000, 0x000000008c700000|100%| E|CS|TAMS 0x000000008c600000, 0x000000008c600000| Complete 
| 199|0x000000008c700000, 0x000000008c800000, 0x000000008c800000|100%| E|CS|TAMS 0x000000008c700000, 0x000000008c700000| Complete 
| 200|0x000000008c800000, 0x000000008c900000, 0x000000008c900000|100%| E|CS|TAMS 0x000000008c800000, 0x000000008c800000| Complete 
| 201|0x000000008c900000, 0x000000008ca00000, 0x000000008ca00000|100%| E|CS|TAMS 0x000000008c900000, 0x000000008c900000| Complete 
| 202|0x000000008ca00000, 0x000000008cb00000, 0x000000008cb00000|100%| E|CS|TAMS 0x000000008ca00000, 0x000000008ca00000| Complete 
| 203|0x000000008cb00000, 0x000000008cc00000, 0x000000008cc00000|100%| E|CS|TAMS 0x000000008cb00000, 0x000000008cb00000| Complete 
| 204|0x000000008cc00000, 0x000000008cd00000, 0x000000008cd00000|100%| E|CS|TAMS 0x000000008cc00000, 0x000000008cc00000| Complete 
| 205|0x000000008cd00000, 0x000000008ce00000, 0x000000008ce00000|100%| E|CS|TAMS 0x000000008cd00000, 0x000000008cd00000| Complete 
| 206|0x000000008ce00000, 0x000000008cf00000, 0x000000008cf00000|100%| E|CS|TAMS 0x000000008ce00000, 0x000000008ce00000| Complete 
| 207|0x000000008cf00000, 0x000000008d000000, 0x000000008d000000|100%| E|CS|TAMS 0x000000008cf00000, 0x000000008cf00000| Complete 
| 208|0x000000008d000000, 0x000000008d100000, 0x000000008d100000|100%| E|CS|TAMS 0x000000008d000000, 0x000000008d000000| Complete 
| 209|0x000000008d100000, 0x000000008d200000, 0x000000008d200000|100%| E|CS|TAMS 0x000000008d100000, 0x000000008d100000| Complete 
| 210|0x000000008d200000, 0x000000008d300000, 0x000000008d300000|100%| E|CS|TAMS 0x000000008d200000, 0x000000008d200000| Complete 
| 211|0x000000008d300000, 0x000000008d400000, 0x000000008d400000|100%| E|CS|TAMS 0x000000008d300000, 0x000000008d300000| Complete 
| 212|0x000000008d400000, 0x000000008d500000, 0x000000008d500000|100%| E|CS|TAMS 0x000000008d400000, 0x000000008d400000| Complete 
| 213|0x000000008d500000, 0x000000008d600000, 0x000000008d600000|100%| E|CS|TAMS 0x000000008d500000, 0x000000008d500000| Complete 
| 214|0x000000008d600000, 0x000000008d700000, 0x000000008d700000|100%| E|CS|TAMS 0x000000008d600000, 0x000000008d600000| Complete 
| 215|0x000000008d700000, 0x000000008d800000, 0x000000008d800000|100%| E|CS|TAMS 0x000000008d700000, 0x000000008d700000| Complete 
| 216|0x000000008d800000, 0x000000008d900000, 0x000000008d900000|100%| E|CS|TAMS 0x000000008d800000, 0x000000008d800000| Complete 
| 217|0x000000008d900000, 0x000000008da00000, 0x000000008da00000|100%| E|CS|TAMS 0x000000008d900000, 0x000000008d900000| Complete 
| 218|0x000000008da00000, 0x000000008db00000, 0x000000008db00000|100%| E|CS|TAMS 0x000000008da00000, 0x000000008da00000| Complete 
| 219|0x000000008db00000, 0x000000008dc00000, 0x000000008dc00000|100%| E|CS|TAMS 0x000000008db00000, 0x000000008db00000| Complete 
| 220|0x000000008dc00000, 0x000000008dd00000, 0x000000008dd00000|100%| E|CS|TAMS 0x000000008dc00000, 0x000000008dc00000| Complete 
| 221|0x000000008dd00000, 0x000000008de00000, 0x000000008de00000|100%| E|CS|TAMS 0x000000008dd00000, 0x000000008dd00000| Complete 
| 222|0x000000008de00000, 0x000000008df00000, 0x000000008df00000|100%| E|CS|TAMS 0x000000008de00000, 0x000000008de00000| Complete 
| 223|0x000000008df00000, 0x000000008e000000, 0x000000008e000000|100%| E|CS|TAMS 0x000000008df00000, 0x000000008df00000| Complete 
| 224|0x000000008e000000, 0x000000008e100000, 0x000000008e100000|100%| E|CS|TAMS 0x000000008e000000, 0x000000008e000000| Complete 
| 225|0x000000008e100000, 0x000000008e200000, 0x000000008e200000|100%| E|CS|TAMS 0x000000008e100000, 0x000000008e100000| Complete 
| 226|0x000000008e200000, 0x000000008e300000, 0x000000008e300000|100%| E|CS|TAMS 0x000000008e200000, 0x000000008e200000| Complete 
| 227|0x000000008e300000, 0x000000008e400000, 0x000000008e400000|100%| E|CS|TAMS 0x000000008e300000, 0x000000008e300000| Complete 
| 228|0x000000008e400000, 0x000000008e500000, 0x000000008e500000|100%| E|CS|TAMS 0x000000008e400000, 0x000000008e400000| Complete 
| 229|0x000000008e500000, 0x000000008e600000, 0x000000008e600000|100%| E|CS|TAMS 0x000000008e500000, 0x000000008e500000| Complete 
| 230|0x000000008e600000, 0x000000008e700000, 0x000000008e700000|100%| E|CS|TAMS 0x000000008e600000, 0x000000008e600000| Complete 
| 231|0x000000008e700000, 0x000000008e800000, 0x000000008e800000|100%| E|CS|TAMS 0x000000008e700000, 0x000000008e700000| Complete 
| 232|0x000000008e800000, 0x000000008e900000, 0x000000008e900000|100%| E|CS|TAMS 0x000000008e800000, 0x000000008e800000| Complete 
| 233|0x000000008e900000, 0x000000008ea00000, 0x000000008ea00000|100%| E|CS|TAMS 0x000000008e900000, 0x000000008e900000| Complete 

Card table byte_map: [0x0000022c4c8f0000,0x0000022c4ccf0000] _byte_map_base: 0x0000022c4c4f0000

Marking Bits (Prev, Next): (CMBitMap*) 0x0000022c357136c0, (CMBitMap*) 0x0000022c35713700
 Prev Bits: [0x0000022c4d0f0000, 0x0000022c4f0f0000)
 Next Bits: [0x0000022c4f0f0000, 0x0000022c510f0000)

Polling page: 0x0000022c33620000

Metaspace:

Usage:
  Non-class:     35.68 MB used.
      Class:      5.59 MB used.
       Both:     41.26 MB used.

Virtual space:
  Non-class space:       64.00 MB reserved,      35.94 MB ( 56%) committed,  1 nodes.
      Class space:      416.00 MB reserved,       5.81 MB (  1%) committed,  1 nodes.
             Both:      480.00 MB reserved,      41.75 MB (  9%) committed. 

Chunk freelists:
   Non-Class:  11.33 MB
       Class:  10.14 MB
        Both:  21.47 MB

MaxMetaspaceSize: 512.00 MB
CompressedClassSpaceSize: 416.00 MB
Initial GC threshold: 21.00 MB
Current GC threshold: 59.19 MB
CDS: on
MetaspaceReclaimPolicy: balanced
 - commit_granule_bytes: 65536.
 - commit_granule_words: 8192.
 - virtual_space_node_default_size: 8388608.
 - enlarge_chunks_in_place: 1.
 - new_chunks_are_fully_committed: 0.
 - uncommit_free_chunks: 1.
 - use_allocation_guard: 0.
 - handle_deallocations: 1.


Internal statistics:

num_allocs_failed_limit: 6.
num_arena_births: 512.
num_arena_deaths: 0.
num_vsnodes_births: 2.
num_vsnodes_deaths: 0.
num_space_committed: 668.
num_space_uncommitted: 0.
num_chunks_returned_to_freelist: 6.
num_chunks_taken_from_freelist: 2053.
num_chunk_merges: 6.
num_chunk_splits: 1398.
num_chunks_enlarged: 1003.
num_inconsistent_stats: 0.

CodeHeap 'non-profiled nmethods': size=120000Kb used=5390Kb max_used=5390Kb free=114609Kb
 bounds [0x0000022c44c80000, 0x0000022c451d0000, 0x0000022c4c1b0000]
CodeHeap 'profiled nmethods': size=120000Kb used=12642Kb max_used=12642Kb free=107357Kb
 bounds [0x0000022c3d1b0000, 0x0000022c3de10000, 0x0000022c446e0000]
CodeHeap 'non-nmethods': size=5760Kb used=2312Kb max_used=2478Kb free=3447Kb
 bounds [0x0000022c446e0000, 0x0000022c44960000, 0x0000022c44c80000]
 total_blobs=7186 nmethods=6361 adapters=737
 compilation: enabled
              stopped_count=0, restarted_count=0
 full_count=0

Compilation events (20 events):
Event: 16.277 Thread 0x0000022c53b2f6b0 7109       3       org.gradle.internal.event.ListenerBroadcast::dispatch (9 bytes)
Event: 16.277 Thread 0x0000022c53b2f6b0 nmethod 7109 0x0000022c3de07510 code [0x0000022c3de076c0, 0x0000022c3de07a68]
Event: 16.277 Thread 0x0000022c53b2f6b0 7110       3       org.gradle.internal.event.ListenerBroadcast::dispatch (9 bytes)
Event: 16.277 Thread 0x0000022c53b2f6b0 nmethod 7110 0x0000022c3de07b90 code [0x0000022c3de07d40, 0x0000022c3de07f08]
Event: 16.277 Thread 0x0000022c53b2f6b0 7111       3       java.util.concurrent.atomic.AtomicLong::incrementAndGet (14 bytes)
Event: 16.277 Thread 0x0000022c53b2f6b0 nmethod 7111 0x0000022c3de08010 code [0x0000022c3de081a0, 0x0000022c3de082b8]
Event: 16.277 Thread 0x0000022c53b2f6b0 7112       1       net.rubygrapefruit.platform.internal.WindowsFileStat::getLastModifiedTime (5 bytes)
Event: 16.277 Thread 0x0000022c53b2f6b0 nmethod 7112 0x0000022c44ef4c90 code [0x0000022c44ef4e20, 0x0000022c44ef4ef8]
Event: 16.277 Thread 0x0000022c53b2f6b0 7113       1       net.rubygrapefruit.platform.internal.WindowsFileStat::getSize (5 bytes)
Event: 16.278 Thread 0x0000022c53b2f6b0 nmethod 7113 0x0000022c451b7d90 code [0x0000022c451b7f20, 0x0000022c451b7ff8]
Event: 16.286 Thread 0x0000022c53b20bb0 nmethod 7108 0x0000022c451b8090 code [0x0000022c451b8260, 0x0000022c451b8d98]
Event: 16.286 Thread 0x0000022c53b20bb0 7114       4       org.objectweb.asm.signature.SignatureWriter::visitFormalTypeParameter (42 bytes)
Event: 16.295 Thread 0x0000022c53b2f6b0 7115       3       org.objectweb.asm.ClassWriter::visitOuterClass (37 bytes)
Event: 16.295 Thread 0x0000022c53b2f6b0 nmethod 7115 0x0000022c3de08390 code [0x0000022c3de08540, 0x0000022c3de087d8]
Event: 16.307 Thread 0x0000022c53b20bb0 nmethod 7114 0x0000022c451b9310 code [0x0000022c451b9500, 0x0000022c451ba7a8]
Event: 16.337 Thread 0x0000022c53b20bb0 7116       4       org.objectweb.asm.Handle::hashCode (43 bytes)
Event: 16.364 Thread 0x0000022c53b20bb0 nmethod 7116 0x0000022c451bb090 code [0x0000022c451bb220, 0x0000022c451bbdd8]
Event: 16.364 Thread 0x0000022c53b20bb0 7117       4       org.objectweb.asm.MethodVisitor::visitInvokeDynamicInsn (39 bytes)
Event: 16.441 Thread 0x0000022c74dc3bb0 nmethod 7107 0x0000022c451bc210 code [0x0000022c451bc4e0, 0x0000022c451c0ad0]
Event: 16.449 Thread 0x0000022c74dc3bb0 7118       4       org.objectweb.asm.signature.SignatureWriter::visitTypeArgument (40 bytes)

GC Heap History (20 events):
Event: 13.484 GC heap before
{Heap before GC invocations=24 (full 0):
 garbage-first heap   total 165888K, used 140569K [0x0000000080000000, 0x0000000100000000)
  region size 1024K, 97 young (99328K), 6 survivors (6144K)
 Metaspace       used 42190K, committed 42752K, reserved 491520K
  class space    used 5712K, committed 5952K, reserved 425984K
}
Event: 13.489 GC heap after
{Heap after GC invocations=25 (full 0):
 garbage-first heap   total 199680K, used 48031K [0x0000000080000000, 0x0000000100000000)
  region size 1024K, 7 young (7168K), 7 survivors (7168K)
 Metaspace       used 42190K, committed 42752K, reserved 491520K
  class space    used 5712K, committed 5952K, reserved 425984K
}
Event: 13.789 GC heap before
{Heap before GC invocations=25 (full 0):
 garbage-first heap   total 199680K, used 160671K [0x0000000080000000, 0x0000000100000000)
  region size 1024K, 117 young (119808K), 7 survivors (7168K)
 Metaspace       used 42199K, committed 42752K, reserved 491520K
  class space    used 5712K, committed 5952K, reserved 425984K
}
Event: 13.795 GC heap after
{Heap after GC invocations=26 (full 0):
 garbage-first heap   total 199680K, used 48064K [0x0000000080000000, 0x0000000100000000)
  region size 1024K, 7 young (7168K), 7 survivors (7168K)
 Metaspace       used 42199K, committed 42752K, reserved 491520K
  class space    used 5712K, committed 5952K, reserved 425984K
}
Event: 14.188 GC heap before
{Heap before GC invocations=26 (full 0):
 garbage-first heap   total 199680K, used 169920K [0x0000000080000000, 0x0000000100000000)
  region size 1024K, 117 young (119808K), 7 survivors (7168K)
 Metaspace       used 42236K, committed 42752K, reserved 491520K
  class space    used 5720K, committed 5952K, reserved 425984K
}
Event: 14.195 GC heap after
{Heap after GC invocations=27 (full 0):
 garbage-first heap   total 199680K, used 49298K [0x0000000080000000, 0x0000000100000000)
  region size 1024K, 8 young (8192K), 8 survivors (8192K)
 Metaspace       used 42236K, committed 42752K, reserved 491520K
  class space    used 5720K, committed 5952K, reserved 425984K
}
Event: 14.443 GC heap before
{Heap before GC invocations=27 (full 0):
 garbage-first heap   total 199680K, used 160914K [0x0000000080000000, 0x0000000100000000)
  region size 1024K, 117 young (119808K), 8 survivors (8192K)
 Metaspace       used 42237K, committed 42752K, reserved 491520K
  class space    used 5720K, committed 5952K, reserved 425984K
}
Event: 14.449 GC heap after
{Heap after GC invocations=28 (full 0):
 garbage-first heap   total 199680K, used 49521K [0x0000000080000000, 0x0000000100000000)
  region size 1024K, 8 young (8192K), 8 survivors (8192K)
 Metaspace       used 42237K, committed 42752K, reserved 491520K
  class space    used 5720K, committed 5952K, reserved 425984K
}
Event: 14.655 GC heap before
{Heap before GC invocations=28 (full 0):
 garbage-first heap   total 199680K, used 161137K [0x0000000080000000, 0x0000000100000000)
  region size 1024K, 117 young (119808K), 8 survivors (8192K)
 Metaspace       used 42237K, committed 42752K, reserved 491520K
  class space    used 5720K, committed 5952K, reserved 425984K
}
Event: 14.661 GC heap after
{Heap after GC invocations=29 (full 0):
 garbage-first heap   total 239616K, used 49707K [0x0000000080000000, 0x0000000100000000)
  region size 1024K, 9 young (9216K), 9 survivors (9216K)
 Metaspace       used 42237K, committed 42752K, reserved 491520K
  class space    used 5720K, committed 5952K, reserved 425984K
}
Event: 14.986 GC heap before
{Heap before GC invocations=29 (full 0):
 garbage-first heap   total 239616K, used 184875K [0x0000000080000000, 0x0000000100000000)
  region size 1024K, 140 young (143360K), 9 survivors (9216K)
 Metaspace       used 42237K, committed 42752K, reserved 491520K
  class space    used 5720K, committed 5952K, reserved 425984K
}
Event: 14.991 GC heap after
{Heap after GC invocations=30 (full 0):
 garbage-first heap   total 239616K, used 50099K [0x0000000080000000, 0x0000000100000000)
  region size 1024K, 7 young (7168K), 7 survivors (7168K)
 Metaspace       used 42237K, committed 42752K, reserved 491520K
  class space    used 5720K, committed 5952K, reserved 425984K
}
Event: 15.334 GC heap before
{Heap before GC invocations=30 (full 0):
 garbage-first heap   total 239616K, used 186291K [0x0000000080000000, 0x0000000100000000)
  region size 1024K, 140 young (143360K), 7 survivors (7168K)
 Metaspace       used 42238K, committed 42752K, reserved 491520K
  class space    used 5720K, committed 5952K, reserved 425984K
}
Event: 15.339 GC heap after
{Heap after GC invocations=31 (full 0):
 garbage-first heap   total 239616K, used 51117K [0x0000000080000000, 0x0000000100000000)
  region size 1024K, 6 young (6144K), 6 survivors (6144K)
 Metaspace       used 42238K, committed 42752K, reserved 491520K
  class space    used 5720K, committed 5952K, reserved 425984K
}
Event: 15.667 GC heap before
{Heap before GC invocations=31 (full 0):
 garbage-first heap   total 239616K, used 188333K [0x0000000080000000, 0x0000000100000000)
  region size 1024K, 140 young (143360K), 6 survivors (6144K)
 Metaspace       used 42243K, committed 42752K, reserved 491520K
  class space    used 5721K, committed 5952K, reserved 425984K
}
Event: 15.671 GC heap after
{Heap after GC invocations=32 (full 0):
 garbage-first heap   total 239616K, used 52192K [0x0000000080000000, 0x0000000100000000)
  region size 1024K, 7 young (7168K), 7 survivors (7168K)
 Metaspace       used 42243K, committed 42752K, reserved 491520K
  class space    used 5721K, committed 5952K, reserved 425984K
}
Event: 15.975 GC heap before
{Heap before GC invocations=32 (full 0):
 garbage-first heap   total 239616K, used 188384K [0x0000000080000000, 0x0000000100000000)
  region size 1024K, 140 young (143360K), 7 survivors (7168K)
 Metaspace       used 42250K, committed 42752K, reserved 491520K
  class space    used 5721K, committed 5952K, reserved 425984K
}
Event: 15.979 GC heap after
{Heap after GC invocations=33 (full 0):
 garbage-first heap   total 239616K, used 52673K [0x0000000080000000, 0x0000000100000000)
  region size 1024K, 7 young (7168K), 7 survivors (7168K)
 Metaspace       used 42250K, committed 42752K, reserved 491520K
  class space    used 5721K, committed 5952K, reserved 425984K
}
Event: 16.243 GC heap before
{Heap before GC invocations=33 (full 0):
 garbage-first heap   total 239616K, used 188865K [0x0000000080000000, 0x0000000100000000)
  region size 1024K, 140 young (143360K), 7 survivors (7168K)
 Metaspace       used 42253K, committed 42752K, reserved 491520K
  class space    used 5721K, committed 5952K, reserved 425984K
}
Event: 16.248 GC heap after
{Heap after GC invocations=34 (full 0):
 garbage-first heap   total 239616K, used 53669K [0x0000000080000000, 0x0000000100000000)
  region size 1024K, 8 young (8192K), 8 survivors (8192K)
 Metaspace       used 42253K, committed 42752K, reserved 491520K
  class space    used 5721K, committed 5952K, reserved 425984K
}

Dll operation events (14 events):
Event: 0.012 Loaded shared library C:\Program Files\Microsoft\jdk-17.0.8.7-hotspot\bin\java.dll
Event: 0.033 Loaded shared library C:\Program Files\Microsoft\jdk-17.0.8.7-hotspot\bin\jsvml.dll
Event: 0.086 Loaded shared library C:\Program Files\Microsoft\jdk-17.0.8.7-hotspot\bin\zip.dll
Event: 0.090 Loaded shared library C:\Program Files\Microsoft\jdk-17.0.8.7-hotspot\bin\instrument.dll
Event: 0.096 Loaded shared library C:\Program Files\Microsoft\jdk-17.0.8.7-hotspot\bin\net.dll
Event: 0.098 Loaded shared library C:\Program Files\Microsoft\jdk-17.0.8.7-hotspot\bin\nio.dll
Event: 0.102 Loaded shared library C:\Program Files\Microsoft\jdk-17.0.8.7-hotspot\bin\zip.dll
Event: 0.305 Loaded shared library C:\Program Files\Microsoft\jdk-17.0.8.7-hotspot\bin\jimage.dll
Event: 0.377 Loaded shared library C:\Program Files\Microsoft\jdk-17.0.8.7-hotspot\bin\verify.dll
Event: 0.568 Loaded shared library C:\Users\Dell\.gradle\native\68d5fa5c4cc2d200863cafc0d521ce42e7d3e7ee720ec0a83991735586a16f82\windows-amd64\native-platform.dll
Event: 0.598 Loaded shared library C:\Users\Dell\.gradle\native\e376f236ea51e6404a007f0833ffe2c6e607c4080706a723a18a27aeea778392\windows-amd64\native-platform-file-events.dll
Event: 1.493 Loaded shared library C:\Program Files\Microsoft\jdk-17.0.8.7-hotspot\bin\management.dll
Event: 1.495 Loaded shared library C:\Program Files\Microsoft\jdk-17.0.8.7-hotspot\bin\management_ext.dll
Event: 1.998 Loaded shared library C:\Program Files\Microsoft\jdk-17.0.8.7-hotspot\bin\sunmscapi.dll

Deoptimization events (20 events):
Event: 16.349 Thread 0x0000022c74b497f0 DEOPT PACKING pc=0x0000022c3dcb30d2 sp=0x000000ccc63f6f10
Event: 16.349 Thread 0x0000022c74b497f0 DEOPT UNPACKING pc=0x0000022c44737143 sp=0x000000ccc63f6620 mode 0
Event: 16.370 Thread 0x0000022c74b497f0 DEOPT PACKING pc=0x0000022c3dcb374b sp=0x000000ccc63f6f10
Event: 16.370 Thread 0x0000022c74b497f0 DEOPT UNPACKING pc=0x0000022c44737143 sp=0x000000ccc63f6620 mode 0
Event: 16.378 Thread 0x0000022c74b497f0 DEOPT PACKING pc=0x0000022c3dcb4261 sp=0x000000ccc63f6f10
Event: 16.379 Thread 0x0000022c74b497f0 DEOPT UNPACKING pc=0x0000022c44737143 sp=0x000000ccc63f6620 mode 0
Event: 16.386 Thread 0x0000022c74b497f0 DEOPT PACKING pc=0x0000022c3dcb374b sp=0x000000ccc63f6f10
Event: 16.386 Thread 0x0000022c74b497f0 DEOPT UNPACKING pc=0x0000022c44737143 sp=0x000000ccc63f6620 mode 0
Event: 16.393 Thread 0x0000022c74b497f0 DEOPT PACKING pc=0x0000022c3dcb4261 sp=0x000000ccc63f6f10
Event: 16.393 Thread 0x0000022c74b497f0 DEOPT UNPACKING pc=0x0000022c44737143 sp=0x000000ccc63f6620 mode 0
Event: 16.412 Thread 0x0000022c74b497f0 DEOPT PACKING pc=0x0000022c3dcb374b sp=0x000000ccc63f6f10
Event: 16.412 Thread 0x0000022c74b497f0 DEOPT UNPACKING pc=0x0000022c44737143 sp=0x000000ccc63f6620 mode 0
Event: 16.426 Thread 0x0000022c74b497f0 DEOPT PACKING pc=0x0000022c3dcb4261 sp=0x000000ccc63f6f10
Event: 16.426 Thread 0x0000022c74b497f0 DEOPT UNPACKING pc=0x0000022c44737143 sp=0x000000ccc63f6620 mode 0
Event: 16.434 Thread 0x0000022c74b497f0 DEOPT PACKING pc=0x0000022c3dcb374b sp=0x000000ccc63f6f10
Event: 16.434 Thread 0x0000022c74b497f0 DEOPT UNPACKING pc=0x0000022c44737143 sp=0x000000ccc63f6620 mode 0
Event: 16.442 Thread 0x0000022c74b497f0 DEOPT PACKING pc=0x0000022c3dcb4261 sp=0x000000ccc63f6f10
Event: 16.442 Thread 0x0000022c74b497f0 DEOPT UNPACKING pc=0x0000022c44737143 sp=0x000000ccc63f6620 mode 0
Event: 16.449 Thread 0x0000022c74b497f0 DEOPT PACKING pc=0x0000022c3dcb30d2 sp=0x000000ccc63f6f10
Event: 16.449 Thread 0x0000022c74b497f0 DEOPT UNPACKING pc=0x0000022c44737143 sp=0x000000ccc63f6620 mode 0

Classes unloaded (0 events):
No events

Classes redefined (0 events):
No events

Internal exceptions (20 events):
Event: 11.010 Thread 0x0000022c74b497f0 Exception <a 'sun/nio/fs/WindowsException'{0x0000000088307d28}> (0x0000000088307d28) 
thrown [s\src\hotspot\share\prims\jni.cpp, line 516]
Event: 11.011 Thread 0x0000022c74b497f0 Exception <a 'sun/nio/fs/WindowsException'{0x0000000088309548}> (0x0000000088309548) 
thrown [s\src\hotspot\share\prims\jni.cpp, line 516]
Event: 11.011 Thread 0x0000022c74b497f0 Exception <a 'sun/nio/fs/WindowsException'{0x000000008830ad58}> (0x000000008830ad58) 
thrown [s\src\hotspot\share\prims\jni.cpp, line 516]
Event: 11.028 Thread 0x0000022c74b497f0 Exception <a 'java/lang/NoSuchMethodError'{0x000000008821ff68}: 'java.lang.Object java.lang.invoke.Invokers$Holder.invoker(java.lang.Object, java.lang.Object, java.lang.Object, java.lang.Object, java.lang.Object, java.lang.Object, java.lang.Object, java.lang.Object, java.lang.Object)'> (0x000000008821ff68) 
thrown [s\src\hotspot\share\interpreter\linkResolver.cpp, line 759]
Event: 11.040 Thread 0x0000022c74b497f0 Exception <a 'java/lang/NoSuchMethodError'{0x00000000882dace8}: 'java.lang.Object java.lang.invoke.Invokers$Holder.invoker(java.lang.Object, java.lang.Object, java.lang.Object, java.lang.Object)'> (0x00000000882dace8) 
thrown [s\src\hotspot\share\interpreter\linkResolver.cpp, line 759]
Event: 11.053 Thread 0x0000022c74b497f0 Exception <a 'java/lang/NoSuchMethodError'{0x00000000881783b0}: 'java.lang.Object java.lang.invoke.DelegatingMethodHandle$Holder.reinvoke_L(java.lang.Object, java.lang.Object, java.lang.Object, java.lang.Object, java.lang.Object, java.lang.Object, java.lang.Object, java.lang.Object, java.lang.Object, java.lang.Object, java.lang.Object, java.lang.Object, java.lang.Object, java.lang.Object, java.lang.Object, java.lang.Object, java.lang.Object, java.lang.Object, java.lang.Object, java.lang.Object, java.lang.O
Event: 11.054 Thread 0x0000022c74b497f0 Exception <a 'java/lang/NoSuchMethodError'{0x00000000881ba7e8}: 'java.lang.Object java.lang.invoke.Invokers$Holder.invoker(java.lang.Object, java.lang.Object, java.lang.Object, java.lang.Object, java.lang.Object, java.lang.Object, java.lang.Object, java.lang.Object, java.lang.Object, java.lang.Object, java.lang.Object, java.lang.Object, java.lang.Object, java.lang.Object, java.lang.Object, java.lang.Object, java.lang.Object, java.lang.Object, java.lang.Object, java.lang.Object, java.lang.Object, java.lang.
Event: 11.054 Thread 0x0000022c74b497f0 Exception <a 'java/lang/NoSuchMethodError'{0x00000000881c1698}: 'java.lang.Object java.lang.invoke.DelegatingMethodHandle$Holder.delegate(java.lang.Object, java.lang.Object, java.lang.Object, java.lang.Object, java.lang.Object, java.lang.Object, java.lang.Object, java.lang.Object, java.lang.Object, java.lang.Object, java.lang.Object, java.lang.Object, java.lang.Object, java.lang.Object, java.lang.Object, java.lang.Object, java.lang.Object, java.lang.Object, java.lang.Object, java.lang.Object, java.lang.Obj
Event: 11.064 Thread 0x0000022c74b497f0 Exception <a 'java/lang/NoSuchMethodError'{0x000000008803b798}: 'java.lang.Object java.lang.invoke.DirectMethodHandle$Holder.invokeStatic(java.lang.Object, java.lang.Object, java.lang.Object, java.lang.Object, java.lang.Object, java.lang.Object, java.lang.Object, java.lang.Object, java.lang.Object, java.lang.Object, java.lang.Object, java.lang.Object, java.lang.Object, java.lang.Object, java.lang.Object, java.lang.Object, java.lang.Object)'> (0x000000008803b798) 
thrown [s\src\hotspot\share\interpreter\lin
Event: 11.066 Thread 0x0000022c74b497f0 Exception <a 'java/lang/NoSuchMethodError'{0x0000000088064b40}: 'java.lang.Object java.lang.invoke.DirectMethodHandle$Holder.invokeStatic(java.lang.Object, java.lang.Object, java.lang.Object, java.lang.Object, java.lang.Object, java.lang.Object, java.lang.Object, java.lang.Object, java.lang.Object, java.lang.Object, java.lang.Object, java.lang.Object, java.lang.Object, java.lang.Object, java.lang.Object, java.lang.Object, java.lang.Object, java.lang.Object)'> (0x0000000088064b40) 
thrown [s\src\hotspot\sha
Event: 11.069 Thread 0x0000022c74b497f0 Exception <a 'java/lang/NoSuchMethodError'{0x0000000088090288}: 'java.lang.Object java.lang.invoke.DirectMethodHandle$Holder.invokeStatic(java.lang.Object, java.lang.Object, java.lang.Object, java.lang.Object, java.lang.Object, java.lang.Object, java.lang.Object, java.lang.Object, java.lang.Object, java.lang.Object, java.lang.Object, java.lang.Object, java.lang.Object, java.lang.Object, java.lang.Object, java.lang.Object, java.lang.Object, java.lang.Object, java.lang.Object)'> (0x0000000088090288) 
thrown 
Event: 11.071 Thread 0x0000022c74b497f0 Exception <a 'java/lang/NoSuchMethodError'{0x00000000880bb598}: 'java.lang.Object java.lang.invoke.DirectMethodHandle$Holder.invokeStatic(java.lang.Object, java.lang.Object, java.lang.Object, java.lang.Object, java.lang.Object, java.lang.Object, java.lang.Object, java.lang.Object, java.lang.Object, java.lang.Object, java.lang.Object, java.lang.Object, java.lang.Object, java.lang.Object, java.lang.Object, java.lang.Object, java.lang.Object, java.lang.Object, java.lang.Object, java.lang.Object)'> (0x00000000
Event: 11.073 Thread 0x0000022c74b497f0 Exception <a 'java/lang/NoSuchMethodError'{0x00000000880e78a8}: 'java.lang.Object java.lang.invoke.DirectMethodHandle$Holder.invokeStatic(java.lang.Object, java.lang.Object, java.lang.Object, java.lang.Object, java.lang.Object, java.lang.Object, java.lang.Object, java.lang.Object, java.lang.Object, java.lang.Object, java.lang.Object, java.lang.Object, java.lang.Object, java.lang.Object, java.lang.Object, java.lang.Object, java.lang.Object, java.lang.Object, java.lang.Object, java.lang.Object, java.lang.Obj
Event: 11.075 Thread 0x0000022c74b497f0 Exception <a 'java/lang/NoSuchMethodError'{0x0000000087f14ac0}: 'java.lang.Object java.lang.invoke.DirectMethodHandle$Holder.invokeStatic(java.lang.Object, java.lang.Object, java.lang.Object, java.lang.Object, java.lang.Object, java.lang.Object, java.lang.Object, java.lang.Object, java.lang.Object, java.lang.Object, java.lang.Object, java.lang.Object, java.lang.Object, java.lang.Object, java.lang.Object, java.lang.Object, java.lang.Object, java.lang.Object, java.lang.Object, java.lang.Object, java.lang.Obj
Event: 11.077 Thread 0x0000022c74b497f0 Exception <a 'java/lang/NoSuchMethodError'{0x0000000087f429a0}: 'java.lang.Object java.lang.invoke.DirectMethodHandle$Holder.invokeStatic(java.lang.Object, java.lang.Object, java.lang.Object, java.lang.Object, java.lang.Object, java.lang.Object, java.lang.Object, java.lang.Object, java.lang.Object, java.lang.Object, java.lang.Object, java.lang.Object, java.lang.Object, java.lang.Object, java.lang.Object, java.lang.Object, java.lang.Object, java.lang.Object, java.lang.Object, java.lang.Object, java.lang.Obj
Event: 11.080 Thread 0x0000022c74b497f0 Exception <a 'java/lang/NoSuchMethodError'{0x0000000087f724e8}: 'java.lang.Object java.lang.invoke.DirectMethodHandle$Holder.invokeStatic(java.lang.Object, java.lang.Object, java.lang.Object, java.lang.Object, java.lang.Object, java.lang.Object, java.lang.Object, java.lang.Object, java.lang.Object, java.lang.Object, java.lang.Object, java.lang.Object, java.lang.Object, java.lang.Object, java.lang.Object, java.lang.Object, java.lang.Object, java.lang.Object, java.lang.Object, java.lang.Object, java.lang.Obj
Event: 11.082 Thread 0x0000022c74b497f0 Exception <a 'java/lang/NoSuchMethodError'{0x0000000087fa4498}: 'java.lang.Object java.lang.invoke.DirectMethodHandle$Holder.invokeStatic(java.lang.Object, java.lang.Object, java.lang.Object, java.lang.Object, java.lang.Object, java.lang.Object, java.lang.Object, java.lang.Object, java.lang.Object, java.lang.Object, java.lang.Object, java.lang.Object, java.lang.Object, java.lang.Object, java.lang.Object, java.lang.Object, java.lang.Object, java.lang.Object, java.lang.Object, java.lang.Object, java.lang.Obj
Event: 11.232 Thread 0x0000022c74b497f0 Exception <a 'sun/nio/fs/WindowsException'{0x000000008722cc58}> (0x000000008722cc58) 
thrown [s\src\hotspot\share\prims\jni.cpp, line 516]
Event: 14.907 Thread 0x0000022c74b497f0 Implicit null exception at 0x0000022c450df823 to 0x0000022c450dfcef
Event: 14.908 Thread 0x0000022c74b497f0 Implicit null exception at 0x0000022c450f49a0 to 0x0000022c450f4e18

VM Operations (20 events):
Event: 13.789 Executing VM operation: G1CollectForAllocation
Event: 13.795 Executing VM operation: G1CollectForAllocation done
Event: 14.187 Executing VM operation: G1CollectForAllocation
Event: 14.195 Executing VM operation: G1CollectForAllocation done
Event: 14.443 Executing VM operation: G1CollectForAllocation
Event: 14.449 Executing VM operation: G1CollectForAllocation done
Event: 14.655 Executing VM operation: G1CollectForAllocation
Event: 14.661 Executing VM operation: G1CollectForAllocation done
Event: 14.986 Executing VM operation: G1CollectForAllocation
Event: 14.991 Executing VM operation: G1CollectForAllocation done
Event: 15.334 Executing VM operation: G1CollectForAllocation
Event: 15.339 Executing VM operation: G1CollectForAllocation done
Event: 15.667 Executing VM operation: G1CollectForAllocation
Event: 15.671 Executing VM operation: G1CollectForAllocation done
Event: 15.975 Executing VM operation: G1CollectForAllocation
Event: 15.979 Executing VM operation: G1CollectForAllocation done
Event: 16.115 Executing VM operation: HandshakeAllThreads
Event: 16.115 Executing VM operation: HandshakeAllThreads done
Event: 16.243 Executing VM operation: G1CollectForAllocation
Event: 16.248 Executing VM operation: G1CollectForAllocation done

Events (20 events):
Event: 11.076 loading class java/lang/invoke/BoundMethodHandle$Species_LLLLLLLLLLLLLLLLLLLL done
Event: 11.078 loading class java/lang/invoke/BoundMethodHandle$Species_LLLLLLLLLLLLLLLLLLLLL
Event: 11.078 loading class java/lang/invoke/BoundMethodHandle$Species_LLLLLLLLLLLLLLLLLLLLL done
Event: 11.081 loading class java/lang/invoke/BoundMethodHandle$Species_LLLLLLLLLLLLLLLLLLLLLL
Event: 11.081 loading class java/lang/invoke/BoundMethodHandle$Species_LLLLLLLLLLLLLLLLLLLLLL done
Event: 11.954 loading class java/util/concurrent/LinkedBlockingDeque$Itr
Event: 11.954 loading class java/util/concurrent/LinkedBlockingDeque$AbstractItr
Event: 11.955 loading class java/util/concurrent/LinkedBlockingDeque$AbstractItr done
Event: 11.955 loading class java/util/concurrent/LinkedBlockingDeque$Itr done
Event: 12.781 Thread 0x0000022c53b31be0 flushing nmethod 0x0000022c44f18a10
Event: 12.790 Thread 0x0000022c53b31be0 flushing nmethod 0x0000022c3dacc010
Event: 12.790 Thread 0x0000022c53b31be0 flushing nmethod 0x0000022c3dafc510
Event: 13.290 loading class jdk/internal/access/foreign/MemorySegmentProxy
Event: 13.291 loading class jdk/internal/access/foreign/MemorySegmentProxy done
Event: 13.908 loading class java/util/regex/Pattern$Caret
Event: 13.908 loading class java/util/regex/Pattern$Caret done
Event: 16.118 Thread 0x0000022c53b31be0 flushing nmethod 0x0000022c44ef4c90
Event: 16.124 Thread 0x0000022c53b31be0 flushing nmethod 0x0000022c3d93cb90
Event: 16.125 Thread 0x0000022c53b31be0 flushing nmethod 0x0000022c3dacb590
Event: 16.125 Thread 0x0000022c53b31be0 flushing nmethod 0x0000022c3dad7190


Dynamic libraries:
0x00007ff7e0320000 - 0x00007ff7e032e000 	C:\Program Files\Microsoft\jdk-17.0.8.7-hotspot\bin\java.exe
0x00007ff950010000 - 0x00007ff950227000 	C:\Windows\SYSTEM32\ntdll.dll
0x00007ff94f150000 - 0x00007ff94f214000 	C:\Windows\System32\KERNEL32.DLL
0x00007ff94d940000 - 0x00007ff94dce6000 	C:\Windows\System32\KERNELBASE.dll
0x00007ff94d380000 - 0x00007ff94d491000 	C:\Windows\System32\ucrtbase.dll
0x00007ff934bc0000 - 0x00007ff934bdb000 	C:\Program Files\Microsoft\jdk-17.0.8.7-hotspot\bin\VCRUNTIME140.dll
0x00007ff9266f0000 - 0x00007ff926707000 	C:\Program Files\Microsoft\jdk-17.0.8.7-hotspot\bin\jli.dll
0x00007ff94fe20000 - 0x00007ff94ffce000 	C:\Windows\System32\USER32.dll
0x00007ff93b660000 - 0x00007ff93b8f3000 	C:\Windows\WinSxS\amd64_microsoft.windows.common-controls_6595b64144ccf1df_6.0.22621.2506_none_270c5ae97388e100\COMCTL32.dll
0x00007ff94d540000 - 0x00007ff94d566000 	C:\Windows\System32\win32u.dll
0x00007ff94dd80000 - 0x00007ff94dda9000 	C:\Windows\System32\GDI32.dll
0x00007ff94fa00000 - 0x00007ff94faa7000 	C:\Windows\System32\msvcrt.dll
0x00007ff94d570000 - 0x00007ff94d688000 	C:\Windows\System32\gdi32full.dll
0x00007ff94d4a0000 - 0x00007ff94d53a000 	C:\Windows\System32\msvcp_win.dll
0x00007ff94f220000 - 0x00007ff94f251000 	C:\Windows\System32\IMM32.DLL
0x00007ff9485d0000 - 0x00007ff9485dc000 	C:\Program Files\Microsoft\jdk-17.0.8.7-hotspot\bin\vcruntime140_1.dll
0x00007ff912d20000 - 0x00007ff912dad000 	C:\Program Files\Microsoft\jdk-17.0.8.7-hotspot\bin\msvcp140.dll
0x00007ff8c54c0000 - 0x00007ff8c6125000 	C:\Program Files\Microsoft\jdk-17.0.8.7-hotspot\bin\server\jvm.dll
0x00007ff94e100000 - 0x00007ff94e1b1000 	C:\Windows\System32\ADVAPI32.dll
0x00007ff94df40000 - 0x00007ff94dfe5000 	C:\Windows\System32\sechost.dll
0x00007ff94fc10000 - 0x00007ff94fd27000 	C:\Windows\System32\RPCRT4.dll
0x00007ff94cff0000 - 0x00007ff94d03d000 	C:\Windows\SYSTEM32\POWRPROF.dll
0x00007ff92e730000 - 0x00007ff92e739000 	C:\Windows\SYSTEM32\WSOCK32.dll
0x00007ff946170000 - 0x00007ff9461a4000 	C:\Windows\SYSTEM32\WINMM.dll
0x00007ff94e320000 - 0x00007ff94e391000 	C:\Windows\System32\WS2_32.dll
0x00007ff945820000 - 0x00007ff94582a000 	C:\Windows\SYSTEM32\VERSION.dll
0x00007ff94cfd0000 - 0x00007ff94cfe3000 	C:\Windows\SYSTEM32\UMPDC.dll
0x00007ff94c340000 - 0x00007ff94c358000 	C:\Windows\SYSTEM32\kernel.appcore.dll
0x00007ff926fb0000 - 0x00007ff926fba000 	C:\Program Files\Microsoft\jdk-17.0.8.7-hotspot\bin\jimage.dll
0x00007ff94a6d0000 - 0x00007ff94a903000 	C:\Windows\SYSTEM32\DBGHELP.DLL
0x00007ff94edc0000 - 0x00007ff94f149000 	C:\Windows\System32\combase.dll
0x00007ff94de40000 - 0x00007ff94df17000 	C:\Windows\System32\OLEAUT32.dll
0x00007ff946120000 - 0x00007ff946152000 	C:\Windows\SYSTEM32\dbgcore.DLL
0x00007ff94d8c0000 - 0x00007ff94d93a000 	C:\Windows\System32\bcryptPrimitives.dll
0x00007ff934c10000 - 0x00007ff934c1e000 	C:\Program Files\Microsoft\jdk-17.0.8.7-hotspot\bin\instrument.dll
0x00007ff912cf0000 - 0x00007ff912d15000 	C:\Program Files\Microsoft\jdk-17.0.8.7-hotspot\bin\java.dll
0x00007ff911420000 - 0x00007ff9114f7000 	C:\Program Files\Microsoft\jdk-17.0.8.7-hotspot\bin\jsvml.dll
0x00007ff94e3a0000 - 0x00007ff94ebfa000 	C:\Windows\System32\SHELL32.dll
0x00007ff94b250000 - 0x00007ff94bb46000 	C:\Windows\SYSTEM32\windows.storage.dll
0x00007ff94afb0000 - 0x00007ff94b0ee000 	C:\Windows\SYSTEM32\wintypes.dll
0x00007ff94dff0000 - 0x00007ff94e0e3000 	C:\Windows\System32\SHCORE.dll
0x00007ff94f950000 - 0x00007ff94f9ae000 	C:\Windows\System32\shlwapi.dll
0x00007ff94d2b0000 - 0x00007ff94d2d6000 	C:\Windows\SYSTEM32\profapi.dll
0x00007ff9195b0000 - 0x00007ff9195c8000 	C:\Program Files\Microsoft\jdk-17.0.8.7-hotspot\bin\zip.dll
0x00007ff925580000 - 0x00007ff925599000 	C:\Program Files\Microsoft\jdk-17.0.8.7-hotspot\bin\net.dll
0x00007ff947890000 - 0x00007ff9479c7000 	C:\Windows\SYSTEM32\WINHTTP.dll
0x00007ff94c7b0000 - 0x00007ff94c819000 	C:\Windows\system32\mswsock.dll
0x00007ff923420000 - 0x00007ff923436000 	C:\Program Files\Microsoft\jdk-17.0.8.7-hotspot\bin\nio.dll
0x00007ff928a80000 - 0x00007ff928a90000 	C:\Program Files\Microsoft\jdk-17.0.8.7-hotspot\bin\verify.dll
0x00007ff927020000 - 0x00007ff927047000 	C:\Users\Dell\.gradle\native\68d5fa5c4cc2d200863cafc0d521ce42e7d3e7ee720ec0a83991735586a16f82\windows-amd64\native-platform.dll
0x00007ff911dc0000 - 0x00007ff911f04000 	C:\Users\Dell\.gradle\native\e376f236ea51e6404a007f0833ffe2c6e607c4080706a723a18a27aeea778392\windows-amd64\native-platform-file-events.dll
0x00007ff928190000 - 0x00007ff928199000 	C:\Program Files\Microsoft\jdk-17.0.8.7-hotspot\bin\management.dll
0x00007ff928180000 - 0x00007ff92818b000 	C:\Program Files\Microsoft\jdk-17.0.8.7-hotspot\bin\management_ext.dll
0x00007ff94dd60000 - 0x00007ff94dd68000 	C:\Windows\System32\PSAPI.DLL
0x00007ff94cb00000 - 0x00007ff94cb1b000 	C:\Windows\SYSTEM32\CRYPTSP.dll
0x00007ff94c2a0000 - 0x00007ff94c2d5000 	C:\Windows\system32\rsaenh.dll
0x00007ff94c850000 - 0x00007ff94c87c000 	C:\Windows\SYSTEM32\USERENV.dll
0x00007ff94ccb0000 - 0x00007ff94ccd8000 	C:\Windows\SYSTEM32\bcrypt.dll
0x00007ff94cae0000 - 0x00007ff94caec000 	C:\Windows\SYSTEM32\CRYPTBASE.dll
0x00007ff94bda0000 - 0x00007ff94bdcd000 	C:\Windows\SYSTEM32\IPHLPAPI.DLL
0x00007ff94e0f0000 - 0x00007ff94e0f9000 	C:\Windows\System32\NSI.dll
0x00007ff944e40000 - 0x00007ff944e59000 	C:\Windows\SYSTEM32\dhcpcsvc6.DLL
0x00007ff944e20000 - 0x00007ff944e3f000 	C:\Windows\SYSTEM32\dhcpcsvc.DLL
0x00007ff94bdd0000 - 0x00007ff94bec9000 	C:\Windows\SYSTEM32\DNSAPI.dll
0x00007ff9266e0000 - 0x00007ff9266ee000 	C:\Program Files\Microsoft\jdk-17.0.8.7-hotspot\bin\sunmscapi.dll
0x00007ff94d750000 - 0x00007ff94d8b6000 	C:\Windows\System32\CRYPT32.dll
0x00007ff94cc70000 - 0x00007ff94cc9d000 	C:\Windows\SYSTEM32\ncrypt.dll
0x00007ff94cc30000 - 0x00007ff94cc67000 	C:\Windows\SYSTEM32\NTASN1.dll
0x00007ff927660000 - 0x00007ff927668000 	C:\Windows\system32\wshunix.dll

dbghelp: loaded successfully - version: 4.0.5 - missing functions: none
symbol engine: initialized successfully - sym options: 0x614 - pdb path: .;C:\Program Files\Microsoft\jdk-17.0.8.7-hotspot\bin;C:\Windows\SYSTEM32;C:\Windows\WinSxS\amd64_microsoft.windows.common-controls_6595b64144ccf1df_6.0.22621.2506_none_270c5ae97388e100;C:\Program Files\Microsoft\jdk-17.0.8.7-hotspot\bin\server;C:\Users\Dell\.gradle\native\68d5fa5c4cc2d200863cafc0d521ce42e7d3e7ee720ec0a83991735586a16f82\windows-amd64;C:\Users\Dell\.gradle\native\e376f236ea51e6404a007f0833ffe2c6e607c4080706a723a18a27aeea778392\windows-amd64

VM Arguments:
jvm_args: -XX:MaxMetaspaceSize=512m --add-opens=java.base/java.util=ALL-UNNAMED --add-opens=java.base/java.lang=ALL-UNNAMED --add-opens=java.base/java.lang.invoke=ALL-UNNAMED --add-opens=java.prefs/java.util.prefs=ALL-UNNAMED --add-opens=java.base/java.nio.charset=ALL-UNNAMED --add-opens=java.base/java.net=ALL-UNNAMED --add-opens=java.base/java.util.concurrent.atomic=ALL-UNNAMED -Xmx2048m -Dfile.encoding=windows-1252 -Duser.country=IN -Duser.language=en -Duser.variant -javaagent:C:\Users\Dell\.gradle\wrapper\dists\gradle-8.3-all\6en3ugtfdg5xnpx44z4qbwgas\gradle-8.3\lib\agents\gradle-instrumentation-agent-8.3.jar 
java_command: org.gradle.launcher.daemon.bootstrap.GradleDaemon 8.3
java_class_path (initial): C:\Users\Dell\.gradle\wrapper\dists\gradle-8.3-all\6en3ugtfdg5xnpx44z4qbwgas\gradle-8.3\lib\gradle-launcher-8.3.jar
Launcher Type: SUN_STANDARD

[Global flags]
     intx CICompilerCount                          = 4                                         {product} {ergonomic}
   size_t CompressedClassSpaceSize                 = 436207616                                 {product} {ergonomic}
     uint ConcGCThreads                            = 2                                         {product} {ergonomic}
     uint G1ConcRefinementThreads                  = 8                                         {product} {ergonomic}
   size_t G1HeapRegionSize                         = 1048576                                   {product} {ergonomic}
    uintx GCDrainStackTargetSize                   = 64                                        {product} {ergonomic}
   size_t InitialHeapSize                          = 132120576                                 {product} {ergonomic}
   size_t MarkStackSize                            = 4194304                                   {product} {ergonomic}
   size_t MaxHeapSize                              = 2147483648                                {product} {command line}
   size_t MaxMetaspaceSize                         = 536870912                                 {product} {command line}
   size_t MaxNewSize                               = 1287651328                                {product} {ergonomic}
   size_t MinHeapDeltaBytes                        = 1048576                                   {product} {ergonomic}
   size_t MinHeapSize                              = 8388608                                   {product} {ergonomic}
    uintx NonNMethodCodeHeapSize                   = 5839372                                {pd product} {ergonomic}
    uintx NonProfiledCodeHeapSize                  = 122909434                              {pd product} {ergonomic}
    uintx ProfiledCodeHeapSize                     = 122909434                              {pd product} {ergonomic}
    uintx ReservedCodeCacheSize                    = 251658240                              {pd product} {ergonomic}
     bool SegmentedCodeCache                       = true                                      {product} {ergonomic}
   size_t SoftMaxHeapSize                          = 2147483648                             {manageable} {ergonomic}
     bool UseCompressedClassPointers               = true                           {product lp64_product} {ergonomic}
     bool UseCompressedOops                        = true                           {product lp64_product} {ergonomic}
     bool UseG1GC                                  = true                                      {product} {ergonomic}
     bool UseLargePagesIndividualAllocation        = false                                  {pd product} {ergonomic}

Logging:
Log output configuration:
 #0: stdout all=warning uptime,level,tags
 #1: stderr all=off uptime,level,tags

Environment Variables:
JAVA_HOME=C:\Program Files\Microsoft\jdk-17.0.8.7-hotspot\
CLASSPATH=D:\Nabil\project\React-Native\AllCountries\android\\gradle\wrapper\gradle-wrapper.jar
PATH=C:\Program Files\Microsoft\jdk-17.0.8.7-hotspot\bin;C:\Python312\Scripts\;C:\Python312\;C:\Python311\Scripts\;C:\Python311\;C:\Windows\system32;C:\Windows;C:\Windows\System32\Wbem;C:\Windows\System32\WindowsPowerShell\v1.0\;C:\Windows\System32\OpenSSH\;C:\ProgramData\chocolatey\bin;C:\Program Files\dotnet\;C:\Program Files\Git\cmd;C:\Program Files\nodejs\;C:\Users\Dell\AppData\Local\Android\Sdk;C:\Users\Dell\AppData\Local\Android\Sdk\platform-tools;C:\Users\Dell\AppData\Local\Microsoft\WindowsApps;C:\Users\Dell\AppData\Local\Programs\Microsoft VS Code\bin;C:\Users\Dell\AppData\Roaming\npm;C:\Users\Dell\AppData\Local\Android\Sdk;C:\Users\Dell\AppData\Local\Android\Sdk\platform-tools;C:\Users\Dell\AppData\Local\Android\Sdk\emulator;C:\Users\Dell\AppData\Local\Android\Sdk\tools;C:\Users\Dell\AppData\Local\Android\Sdk\tools\bin;
USERNAME=Dell
LANG=en_US.UTF-8
OS=Windows_NT
PROCESSOR_IDENTIFIER=Intel64 Family 6 Model 142 Stepping 12, GenuineIntel
TMP=C:\Users\Dell\AppData\Local\Temp
TEMP=C:\Users\Dell\AppData\Local\Temp



---------------  S Y S T E M  ---------------

OS:
 Windows 11 , 64 bit Build 22621 (10.0.22621.2506)
OS uptime: 5 days 6:54 hours
Hyper-V role detected

CPU: total 8 (initial active 8) (4 cores per cpu, 2 threads per core) family 6 model 142 stepping 12 microcode 0xf8, cx8, cmov, fxsr, ht, mmx, 3dnowpref, sse, sse2, sse3, ssse3, sse4.1, sse4.2, popcnt, lzcnt, tsc, tscinvbit, avx, avx2, aes, erms, clmul, bmi1, bmi2, adx, fma, vzeroupper, clflush, clflushopt, hv
Processor Information for processor 0
  Max Mhz: 2304, Current Mhz: 1502, Mhz Limit: 1797
Processor Information for processor 1
  Max Mhz: 2304, Current Mhz: 1803, Mhz Limit: 1797
Processor Information for processor 2
  Max Mhz: 2304, Current Mhz: 1803, Mhz Limit: 1797
Processor Information for processor 3
  Max Mhz: 2304, Current Mhz: 1502, Mhz Limit: 1797
Processor Information for processor 4
  Max Mhz: 2304, Current Mhz: 1803, Mhz Limit: 1797
Processor Information for processor 5
  Max Mhz: 2304, Current Mhz: 1502, Mhz Limit: 1797
Processor Information for processor 6
  Max Mhz: 2304, Current Mhz: 1502, Mhz Limit: 1797
Processor Information for processor 7
  Max Mhz: 2304, Current Mhz: 1502, Mhz Limit: 1797

Memory: 4k page, system-wide physical 7952M (583M free)
TotalPageFile size 16144M (AvailPageFile size 3305M)
current process WorkingSet (physical memory assigned to process): 429M, peak: 450M
current process commit charge ("private bytes"): 474M, peak: 497M

vm_info: OpenJDK 64-Bit Server VM (17.0.8+7-LTS) for windows-amd64 JRE (17.0.8+7-LTS), built on Jul  7 2023 17:21:55 by "MicrosoftCorporation" with MS VC++ 16.10 / 16.11 (VS2019)

END.
